#
# A fatal error has been detected by the Java Runtime Environment:
#
#  SIGSEGV (0xb) at pc=0x00007f99eeb02aaf, pid=64898, tid=64913
#
# JRE version: OpenJDK Runtime Environment (16.0.1+9) (build 16.0.1+9-Ubuntu-1)
# Java VM: OpenJDK 64-Bit Server VM (16.0.1+9-Ubuntu-1, mixed mode, sharing, tiered, compressed oops, compressed class ptrs, g1 gc, linux-amd64)
# Problematic frame:
# C  [lmdbjava-native-library-10348802988428194640.so+0x3aaf]  mdb_txn_end+0x11f
#
# Core dump will be written. Default location: Core dumps may be processed with "/usr/share/apport/apport %p %s %c %d %P %E" (or dumping to /opt/subes/dev/Entwicklung/invesdwin/ezdb/ezdb-lmdb-jnr/core.64898)
#
# If you would like to submit a bug report, please visit:
#   Unknown
# The crash happened outside the Java Virtual Machine in native code.
# See problematic frame for where to report the bug.
#

---------------  S U M M A R Y ------------

Command Line: --add-opens=java.base/java.lang=ALL-UNNAMED -ea --illegal-access=permit --add-exports=java.base/jdk.internal.ref=ALL-UNNAMED --add-opens=java.base/jdk.internal.misc=ALL-UNNAMED --add-opens=java.base/java.nioc=ALL-UNNAMED -Dfile.encoding=UTF-8 -XX:+ShowCodeDetailsInExceptionMessages org.eclipse.jdt.internal.junit.runner.RemoteTestRunner -version 3 -port 33527 -testLoaderClass org.eclipse.jdt.internal.junit4.runner.JUnit4TestLoader -loaderpluginname org.eclipse.jdt.junit4.runtime -testNameFile /tmp/testNames15265578950404577626.txt

Host: Intel(R) Core(TM) i9-9900K CPU @ 3.60GHz, 16 cores, 62G, Ubuntu 21.04
Time: Sun Sep 12 19:57:33 2021 CEST elapsed time: 1.277224 seconds (0d 0h 0m 1s)

---------------  T H R E A D  ---------------

Current thread (0x00007f9a4c1e8d80):  JavaThread "Finalizer" daemon [_thread_in_native, id=64913, stack(0x00007f9a0ccad000,0x00007f9a0cdae000)]

Stack: [0x00007f9a0ccad000,0x00007f9a0cdae000],  sp=0x00007f9a0cdac6f0,  free space=1021k
Native frames: (J=compiled Java code, A=aot compiled Java code, j=interpreted, Vv=VM code, C=native code)
C  [lmdbjava-native-library-10348802988428194640.so+0x3aaf]  mdb_txn_end+0x11f

Java frames: (J=compiled Java code, j=interpreted, Vv=VM code)
J 3307  org.lmdbjava.Library$Lmdb$jnr$ffi$0.mdb_txn_abort$jni$28(J)V (0 bytes) @ 0x00007f9a3c2819f1 [0x00007f9a3c2819a0+0x0000000000000051]
J 3306 c1 org.lmdbjava.Library$Lmdb$jnr$ffi$0.mdb_txn_abort(Ljnr/ffi/Pointer;)V (66 bytes) @ 0x00007f9a3521879c [0x00007f9a35218400+0x000000000000039c]
J 3491 c1 org.lmdbjava.Txn.close()V (48 bytes) @ 0x00007f9a35276afc [0x00007f9a35276a60+0x000000000000009c]
J 3502 c1 ezdb.lmdb.util.LmDBJnrDBIterator.finalize()V (9 bytes) @ 0x00007f9a3527a0c4 [0x00007f9a3527a040+0x0000000000000084]
J 3493 c1 java.lang.ref.Finalizer.runFinalizer(Ljdk/internal/access/JavaLangAccess;)V java.base@16.0.1 (131 bytes) @ 0x00007f9a35278d94 [0x00007f9a35278b00+0x0000000000000294]
j  java.lang.ref.Finalizer$FinalizerThread.run()V+46 java.base@16.0.1
v  ~StubRoutines::call_stub

siginfo: si_signo: 11 (SIGSEGV), si_code: 1 (SEGV_MAPERR), si_addr: 0x00007f58dbfff080

Register to memory mapping:

RAX=0x00000000000a0000 is an unknown value
RBX=0x0000000000000001 is an unknown value
RCX=0x0000000000200022 is an unknown value
RDX=0x00007f58dbfff080 is an unknown value
RSP=0x00007f9a0cdac6f0 is pointing into the stack for thread: 0x00007f9a4c1e8d80
RBP=0xfffffffffffffffe is an unknown value
RSI=0x0 is NULL
RDI=0x00007f9a4ccefdc0 points into unknown readable memory: 0x0000000000000000 | 00 00 00 00 00 00 00 00
R8 =0x0000000000000003 is an unknown value
R9 =2188378172 is a compressed pointer to object: java.lang.ThreadLocal$SuppliedThreadLocal 
{0x00000004138001e0} - klass: 'java/lang/ThreadLocal$SuppliedThreadLocal'
R10=0x00007f9a3c2819f1 is at entry_point+81 in (nmethod*)0x00007f9a3c281810
R11=0x0000000000000037 is an unknown value
R12=0x0000000000000060 is an unknown value
R13=0x00007f9a4ccefdc0 points into unknown readable memory: 0x0000000000000000 | 00 00 00 00 00 00 00 00
R14=0x00007f9a4cdef690 points into unknown readable memory: 0x0000001800000001 | 01 00 00 00 18 00 00 00
R15=0x00007f9a4ccefed8 points into unknown readable memory: 0x0000000000181808 | 08 18 18 00 00 00 00 00


Registers:
RAX=0x00000000000a0000, RBX=0x0000000000000001, RCX=0x0000000000200022, RDX=0x00007f58dbfff080
RSP=0x00007f9a0cdac6f0, RBP=0xfffffffffffffffe, RSI=0x0000000000000000, RDI=0x00007f9a4ccefdc0
R8 =0x0000000000000003, R9 =0x000000008270003c, R10=0x00007f9a3c2819f1, R11=0x0000000000000037
R12=0x0000000000000060, R13=0x00007f9a4ccefdc0, R14=0x00007f9a4cdef690, R15=0x00007f9a4ccefed8
RIP=0x00007f99eeb02aaf, EFLAGS=0x0000000000010246, CSGSFS=0x002b000000000033, ERR=0x0000000000000006
  TRAPNO=0x000000000000000e

Top of Stack: (sp=0x00007f9a0cdac6f0)
0x00007f9a0cdac6f0:   00007f9a0cdac760 00007f9a344a7366
0x00007f9a0cdac700:   00007f9a344a7366 000000044abc5ee0
0x00007f9a0cdac710:   0000000000000001 0000000000000000
0x00007f9a0cdac720:   00007f9a0cdac7a0 0000000000000000 

Instructions: (pc=0x00007f99eeb02aaf)
0x00007f99eeb029af:   20 4c 8b 7f 70 4b 8d 14 24 41 8d 5c 24 ff 4d 89
0x00007f99eeb029bf:   e0 49 01 d4 48 63 db 49 c1 e4 04 49 83 ec 30 eb
0x00007f99eeb029cf:   25 4d 8b 4d 58 49 8b be 90 00 00 00 41 0f b7 44
0x00007f99eeb029df:   01 04 48 01 d7 66 0d 00 80 66 89 44 3d fe 48 83
0x00007f99eeb029ef:   eb 01 48 83 ed 02 83 fb 01 0f 8e 8a 00 00 00 41
0x00007f99eeb029ff:   f6 04 1f 04 74 e8 48 8d 44 6d 00 85 f6 49 8d 04
0x00007f99eeb02a0f:   c4 75 be 49 03 86 88 00 00 00 48 8b 78 08 48 85
0x00007f99eeb02a1f:   ff 74 cb 48 c7 40 08 00 00 00 00 48 c7 00 00 00
0x00007f99eeb02a2f:   00 00 4c 8d 0c 2a 49 8b 86 90 00 00 00 89 4c 24
0x00007f99eeb02a3f:   1c 31 c9 44 89 44 24 18 89 74 24 14 48 89 54 24
0x00007f99eeb02a4f:   08 48 01 d0 66 89 4c 05 fe 49 8b 86 98 00 00 00
0x00007f99eeb02a5f:   42 83 44 48 fc 01 e8 a6 ec ff ff 8b 4c 24 1c 44
0x00007f99eeb02a6f:   8b 44 24 18 8b 74 24 14 48 8b 54 24 08 e9 6c ff
0x00007f99eeb02a7f:   ff ff 0f 1f 80 00 00 00 00 85 f6 74 0a 45 3b 46
0x00007f99eeb02a8f:   20 76 04 45 89 46 20 41 8b 45 7c a9 00 00 02 00
0x00007f99eeb02a9f:   74 5f 49 8b 55 48 48 85 d2 74 25 41 f6 46 0e 20
0x00007f99eeb02aaf:   48 c7 02 ff ff ff ff 74 0f f7 c1 00 00 20 00 74
0x00007f99eeb02abf:   0f c7 42 08 00 00 00 00 49 c7 45 48 00 00 00 00
0x00007f99eeb02acf:   83 c8 01 41 c7 45 78 00 00 00 00 83 e1 20 41 89
0x00007f99eeb02adf:   45 7c 85 c9 0f 85 b0 00 00 00 48 83 c4 28 5b 5d
0x00007f99eeb02aef:   41 5c 41 5d 41 5e 41 5f c3 0f 1f 84 00 00 00 00
0x00007f99eeb02aff:   00 a8 01 0f 85 a8 00 00 00 f6 c1 10 49 8b 9e b0
0x00007f99eeb02b0f:   00 00 00 0f 84 a8 00 00 00 41 f6 46 0e 08 0f 84
0x00007f99eeb02b1f:   bd 00 00 00 48 b8 00 00 00 00 01 00 00 00 49 89
0x00007f99eeb02b2f:   45 78 49 8b 45 00 48 85 c0 0f 84 12 01 00 00 f3
0x00007f99eeb02b3f:   41 0f 6f 85 88 00 00 00 83 60 7c ef 48 c7 40 08
0x00007f99eeb02b4f:   00 00 00 00 49 8b 7d 28 89 4c 24 08 41 0f 11 86
0x00007f99eeb02b5f:   b0 00 00 00 e8 58 ec ff ff 49 8b 7d 40 e8 4f ec
0x00007f99eeb02b6f:   ff ff 49 8b 7d 48 e8 96 eb ff ff 8b 4c 24 08 48
0x00007f99eeb02b7f:   89 df 83 e1 20 89 4c 24 08 e8 33 ec ff ff 8b 4c
0x00007f99eeb02b8f:   24 08 85 c9 0f 84 50 ff ff ff 48 83 c4 28 4c 89
0x00007f99eeb02b9f:   ef 5b 5d 41 5c 41 5d 41 5e 41 5f e9 61 eb ff ff 


Stack slot to memory mapping:
stack at sp + 0 slots: 0x00007f9a0cdac760 is pointing into the stack for thread: 0x00007f9a4c1e8d80
stack at sp + 1 slots: 0x00007f9a344a7366 is at code_begin+1414 in an Interpreter codelet
return entry points  [0x00007f9a344a6de0, 0x00007f9a344a7920]  2880 bytes
stack at sp + 2 slots: 0x00007f9a344a7366 is at code_begin+1414 in an Interpreter codelet
return entry points  [0x00007f9a344a6de0, 0x00007f9a344a7920]  2880 bytes
stack at sp + 3 slots: 0x000000044abc5ee0 is an oop: java.nio.DirectByteBuffer 
{0x000000044abc5ee0} - klass: 'java/nio/DirectByteBuffer'
stack at sp + 4 slots: 0x0000000000000001 is an unknown value
stack at sp + 5 slots: 0x0 is NULL
stack at sp + 6 slots: 0x00007f9a0cdac7a0 is pointing into the stack for thread: 0x00007f9a4c1e8d80
stack at sp + 7 slots: 0x0 is NULL


---------------  P R O C E S S  ---------------

Threads class SMR info:
_java_thread_list=0x00007f7988014290, length=29, elements={
0x00007f9a4c011610, 0x00007f9a4c1e7800, 0x00007f9a4c1e8d80, 0x00007f9a4c1ed630,
0x00007f9a4c1eeb80, 0x00007f9a4c1f00a0, 0x00007f9a4c1f1c00, 0x00007f9a4c1f3260,
0x00007f9a4c1f4800, 0x00007f99d805c620, 0x00007f9a4c232590, 0x00007f9a4c2451b0,
0x00007f9a4c349c10, 0x00007f99d81b82a0, 0x00007f99d81b9540, 0x00007f99d012f8c0,
0x00007f9a4c4ed710, 0x00007f99b4264450, 0x00007f99b81ad270, 0x00007f99b81ae520,
0x00007f99b81af730, 0x00007f791c008340, 0x00007f791c009620, 0x00007f9a4cd1f140,
0x00007f9a4cd2dda0, 0x00007f9a4cd2ecf0, 0x00007f9a4cd2fca0, 0x00007f9a4cd30dd0,
0x00007f9a4cd35070
}

Java Threads: ( => current thread )
  0x00007f9a4c011610 JavaThread "main" [_thread_blocked, id=64905, stack(0x00007f9a52319000,0x00007f9a5241a000)]
  0x00007f9a4c1e7800 JavaThread "Reference Handler" daemon [_thread_blocked, id=64912, stack(0x00007f9a0cdae000,0x00007f9a0ceaf000)]
=>0x00007f9a4c1e8d80 JavaThread "Finalizer" daemon [_thread_in_native, id=64913, stack(0x00007f9a0ccad000,0x00007f9a0cdae000)]
  0x00007f9a4c1ed630 JavaThread "Signal Dispatcher" daemon [_thread_blocked, id=64914, stack(0x00007f9a0c2ff000,0x00007f9a0c400000)]
  0x00007f9a4c1eeb80 JavaThread "Service Thread" daemon [_thread_blocked, id=64915, stack(0x00007f9a0c1fe000,0x00007f9a0c2ff000)]
  0x00007f9a4c1f00a0 JavaThread "Monitor Deflation Thread" daemon [_thread_blocked, id=64916, stack(0x00007f9a0c0fd000,0x00007f9a0c1fe000)]
  0x00007f9a4c1f1c00 JavaThread "C2 CompilerThread0" daemon [_thread_in_native, id=64917, stack(0x00007f99ef932000,0x00007f99efa33000)]
  0x00007f9a4c1f3260 JavaThread "C1 CompilerThread0" daemon [_thread_blocked, id=64918, stack(0x00007f99ef831000,0x00007f99ef932000)]
  0x00007f9a4c1f4800 JavaThread "Sweeper thread" daemon [_thread_blocked, id=64919, stack(0x00007f99ef730000,0x00007f99ef831000)]
  0x00007f99d805c620 JavaThread "C1 CompilerThread1" daemon [_thread_blocked, id=64920, stack(0x00007f99ef62f000,0x00007f99ef730000)]
  0x00007f9a4c232590 JavaThread "Common-Cleaner" daemon [_thread_blocked, id=64921, stack(0x00007f99ef52e000,0x00007f99ef62f000)]
  0x00007f9a4c2451b0 JavaThread "Notification Thread" daemon [_thread_blocked, id=64922, stack(0x00007f99ef42d000,0x00007f99ef52e000)]
  0x00007f9a4c349c10 JavaThread "ReaderThread" [_thread_in_native, id=64925, stack(0x00007f99ef22a000,0x00007f99ef32b000)]
  0x00007f99d81b82a0 JavaThread "C1 CompilerThread2" daemon [_thread_blocked, id=64926, stack(0x00007f99ef129000,0x00007f99ef22a000)]
  0x00007f99d81b9540 JavaThread "C1 CompilerThread3" daemon [_thread_blocked, id=64927, stack(0x00007f99ef028000,0x00007f99ef129000)]
  0x00007f99d012f8c0 JavaThread "C2 CompilerThread1" daemon [_thread_in_native, id=64928, stack(0x00007f99eef27000,0x00007f99ef028000)]
  0x00007f9a4c4ed710 JavaThread "jnr.ffi.util.ref.internal.Finalizer" daemon [_thread_blocked, id=64929, stack(0x00007f99ee6fc000,0x00007f99ee7fd000)]
  0x00007f99b4264450 JavaThread "C2 CompilerThread2" daemon [_thread_in_native, id=64930, stack(0x00007f99ee5fb000,0x00007f99ee6fc000)]
  0x00007f99b81ad270 JavaThread "C2 CompilerThread3" daemon [_thread_in_native, id=64931, stack(0x00007f99ee4fa000,0x00007f99ee5fb000)]
  0x00007f99b81ae520 JavaThread "C2 CompilerThread4" daemon [_thread_in_native, id=64932, stack(0x00007f99ee3f9000,0x00007f99ee4fa000)]
  0x00007f99b81af730 JavaThread "C2 CompilerThread5" daemon [_thread_in_native, id=64933, stack(0x00007f99ee2f8000,0x00007f99ee3f9000)]
  0x00007f791c008340 JavaThread "C2 CompilerThread6" daemon [_thread_in_native, id=64946, stack(0x00007f792bbf8000,0x00007f792bcf9000)]
  0x00007f791c009620 JavaThread "C2 CompilerThread7" daemon [_thread_in_native, id=64947, stack(0x00007f792baf7000,0x00007f792bbf8000)]
  0x00007f9a4cd1f140 JavaThread "Thread-1" [_thread_in_Java, id=64952, stack(0x00007f99ee8fd000,0x00007f99ee9fe000)]
  0x00007f9a4cd2dda0 JavaThread "Thread-2" [_thread_in_native, id=64953, stack(0x00007f99a8cff000,0x00007f99a8e00000)]
  0x00007f9a4cd2ecf0 JavaThread "Thread-3" [_thread_in_Java, id=64954, stack(0x00007f99a8bfe000,0x00007f99a8cff000)]
  0x00007f9a4cd2fca0 JavaThread "Thread-4" [_thread_in_Java, id=64955, stack(0x00007f99a8afd000,0x00007f99a8bfe000)]
  0x00007f9a4cd30dd0 JavaThread "Thread-5" [_thread_in_Java, id=64956, stack(0x00007f99a89fc000,0x00007f99a8afd000)]
  0x00007f9a4cd35070 JavaThread "Thread-9" [_thread_in_Java, id=64960, stack(0x00007f99a85f8000,0x00007f99a86f9000)]

Other Threads:
  0x00007f9a4c1e5110 VMThread "VM Thread" [stack: 0x00007f9a0ceb1000,0x00007f9a0cfb1000] [id=64911]
  0x00007f9a4c246c90 WatcherThread [stack: 0x00007f99ef32d000,0x00007f99ef42d000] [id=64923]
  0x00007f9a4c04c420 GCTaskThread "GC Thread#0" [stack: 0x00007f9a511ba000,0x00007f9a512ba000] [id=64906]
  0x00007f99f0005d50 GCTaskThread "GC Thread#1" [stack: 0x00007f99ee1f8000,0x00007f99ee2f8000] [id=64934]
  0x00007f99f00068d0 GCTaskThread "GC Thread#2" [stack: 0x00007f99ee0f6000,0x00007f99ee1f6000] [id=64935]
  0x00007f99f0007450 GCTaskThread "GC Thread#3" [stack: 0x00007f99ec6ff000,0x00007f99ec7ff000] [id=64936]
  0x00007f99f0007fd0 GCTaskThread "GC Thread#4" [stack: 0x00007f99ec5fd000,0x00007f99ec6fd000] [id=64937]
  0x00007f99f0008b50 GCTaskThread "GC Thread#5" [stack: 0x00007f99ec4fb000,0x00007f99ec5fb000] [id=64938]
  0x00007f99f00096d0 GCTaskThread "GC Thread#6" [stack: 0x00007f99ec3f9000,0x00007f99ec4f9000] [id=64939]
  0x00007f99f000a250 GCTaskThread "GC Thread#7" [stack: 0x00007f99ec2f7000,0x00007f99ec3f7000] [id=64940]
  0x00007f99f000b1c0 GCTaskThread "GC Thread#8" [stack: 0x00007f99ec1f5000,0x00007f99ec2f5000] [id=64941]
  0x00007f99f000c130 GCTaskThread "GC Thread#9" [stack: 0x00007f99ec0f3000,0x00007f99ec1f3000] [id=64942]
  0x00007f99f000d0a0 GCTaskThread "GC Thread#10" [stack: 0x00007f792beff000,0x00007f792bfff000] [id=64943]
  0x00007f99f000e010 GCTaskThread "GC Thread#11" [stack: 0x00007f792bdfd000,0x00007f792befd000] [id=64944]
  0x00007f99f000ef80 GCTaskThread "GC Thread#12" [stack: 0x00007f792bcfb000,0x00007f792bdfb000] [id=64945]
  0x00007f9a4c05d6c0 ConcurrentGCThread "G1 Main Marker" [stack: 0x00007f9a510b8000,0x00007f9a511b8000] [id=64907]
  0x00007f9a4c05e750 ConcurrentGCThread "G1 Conc#0" [stack: 0x00007f9a50fb6000,0x00007f9a510b6000] [id=64908]
  0x00007f9a4c1a8e40 ConcurrentGCThread "G1 Refine#0" [stack: 0x00007f9a501a7000,0x00007f9a502a7000] [id=64909]
  0x00007f9a4c1a9e60 ConcurrentGCThread "G1 Service" [stack: 0x00007f9a500a5000,0x00007f9a501a5000] [id=64910]

Threads with active compile tasks:
C2 CompilerThread0     1279 3453       4       io.netty.buffer.AbstractByteBufAllocator::toLeakAwareBuffer (88 bytes)
C2 CompilerThread1     1279 3445       4       io.netty.buffer.PooledByteBufAllocator::newDirectBuffer (68 bytes)
C2 CompilerThread2     1279 3458       4       io.netty.buffer.PoolChunk::initBufWithSubpage (104 bytes)
C2 CompilerThread3     1280 3573       4       ezdb.util.Util::combineBuf (92 bytes)
C2 CompilerThread4     1280 3355       4       org.lmdbjava.Dbi::lambda$new$0 (80 bytes)
C2 CompilerThread5     1280 3515       4       jnr.ffi.provider.jffi.TransientNativeMemory::allocate (207 bytes)
C2 CompilerThread6     1280 3426       4       io.netty.buffer.PoolArena::allocate (18 bytes)
C2 CompilerThread7     1280 3456       4       io.netty.util.ResourceLeakDetector::track0 (83 bytes)

VM state: not at safepoint (normal execution)

VM Mutex/Monitor currently owned by a thread: None

Heap address: 0x0000000413800000, size: 16072 MB, Compressed Oops mode: Zero based, Oop shift amount: 3

CDS archive(s) mapped at: [0x0000000800000000-0x0000000800bf9000-0x0000000800bf9000), size 12554240, SharedBaseAddress: 0x0000000800000000, ArchiveRelocationMode: 0.
Compressed class space mapped at: 0x0000000800c00000-0x0000000840c00000, reserved size: 1073741824
Narrow klass base: 0x0000000800000000, Narrow klass shift: 3, Narrow klass range: 0x100000000

GC Precious Log:
 CPUs: 16 total, 16 available
 Memory: 64259M
 Large Page Support: Disabled
 NUMA Support: Disabled
 Compressed Oops: Enabled (Zero based)
 Heap Region Size: 8M
 Heap Min Capacity: 8M
 Heap Initial Capacity: 1008M
 Heap Max Capacity: 16072M
 Pre-touch: Disabled
 Parallel Workers: 13
 Concurrent Workers: 3
 Concurrent Refinement Workers: 13
 Periodic GC: Disabled

Heap:
 garbage-first heap   total 1048576K, used 289185K [0x0000000413800000, 0x0000000800000000)
  region size 8192K, 5 young (40960K), 1 survivors (8192K)
 Metaspace       used 11760K, committed 12032K, reserved 1064960K
  class space    used 1139K, committed 1280K, reserved 1048576K

Heap Regions: E=young(eden), S=young(survivor), O=old, HS=humongous(starts), HC=humongous(continues), CS=collection set, F=free, OA=open archive, CA=closed archive, TAMS=top-at-mark-start (previous, next)
|   0|0x0000000413800000, 0x0000000413cf0600, 0x0000000414000000| 61%| O|  |TAMS 0x0000000413800000, 0x0000000413800000| Untracked 
|   1|0x0000000414000000, 0x0000000414800000, 0x0000000414800000|100%|HS|  |TAMS 0x0000000414000000, 0x0000000414000000| Complete 
|   2|0x0000000414800000, 0x0000000415000000, 0x0000000415000000|100%|HC|  |TAMS 0x0000000414800000, 0x0000000414800000| Complete 
|   3|0x0000000415000000, 0x0000000415800000, 0x0000000415800000|100%|HC|  |TAMS 0x0000000415000000, 0x0000000415000000| Complete 
|   4|0x0000000415800000, 0x0000000416000000, 0x0000000416000000|100%|HS|  |TAMS 0x0000000415800000, 0x0000000415800000| Complete 
|   5|0x0000000416000000, 0x0000000416800000, 0x0000000416800000|100%|HC|  |TAMS 0x0000000416000000, 0x0000000416000000| Complete 
|   6|0x0000000416800000, 0x0000000417000000, 0x0000000417000000|100%|HC|  |TAMS 0x0000000416800000, 0x0000000416800000| Complete 
|   7|0x0000000417000000, 0x0000000417800000, 0x0000000417800000|100%|HS|  |TAMS 0x0000000417000000, 0x0000000417000000| Complete 
|   8|0x0000000417800000, 0x0000000418000000, 0x0000000418000000|100%|HC|  |TAMS 0x0000000417800000, 0x0000000417800000| Complete 
|   9|0x0000000418000000, 0x0000000418800000, 0x0000000418800000|100%|HC|  |TAMS 0x0000000418000000, 0x0000000418000000| Complete 
|  10|0x0000000418800000, 0x0000000419000000, 0x0000000419000000|100%|HS|  |TAMS 0x0000000418800000, 0x0000000418800000| Complete 
|  11|0x0000000419000000, 0x0000000419800000, 0x0000000419800000|100%|HC|  |TAMS 0x0000000419000000, 0x0000000419000000| Complete 
|  12|0x0000000419800000, 0x000000041a000000, 0x000000041a000000|100%|HC|  |TAMS 0x0000000419800000, 0x0000000419800000| Complete 
|  13|0x000000041a000000, 0x000000041a800000, 0x000000041a800000|100%|HS|  |TAMS 0x000000041a000000, 0x000000041a000000| Complete 
|  14|0x000000041a800000, 0x000000041b000000, 0x000000041b000000|100%|HC|  |TAMS 0x000000041a800000, 0x000000041a800000| Complete 
|  15|0x000000041b000000, 0x000000041b800000, 0x000000041b800000|100%|HC|  |TAMS 0x000000041b000000, 0x000000041b000000| Complete 
|  16|0x000000041b800000, 0x000000041c000000, 0x000000041c000000|100%|HS|  |TAMS 0x000000041b800000, 0x000000041b800000| Complete 
|  17|0x000000041c000000, 0x000000041c800000, 0x000000041c800000|100%|HC|  |TAMS 0x000000041c000000, 0x000000041c000000| Complete 
|  18|0x000000041c800000, 0x000000041d000000, 0x000000041d000000|100%|HC|  |TAMS 0x000000041c800000, 0x000000041c800000| Complete 
|  19|0x000000041d000000, 0x000000041d800000, 0x000000041d800000|100%|HS|  |TAMS 0x000000041d000000, 0x000000041d000000| Complete 
|  20|0x000000041d800000, 0x000000041e000000, 0x000000041e000000|100%|HC|  |TAMS 0x000000041d800000, 0x000000041d800000| Complete 
|  21|0x000000041e000000, 0x000000041e800000, 0x000000041e800000|100%|HC|  |TAMS 0x000000041e000000, 0x000000041e000000| Complete 
|  22|0x000000041e800000, 0x000000041f000000, 0x000000041f000000|100%|HS|  |TAMS 0x000000041e800000, 0x000000041e800000| Complete 
|  23|0x000000041f000000, 0x000000041f800000, 0x000000041f800000|100%|HC|  |TAMS 0x000000041f000000, 0x000000041f000000| Complete 
|  24|0x000000041f800000, 0x0000000420000000, 0x0000000420000000|100%|HC|  |TAMS 0x000000041f800000, 0x000000041f800000| Complete 
|  25|0x0000000420000000, 0x0000000420800000, 0x0000000420800000|100%|HS|  |TAMS 0x0000000420000000, 0x0000000420000000| Complete 
|  26|0x0000000420800000, 0x0000000421000000, 0x0000000421000000|100%|HC|  |TAMS 0x0000000420800000, 0x0000000420800000| Complete 
|  27|0x0000000421000000, 0x0000000421800000, 0x0000000421800000|100%|HC|  |TAMS 0x0000000421000000, 0x0000000421000000| Complete 
|  28|0x0000000421800000, 0x0000000422000000, 0x0000000422000000|100%|HS|  |TAMS 0x0000000421800000, 0x0000000421800000| Complete 
|  29|0x0000000422000000, 0x0000000422800000, 0x0000000422800000|100%|HC|  |TAMS 0x0000000422000000, 0x0000000422000000| Complete 
|  30|0x0000000422800000, 0x0000000423000000, 0x0000000423000000|100%|HC|  |TAMS 0x0000000422800000, 0x0000000422800000| Complete 
|  31|0x0000000423000000, 0x0000000423000000, 0x0000000423800000|  0%| F|  |TAMS 0x0000000423000000, 0x0000000423000000| Untracked 
|  32|0x0000000423800000, 0x0000000423800000, 0x0000000424000000|  0%| F|  |TAMS 0x0000000423800000, 0x0000000423800000| Untracked 
|  33|0x0000000424000000, 0x0000000424000000, 0x0000000424800000|  0%| F|  |TAMS 0x0000000424000000, 0x0000000424000000| Untracked 
|  34|0x0000000424800000, 0x0000000424800000, 0x0000000425000000|  0%| F|  |TAMS 0x0000000424800000, 0x0000000424800000| Untracked 
|  35|0x0000000425000000, 0x0000000425000000, 0x0000000425800000|  0%| F|  |TAMS 0x0000000425000000, 0x0000000425000000| Untracked 
|  36|0x0000000425800000, 0x0000000425800000, 0x0000000426000000|  0%| F|  |TAMS 0x0000000425800000, 0x0000000425800000| Untracked 
|  37|0x0000000426000000, 0x0000000426000000, 0x0000000426800000|  0%| F|  |TAMS 0x0000000426000000, 0x0000000426000000| Untracked 
|  38|0x0000000426800000, 0x0000000426800000, 0x0000000427000000|  0%| F|  |TAMS 0x0000000426800000, 0x0000000426800000| Untracked 
|  39|0x0000000427000000, 0x0000000427000000, 0x0000000427800000|  0%| F|  |TAMS 0x0000000427000000, 0x0000000427000000| Untracked 
|  40|0x0000000427800000, 0x0000000427800000, 0x0000000428000000|  0%| F|  |TAMS 0x0000000427800000, 0x0000000427800000| Untracked 
|  41|0x0000000428000000, 0x0000000428000000, 0x0000000428800000|  0%| F|  |TAMS 0x0000000428000000, 0x0000000428000000| Untracked 
|  42|0x0000000428800000, 0x0000000428800000, 0x0000000429000000|  0%| F|  |TAMS 0x0000000428800000, 0x0000000428800000| Untracked 
|  43|0x0000000429000000, 0x0000000429000000, 0x0000000429800000|  0%| F|  |TAMS 0x0000000429000000, 0x0000000429000000| Untracked 
|  44|0x0000000429800000, 0x0000000429800000, 0x000000042a000000|  0%| F|  |TAMS 0x0000000429800000, 0x0000000429800000| Untracked 
|  45|0x000000042a000000, 0x000000042a000000, 0x000000042a800000|  0%| F|  |TAMS 0x000000042a000000, 0x000000042a000000| Untracked 
|  46|0x000000042a800000, 0x000000042a800000, 0x000000042b000000|  0%| F|  |TAMS 0x000000042a800000, 0x000000042a800000| Untracked 
|  47|0x000000042b000000, 0x000000042b000000, 0x000000042b800000|  0%| F|  |TAMS 0x000000042b000000, 0x000000042b000000| Untracked 
|  48|0x000000042b800000, 0x000000042b800000, 0x000000042c000000|  0%| F|  |TAMS 0x000000042b800000, 0x000000042b800000| Untracked 
|  49|0x000000042c000000, 0x000000042c000000, 0x000000042c800000|  0%| F|  |TAMS 0x000000042c000000, 0x000000042c000000| Untracked 
|  50|0x000000042c800000, 0x000000042c800000, 0x000000042d000000|  0%| F|  |TAMS 0x000000042c800000, 0x000000042c800000| Untracked 
|  51|0x000000042d000000, 0x000000042d000000, 0x000000042d800000|  0%| F|  |TAMS 0x000000042d000000, 0x000000042d000000| Untracked 
|  52|0x000000042d800000, 0x000000042d800000, 0x000000042e000000|  0%| F|  |TAMS 0x000000042d800000, 0x000000042d800000| Untracked 
|  53|0x000000042e000000, 0x000000042e000000, 0x000000042e800000|  0%| F|  |TAMS 0x000000042e000000, 0x000000042e000000| Untracked 
|  54|0x000000042e800000, 0x000000042e800000, 0x000000042f000000|  0%| F|  |TAMS 0x000000042e800000, 0x000000042e800000| Untracked 
|  55|0x000000042f000000, 0x000000042f000000, 0x000000042f800000|  0%| F|  |TAMS 0x000000042f000000, 0x000000042f000000| Untracked 
|  56|0x000000042f800000, 0x000000042f800000, 0x0000000430000000|  0%| F|  |TAMS 0x000000042f800000, 0x000000042f800000| Untracked 
|  57|0x0000000430000000, 0x0000000430000000, 0x0000000430800000|  0%| F|  |TAMS 0x0000000430000000, 0x0000000430000000| Untracked 
|  58|0x0000000430800000, 0x0000000430800000, 0x0000000431000000|  0%| F|  |TAMS 0x0000000430800000, 0x0000000430800000| Untracked 
|  59|0x0000000431000000, 0x0000000431000000, 0x0000000431800000|  0%| F|  |TAMS 0x0000000431000000, 0x0000000431000000| Untracked 
|  60|0x0000000431800000, 0x0000000431800000, 0x0000000432000000|  0%| F|  |TAMS 0x0000000431800000, 0x0000000431800000| Untracked 
|  61|0x0000000432000000, 0x0000000432000000, 0x0000000432800000|  0%| F|  |TAMS 0x0000000432000000, 0x0000000432000000| Untracked 
|  62|0x0000000432800000, 0x0000000432800000, 0x0000000433000000|  0%| F|  |TAMS 0x0000000432800000, 0x0000000432800000| Untracked 
|  63|0x0000000433000000, 0x0000000433000000, 0x0000000433800000|  0%| F|  |TAMS 0x0000000433000000, 0x0000000433000000| Untracked 
|  64|0x0000000433800000, 0x0000000433800000, 0x0000000434000000|  0%| F|  |TAMS 0x0000000433800000, 0x0000000433800000| Untracked 
|  65|0x0000000434000000, 0x0000000434000000, 0x0000000434800000|  0%| F|  |TAMS 0x0000000434000000, 0x0000000434000000| Untracked 
|  66|0x0000000434800000, 0x0000000434800000, 0x0000000435000000|  0%| F|  |TAMS 0x0000000434800000, 0x0000000434800000| Untracked 
|  67|0x0000000435000000, 0x0000000435000000, 0x0000000435800000|  0%| F|  |TAMS 0x0000000435000000, 0x0000000435000000| Untracked 
|  68|0x0000000435800000, 0x0000000435800000, 0x0000000436000000|  0%| F|  |TAMS 0x0000000435800000, 0x0000000435800000| Untracked 
|  69|0x0000000436000000, 0x0000000436000000, 0x0000000436800000|  0%| F|  |TAMS 0x0000000436000000, 0x0000000436000000| Untracked 
|  70|0x0000000436800000, 0x0000000436800000, 0x0000000437000000|  0%| F|  |TAMS 0x0000000436800000, 0x0000000436800000| Untracked 
|  71|0x0000000437000000, 0x0000000437000000, 0x0000000437800000|  0%| F|  |TAMS 0x0000000437000000, 0x0000000437000000| Untracked 
|  72|0x0000000437800000, 0x0000000437800000, 0x0000000438000000|  0%| F|  |TAMS 0x0000000437800000, 0x0000000437800000| Untracked 
|  73|0x0000000438000000, 0x0000000438000000, 0x0000000438800000|  0%| F|  |TAMS 0x0000000438000000, 0x0000000438000000| Untracked 
|  74|0x0000000438800000, 0x0000000438800000, 0x0000000439000000|  0%| F|  |TAMS 0x0000000438800000, 0x0000000438800000| Untracked 
|  75|0x0000000439000000, 0x0000000439000000, 0x0000000439800000|  0%| F|  |TAMS 0x0000000439000000, 0x0000000439000000| Untracked 
|  76|0x0000000439800000, 0x0000000439800000, 0x000000043a000000|  0%| F|  |TAMS 0x0000000439800000, 0x0000000439800000| Untracked 
|  77|0x000000043a000000, 0x000000043a000000, 0x000000043a800000|  0%| F|  |TAMS 0x000000043a000000, 0x000000043a000000| Untracked 
|  78|0x000000043a800000, 0x000000043a800000, 0x000000043b000000|  0%| F|  |TAMS 0x000000043a800000, 0x000000043a800000| Untracked 
|  79|0x000000043b000000, 0x000000043b000000, 0x000000043b800000|  0%| F|  |TAMS 0x000000043b000000, 0x000000043b000000| Untracked 
|  80|0x000000043b800000, 0x000000043b800000, 0x000000043c000000|  0%| F|  |TAMS 0x000000043b800000, 0x000000043b800000| Untracked 
|  81|0x000000043c000000, 0x000000043c000000, 0x000000043c800000|  0%| F|  |TAMS 0x000000043c000000, 0x000000043c000000| Untracked 
|  82|0x000000043c800000, 0x000000043c800000, 0x000000043d000000|  0%| F|  |TAMS 0x000000043c800000, 0x000000043c800000| Untracked 
|  83|0x000000043d000000, 0x000000043d000000, 0x000000043d800000|  0%| F|  |TAMS 0x000000043d000000, 0x000000043d000000| Untracked 
|  84|0x000000043d800000, 0x000000043d800000, 0x000000043e000000|  0%| F|  |TAMS 0x000000043d800000, 0x000000043d800000| Untracked 
|  85|0x000000043e000000, 0x000000043e000000, 0x000000043e800000|  0%| F|  |TAMS 0x000000043e000000, 0x000000043e000000| Untracked 
|  86|0x000000043e800000, 0x000000043e800000, 0x000000043f000000|  0%| F|  |TAMS 0x000000043e800000, 0x000000043e800000| Untracked 
|  87|0x000000043f000000, 0x000000043f000000, 0x000000043f800000|  0%| F|  |TAMS 0x000000043f000000, 0x000000043f000000| Untracked 
|  88|0x000000043f800000, 0x000000043f800000, 0x0000000440000000|  0%| F|  |TAMS 0x000000043f800000, 0x000000043f800000| Untracked 
|  89|0x0000000440000000, 0x0000000440000000, 0x0000000440800000|  0%| F|  |TAMS 0x0000000440000000, 0x0000000440000000| Untracked 
|  90|0x0000000440800000, 0x0000000440800000, 0x0000000441000000|  0%| F|  |TAMS 0x0000000440800000, 0x0000000440800000| Untracked 
|  91|0x0000000441000000, 0x0000000441000000, 0x0000000441800000|  0%| F|  |TAMS 0x0000000441000000, 0x0000000441000000| Untracked 
|  92|0x0000000441800000, 0x0000000441800000, 0x0000000442000000|  0%| F|  |TAMS 0x0000000441800000, 0x0000000441800000| Untracked 
|  93|0x0000000442000000, 0x0000000442000000, 0x0000000442800000|  0%| F|  |TAMS 0x0000000442000000, 0x0000000442000000| Untracked 
|  94|0x0000000442800000, 0x0000000442800000, 0x0000000443000000|  0%| F|  |TAMS 0x0000000442800000, 0x0000000442800000| Untracked 
|  95|0x0000000443000000, 0x0000000443000000, 0x0000000443800000|  0%| F|  |TAMS 0x0000000443000000, 0x0000000443000000| Untracked 
|  96|0x0000000443800000, 0x0000000443800000, 0x0000000444000000|  0%| F|  |TAMS 0x0000000443800000, 0x0000000443800000| Untracked 
|  97|0x0000000444000000, 0x0000000444000000, 0x0000000444800000|  0%| F|  |TAMS 0x0000000444000000, 0x0000000444000000| Untracked 
|  98|0x0000000444800000, 0x0000000444800000, 0x0000000445000000|  0%| F|  |TAMS 0x0000000444800000, 0x0000000444800000| Untracked 
|  99|0x0000000445000000, 0x0000000445000000, 0x0000000445800000|  0%| F|  |TAMS 0x0000000445000000, 0x0000000445000000| Untracked 
| 100|0x0000000445800000, 0x0000000445800000, 0x0000000446000000|  0%| F|  |TAMS 0x0000000445800000, 0x0000000445800000| Untracked 
| 101|0x0000000446000000, 0x0000000446000000, 0x0000000446800000|  0%| F|  |TAMS 0x0000000446000000, 0x0000000446000000| Untracked 
| 102|0x0000000446800000, 0x0000000446800000, 0x0000000447000000|  0%| F|  |TAMS 0x0000000446800000, 0x0000000446800000| Untracked 
| 103|0x0000000447000000, 0x0000000447000000, 0x0000000447800000|  0%| F|  |TAMS 0x0000000447000000, 0x0000000447000000| Untracked 
| 104|0x0000000447800000, 0x0000000447800000, 0x0000000448000000|  0%| F|  |TAMS 0x0000000447800000, 0x0000000447800000| Untracked 
| 105|0x0000000448000000, 0x0000000448000000, 0x0000000448800000|  0%| F|  |TAMS 0x0000000448000000, 0x0000000448000000| Untracked 
| 106|0x0000000448800000, 0x0000000448800000, 0x0000000449000000|  0%| F|  |TAMS 0x0000000448800000, 0x0000000448800000| Untracked 
| 107|0x0000000449000000, 0x0000000449000000, 0x0000000449800000|  0%| F|  |TAMS 0x0000000449000000, 0x0000000449000000| Untracked 
| 108|0x0000000449800000, 0x0000000449800000, 0x000000044a000000|  0%| F|  |TAMS 0x0000000449800000, 0x0000000449800000| Untracked 
| 109|0x000000044a000000, 0x000000044a000000, 0x000000044a800000|  0%| F|  |TAMS 0x000000044a000000, 0x000000044a000000| Untracked 
| 110|0x000000044a800000, 0x000000044ad7a1d0, 0x000000044b000000| 68%| S|CS|TAMS 0x000000044a800000, 0x000000044a800000| Complete 
| 111|0x000000044b000000, 0x000000044b000000, 0x000000044b800000|  0%| F|  |TAMS 0x000000044b000000, 0x000000044b000000| Untracked 
| 112|0x000000044b800000, 0x000000044b800000, 0x000000044c000000|  0%| F|  |TAMS 0x000000044b800000, 0x000000044b800000| Untracked 
| 113|0x000000044c000000, 0x000000044c000000, 0x000000044c800000|  0%| F|  |TAMS 0x000000044c000000, 0x000000044c000000| Untracked 
| 114|0x000000044c800000, 0x000000044c800000, 0x000000044d000000|  0%| F|  |TAMS 0x000000044c800000, 0x000000044c800000| Untracked 
| 115|0x000000044d000000, 0x000000044d000000, 0x000000044d800000|  0%| F|  |TAMS 0x000000044d000000, 0x000000044d000000| Untracked 
| 116|0x000000044d800000, 0x000000044d800000, 0x000000044e000000|  0%| F|  |TAMS 0x000000044d800000, 0x000000044d800000| Untracked 
| 117|0x000000044e000000, 0x000000044e000000, 0x000000044e800000|  0%| F|  |TAMS 0x000000044e000000, 0x000000044e000000| Untracked 
| 118|0x000000044e800000, 0x000000044e800000, 0x000000044f000000|  0%| F|  |TAMS 0x000000044e800000, 0x000000044e800000| Untracked 
| 119|0x000000044f000000, 0x000000044f000000, 0x000000044f800000|  0%| F|  |TAMS 0x000000044f000000, 0x000000044f000000| Untracked 
| 120|0x000000044f800000, 0x000000044f800000, 0x0000000450000000|  0%| F|  |TAMS 0x000000044f800000, 0x000000044f800000| Untracked 
| 121|0x0000000450000000, 0x0000000450000000, 0x0000000450800000|  0%| F|  |TAMS 0x0000000450000000, 0x0000000450000000| Untracked 
| 122|0x0000000450800000, 0x0000000450df1bd8, 0x0000000451000000| 74%| E|  |TAMS 0x0000000450800000, 0x0000000450800000| Complete 
| 123|0x0000000451000000, 0x0000000451800000, 0x0000000451800000|100%| E|CS|TAMS 0x0000000451000000, 0x0000000451000000| Complete 
| 124|0x0000000451800000, 0x0000000452000000, 0x0000000452000000|100%| E|CS|TAMS 0x0000000451800000, 0x0000000451800000| Complete 
| 125|0x0000000452000000, 0x0000000452800000, 0x0000000452800000|100%| E|CS|TAMS 0x0000000452000000, 0x0000000452000000| Complete 
|2007|0x00000007ff000000, 0x00000007ff776000, 0x00000007ff800000| 93%|OA|  |TAMS 0x00000007ff000000, 0x00000007ff000000| Untracked 
|2008|0x00000007ff800000, 0x00000007ff888000, 0x0000000800000000|  6%|CA|  |TAMS 0x00000007ff800000, 0x00000007ff800000| Untracked 

Card table byte_map: [0x00007f9a305d6000,0x00007f9a3253a000] _byte_map_base: 0x00007f9a2e53a000

Marking Bits (Prev, Next): (CMBitMap*) 0x00007f9a4c04cfd0, (CMBitMap*) 0x00007f9a4c04d010
 Prev Bits: [0x00007f9a1eb52000, 0x00007f9a2e672000)
 Next Bits: [0x00007f9a0f032000, 0x00007f9a1eb52000)

Polling page: 0x00007f9a53bbf000

Metaspace:

Usage:
  Non-class:     10,37 MB used.
      Class:      1,11 MB used.
       Both:     11,48 MB used.

Virtual space:
  Non-class space:       16,00 MB reserved,      10,50 MB ( 66%) committed,  2 nodes.
      Class space:        1,00 GB reserved,       1,25 MB ( <1%) committed,  1 nodes.
              Both:        1,02 GB reserved,      11,75 MB (  1%) committed. 

Chunk freelists:
   Non-Class:  794,00 KB
       Class:  2,62 MB
        Both:  3,40 MB

MaxMetaspaceSize: 17179869184,00 GB
CompressedClassSpaceSize: 1,00 GB
 - commit_granule_bytes: 65536.
 - commit_granule_words: 8192.
 - virtual_space_node_default_size: 1048576.
 - enlarge_chunks_in_place: 1.
 - new_chunks_are_fully_committed: 0.
 - uncommit_free_chunks: 1.
 - use_allocation_guard: 0.
 - handle_deallocations: 1.


Internal statistics:

num_allocs_failed_limit: 0.
num_arena_births: 104.
num_arena_deaths: 0.
num_vsnodes_births: 3.
num_vsnodes_deaths: 0.
num_space_committed: 188.
num_space_uncommitted: 0.
num_chunks_returned_to_freelist: 0.
num_chunks_taken_from_freelist: 442.
num_chunk_merges: 0.
num_chunk_splits: 279.
num_chunks_enlarged: 187.
num_purges: 0.

CodeHeap 'non-profiled nmethods': size=119168Kb used=2586Kb max_used=2586Kb free=116581Kb
 bounds [0x00007f9a3c03e000, 0x00007f9a3c2ce000, 0x00007f9a4349e000]
CodeHeap 'profiled nmethods': size=119164Kb used=6872Kb max_used=6872Kb free=112291Kb
 bounds [0x00007f9a34bdf000, 0x00007f9a3529f000, 0x00007f9a3c03e000]
CodeHeap 'non-nmethods': size=7428Kb used=2997Kb max_used=3055Kb free=4431Kb
 bounds [0x00007f9a3449e000, 0x00007f9a347ae000, 0x00007f9a34bdf000]
 total_blobs=4171 nmethods=3543 adapters=537
 compilation: enabled
              stopped_count=0, restarted_count=0
 full_count=0

Compilation events (20 events):
Event: 1,253 Thread 0x00007f99d805c620 nmethod 3495 0x00007f9a35277f90 code [0x00007f9a35278120, 0x00007f9a35278230]
Event: 1,253 Thread 0x00007f99d81b82a0 3500       2       jnr.ffi.provider.jffi.TransientNativeMemory::allocate (207 bytes)
Event: 1,253 Thread 0x00007f99d805c620 3496       2       java.lang.System$2::invokeFinalize (5 bytes)
Event: 1,254 Thread 0x00007f99d805c620 nmethod 3496 0x00007f9a35278290 code [0x00007f9a35278440, 0x00007f9a35278560]
Event: 1,254 Thread 0x00007f99d805c620 3497       2       java.lang.Object::finalize (1 bytes)
Event: 1,254 Thread 0x00007f99d805c620 nmethod 3497 0x00007f9a35278610 code [0x00007f9a352787a0, 0x00007f9a35278890]
Event: 1,254 Thread 0x00007f99d805c620 3498       2       java.lang.ref.FinalReference::clear (5 bytes)
Event: 1,254 Thread 0x00007f99b4264450 nmethod 3427 0x00007f9a3c295b90 code [0x00007f9a3c295e20, 0x00007f9a3c297570]
Event: 1,254 Thread 0x00007f99d81b9540 nmethod 3493 0x00007f9a35278910 code [0x00007f9a35278b00, 0x00007f9a352790a0]
Event: 1,254 Thread 0x00007f99d805c620 nmethod 3498 0x00007f9a35279390 code [0x00007f9a35279540, 0x00007f9a35279660]
Event: 1,254 Thread 0x00007f99b4264450 3475       4       io.netty.buffer.PoolThreadCache::allocateSmall (14 bytes)
Event: 1,254 Thread 0x00007f99d81b9540 3499       2       java.lang.ref.Reference::clearInactiveFinalReference (48 bytes)
Event: 1,254 Thread 0x00007f99d81b9540 nmethod 3499 0x00007f9a35279710 code [0x00007f9a352798a0, 0x00007f9a352799d0]
Event: 1,254 Thread 0x00007f99d805c620 3501       2       ezdb.lmdb.EzLmDbTable$AutoClosingTableIterator::finalize (9 bytes)
Event: 1,254 Thread 0x00007f99d81b9540 3502       2       ezdb.lmdb.util.LmDBJnrDBIterator::finalize (9 bytes)
Event: 1,254 Thread 0x00007f99d805c620 nmethod 3501 0x00007f9a35279a90 code [0x00007f9a35279c40, 0x00007f9a35279d80]
Event: 1,254 Thread 0x00007f99d81b9540 nmethod 3502 0x00007f9a35279e90 code [0x00007f9a3527a040, 0x00007f9a3527a190]
Event: 1,254 Thread 0x00007f99b81ad270 nmethod 3425 0x00007f9a3c298a10 code [0x00007f9a3c298cc0, 0x00007f9a3c29a4f0]
Event: 1,254 Thread 0x00007f99b81ad270 3431       4       io.netty.buffer.PoolThreadCache$MemoryRegionCache::add (36 bytes)
Event: 1,254 Thread 0x00007f99d81b82a0 nmethod 3500 0x00007f9a3527a290 code [0x00007f9a3527a560, 0x00007f9a3527aed0]

GC Heap History (6 events):
Event: 0,504 GC heap before
{Heap before GC invocations=0 (full 0):
 garbage-first heap   total 1048576K, used 57336K [0x0000000413800000, 0x0000000800000000)
  region size 8192K, 6 young (49152K), 0 survivors (0K)
 Metaspace       used 9988K, committed 10176K, reserved 1064960K
  class space    used 964K, committed 1024K, reserved 1048576K
}
Event: 0,507 GC heap after
{Heap after GC invocations=1 (full 0):
 garbage-first heap   total 1048576K, used 13248K [0x0000000413800000, 0x0000000800000000)
  region size 8192K, 1 young (8192K), 1 survivors (8192K)
 Metaspace       used 9988K, committed 10176K, reserved 1064960K
  class space    used 964K, committed 1024K, reserved 1048576K
}
Event: 0,587 GC heap before
{Heap before GC invocations=1 (full 0):
 garbage-first heap   total 1048576K, used 54208K [0x0000000413800000, 0x0000000800000000)
  region size 8192K, 6 young (49152K), 1 survivors (8192K)
 Metaspace       used 9993K, committed 10176K, reserved 1064960K
  class space    used 964K, committed 1024K, reserved 1048576K
}
Event: 0,589 GC heap after
{Heap after GC invocations=2 (full 0):
 garbage-first heap   total 1048576K, used 13596K [0x0000000413800000, 0x0000000800000000)
  region size 8192K, 1 young (8192K), 1 survivors (8192K)
 Metaspace       used 9993K, committed 10176K, reserved 1064960K
  class space    used 964K, committed 1024K, reserved 1048576K
}
Event: 1,250 GC heap before
{Heap before GC invocations=2 (full 0):
 garbage-first heap   total 1048576K, used 374044K [0x0000000413800000, 0x0000000800000000)
  region size 8192K, 15 young (122880K), 1 survivors (8192K)
 Metaspace       used 11382K, committed 11520K, reserved 1064960K
  class space    used 1096K, committed 1152K, reserved 1048576K
}
Event: 1,252 GC heap after
{Heap after GC invocations=3 (full 0):
 garbage-first heap   total 1048576K, used 264609K [0x0000000413800000, 0x0000000800000000)
  region size 8192K, 1 young (8192K), 1 survivors (8192K)
 Metaspace       used 11382K, committed 11520K, reserved 1064960K
  class space    used 1096K, committed 1152K, reserved 1048576K
}

Deoptimization events (20 events):
Event: 1,252 Thread 0x00007f9a4cd35070 Uncommon trap: reason=null_check action=make_not_entrant pc=0x00007f9a3c24322c method=jnr.ffi.provider.jffi.TransientNativeMemory$Magazine.sentinel()Ljnr/ffi/provider/jffi/TransientNativeMemory$Sentinel; @ 7 c2
Event: 1,252 Thread 0x00007f9a4cd2dda0 Uncommon trap: reason=null_check action=make_not_entrant pc=0x00007f9a3c24322c method=jnr.ffi.provider.jffi.TransientNativeMemory$Magazine.sentinel()Ljnr/ffi/provider/jffi/TransientNativeMemory$Sentinel; @ 7 c2
Event: 1,253 Thread 0x00007f9a4cd35070 DEOPT PACKING pc=0x00007f9a3c24322c sp=0x00007f99a86f7440
Event: 1,253 Thread 0x00007f9a4cd2dda0 DEOPT PACKING pc=0x00007f9a3c24322c sp=0x00007f99a8dfe440
Event: 1,253 Thread 0x00007f9a4cd2fca0 DEOPT PACKING pc=0x00007f9a3c24322c sp=0x00007f99a8bfc550
Event: 1,253 Thread 0x00007f9a4cd2fca0 DEOPT UNPACKING pc=0x00007f9a344eb424 sp=0x00007f99a8bfc4a8 mode 2
Event: 1,253 Thread 0x00007f9a4cd2dda0 DEOPT UNPACKING pc=0x00007f9a344eb424 sp=0x00007f99a8dfe398 mode 2
Event: 1,253 Thread 0x00007f9a4cd35070 DEOPT UNPACKING pc=0x00007f9a344eb424 sp=0x00007f99a86f7398 mode 2
Event: 1,253 Thread 0x00007f9a4cd2fca0 Uncommon trap: trap_request=0xffffff45 fr.pc=0x00007f9a3c1573b8 relative=0x0000000000000178
Event: 1,253 Thread 0x00007f9a4cd2fca0 Uncommon trap: reason=unstable_if action=reinterpret pc=0x00007f9a3c1573b8 method=java.util.concurrent.ConcurrentHashMap.addCount(JI)V @ 34 c2
Event: 1,253 Thread 0x00007f9a4cd2fca0 DEOPT PACKING pc=0x00007f9a3c1573b8 sp=0x00007f99a8bfc380
Event: 1,253 Thread 0x00007f9a4cd2fca0 DEOPT UNPACKING pc=0x00007f9a344eb424 sp=0x00007f99a8bfc2e0 mode 2
Event: 1,253 Thread 0x00007f9a4c1e8d80 Uncommon trap: trap_request=0xffffff45 fr.pc=0x00007f9a3c2059cc relative=0x000000000000076c
Event: 1,253 Thread 0x00007f9a4c1e8d80 Uncommon trap: reason=unstable_if action=reinterpret pc=0x00007f9a3c2059cc method=org.lmdbjava.Txn.close()V @ 7 c2
Event: 1,253 Thread 0x00007f9a4c1e8d80 DEOPT PACKING pc=0x00007f9a3c2059cc sp=0x00007f9a0cdac780
Event: 1,253 Thread 0x00007f9a4c1e8d80 DEOPT UNPACKING pc=0x00007f9a344eb424 sp=0x00007f9a0cdac750 mode 2
Event: 1,254 Thread 0x00007f9a4c1e8d80 Uncommon trap: trap_request=0xffffff45 fr.pc=0x00007f9a3c2040a0 relative=0x00000000000006e0
Event: 1,254 Thread 0x00007f9a4c1e8d80 Uncommon trap: reason=unstable_if action=reinterpret pc=0x00007f9a3c2040a0 method=java.lang.ThreadLocal.get()Ljava/lang/Object; @ 11 c2
Event: 1,254 Thread 0x00007f9a4c1e8d80 DEOPT PACKING pc=0x00007f9a3c2040a0 sp=0x00007f9a0cdac810
Event: 1,255 Thread 0x00007f9a4c1e8d80 DEOPT UNPACKING pc=0x00007f9a344eb424 sp=0x00007f9a0cdac680 mode 2

Classes unloaded (0 events):
No events

Classes redefined (0 events):
No events

Internal exceptions (20 events):
Event: 1,142 Thread 0x00007f9a4c011610 Exception <a 'java/lang/reflect/InvocationTargetException'{0x000000044c8079c0}> (0x000000044c8079c0) 
thrown [./src/hotspot/share/runtime/reflection.cpp, line 1155]
Event: 1,144 Thread 0x00007f9a4c011610 Exception <a 'java/lang/reflect/InvocationTargetException'{0x000000044c8320a8}> (0x000000044c8320a8) 
thrown [./src/hotspot/share/runtime/reflection.cpp, line 1155]
Event: 1,147 Thread 0x00007f9a4c011610 Exception <a 'java/lang/reflect/InvocationTargetException'{0x000000044c857ee8}> (0x000000044c857ee8) 
thrown [./src/hotspot/share/runtime/reflection.cpp, line 1155]
Event: 1,150 Thread 0x00007f9a4c011610 Exception <a 'java/lang/reflect/InvocationTargetException'{0x000000044c88bcf8}> (0x000000044c88bcf8) 
thrown [./src/hotspot/share/runtime/reflection.cpp, line 1155]
Event: 1,154 Thread 0x00007f9a4c011610 Exception <a 'java/lang/reflect/InvocationTargetException'{0x000000044c8c83b0}> (0x000000044c8c83b0) 
thrown [./src/hotspot/share/runtime/reflection.cpp, line 1155]
Event: 1,156 Thread 0x00007f9a4c011610 Exception <a 'java/lang/reflect/InvocationTargetException'{0x000000044c8fd760}> (0x000000044c8fd760) 
thrown [./src/hotspot/share/runtime/reflection.cpp, line 1155]
Event: 1,159 Thread 0x00007f9a4c011610 Exception <a 'java/lang/reflect/InvocationTargetException'{0x000000044c931a88}> (0x000000044c931a88) 
thrown [./src/hotspot/share/runtime/reflection.cpp, line 1155]
Event: 1,160 Thread 0x00007f9a4c011610 Exception <a 'java/lang/reflect/InvocationTargetException'{0x000000044c94c178}> (0x000000044c94c178) 
thrown [./src/hotspot/share/runtime/reflection.cpp, line 1155]
Event: 1,160 Thread 0x00007f9a4c011610 Exception <a 'java/lang/reflect/InvocationTargetException'{0x000000044c963528}> (0x000000044c963528) 
thrown [./src/hotspot/share/runtime/reflection.cpp, line 1155]
Event: 1,163 Thread 0x00007f9a4c011610 Exception <a 'java/lang/reflect/InvocationTargetException'{0x000000044c991e78}> (0x000000044c991e78) 
thrown [./src/hotspot/share/runtime/reflection.cpp, line 1155]
Event: 1,163 Thread 0x00007f9a4c011610 Exception <a 'java/lang/reflect/InvocationTargetException'{0x000000044c9aaa80}> (0x000000044c9aaa80) 
thrown [./src/hotspot/share/runtime/reflection.cpp, line 1155]
Event: 1,165 Thread 0x00007f9a4c011610 Exception <a 'java/lang/reflect/InvocationTargetException'{0x000000044c9ccf48}> (0x000000044c9ccf48) 
thrown [./src/hotspot/share/runtime/reflection.cpp, line 1155]
Event: 1,167 Thread 0x00007f9a4cd1ec00 Implicit null exception at 0x00007f9a3c0be65d to 0x00007f9a3c0be700
Event: 1,168 Thread 0x00007f9a4cd1ec00 Implicit null exception at 0x00007f9a3c0d953f to 0x00007f9a3c0d95a8
Event: 1,168 Thread 0x00007f9a4cd34050 Implicit null exception at 0x00007f9a3c1dcf9a to 0x00007f9a3c1dd17c
Event: 1,168 Thread 0x00007f9a4cd30dd0 Implicit null exception at 0x00007f9a3c1dcf9a to 0x00007f9a3c1dd17c
Event: 1,252 Thread 0x00007f9a4cd2fca0 Implicit null exception at 0x00007f9a3c2427db to 0x00007f9a3c24321c
Event: 1,252 Thread 0x00007f9a4cd2dda0 Implicit null exception at 0x00007f9a3c2427db to 0x00007f9a3c24321c
Event: 1,252 Thread 0x00007f9a4cd35070 Implicit null exception at 0x00007f9a3c2427db to 0x00007f9a3c24321c
Event: 1,254 Thread 0x00007f9a4c1e8d80 Implicit null exception at 0x00007f9a3c203a4a to 0x00007f9a3c204088

Events (20 events):
Event: 1,168 Protecting memory [0x00007f99a86f9000,0x00007f99a86fd000] with protection modes 0
Event: 1,168 loading class ezdb/treemap/bytes/BytesTreeMapTable$1
Event: 1,168 loading class ezdb/treemap/bytes/BytesTreeMapTable$1 done
Event: 1,168 Thread 0x00007f9a4cd35070 Thread added: 0x00007f9a4cd35070
Event: 1,168 Protecting memory [0x00007f99a85f8000,0x00007f99a85fc000] with protection modes 0
Event: 1,170 loading class io/netty/buffer/UnsafeHeapSwappedByteBuf
Event: 1,170 loading class io/netty/buffer/UnsafeHeapSwappedByteBuf done
Event: 1,170 loading class io/netty/buffer/PooledHeapByteBuf$1
Event: 1,170 loading class io/netty/buffer/PooledHeapByteBuf$1 done
Event: 1,170 loading class io/netty/buffer/PooledUnsafeHeapByteBuf$1
Event: 1,170 loading class io/netty/buffer/PooledUnsafeHeapByteBuf$1 done
Event: 1,186 Executing  VM operation: ICBufferFull
Event: 1,191 Executing  VM operation: ICBufferFull done
Event: 1,224 loading class java/lang/Throwable$WrappedPrintStream
Event: 1,224 loading class java/lang/Throwable$WrappedPrintStream done
Event: 1,224 Thread 0x00007f9a4cd1ec00 Thread exited: 0x00007f9a4cd1ec00
Event: 1,227 Thread 0x00007f9a4cd33030 Thread exited: 0x00007f9a4cd33030
Event: 1,229 Thread 0x00007f9a4cd31f00 Thread exited: 0x00007f9a4cd31f00
Event: 1,250 Executing  VM operation: G1CollectForAllocation
Event: 1,252 Executing  VM operation: G1CollectForAllocation done


Dynamic libraries:
413800000-452800000 rw-p 00000000 00:00 0 
452800000-7ff000000 ---p 00000000 00:00 0 
7ff000000-7ff700000 rw-p 00000000 00:00 0 
7ff700000-7ff776000 rw-p 00cba000 08:01 21890280                         /usr/lib/jvm/java-16-openjdk-amd64/lib/server/classes.jsa
7ff776000-7ff800000 rw-p 00000000 00:00 0 
7ff800000-7ff888000 rw-p 00c32000 08:01 21890280                         /usr/lib/jvm/java-16-openjdk-amd64/lib/server/classes.jsa
7ff888000-800000000 rw-p 00000000 00:00 0 
800000000-800003000 rwxp 00001000 08:01 21890280                         /usr/lib/jvm/java-16-openjdk-amd64/lib/server/classes.jsa
800003000-80043d000 rw-p 00004000 08:01 21890280                         /usr/lib/jvm/java-16-openjdk-amd64/lib/server/classes.jsa
80043d000-800bf9000 r--p 0043e000 08:01 21890280                         /usr/lib/jvm/java-16-openjdk-amd64/lib/server/classes.jsa
800bf9000-800c00000 ---p 00000000 00:00 0 
800c00000-800c40000 rw-p 00000000 00:00 0 
800c40000-800ce0000 rw-p 00000000 00:00 0 
800ce0000-800d00000 rw-p 00000000 00:00 0 
800d00000-800d30000 rw-p 00000000 00:00 0 
800d30000-800d40000 ---p 00000000 00:00 0 
800d40000-800d50000 rw-p 00000000 00:00 0 
800d50000-840c00000 ---p 00000000 00:00 0 
55f0f6ec4000-55f0f6ec5000 r--p 00000000 08:01 21758669                   /usr/lib/jvm/java-16-openjdk-amd64/bin/java
55f0f6ec5000-55f0f6ec6000 r-xp 00001000 08:01 21758669                   /usr/lib/jvm/java-16-openjdk-amd64/bin/java
55f0f6ec6000-55f0f6ec7000 r--p 00002000 08:01 21758669                   /usr/lib/jvm/java-16-openjdk-amd64/bin/java
55f0f6ec7000-55f0f6ec8000 r--p 00002000 08:01 21758669                   /usr/lib/jvm/java-16-openjdk-amd64/bin/java
55f0f6ec8000-55f0f6ec9000 rw-p 00003000 08:01 21758669                   /usr/lib/jvm/java-16-openjdk-amd64/bin/java
55f0f86be000-55f0f86df000 rw-p 00000000 00:00 0                          [heap]
7e94dbff9000-7e955bff9000 rw-s 00000000 08:01 2884280                    /tmp/TestEzLmDb-1631469453397-0/data.mdb (deleted)
7e955bff9000-7eb55bffa000 rw-s 00000000 08:01 2884279                    /tmp/TestEzLmDb-1631469453397-0/lock.mdb (deleted)
7eb55bffa000-7eb5dbffa000 rw-s 00000000 08:01 2884277                    /tmp/TestEzLmDb-1631469453397-0/data.mdb (deleted)
7eb5dbffa000-7ed5dbffb000 rw-s 00000000 08:01 2884276                    /tmp/TestEzLmDb-1631469453397-0/lock.mdb (deleted)
7ed5dbffb000-7ed65bffb000 rw-s 00000000 08:01 2884274                    /tmp/TestEzLmDb-1631469453397-0/data.mdb (deleted)
7ed65bffb000-7ef65bffc000 rw-s 00000000 08:01 2884273                    /tmp/TestEzLmDb-1631469453397-0/lock.mdb (deleted)
7ef6dbffc000-7ef75bffc000 rw-s 00000000 08:01 2884251                    /tmp/TestEzLmDb-1631469453397-0/data.mdb (deleted)
7ef75bffc000-7f175bffd000 rw-s 00000000 08:01 2884250                    /tmp/TestEzLmDb-1631469453397-0/lock.mdb (deleted)
7f175bffd000-7f17dbffd000 rw-s 00000000 08:01 2884248                    /tmp/TestEzLmDb-1631469453397-0/data.mdb (deleted)
7f17dbffd000-7f37dbffe000 rw-s 00000000 08:01 2884243                    /tmp/TestEzLmDb-1631469453397-0/lock.mdb (deleted)
7f37dbffe000-7f385bffe000 rw-s 00000000 08:01 27525644                   /tmp/TestEzLmDb-1631469453397-0/data.mdb (deleted)
7f385bffe000-7f585bfff000 rw-s 00000000 08:01 27525643                   /tmp/TestEzLmDb-1631469453397-0/lock.mdb (deleted)
7f785c000000-7f78dc000000 rw-s 00000000 08:01 27525635                   /tmp/data.mdb
7f78dc000000-7f78dc98f000 rw-p 00000000 00:00 0 
7f78dc98f000-7f78e0000000 ---p 00000000 00:00 0 
7f78e0000000-7f78e0310000 rw-p 00000000 00:00 0 
7f78e0310000-7f78e4000000 ---p 00000000 00:00 0 
7f78e4000000-7f78e4021000 rw-p 00000000 00:00 0 
7f78e4021000-7f78e8000000 ---p 00000000 00:00 0 
7f78e8000000-7f78e85f0000 rw-p 00000000 00:00 0 
7f78e85f0000-7f78ec000000 ---p 00000000 00:00 0 
7f78ec000000-7f78ec021000 rw-p 00000000 00:00 0 
7f78ec021000-7f78f0000000 ---p 00000000 00:00 0 
7f78f0000000-7f78f0021000 rw-p 00000000 00:00 0 
7f78f0021000-7f78f4000000 ---p 00000000 00:00 0 
7f78f4000000-7f78f4021000 rw-p 00000000 00:00 0 
7f78f4021000-7f78f8000000 ---p 00000000 00:00 0 
7f78f8000000-7f78f8021000 rw-p 00000000 00:00 0 
7f78f8021000-7f78fc000000 ---p 00000000 00:00 0 
7f78fc000000-7f78fc021000 rw-p 00000000 00:00 0 
7f78fc021000-7f7900000000 ---p 00000000 00:00 0 
7f7900000000-7f7900021000 rw-p 00000000 00:00 0 
7f7900021000-7f7904000000 ---p 00000000 00:00 0 
7f7904000000-7f7904021000 rw-p 00000000 00:00 0 
7f7904021000-7f7908000000 ---p 00000000 00:00 0 
7f7908000000-7f7908021000 rw-p 00000000 00:00 0 
7f7908021000-7f790c000000 ---p 00000000 00:00 0 
7f790c000000-7f790c021000 rw-p 00000000 00:00 0 
7f790c021000-7f7910000000 ---p 00000000 00:00 0 
7f7910000000-7f7910021000 rw-p 00000000 00:00 0 
7f7910021000-7f7914000000 ---p 00000000 00:00 0 
7f7914000000-7f79143ca000 rw-p 00000000 00:00 0 
7f79143ca000-7f7918000000 ---p 00000000 00:00 0 
7f7918000000-7f7918021000 rw-p 00000000 00:00 0 
7f7918021000-7f791c000000 ---p 00000000 00:00 0 
7f791c000000-7f791cbbb000 rw-p 00000000 00:00 0 
7f791cbbb000-7f7920000000 ---p 00000000 00:00 0 
7f7920000000-7f7920ab0000 rw-p 00000000 00:00 0 
7f7920ab0000-7f7924000000 ---p 00000000 00:00 0 
7f7924000000-7f7924751000 rw-p 00000000 00:00 0 
7f7924751000-7f7928000000 ---p 00000000 00:00 0 
7f792baf7000-7f792bafb000 ---p 00000000 00:00 0 
7f792bafb000-7f792bbf8000 rw-p 00000000 00:00 0 
7f792bbf8000-7f792bbfc000 ---p 00000000 00:00 0 
7f792bbfc000-7f792bcf9000 rw-p 00000000 00:00 0 
7f792bcf9000-7f792bcfa000 ---p 00000000 00:00 0 
7f792bcfa000-7f792bdfb000 rw-p 00000000 00:00 0 
7f792bdfb000-7f792bdfc000 ---p 00000000 00:00 0 
7f792bdfc000-7f792befd000 rw-p 00000000 00:00 0 
7f792befd000-7f792befe000 ---p 00000000 00:00 0 
7f792befe000-7f792bfff000 rw-p 00000000 00:00 0 
7f7977ffc000-7f797c000000 rw-p 00000000 00:00 0 
7f797c000000-7f797c021000 rw-p 00000000 00:00 0 
7f797c021000-7f7980000000 ---p 00000000 00:00 0 
7f7980ffd000-7f7984000000 rw-p 00000000 00:00 0 
7f7984000000-7f7984021000 rw-p 00000000 00:00 0 
7f7984021000-7f7988000000 ---p 00000000 00:00 0 
7f7988000000-7f7988021000 rw-p 00000000 00:00 0 
7f7988021000-7f798c000000 ---p 00000000 00:00 0 
7f798c000000-7f798c021000 rw-p 00000000 00:00 0 
7f798c021000-7f7990000000 ---p 00000000 00:00 0 
7f7990000000-7f7990021000 rw-p 00000000 00:00 0 
7f7990021000-7f7994000000 ---p 00000000 00:00 0 
7f7994000000-7f7994021000 rw-p 00000000 00:00 0 
7f7994021000-7f7998000000 ---p 00000000 00:00 0 
7f7998ffc000-7f799bfff000 rw-p 00000000 00:00 0 
7f799bfff000-7f999c000000 rw-s 00000000 08:01 27525634                   /tmp/lock.mdb
7f999c000000-7f999c021000 rw-p 00000000 00:00 0 
7f999c021000-7f99a0000000 ---p 00000000 00:00 0 
7f99a0000000-7f99a0021000 rw-p 00000000 00:00 0 
7f99a0021000-7f99a4000000 ---p 00000000 00:00 0 
7f99a4000000-7f99a4021000 rw-p 00000000 00:00 0 
7f99a4021000-7f99a8000000 ---p 00000000 00:00 0 
7f99a85f8000-7f99a85fc000 ---p 00000000 00:00 0 
7f99a85fc000-7f99a86f9000 rw-p 00000000 00:00 0 
7f99a86f9000-7f99a86fd000 ---p 00000000 00:00 0 
7f99a86fd000-7f99a87fa000 rw-p 00000000 00:00 0 
7f99a87fa000-7f99a87fe000 ---p 00000000 00:00 0 
7f99a87fe000-7f99a88fb000 rw-p 00000000 00:00 0 
7f99a88fb000-7f99a88ff000 ---p 00000000 00:00 0 
7f99a88ff000-7f99a89fc000 rw-p 00000000 00:00 0 
7f99a89fc000-7f99a8a00000 ---p 00000000 00:00 0 
7f99a8a00000-7f99a8afd000 rw-p 00000000 00:00 0 
7f99a8afd000-7f99a8b01000 ---p 00000000 00:00 0 
7f99a8b01000-7f99a8bfe000 rw-p 00000000 00:00 0 
7f99a8bfe000-7f99a8c02000 ---p 00000000 00:00 0 
7f99a8c02000-7f99a8cff000 rw-p 00000000 00:00 0 
7f99a8cff000-7f99a8d03000 ---p 00000000 00:00 0 
7f99a8d03000-7f99a8e00000 rw-p 00000000 00:00 0 
7f99a8e00000-7f99a9800000 r--s 00000000 08:01 2884271                    /tmp/junit15500897842607080816/tutorial5/data.mdb (deleted)
7f99a9800000-7f99aa200000 r--s 00000000 08:01 2884267                    /tmp/junit7756791930513218908/tutorial4/data.mdb (deleted)
7f99aa200000-7f99aac00000 r--s 00000000 08:01 2884263                    /tmp/junit736633710473248759/tutorial3/data.mdb (deleted)
7f99aac00000-7f99ab600000 r--s 00000000 08:01 2884259                    /tmp/junit6898562057559631730/tutorial2/data.mdb (deleted)
7f99ab600000-7f99ac000000 r--s 00000000 08:01 2884255                    /tmp/junit4029569342928539914/tutorial1/data.mdb (deleted)
7f99ac000000-7f99aca43000 rw-p 00000000 00:00 0 
7f99aca43000-7f99b0000000 ---p 00000000 00:00 0 
7f99b0000000-7f99b0021000 rw-p 00000000 00:00 0 
7f99b0021000-7f99b4000000 ---p 00000000 00:00 0 
7f99b4000000-7f99b4295000 rw-p 00000000 00:00 0 
7f99b4295000-7f99b8000000 ---p 00000000 00:00 0 
7f99b8000000-7f99b821a000 rw-p 00000000 00:00 0 
7f99b821a000-7f99bc000000 ---p 00000000 00:00 0 
7f99bc000000-7f99bc021000 rw-p 00000000 00:00 0 
7f99bc021000-7f99c0000000 ---p 00000000 00:00 0 
7f99c0000000-7f99c0021000 rw-p 00000000 00:00 0 
7f99c0021000-7f99c4000000 ---p 00000000 00:00 0 
7f99c4000000-7f99c4021000 rw-p 00000000 00:00 0 
7f99c4021000-7f99c8000000 ---p 00000000 00:00 0 
7f99c8000000-7f99c8021000 rw-p 00000000 00:00 0 
7f99c8021000-7f99cc000000 ---p 00000000 00:00 0 
7f99cc000000-7f99cc021000 rw-p 00000000 00:00 0 
7f99cc021000-7f99d0000000 ---p 00000000 00:00 0 
7f99d0000000-7f99d11fd000 rw-p 00000000 00:00 0 
7f99d11fd000-7f99d4000000 ---p 00000000 00:00 0 
7f99d4000000-7f99d4b6b000 rw-p 00000000 00:00 0 
7f99d4b6b000-7f99d8000000 ---p 00000000 00:00 0 
7f99d8000000-7f99d83bf000 rw-p 00000000 00:00 0 
7f99d83bf000-7f99dc000000 ---p 00000000 00:00 0 
7f99dc000000-7f99dc021000 rw-p 00000000 00:00 0 
7f99dc021000-7f99e0000000 ---p 00000000 00:00 0 
7f99e0000000-7f99e0021000 rw-p 00000000 00:00 0 
7f99e0021000-7f99e4000000 ---p 00000000 00:00 0 
7f99e4000000-7f99e4021000 rw-p 00000000 00:00 0 
7f99e4021000-7f99e8000000 ---p 00000000 00:00 0 
7f99e8000000-7f99e8021000 rw-p 00000000 00:00 0 
7f99e8021000-7f99ec000000 ---p 00000000 00:00 0 
7f99ec0f1000-7f99ec0f2000 ---p 00000000 00:00 0 
7f99ec0f2000-7f99ec1f3000 rw-p 00000000 00:00 0 
7f99ec1f3000-7f99ec1f4000 ---p 00000000 00:00 0 
7f99ec1f4000-7f99ec2f5000 rw-p 00000000 00:00 0 
7f99ec2f5000-7f99ec2f6000 ---p 00000000 00:00 0 
7f99ec2f6000-7f99ec3f7000 rw-p 00000000 00:00 0 
7f99ec3f7000-7f99ec3f8000 ---p 00000000 00:00 0 
7f99ec3f8000-7f99ec4f9000 rw-p 00000000 00:00 0 
7f99ec4f9000-7f99ec4fa000 ---p 00000000 00:00 0 
7f99ec4fa000-7f99ec5fb000 rw-p 00000000 00:00 0 
7f99ec5fb000-7f99ec5fc000 ---p 00000000 00:00 0 
7f99ec5fc000-7f99ec6fd000 rw-p 00000000 00:00 0 
7f99ec6fd000-7f99ec6fe000 ---p 00000000 00:00 0 
7f99ec6fe000-7f99ed980000 rw-p 00000000 00:00 0 
7f99ed980000-7f99eda00000 rw-p 00000000 00:00 0 
7f99eda00000-7f99eda40000 rw-p 00000000 00:00 0 
7f99eda40000-7f99edb00000 ---p 00000000 00:00 0 
7f99edb00000-7f99edb40000 rw-p 00000000 00:00 0 
7f99edb40000-7f99ee000000 ---p 00000000 00:00 0 
7f99ee0f4000-7f99ee0f5000 ---p 00000000 00:00 0 
7f99ee0f5000-7f99ee1f6000 rw-p 00000000 00:00 0 
7f99ee1f6000-7f99ee1f7000 ---p 00000000 00:00 0 
7f99ee1f7000-7f99ee2f8000 rw-p 00000000 00:00 0 
7f99ee2f8000-7f99ee2fc000 ---p 00000000 00:00 0 
7f99ee2fc000-7f99ee3f9000 rw-p 00000000 00:00 0 
7f99ee3f9000-7f99ee3fd000 ---p 00000000 00:00 0 
7f99ee3fd000-7f99ee4fa000 rw-p 00000000 00:00 0 
7f99ee4fa000-7f99ee4fe000 ---p 00000000 00:00 0 
7f99ee4fe000-7f99ee5fb000 rw-p 00000000 00:00 0 
7f99ee5fb000-7f99ee5ff000 ---p 00000000 00:00 0 
7f99ee5ff000-7f99ee6fc000 rw-p 00000000 00:00 0 
7f99ee6fc000-7f99ee700000 ---p 00000000 00:00 0 
7f99ee700000-7f99ee7fd000 rw-p 00000000 00:00 0 
7f99ee8fd000-7f99ee901000 ---p 00000000 00:00 0 
7f99ee901000-7f99ee9fe000 rw-p 00000000 00:00 0 
7f99ee9fe000-7f99eea02000 ---p 00000000 00:00 0 
7f99eea02000-7f99eeaff000 rw-p 00000000 00:00 0 
7f99eeaff000-7f99eeb13000 r-xp 00000000 08:01 27525641                   /tmp/lmdbjava-native-library-10348802988428194640.so
7f99eeb13000-7f99eed13000 ---p 00014000 08:01 27525641                   /tmp/lmdbjava-native-library-10348802988428194640.so
7f99eed13000-7f99eed14000 r--p 00014000 08:01 27525641                   /tmp/lmdbjava-native-library-10348802988428194640.so
7f99eed14000-7f99eed15000 rw-p 00015000 08:01 27525641                   /tmp/lmdbjava-native-library-10348802988428194640.so
7f99eed15000-7f99eed27000 r-xp 00000000 08:01 27525642                   /tmp/jffi4192391088918067247.so (deleted)
7f99eed27000-7f99eef26000 ---p 00012000 08:01 27525642                   /tmp/jffi4192391088918067247.so (deleted)
7f99eef26000-7f99eef27000 rw-p 00011000 08:01 27525642                   /tmp/jffi4192391088918067247.so (deleted)
7f99eef27000-7f99eef2b000 ---p 00000000 00:00 0 
7f99eef2b000-7f99ef028000 rw-p 00000000 00:00 0 
7f99ef028000-7f99ef02c000 ---p 00000000 00:00 0 
7f99ef02c000-7f99ef129000 rw-p 00000000 00:00 0 
7f99ef129000-7f99ef12d000 ---p 00000000 00:00 0 
7f99ef12d000-7f99ef22a000 rw-p 00000000 00:00 0 
7f99ef22a000-7f99ef22e000 ---p 00000000 00:00 0 
7f99ef22e000-7f99ef32b000 rw-p 00000000 00:00 0 
7f99ef32b000-7f99ef32c000 ---p 00000000 00:00 0 
7f99ef32c000-7f99ef42d000 rw-p 00000000 00:00 0 
7f99ef42d000-7f99ef431000 ---p 00000000 00:00 0 
7f99ef431000-7f99ef52e000 rw-p 00000000 00:00 0 
7f99ef52e000-7f99ef532000 ---p 00000000 00:00 0 
7f99ef532000-7f99ef62f000 rw-p 00000000 00:00 0 
7f99ef62f000-7f99ef633000 ---p 00000000 00:00 0 
7f99ef633000-7f99ef730000 rw-p 00000000 00:00 0 
7f99ef730000-7f99ef734000 ---p 00000000 00:00 0 
7f99ef734000-7f99ef831000 rw-p 00000000 00:00 0 
7f99ef831000-7f99ef835000 ---p 00000000 00:00 0 
7f99ef835000-7f99ef932000 rw-p 00000000 00:00 0 
7f99ef932000-7f99ef936000 ---p 00000000 00:00 0 
7f99ef936000-7f99efa33000 rw-p 00000000 00:00 0 
7f99efa33000-7f99f0000000 r--p 00000000 08:01 17170755                   /usr/lib/locale/locale-archive
7f99f0000000-7f99f0021000 rw-p 00000000 00:00 0 
7f99f0021000-7f99f4000000 ---p 00000000 00:00 0 
7f99f4000000-7f99f4021000 rw-p 00000000 00:00 0 
7f99f4021000-7f99f8000000 ---p 00000000 00:00 0 
7f99f8000000-7f99f8021000 rw-p 00000000 00:00 0 
7f99f8021000-7f99fc000000 ---p 00000000 00:00 0 
7f99fc000000-7f99fc021000 rw-p 00000000 00:00 0 
7f99fc021000-7f9a00000000 ---p 00000000 00:00 0 
7f9a00000000-7f9a00021000 rw-p 00000000 00:00 0 
7f9a00021000-7f9a04000000 ---p 00000000 00:00 0 
7f9a04000000-7f9a04021000 rw-p 00000000 00:00 0 
7f9a04021000-7f9a08000000 ---p 00000000 00:00 0 
7f9a08000000-7f9a08021000 rw-p 00000000 00:00 0 
7f9a08021000-7f9a0c000000 ---p 00000000 00:00 0 
7f9a0c028000-7f9a0c0de000 rw-p 00000000 00:00 0 
7f9a0c0de000-7f9a0c0df000 r-xp 00000000 00:00 0 
7f9a0c0df000-7f9a0c0e3000 rw-p 00000000 00:00 0 
7f9a0c0e3000-7f9a0c0e4000 r-xp 00000000 00:00 0 
7f9a0c0e4000-7f9a0c0e8000 rw-p 00000000 00:00 0 
7f9a0c0e8000-7f9a0c0e9000 r-xp 00000000 00:00 0 
7f9a0c0e9000-7f9a0c0eb000 rw-p 00000000 00:00 0 
7f9a0c0eb000-7f9a0c0ed000 rw-s 00000000 08:01 2884270                    /tmp/junit15500897842607080816/tutorial5/lock.mdb (deleted)
7f9a0c0ed000-7f9a0c0f1000 rw-p 00000000 00:00 0 
7f9a0c0f1000-7f9a0c0f3000 rw-s 00000000 08:01 2884266                    /tmp/junit7756791930513218908/tutorial4/lock.mdb (deleted)
7f9a0c0f3000-7f9a0c0f5000 rw-s 00000000 08:01 2884262                    /tmp/junit736633710473248759/tutorial3/lock.mdb (deleted)
7f9a0c0f5000-7f9a0c0f7000 rw-p 00000000 00:00 0 
7f9a0c0f7000-7f9a0c0f9000 rw-s 00000000 08:01 2884258                    /tmp/junit6898562057559631730/tutorial2/lock.mdb (deleted)
7f9a0c0f9000-7f9a0c0fb000 rw-s 00000000 08:01 2884254                    /tmp/junit4029569342928539914/tutorial1/lock.mdb (deleted)
7f9a0c0fb000-7f9a0c0fd000 rw-p 00000000 00:00 0 
7f9a0c0fd000-7f9a0c101000 ---p 00000000 00:00 0 
7f9a0c101000-7f9a0c1fe000 rw-p 00000000 00:00 0 
7f9a0c1fe000-7f9a0c202000 ---p 00000000 00:00 0 
7f9a0c202000-7f9a0c2ff000 rw-p 00000000 00:00 0 
7f9a0c2ff000-7f9a0c303000 ---p 00000000 00:00 0 
7f9a0c303000-7f9a0c800000 rw-p 00000000 00:00 0 
7f9a0c800000-7f9a0cc00000 rw-p 00000000 00:00 0 
7f9a0cc00000-7f9a0cc01000 r-xp 00000000 00:00 0 
7f9a0cc01000-7f9a0cc05000 rw-p 00000000 00:00 0 
7f9a0cc05000-7f9a0cc06000 r-xp 00000000 00:00 0 
7f9a0cc06000-7f9a0cc16000 rw-p 00000000 00:00 0 
7f9a0cc16000-7f9a0cc26000 rw-p 00000000 00:00 0 
7f9a0cc26000-7f9a0cc28000 r--p 00000000 08:01 21890254                   /usr/lib/jvm/java-16-openjdk-amd64/lib/libmanagement_ext.so
7f9a0cc28000-7f9a0cc2b000 r-xp 00002000 08:01 21890254                   /usr/lib/jvm/java-16-openjdk-amd64/lib/libmanagement_ext.so
7f9a0cc2b000-7f9a0cc2d000 r--p 00005000 08:01 21890254                   /usr/lib/jvm/java-16-openjdk-amd64/lib/libmanagement_ext.so
7f9a0cc2d000-7f9a0cc2e000 r--p 00006000 08:01 21890254                   /usr/lib/jvm/java-16-openjdk-amd64/lib/libmanagement_ext.so
7f9a0cc2e000-7f9a0cc2f000 rw-p 00007000 08:01 21890254                   /usr/lib/jvm/java-16-openjdk-amd64/lib/libmanagement_ext.so
7f9a0cc2f000-7f9a0cc31000 r--p 00000000 08:01 21890250                   /usr/lib/jvm/java-16-openjdk-amd64/lib/libmanagement.so
7f9a0cc31000-7f9a0cc32000 r-xp 00002000 08:01 21890250                   /usr/lib/jvm/java-16-openjdk-amd64/lib/libmanagement.so
7f9a0cc32000-7f9a0cc33000 r--p 00003000 08:01 21890250                   /usr/lib/jvm/java-16-openjdk-amd64/lib/libmanagement.so
7f9a0cc33000-7f9a0cc34000 r--p 00003000 08:01 21890250                   /usr/lib/jvm/java-16-openjdk-amd64/lib/libmanagement.so
7f9a0cc34000-7f9a0cc35000 rw-p 00004000 08:01 21890250                   /usr/lib/jvm/java-16-openjdk-amd64/lib/libmanagement.so
7f9a0cc35000-7f9a0cc36000 r-xp 00000000 00:00 0 
7f9a0cc36000-7f9a0cc3d000 r--s 00000000 08:01 17565161                   /usr/lib/x86_64-linux-gnu/gconv/gconv-modules.cache
7f9a0cc3d000-7f9a0cc41000 r--p 00000000 08:01 21890270                   /usr/lib/jvm/java-16-openjdk-amd64/lib/libverify.so
7f9a0cc41000-7f9a0cc48000 r-xp 00004000 08:01 21890270                   /usr/lib/jvm/java-16-openjdk-amd64/lib/libverify.so
7f9a0cc48000-7f9a0cc4a000 r--p 0000b000 08:01 21890270                   /usr/lib/jvm/java-16-openjdk-amd64/lib/libverify.so
7f9a0cc4a000-7f9a0cc4b000 ---p 0000d000 08:01 21890270                   /usr/lib/jvm/java-16-openjdk-amd64/lib/libverify.so
7f9a0cc4b000-7f9a0cc4d000 r--p 0000d000 08:01 21890270                   /usr/lib/jvm/java-16-openjdk-amd64/lib/libverify.so
7f9a0cc4d000-7f9a0cc4e000 rw-p 0000f000 08:01 21890270                   /usr/lib/jvm/java-16-openjdk-amd64/lib/libverify.so
7f9a0cc4e000-7f9a0cc7f000 rw-p 00000000 00:00 0 
7f9a0cc7f000-7f9a0cc83000 r--p 00000000 08:01 21890258                   /usr/lib/jvm/java-16-openjdk-amd64/lib/libnet.so
7f9a0cc83000-7f9a0cc91000 r-xp 00004000 08:01 21890258                   /usr/lib/jvm/java-16-openjdk-amd64/lib/libnet.so
7f9a0cc91000-7f9a0cc95000 r--p 00012000 08:01 21890258                   /usr/lib/jvm/java-16-openjdk-amd64/lib/libnet.so
7f9a0cc95000-7f9a0cc96000 r--p 00015000 08:01 21890258                   /usr/lib/jvm/java-16-openjdk-amd64/lib/libnet.so
7f9a0cc96000-7f9a0cc97000 rw-p 00016000 08:01 21890258                   /usr/lib/jvm/java-16-openjdk-amd64/lib/libnet.so
7f9a0cc97000-7f9a0cc9d000 r--p 00000000 08:01 21890260                   /usr/lib/jvm/java-16-openjdk-amd64/lib/libnio.so
7f9a0cc9d000-7f9a0cca6000 r-xp 00006000 08:01 21890260                   /usr/lib/jvm/java-16-openjdk-amd64/lib/libnio.so
7f9a0cca6000-7f9a0ccab000 r--p 0000f000 08:01 21890260                   /usr/lib/jvm/java-16-openjdk-amd64/lib/libnio.so
7f9a0ccab000-7f9a0ccac000 r--p 00013000 08:01 21890260                   /usr/lib/jvm/java-16-openjdk-amd64/lib/libnio.so
7f9a0ccac000-7f9a0ccad000 rw-p 00014000 08:01 21890260                   /usr/lib/jvm/java-16-openjdk-amd64/lib/libnio.so
7f9a0ccad000-7f9a0ccb1000 ---p 00000000 00:00 0 
7f9a0ccb1000-7f9a0cdae000 rw-p 00000000 00:00 0 
7f9a0cdae000-7f9a0cdb2000 ---p 00000000 00:00 0 
7f9a0cdb2000-7f9a0ceaf000 rw-p 00000000 00:00 0 
7f9a0ceaf000-7f9a0ceb0000 ---p 00000000 00:00 0 
7f9a0ceb0000-7f9a0fff2000 rw-p 00000000 00:00 0 
7f9a0fff2000-7f9a1eb12000 ---p 00000000 00:00 0 
7f9a1eb12000-7f9a1fb12000 rw-p 00000000 00:00 0 
7f9a1fb12000-7f9a2e632000 ---p 00000000 00:00 0 
7f9a2e632000-7f9a2e86a000 rw-p 00000000 00:00 0 
7f9a2e86a000-7f9a305ce000 ---p 00000000 00:00 0 
7f9a305ce000-7f9a307ce000 rw-p 00000000 00:00 0 
7f9a307ce000-7f9a32532000 ---p 00000000 00:00 0 
7f9a32532000-7f9a32732000 rw-p 00000000 00:00 0 
7f9a32732000-7f9a34496000 ---p 00000000 00:00 0 
7f9a34496000-7f9a3449e000 rw-p 00000000 00:00 0 
7f9a3449e000-7f9a347ae000 rwxp 00000000 00:00 0 
7f9a347ae000-7f9a34bdf000 ---p 00000000 00:00 0 
7f9a34bdf000-7f9a3529f000 rwxp 00000000 00:00 0 
7f9a3529f000-7f9a3c03e000 ---p 00000000 00:00 0 
7f9a3c03e000-7f9a3c2ce000 rwxp 00000000 00:00 0 
7f9a3c2ce000-7f9a4349e000 ---p 00000000 00:00 0 
7f9a4349e000-7f9a4c000000 r--s 00000000 08:01 21890274                   /usr/lib/jvm/java-16-openjdk-amd64/lib/modules
7f9a4c000000-7f9a4eff9000 rw-p 00000000 00:00 0 
7f9a4eff9000-7f9a50000000 ---p 00000000 00:00 0 
7f9a50000000-7f9a50002000 rw-p 00000000 00:00 0 
7f9a50002000-7f9a50003000 r--p 00000000 08:01 21890231                   /usr/lib/jvm/java-16-openjdk-amd64/lib/libextnet.so
7f9a50003000-7f9a50004000 r-xp 00001000 08:01 21890231                   /usr/lib/jvm/java-16-openjdk-amd64/lib/libextnet.so
7f9a50004000-7f9a50005000 r--p 00002000 08:01 21890231                   /usr/lib/jvm/java-16-openjdk-amd64/lib/libextnet.so
7f9a50005000-7f9a50006000 r--p 00002000 08:01 21890231                   /usr/lib/jvm/java-16-openjdk-amd64/lib/libextnet.so
7f9a50006000-7f9a50007000 rw-p 00003000 08:01 21890231                   /usr/lib/jvm/java-16-openjdk-amd64/lib/libextnet.so
7f9a50007000-7f9a500a3000 rw-p 00000000 00:00 0 
7f9a500a3000-7f9a500a4000 ---p 00000000 00:00 0 
7f9a500a4000-7f9a501a5000 rw-p 00000000 00:00 0 
7f9a501a5000-7f9a501a6000 ---p 00000000 00:00 0 
7f9a501a6000-7f9a50fb4000 rw-p 00000000 00:00 0 
7f9a50fb4000-7f9a50fb5000 ---p 00000000 00:00 0 
7f9a50fb5000-7f9a510b6000 rw-p 00000000 00:00 0 
7f9a510b6000-7f9a510b7000 ---p 00000000 00:00 0 
7f9a510b7000-7f9a511b8000 rw-p 00000000 00:00 0 
7f9a511b8000-7f9a511b9000 ---p 00000000 00:00 0 
7f9a511b9000-7f9a5210c000 rw-p 00000000 00:00 0 
7f9a5210c000-7f9a521ef000 ---p 00000000 00:00 0 
7f9a521ef000-7f9a521fd000 rw-p 00000000 00:00 0 
7f9a521fd000-7f9a522d8000 ---p 00000000 00:00 0 
7f9a522d8000-7f9a522df000 rw-p 00000000 00:00 0 
7f9a522df000-7f9a522e7000 ---p 00000000 00:00 0 
7f9a522e7000-7f9a522e9000 r--p 00000000 08:01 21890272                   /usr/lib/jvm/java-16-openjdk-amd64/lib/libzip.so
7f9a522e9000-7f9a522ed000 r-xp 00002000 08:01 21890272                   /usr/lib/jvm/java-16-openjdk-amd64/lib/libzip.so
7f9a522ed000-7f9a522ef000 r--p 00006000 08:01 21890272                   /usr/lib/jvm/java-16-openjdk-amd64/lib/libzip.so
7f9a522ef000-7f9a522f0000 r--p 00007000 08:01 21890272                   /usr/lib/jvm/java-16-openjdk-amd64/lib/libzip.so
7f9a522f0000-7f9a522f1000 rw-p 00008000 08:01 21890272                   /usr/lib/jvm/java-16-openjdk-amd64/lib/libzip.so
7f9a522f1000-7f9a522fd000 r--p 00000000 08:01 21890238                   /usr/lib/jvm/java-16-openjdk-amd64/lib/libjava.so
7f9a522fd000-7f9a5230f000 r-xp 0000c000 08:01 21890238                   /usr/lib/jvm/java-16-openjdk-amd64/lib/libjava.so
7f9a5230f000-7f9a52315000 r--p 0001e000 08:01 21890238                   /usr/lib/jvm/java-16-openjdk-amd64/lib/libjava.so
7f9a52315000-7f9a52316000 ---p 00024000 08:01 21890238                   /usr/lib/jvm/java-16-openjdk-amd64/lib/libjava.so
7f9a52316000-7f9a52317000 r--p 00024000 08:01 21890238                   /usr/lib/jvm/java-16-openjdk-amd64/lib/libjava.so
7f9a52317000-7f9a52318000 rw-p 00025000 08:01 21890238                   /usr/lib/jvm/java-16-openjdk-amd64/lib/libjava.so
7f9a52318000-7f9a52319000 rw-p 00000000 00:00 0 
7f9a52319000-7f9a5231d000 ---p 00000000 00:00 0 
7f9a5231d000-7f9a5241a000 rw-p 00000000 00:00 0 
7f9a5241a000-7f9a5241d000 r--p 00000000 08:01 17190160                   /usr/lib/x86_64-linux-gnu/libgcc_s.so.1
7f9a5241d000-7f9a5242f000 r-xp 00003000 08:01 17190160                   /usr/lib/x86_64-linux-gnu/libgcc_s.so.1
7f9a5242f000-7f9a52432000 r--p 00015000 08:01 17190160                   /usr/lib/x86_64-linux-gnu/libgcc_s.so.1
7f9a52432000-7f9a52433000 ---p 00018000 08:01 17190160                   /usr/lib/x86_64-linux-gnu/libgcc_s.so.1
7f9a52433000-7f9a52434000 r--p 00018000 08:01 17190160                   /usr/lib/x86_64-linux-gnu/libgcc_s.so.1
7f9a52434000-7f9a52435000 rw-p 00019000 08:01 17190160                   /usr/lib/x86_64-linux-gnu/libgcc_s.so.1
7f9a52435000-7f9a52444000 r--p 00000000 08:01 17190184                   /usr/lib/x86_64-linux-gnu/libm-2.33.so
7f9a52444000-7f9a524ea000 r-xp 0000f000 08:01 17190184                   /usr/lib/x86_64-linux-gnu/libm-2.33.so
7f9a524ea000-7f9a52581000 r--p 000b5000 08:01 17190184                   /usr/lib/x86_64-linux-gnu/libm-2.33.so
7f9a52581000-7f9a52582000 r--p 0014b000 08:01 17190184                   /usr/lib/x86_64-linux-gnu/libm-2.33.so
7f9a52582000-7f9a52583000 rw-p 0014c000 08:01 17190184                   /usr/lib/x86_64-linux-gnu/libm-2.33.so
7f9a52583000-7f9a5261c000 r--p 00000000 08:01 17174032                   /usr/lib/x86_64-linux-gnu/libstdc++.so.6.0.29
7f9a5261c000-7f9a5271f000 r-xp 00099000 08:01 17174032                   /usr/lib/x86_64-linux-gnu/libstdc++.so.6.0.29
7f9a5271f000-7f9a5278b000 r--p 0019c000 08:01 17174032                   /usr/lib/x86_64-linux-gnu/libstdc++.so.6.0.29
7f9a5278b000-7f9a52796000 r--p 00207000 08:01 17174032                   /usr/lib/x86_64-linux-gnu/libstdc++.so.6.0.29
7f9a52796000-7f9a52799000 rw-p 00212000 08:01 17174032                   /usr/lib/x86_64-linux-gnu/libstdc++.so.6.0.29
7f9a52799000-7f9a5279c000 rw-p 00000000 00:00 0 
7f9a5279c000-7f9a529c7000 r--p 00000000 08:01 21890286                   /usr/lib/jvm/java-16-openjdk-amd64/lib/server/libjvm.so
7f9a529c7000-7f9a53610000 r-xp 0022b000 08:01 21890286                   /usr/lib/jvm/java-16-openjdk-amd64/lib/server/libjvm.so
7f9a53610000-7f9a5383b000 r--p 00e74000 08:01 21890286                   /usr/lib/jvm/java-16-openjdk-amd64/lib/server/libjvm.so
7f9a5383b000-7f9a5383c000 ---p 0109f000 08:01 21890286                   /usr/lib/jvm/java-16-openjdk-amd64/lib/server/libjvm.so
7f9a5383c000-7f9a538ee000 r--p 0109f000 08:01 21890286                   /usr/lib/jvm/java-16-openjdk-amd64/lib/server/libjvm.so
7f9a538ee000-7f9a5391a000 rw-p 01151000 08:01 21890286                   /usr/lib/jvm/java-16-openjdk-amd64/lib/server/libjvm.so
7f9a5391a000-7f9a53977000 rw-p 00000000 00:00 0 
7f9a53977000-7f9a5397e000 r--p 00000000 08:01 17174108                   /usr/lib/x86_64-linux-gnu/libpthread-2.33.so
7f9a5397e000-7f9a5398e000 r-xp 00007000 08:01 17174108                   /usr/lib/x86_64-linux-gnu/libpthread-2.33.so
7f9a5398e000-7f9a53993000 r--p 00017000 08:01 17174108                   /usr/lib/x86_64-linux-gnu/libpthread-2.33.so
7f9a53993000-7f9a53994000 r--p 0001b000 08:01 17174108                   /usr/lib/x86_64-linux-gnu/libpthread-2.33.so
7f9a53994000-7f9a53995000 rw-p 0001c000 08:01 17174108                   /usr/lib/x86_64-linux-gnu/libpthread-2.33.so
7f9a53995000-7f9a53999000 rw-p 00000000 00:00 0 
7f9a53999000-7f9a5399b000 r--p 00000000 08:01 17173935                   /usr/lib/x86_64-linux-gnu/libdl-2.33.so
7f9a5399b000-7f9a5399d000 r-xp 00002000 08:01 17173935                   /usr/lib/x86_64-linux-gnu/libdl-2.33.so
7f9a5399d000-7f9a5399e000 r--p 00004000 08:01 17173935                   /usr/lib/x86_64-linux-gnu/libdl-2.33.so
7f9a5399e000-7f9a5399f000 r--p 00004000 08:01 17173935                   /usr/lib/x86_64-linux-gnu/libdl-2.33.so
7f9a5399f000-7f9a539a0000 rw-p 00005000 08:01 17173935                   /usr/lib/x86_64-linux-gnu/libdl-2.33.so
7f9a539a0000-7f9a539a2000 r--p 00000000 08:01 17190191                   /usr/lib/x86_64-linux-gnu/libz.so.1.2.11
7f9a539a2000-7f9a539b3000 r-xp 00002000 08:01 17190191                   /usr/lib/x86_64-linux-gnu/libz.so.1.2.11
7f9a539b3000-7f9a539b9000 r--p 00013000 08:01 17190191                   /usr/lib/x86_64-linux-gnu/libz.so.1.2.11
7f9a539b9000-7f9a539ba000 ---p 00019000 08:01 17190191                   /usr/lib/x86_64-linux-gnu/libz.so.1.2.11
7f9a539ba000-7f9a539bb000 r--p 00019000 08:01 17190191                   /usr/lib/x86_64-linux-gnu/libz.so.1.2.11
7f9a539bb000-7f9a539bc000 rw-p 0001a000 08:01 17190191                   /usr/lib/x86_64-linux-gnu/libz.so.1.2.11
7f9a539bc000-7f9a539e2000 r--p 00000000 08:01 17173832                   /usr/lib/x86_64-linux-gnu/libc-2.33.so
7f9a539e2000-7f9a53b4d000 r-xp 00026000 08:01 17173832                   /usr/lib/x86_64-linux-gnu/libc-2.33.so
7f9a53b4d000-7f9a53b99000 r--p 00191000 08:01 17173832                   /usr/lib/x86_64-linux-gnu/libc-2.33.so
7f9a53b99000-7f9a53b9c000 r--p 001dc000 08:01 17173832                   /usr/lib/x86_64-linux-gnu/libc-2.33.so
7f9a53b9c000-7f9a53b9f000 rw-p 001df000 08:01 17173832                   /usr/lib/x86_64-linux-gnu/libc-2.33.so
7f9a53b9f000-7f9a53ba8000 rw-p 00000000 00:00 0 
7f9a53ba8000-7f9a53ba9000 r-xp 00000000 00:00 0 
7f9a53ba9000-7f9a53bab000 r--s 0000c000 08:01 17694801                   /usr/share/java/java-atk-wrapper.jar
7f9a53bab000-7f9a53bb3000 rw-s 00000000 08:01 27525639                   /tmp/hsperfdata_subes/64898
7f9a53bb3000-7f9a53bb5000 r--p 00000000 08:01 17190175                   /usr/lib/x86_64-linux-gnu/libnss_compat-2.33.so
7f9a53bb5000-7f9a53bbc000 r-xp 00002000 08:01 17190175                   /usr/lib/x86_64-linux-gnu/libnss_compat-2.33.so
7f9a53bbc000-7f9a53bbd000 r--p 00009000 08:01 17190175                   /usr/lib/x86_64-linux-gnu/libnss_compat-2.33.so
7f9a53bbd000-7f9a53bbe000 r--p 00009000 08:01 17190175                   /usr/lib/x86_64-linux-gnu/libnss_compat-2.33.so
7f9a53bbe000-7f9a53bbf000 rw-p 0000a000 08:01 17190175                   /usr/lib/x86_64-linux-gnu/libnss_compat-2.33.so
7f9a53bbf000-7f9a53bc0000 ---p 00000000 00:00 0 
7f9a53bc0000-7f9a53bc1000 r--p 00000000 00:00 0 
7f9a53bc1000-7f9a53bc2000 ---p 00000000 00:00 0 
7f9a53bc2000-7f9a53bc4000 r--p 00000000 08:01 21890241                   /usr/lib/jvm/java-16-openjdk-amd64/lib/libjimage.so
7f9a53bc4000-7f9a53bc6000 r-xp 00002000 08:01 21890241                   /usr/lib/jvm/java-16-openjdk-amd64/lib/libjimage.so
7f9a53bc6000-7f9a53bc7000 r--p 00004000 08:01 21890241                   /usr/lib/jvm/java-16-openjdk-amd64/lib/libjimage.so
7f9a53bc7000-7f9a53bc8000 r--p 00004000 08:01 21890241                   /usr/lib/jvm/java-16-openjdk-amd64/lib/libjimage.so
7f9a53bc8000-7f9a53bc9000 rw-p 00005000 08:01 21890241                   /usr/lib/jvm/java-16-openjdk-amd64/lib/libjimage.so
7f9a53bc9000-7f9a53bcb000 r--p 00000000 08:01 21890242                   /usr/lib/jvm/java-16-openjdk-amd64/lib/libjli.so
7f9a53bcb000-7f9a53bd5000 r-xp 00002000 08:01 21890242                   /usr/lib/jvm/java-16-openjdk-amd64/lib/libjli.so
7f9a53bd5000-7f9a53bd8000 r--p 0000c000 08:01 21890242                   /usr/lib/jvm/java-16-openjdk-amd64/lib/libjli.so
7f9a53bd8000-7f9a53bd9000 r--p 0000e000 08:01 21890242                   /usr/lib/jvm/java-16-openjdk-amd64/lib/libjli.so
7f9a53bd9000-7f9a53bda000 rw-p 0000f000 08:01 21890242                   /usr/lib/jvm/java-16-openjdk-amd64/lib/libjli.so
7f9a53bda000-7f9a53bdc000 rw-p 00000000 00:00 0 
7f9a53bdc000-7f9a53bdd000 r--p 00000000 08:01 17174133                   /usr/lib/x86_64-linux-gnu/ld-2.33.so
7f9a53bdd000-7f9a53c04000 r-xp 00001000 08:01 17174133                   /usr/lib/x86_64-linux-gnu/ld-2.33.so
7f9a53c04000-7f9a53c0e000 r--p 00028000 08:01 17174133                   /usr/lib/x86_64-linux-gnu/ld-2.33.so
7f9a53c0e000-7f9a53c10000 r--p 00031000 08:01 17174133                   /usr/lib/x86_64-linux-gnu/ld-2.33.so
7f9a53c10000-7f9a53c12000 rw-p 00033000 08:01 17174133                   /usr/lib/x86_64-linux-gnu/ld-2.33.so
7ffd4762a000-7ffd4764c000 rw-p 00000000 00:00 0                          [stack]
7ffd4770a000-7ffd4770e000 r--p 00000000 00:00 0                          [vvar]
7ffd4770e000-7ffd47710000 r-xp 00000000 00:00 0                          [vdso]
ffffffffff600000-ffffffffff601000 --xp 00000000 00:00 0                  [vsyscall]


VM Arguments:
jvm_args: --add-opens=java.base/java.lang=ALL-UNNAMED -ea --illegal-access=permit --add-exports=java.base/jdk.internal.ref=ALL-UNNAMED --add-opens=java.base/jdk.internal.misc=ALL-UNNAMED --add-opens=java.base/java.nioc=ALL-UNNAMED -Dfile.encoding=UTF-8 -XX:+ShowCodeDetailsInExceptionMessages 
java_command: org.eclipse.jdt.internal.junit.runner.RemoteTestRunner -version 3 -port 33527 -testLoaderClass org.eclipse.jdt.internal.junit4.runner.JUnit4TestLoader -loaderpluginname org.eclipse.jdt.junit4.runtime -testNameFile /tmp/testNames15265578950404577626.txt
java_class_path (initial): /opt/subes/dev/Entwicklung/invesdwin/ezdb/ezdb-lmdb-jnr/target/test-classes:/opt/subes/dev/Entwicklung/invesdwin/ezdb/ezdb-lmdb-jnr/target/classes:/opt/subes/dev/Entwicklung/invesdwin/ezdb/ezdb-api/target/classes:/home/subes/.m2/repository/io/netty/netty-buffer/4.1.68.Final/netty-buffer-4.1.68.Final.jar:/home/subes/.m2/repository/io/netty/netty-common/4.1.68.Final/netty-common-4.1.68.Final.jar:/opt/subes/dev/Entwicklung/invesdwin/ezdb/ezdb-treemap/target/classes:/home/subes/.m2/repository/org/lmdbjava/lmdbjava/0.8.1/lmdbjava-0.8.1.jar:/home/subes/.m2/repository/com/github/jnr/jnr-constants/0.9.15/jnr-constants-0.9.15.jar:/home/subes/.m2/repository/com/github/jnr/jnr-ffi/2.1.15/jnr-ffi-2.1.15.jar:/home/subes/.m2/repository/com/github/jnr/jffi/1.2.23/jffi-1.2.23.jar:/home/subes/.m2/repository/com/github/jnr/jffi/1.2.23/jffi-1.2.23-native.jar:/home/subes/.m2/repository/org/ow2/asm/asm/7.1/asm-7.1.jar:/home/subes/.m2/repository/org/ow2/asm/asm-commons/7.1/asm-commons-7.1.jar:/home/subes/.m2/repository/org/ow2/asm/asm-analysis/7.1/asm-analysis-7.1.jar:/home/subes/.m2/repository/org/ow2/asm/asm-tree/7.1/asm-tree-7.1.jar:/home/subes/.m2/repository/org/ow2/asm/asm-util/7.1/asm-util-7.1.jar:/home/subes/.m2/repository/com/github/jnr/jnr-a64asm/1.0.0/jnr-a64asm-1.0.0.jar:/home/subes/.m2/repository/com/github/jnr/jnr-x86asm/1.0.2/jnr-x86asm-1.0.2.jar:/home/subes/.m2/repository/com/google/guava/guava/30.1.1-jre/guava-30.1.1-jre.jar:/home/subes/.m2/repository/com/google/guava/failureaccess/1.0.1/failureaccess-1.0.1.jar:/home/subes/.m2/repository/com/google/guava/listenablefuture/9999.0-empty-to-avoid-conflict-with-guava/listenablefuture-9999.0-empty-to-avoid-conflict-with-guava.jar:/home/subes/.m2/repository/com/google/code/findbugs/jsr305/3.0.2/jsr305-3.0.2.jar:/home/subes/.m2/repository/org/checkerframework/checker-qual/3.8.0/checker-qual-3.8.0.jar:/home/subes/.m2/repository/com/google/errorprone/error_prone_annotations/2.5.1/error_prone_annotations
Launcher Type: SUN_STANDARD

[Global flags]
     intx CICompilerCount                          = 12                                        {product} {ergonomic}
     uint ConcGCThreads                            = 3                                         {product} {ergonomic}
     uint G1ConcRefinementThreads                  = 13                                        {product} {ergonomic}
   size_t G1HeapRegionSize                         = 8388608                                   {product} {ergonomic}
    uintx GCDrainStackTargetSize                   = 64                                        {product} {ergonomic}
   size_t InitialHeapSize                          = 1056964608                                {product} {ergonomic}
   size_t MarkStackSize                            = 4194304                                   {product} {ergonomic}
   size_t MaxHeapSize                              = 16852713472                               {product} {ergonomic}
   size_t MaxNewSize                               = 10108272640                               {product} {ergonomic}
   size_t MinHeapDeltaBytes                        = 8388608                                   {product} {ergonomic}
   size_t MinHeapSize                              = 8388608                                   {product} {ergonomic}
    uintx NonNMethodCodeHeapSize                   = 7602480                                {pd product} {ergonomic}
    uintx NonProfiledCodeHeapSize                  = 122027880                              {pd product} {ergonomic}
    uintx ProfiledCodeHeapSize                     = 122027880                              {pd product} {ergonomic}
    uintx ReservedCodeCacheSize                    = 251658240                              {pd product} {ergonomic}
     bool SegmentedCodeCache                       = true                                      {product} {ergonomic}
     bool ShowCodeDetailsInExceptionMessages       = true                                   {manageable} {command line}
   size_t SoftMaxHeapSize                          = 16852713472                            {manageable} {ergonomic}
     bool UseCompressedClassPointers               = true                           {product lp64_product} {ergonomic}
     bool UseCompressedOops                        = true                           {product lp64_product} {ergonomic}
     bool UseG1GC                                  = true                                      {product} {ergonomic}

Logging:
Log output configuration:
 #0: stdout all=warning uptime,level,tags
 #1: stderr all=off uptime,level,tags

Environment Variables:
JAVA_HOME=/usr/lib/jvm/default-java/
PATH=/home/subes/.local/share/umake/bin:/usr/local/sbin:/usr/local/bin:/usr/sbin:/usr/bin:/sbin:/bin:/usr/games:/usr/local/games:/snap/bin:/snap/bin
USERNAME=subes
SHELL=/bin/bash
DISPLAY=:1
LANG=de_DE.UTF-8

Signal Handlers:
SIGSEGV: [libjvm.so+0xc78640], sa_mask[0]=11100100010111111101111111111110, sa_flags=SA_RESTART|SA_SIGINFO
SIGBUS: [libjvm.so+0xc78640], sa_mask[0]=11100100010111111101111111111110, sa_flags=SA_RESTART|SA_SIGINFO
SIGFPE: [libjvm.so+0xc78640], sa_mask[0]=11100100010111111101111111111110, sa_flags=SA_RESTART|SA_SIGINFO
SIGPIPE: [libjvm.so+0xb89950], sa_mask[0]=11100100010111111101111111111110, sa_flags=SA_RESTART|SA_SIGINFO
SIGXFSZ: [libjvm.so+0xb89950], sa_mask[0]=11100100010111111101111111111110, sa_flags=SA_RESTART|SA_SIGINFO
SIGILL: [libjvm.so+0xc78640], sa_mask[0]=11100100010111111101111111111110, sa_flags=SA_RESTART|SA_SIGINFO
SIGUSR2: [libjvm.so+0xb846f0], sa_mask[0]=00100000000000000000000000000000, sa_flags=SA_RESTART|SA_SIGINFO
SIGHUP: [libjvm.so+0xb84030], sa_mask[0]=11100100010111111101111111111110, sa_flags=SA_RESTART|SA_SIGINFO
SIGINT: [libjvm.so+0xb84030], sa_mask[0]=11100100010111111101111111111110, sa_flags=SA_RESTART|SA_SIGINFO
SIGTERM: [libjvm.so+0xb84030], sa_mask[0]=11100100010111111101111111111110, sa_flags=SA_RESTART|SA_SIGINFO
SIGQUIT: [libjvm.so+0xb84030], sa_mask[0]=11100100010111111101111111111110, sa_flags=SA_RESTART|SA_SIGINFO
SIGTRAP: [libjvm.so+0xc78640], sa_mask[0]=11100100010111111101111111111110, sa_flags=SA_RESTART|SA_SIGINFO


---------------  S Y S T E M  ---------------

OS:
DISTRIB_ID=Ubuntu
DISTRIB_RELEASE=21.04
DISTRIB_CODENAME=hirsute
DISTRIB_DESCRIPTION="Ubuntu 21.04"
uname: Linux 5.11.0-31-generic #33-Ubuntu SMP Wed Aug 11 13:19:04 UTC 2021 x86_64
OS uptime: 0 days 6:10 hours
libc: glibc 2.33 NPTL 2.33 
rlimit (soft/hard): STACK 8192k/infinity , CORE 0k/infinity , NPROC 256775/256775 , NOFILE 524288/524288 , AS infinity/infinity , CPU infinity/infinity , DATA infinity/infinity , FSIZE infinity/infinity , MEMLOCK 8225217k/8225217k
load average: 1,01 1,93 1,65

/proc/meminfo:
MemTotal:       65801736 kB
MemFree:        41629784 kB
MemAvailable:   50226276 kB
Buffers:         1082552 kB
Cached:          7611452 kB
SwapCached:            0 kB
Active:          3296804 kB
Inactive:       19492948 kB
Active(anon):       8768 kB
Inactive(anon): 14216588 kB
Active(file):    3288036 kB
Inactive(file):  5276360 kB
Unevictable:         432 kB
Mlocked:             432 kB
SwapTotal:      34282492 kB
SwapFree:       34282492 kB
Dirty:              8856 kB
Writeback:             0 kB
AnonPages:      14096224 kB
Mapped:          1255184 kB
Shmem:            136312 kB
KReclaimable:     764868 kB
Slab:             983364 kB
SReclaimable:     764868 kB
SUnreclaim:       218496 kB
KernelStack:       32064 kB
PageTables:        94408 kB
NFS_Unstable:          0 kB
Bounce:                0 kB
WritebackTmp:          0 kB
CommitLimit:    67183360 kB
Committed_AS:   24285060 kB
VmallocTotal:   34359738367 kB
VmallocUsed:      107208 kB
VmallocChunk:          0 kB
Percpu:            16512 kB
HardwareCorrupted:     0 kB
AnonHugePages:         0 kB
ShmemHugePages:        0 kB
ShmemPmdMapped:        0 kB
FileHugePages:         0 kB
FilePmdMapped:         0 kB
HugePages_Total:       0
HugePages_Free:        0
HugePages_Rsvd:        0
HugePages_Surp:        0
Hugepagesize:       2048 kB
Hugetlb:               0 kB
DirectMap4k:     1009900 kB
DirectMap2M:    30392320 kB
DirectMap1G:    36700160 kB

/sys/kernel/mm/transparent_hugepage/enabled: always [madvise] never
/sys/kernel/mm/transparent_hugepage/defrag (defrag/compaction efforts parameter): always defer defer+madvise [madvise] never

Process Memory:
Virtual Size: 976531928K (peak: 1112083128K)
Resident Set Size: 651072K (peak: 651084K) (anon: 612884K, file: 38188K, shmem: 0K)
Swapped out: 0K
C-Heap outstanding allocations: 100879K

/proc/sys/kernel/threads-max (system-wide limit on the number of threads): 513551
/proc/sys/vm/max_map_count (maximum number of memory map areas a process may have): 65530
/proc/sys/kernel/pid_max (system-wide limit on number of process identifiers): 4194304

container (cgroup) information:
container_type: cgroupv1
cpu_cpuset_cpus: 0-15
cpu_memory_nodes: 0
active_processor_count: 16
cpu_quota: no quota
cpu_period: 100000
cpu_shares: no shares
memory_limit_in_bytes: unlimited
memory_and_swap_limit_in_bytes: unlimited
memory_soft_limit_in_bytes: unlimited
memory_usage_in_bytes: 22177660928
memory_max_usage_in_bytes: 29859790848

Steal ticks since vm start: 0
Steal ticks percentage since vm start:  0,000

CPU: total 16 (initial active 16) (8 cores per cpu, 2 threads per core) family 6 model 158 stepping 12 microcode 0xea, cx8, cmov, fxsr, ht, mmx, 3dnowpref, sse, sse2, sse3, ssse3, sse4.1, sse4.2, popcnt, lzcnt, tsc, tscinvbit, avx, avx2, aes, erms, clmul, bmi1, bmi2, rtm, adx, fma, vzeroupper, clflush, clflushopt
CPU Model and flags from /proc/cpuinfo:
model name	: Intel(R) Core(TM) i9-9900K CPU @ 3.60GHz
flags		: fpu vme de pse tsc msr pae mce cx8 apic sep mtrr pge mca cmov pat pse36 clflush dts acpi mmx fxsr sse sse2 ss ht tm pbe syscall nx pdpe1gb rdtscp lm constant_tsc art arch_perfmon pebs bts rep_good nopl xtopology nonstop_tsc cpuid aperfmperf pni pclmulqdq dtes64 monitor ds_cpl vmx smx est tm2 ssse3 sdbg fma cx16 xtpr pdcm pcid sse4_1 sse4_2 x2apic movbe popcnt tsc_deadline_timer aes xsave avx f16c rdrand lahf_lm abm 3dnowprefetch cpuid_fault epb invpcid_single ssbd ibrs ibpb stibp tpr_shadow vnmi flexpriority ept vpid ept_ad fsgsbase tsc_adjust bmi1 hle avx2 smep bmi2 erms invpcid rtm mpx rdseed adx smap clflushopt intel_pt xsaveopt xsavec xgetbv1 xsaves dtherm ida arat pln pts hwp hwp_notify hwp_act_window hwp_epp md_clear flush_l1d arch_capabilities

Online cpus: 0-15
Offline cpus: 
BIOS frequency limitation: <Not Available>
Frequency switch latency (ns): 0
Available cpu frequencies: <Not Available>
Current governor: powersave
Core performance/turbo boost: <Not Available>

Memory: 4k page, physical 65801736k(41629376k free), swap 34282492k(34282492k free)

vm_info: OpenJDK 64-Bit Server VM (16.0.1+9-Ubuntu-1) for linux-amd64 JRE (16.0.1+9-Ubuntu-1), built on Apr 21 2021 04:27:46 by "unknown" with gcc 10.3.0

END.
