#
# A fatal error has been detected by the Java Runtime Environment:
#
#  SIGSEGV (0xb) at pc=0x00007fbb1f3d2aaf, pid=46739, tid=46754
#
# JRE version: OpenJDK Runtime Environment (16.0.1+9) (build 16.0.1+9-Ubuntu-1)
# Java VM: OpenJDK 64-Bit Server VM (16.0.1+9-Ubuntu-1, mixed mode, sharing, tiered, compressed oops, compressed class ptrs, g1 gc, linux-amd64)
# Problematic frame:
# C  [lmdbjava-native-library-16244106597035162442.so+0x3aaf]  mdb_txn_end+0x11f
#
# Core dump will be written. Default location: Core dumps may be processed with "/usr/share/apport/apport %p %s %c %d %P %E" (or dumping to /opt/subes/dev/Entwicklung/invesdwin/ezdb/ezdb-lmdb-jnr/core.46739)
#
# If you would like to submit a bug report, please visit:
#   Unknown
# The crash happened outside the Java Virtual Machine in native code.
# See problematic frame for where to report the bug.
#

---------------  S U M M A R Y ------------

Command Line: --add-opens=java.base/java.lang=ALL-UNNAMED -ea --illegal-access=permit --add-exports=java.base/jdk.internal.ref=ALL-UNNAMED --add-opens=java.base/jdk.internal.misc=ALL-UNNAMED --add-opens=java.base/java.nioc=ALL-UNNAMED -Dfile.encoding=UTF-8 -XX:+ShowCodeDetailsInExceptionMessages org.eclipse.jdt.internal.junit.runner.RemoteTestRunner -version 3 -port 46361 -testLoaderClass org.eclipse.jdt.internal.junit4.runner.JUnit4TestLoader -loaderpluginname org.eclipse.jdt.junit4.runtime -testNameFile /tmp/testNames17303065857598072901.txt

Host: Intel(R) Core(TM) i9-9900K CPU @ 3.60GHz, 16 cores, 62G, Ubuntu 21.04
Time: Sun Sep 12 19:50:39 2021 CEST elapsed time: 1.307621 seconds (0d 0h 0m 1s)

---------------  T H R E A D  ---------------

Current thread (0x00007fbb941e8d80):  JavaThread "Finalizer" daemon [_thread_in_native, id=46754, stack(0x00007fbb9845c000,0x00007fbb9855d000)]

Stack: [0x00007fbb9845c000,0x00007fbb9855d000],  sp=0x00007fbb9855b6f0,  free space=1021k
Native frames: (J=compiled Java code, A=aot compiled Java code, j=interpreted, Vv=VM code, C=native code)
C  [lmdbjava-native-library-16244106597035162442.so+0x3aaf]  mdb_txn_end+0x11f

Java frames: (J=compiled Java code, j=interpreted, Vv=VM code)
J 3251  org.lmdbjava.Library$Lmdb$jnr$ffi$0.mdb_txn_abort$jni$28(J)V (0 bytes) @ 0x00007fbb8426ccf1 [0x00007fbb8426cca0+0x0000000000000051]
J 3249 c1 org.lmdbjava.Library$Lmdb$jnr$ffi$0.mdb_txn_abort(Ljnr/ffi/Pointer;)V (66 bytes) @ 0x00007fbb7d20731c [0x00007fbb7d206f80+0x000000000000039c]
J 2102 c1 org.lmdbjava.Txn.close()V (48 bytes) @ 0x00007fbb7d03058c [0x00007fbb7d030460+0x000000000000012c]
J 3473 c1 ezdb.lmdb.util.LmDBJnrDBIterator.finalize()V (9 bytes) @ 0x00007fbb7d261344 [0x00007fbb7d2612c0+0x0000000000000084]
J 3466 c1 java.lang.ref.Finalizer.runFinalizer(Ljdk/internal/access/JavaLangAccess;)V java.base@16.0.1 (131 bytes) @ 0x00007fbb7d261994 [0x00007fbb7d261700+0x0000000000000294]
j  java.lang.ref.Finalizer$FinalizerThread.run()V+46 java.base@16.0.1
v  ~StubRoutines::call_stub

siginfo: si_signo: 11 (SIGSEGV), si_code: 1 (SEGV_MAPERR), si_addr: 0x00007f7a23fff080

Register to memory mapping:

RAX=0x00000000000a0000 is an unknown value
RBX=0x0000000000000001 is an unknown value
RCX=0x0000000000200022 is an unknown value
RDX=0x00007f7a23fff080 is an unknown value
RSP=0x00007fbb9855b6f0 is pointing into the stack for thread: 0x00007fbb941e8d80
RBP=0xfffffffffffffffe is an unknown value
RSI=0x0 is NULL
RDI=0x00007fbb9476d480 points into unknown readable memory: 0x0000000000000000 | 00 00 00 00 00 00 00 00
R8 =0x0000000000000003 is an unknown value
R9 =0x0000000450afb100 is an oop: java.lang.ThreadLocal$ThreadLocalMap 
{0x0000000450afb100} - klass: 'java/lang/ThreadLocal$ThreadLocalMap'
R10=0x00007fbb8426ccf1 is at entry_point+81 in (nmethod*)0x00007fbb8426cb10
R11=0x0 is NULL
R12=0x0000000000000060 is an unknown value
R13=0x00007fbb9476d480 points into unknown readable memory: 0x0000000000000000 | 00 00 00 00 00 00 00 00
R14=0x00007fbb9476d150 points into unknown readable memory: 0x000000080001e0f0 | f0 e0 01 00 08 00 00 00
R15=0x00007fbb9476d598 points into unknown readable memory: 0x0000000000181808 | 08 18 18 00 00 00 00 00


Registers:
RAX=0x00000000000a0000, RBX=0x0000000000000001, RCX=0x0000000000200022, RDX=0x00007f7a23fff080
RSP=0x00007fbb9855b6f0, RBP=0xfffffffffffffffe, RSI=0x0000000000000000, RDI=0x00007fbb9476d480
R8 =0x0000000000000003, R9 =0x0000000450afb100, R10=0x00007fbb8426ccf1, R11=0x0000000000000000
R12=0x0000000000000060, R13=0x00007fbb9476d480, R14=0x00007fbb9476d150, R15=0x00007fbb9476d598
RIP=0x00007fbb1f3d2aaf, EFLAGS=0x0000000000010246, CSGSFS=0x002b000000000033, ERR=0x0000000000000006
  TRAPNO=0x000000000000000e

Top of Stack: (sp=0x00007fbb9855b6f0)
0x00007fbb9855b6f0:   00007fbb941e8d80 00007fbb9c22d7a8
0x00007fbb9855b700:   0000000000000000 00007fbb1f5f07b4
0x00007fbb9855b710:   00007fbb9855b710 0000000000000000
0x00007fbb9855b720:   00007fbb9855b7a0 0000000000000000 

Instructions: (pc=0x00007fbb1f3d2aaf)
0x00007fbb1f3d29af:   20 4c 8b 7f 70 4b 8d 14 24 41 8d 5c 24 ff 4d 89
0x00007fbb1f3d29bf:   e0 49 01 d4 48 63 db 49 c1 e4 04 49 83 ec 30 eb
0x00007fbb1f3d29cf:   25 4d 8b 4d 58 49 8b be 90 00 00 00 41 0f b7 44
0x00007fbb1f3d29df:   01 04 48 01 d7 66 0d 00 80 66 89 44 3d fe 48 83
0x00007fbb1f3d29ef:   eb 01 48 83 ed 02 83 fb 01 0f 8e 8a 00 00 00 41
0x00007fbb1f3d29ff:   f6 04 1f 04 74 e8 48 8d 44 6d 00 85 f6 49 8d 04
0x00007fbb1f3d2a0f:   c4 75 be 49 03 86 88 00 00 00 48 8b 78 08 48 85
0x00007fbb1f3d2a1f:   ff 74 cb 48 c7 40 08 00 00 00 00 48 c7 00 00 00
0x00007fbb1f3d2a2f:   00 00 4c 8d 0c 2a 49 8b 86 90 00 00 00 89 4c 24
0x00007fbb1f3d2a3f:   1c 31 c9 44 89 44 24 18 89 74 24 14 48 89 54 24
0x00007fbb1f3d2a4f:   08 48 01 d0 66 89 4c 05 fe 49 8b 86 98 00 00 00
0x00007fbb1f3d2a5f:   42 83 44 48 fc 01 e8 a6 ec ff ff 8b 4c 24 1c 44
0x00007fbb1f3d2a6f:   8b 44 24 18 8b 74 24 14 48 8b 54 24 08 e9 6c ff
0x00007fbb1f3d2a7f:   ff ff 0f 1f 80 00 00 00 00 85 f6 74 0a 45 3b 46
0x00007fbb1f3d2a8f:   20 76 04 45 89 46 20 41 8b 45 7c a9 00 00 02 00
0x00007fbb1f3d2a9f:   74 5f 49 8b 55 48 48 85 d2 74 25 41 f6 46 0e 20
0x00007fbb1f3d2aaf:   48 c7 02 ff ff ff ff 74 0f f7 c1 00 00 20 00 74
0x00007fbb1f3d2abf:   0f c7 42 08 00 00 00 00 49 c7 45 48 00 00 00 00
0x00007fbb1f3d2acf:   83 c8 01 41 c7 45 78 00 00 00 00 83 e1 20 41 89
0x00007fbb1f3d2adf:   45 7c 85 c9 0f 85 b0 00 00 00 48 83 c4 28 5b 5d
0x00007fbb1f3d2aef:   41 5c 41 5d 41 5e 41 5f c3 0f 1f 84 00 00 00 00
0x00007fbb1f3d2aff:   00 a8 01 0f 85 a8 00 00 00 f6 c1 10 49 8b 9e b0
0x00007fbb1f3d2b0f:   00 00 00 0f 84 a8 00 00 00 41 f6 46 0e 08 0f 84
0x00007fbb1f3d2b1f:   bd 00 00 00 48 b8 00 00 00 00 01 00 00 00 49 89
0x00007fbb1f3d2b2f:   45 78 49 8b 45 00 48 85 c0 0f 84 12 01 00 00 f3
0x00007fbb1f3d2b3f:   41 0f 6f 85 88 00 00 00 83 60 7c ef 48 c7 40 08
0x00007fbb1f3d2b4f:   00 00 00 00 49 8b 7d 28 89 4c 24 08 41 0f 11 86
0x00007fbb1f3d2b5f:   b0 00 00 00 e8 58 ec ff ff 49 8b 7d 40 e8 4f ec
0x00007fbb1f3d2b6f:   ff ff 49 8b 7d 48 e8 96 eb ff ff 8b 4c 24 08 48
0x00007fbb1f3d2b7f:   89 df 83 e1 20 89 4c 24 08 e8 33 ec ff ff 8b 4c
0x00007fbb1f3d2b8f:   24 08 85 c9 0f 84 50 ff ff ff 48 83 c4 28 4c 89
0x00007fbb1f3d2b9f:   ef 5b 5d 41 5c 41 5d 41 5e 41 5f e9 61 eb ff ff 


Stack slot to memory mapping:
stack at sp + 0 slots: 0x00007fbb941e8d80 is a thread
stack at sp + 1 slots: 0x00007fbb9c22d7a8: cfree+0x0000000000000068 in /lib/x86_64-linux-gnu/libc.so.6 at 0x00007fbb9c196000
stack at sp + 2 slots: 0x0 is NULL
stack at sp + 3 slots: 0x00007fbb1f5f07b4: jffi_save_errno+0x0000000000000024 in /tmp/jffi7906774076201175011.so at 0x00007fbb1f5e5000
stack at sp + 4 slots: 0x00007fbb9855b710 is pointing into the stack for thread: 0x00007fbb941e8d80
stack at sp + 5 slots: 0x0 is NULL
stack at sp + 6 slots: 0x00007fbb9855b7a0 is pointing into the stack for thread: 0x00007fbb941e8d80
stack at sp + 7 slots: 0x0 is NULL


---------------  P R O C E S S  ---------------

Threads class SMR info:
_java_thread_list=0x00007f9ad8006420, length=31, elements={
0x00007fbb94011610, 0x00007fbb941e7800, 0x00007fbb941e8d80, 0x00007fbb941ed630,
0x00007fbb941eeb80, 0x00007fbb941f00a0, 0x00007fbb941f1c00, 0x00007fbb941fb250,
0x00007fbb941fc7f0, 0x00007fbb24054590, 0x00007fbb9423a2e0, 0x00007fbb9423cf20,
0x00007fbb94341590, 0x00007fbb1412eac0, 0x00007fbb1412fc10, 0x00007fbafc003fc0,
0x00007fbb944c5100, 0x00007fbafc0d0ed0, 0x00007fbb1413bfb0, 0x00007f9a64002050,
0x00007f9a640212a0, 0x00007fbb202de580, 0x00007fbb2051f230, 0x00007fbb94cac7d0,
0x00007fbb94cb1c20, 0x00007fbb94cbd350, 0x00007fbb94cbe380, 0x00007fbb94cbf4b0,
0x00007fbb94cc1710, 0x00007fbb94cc2730, 0x00007fbb94cc3750
}

Java Threads: ( => current thread )
  0x00007fbb94011610 JavaThread "main" [_thread_blocked, id=46745, stack(0x00007fbb9aaf3000,0x00007fbb9abf4000)]
  0x00007fbb941e7800 JavaThread "Reference Handler" daemon [_thread_blocked, id=46753, stack(0x00007fbb9855d000,0x00007fbb9865e000)]
=>0x00007fbb941e8d80 JavaThread "Finalizer" daemon [_thread_in_native, id=46754, stack(0x00007fbb9845c000,0x00007fbb9855d000)]
  0x00007fbb941ed630 JavaThread "Signal Dispatcher" daemon [_thread_blocked, id=46755, stack(0x00007fbb9835b000,0x00007fbb9845c000)]
  0x00007fbb941eeb80 JavaThread "Service Thread" daemon [_thread_blocked, id=46756, stack(0x00007fbb9825a000,0x00007fbb9835b000)]
  0x00007fbb941f00a0 JavaThread "Monitor Deflation Thread" daemon [_thread_blocked, id=46757, stack(0x00007fbb98159000,0x00007fbb9825a000)]
  0x00007fbb941f1c00 JavaThread "C2 CompilerThread0" daemon [_thread_in_native, id=46758, stack(0x00007fbb98058000,0x00007fbb98159000)]
  0x00007fbb941fb250 JavaThread "C1 CompilerThread0" daemon [_thread_blocked, id=46759, stack(0x00007fbb54132000,0x00007fbb54233000)]
  0x00007fbb941fc7f0 JavaThread "Sweeper thread" daemon [_thread_blocked, id=46760, stack(0x00007fbb54031000,0x00007fbb54132000)]
  0x00007fbb24054590 JavaThread "C1 CompilerThread1" daemon [_thread_blocked, id=46762, stack(0x00007fbb1feff000,0x00007fbb20000000)]
  0x00007fbb9423a2e0 JavaThread "Common-Cleaner" daemon [_thread_blocked, id=46763, stack(0x00007fbb1fdfe000,0x00007fbb1feff000)]
  0x00007fbb9423cf20 JavaThread "Notification Thread" daemon [_thread_blocked, id=46764, stack(0x00007fbb1fcfd000,0x00007fbb1fdfe000)]
  0x00007fbb94341590 JavaThread "ReaderThread" [_thread_in_native, id=46766, stack(0x00007fbb1fafa000,0x00007fbb1fbfb000)]
  0x00007fbb1412eac0 JavaThread "C1 CompilerThread2" daemon [_thread_blocked, id=46767, stack(0x00007fbb1f9f9000,0x00007fbb1fafa000)]
  0x00007fbb1412fc10 JavaThread "C1 CompilerThread3" daemon [_thread_blocked, id=46768, stack(0x00007fbb1f8f8000,0x00007fbb1f9f9000)]
  0x00007fbafc003fc0 JavaThread "C2 CompilerThread1" daemon [_thread_in_native, id=46769, stack(0x00007fbb1f7f7000,0x00007fbb1f8f8000)]
  0x00007fbb944c5100 JavaThread "jnr.ffi.util.ref.internal.Finalizer" daemon [_thread_blocked, id=46770, stack(0x00007fbb1efcc000,0x00007fbb1f0cd000)]
  0x00007fbafc0d0ed0 JavaThread "C2 CompilerThread2" daemon [_thread_in_native, id=46771, stack(0x00007fbb1eecb000,0x00007fbb1efcc000)]
  0x00007fbb1413bfb0 JavaThread "C2 CompilerThread3" daemon [_thread_in_native, id=46772, stack(0x00007fbb1edca000,0x00007fbb1eecb000)]
  0x00007f9a64002050 JavaThread "C2 CompilerThread4" daemon [_thread_in_native, id=46773, stack(0x00007fbb1ecc9000,0x00007fbb1edca000)]
  0x00007f9a640212a0 JavaThread "C2 CompilerThread5" daemon [_thread_in_native, id=46786, stack(0x00007fbb1c6e6000,0x00007fbb1c7e7000)]
  0x00007fbb202de580 JavaThread "C2 CompilerThread6" daemon [_thread_in_native, id=46787, stack(0x00007fbb1c5e5000,0x00007fbb1c6e6000)]
  0x00007fbb2051f230 JavaThread "C2 CompilerThread7" daemon [_thread_in_native, id=46788, stack(0x00007fbb1c4e4000,0x00007fbb1c5e5000)]
  0x00007fbb94cac7d0 JavaThread "Thread-0" [_thread_blocked, id=46808, stack(0x00007fbb1f2cc000,0x00007fbb1f3cd000)]
  0x00007fbb94cb1c20 JavaThread "Thread-1" [_thread_in_native, id=46809, stack(0x00007fbb1f1b5000,0x00007fbb1f2b6000)]
  0x00007fbb94cbd350 JavaThread "Thread-3" [_thread_in_Java, id=46811, stack(0x00007fbb1c2e2000,0x00007fbb1c3e3000)]
  0x00007fbb94cbe380 JavaThread "Thread-4" [_thread_in_Java, id=46812, stack(0x00007fbb1c1e1000,0x00007fbb1c2e2000)]
  0x00007fbb94cbf4b0 JavaThread "Thread-5" [_thread_blocked, id=46813, stack(0x00007fbb1c0e0000,0x00007fbb1c1e1000)]
  0x00007fbb94cc1710 JavaThread "Thread-7" [_thread_in_Java, id=46815, stack(0x00007fbaf0bfe000,0x00007fbaf0cff000)]
  0x00007fbb94cc2730 JavaThread "Thread-8" [_thread_in_Java, id=46816, stack(0x00007fbaf0afd000,0x00007fbaf0bfe000)]
  0x00007fbb94cc3750 JavaThread "Thread-9" [_thread_in_Java, id=46817, stack(0x00007fbaf09fc000,0x00007fbaf0afd000)]

Other Threads:
  0x00007fbb941e5110 VMThread "VM Thread" [stack: 0x00007fbb98660000,0x00007fbb98760000] [id=46752]
  0x00007fbb9423ea00 WatcherThread [stack: 0x00007fbb1fbfd000,0x00007fbb1fcfd000] [id=46765]
  0x00007fbb9404c420 GCTaskThread "GC Thread#0" [stack: 0x00007fbb99994000,0x00007fbb99a94000] [id=46747]
  0x00007fbb38005d50 GCTaskThread "GC Thread#1" [stack: 0x00007fbb1d2ff000,0x00007fbb1d3ff000] [id=46774]
  0x00007fbb380068d0 GCTaskThread "GC Thread#2" [stack: 0x00007fbb1d1fd000,0x00007fbb1d2fd000] [id=46775]
  0x00007fbb38007450 GCTaskThread "GC Thread#3" [stack: 0x00007fbb1d0fb000,0x00007fbb1d1fb000] [id=46776]
  0x00007fbb38007fd0 GCTaskThread "GC Thread#4" [stack: 0x00007fbb1cff9000,0x00007fbb1d0f9000] [id=46777]
  0x00007fbb38008b50 GCTaskThread "GC Thread#5" [stack: 0x00007fbb1cef7000,0x00007fbb1cff7000] [id=46778]
  0x00007fbb380096d0 GCTaskThread "GC Thread#6" [stack: 0x00007fbb1cdf5000,0x00007fbb1cef5000] [id=46779]
  0x00007fbb3800a250 GCTaskThread "GC Thread#7" [stack: 0x00007fbb1ccf3000,0x00007fbb1cdf3000] [id=46780]
  0x00007fbb3800b1c0 GCTaskThread "GC Thread#8" [stack: 0x00007fbb1cbf1000,0x00007fbb1ccf1000] [id=46781]
  0x00007fbb3800c130 GCTaskThread "GC Thread#9" [stack: 0x00007fbb1caef000,0x00007fbb1cbef000] [id=46782]
  0x00007fbb3800d0a0 GCTaskThread "GC Thread#10" [stack: 0x00007fbb1c9ed000,0x00007fbb1caed000] [id=46783]
  0x00007fbb3800e010 GCTaskThread "GC Thread#11" [stack: 0x00007fbb1c8eb000,0x00007fbb1c9eb000] [id=46784]
  0x00007fbb3800ef80 GCTaskThread "GC Thread#12" [stack: 0x00007fbb1c7e9000,0x00007fbb1c8e9000] [id=46785]
  0x00007fbb9405d6c0 ConcurrentGCThread "G1 Main Marker" [stack: 0x00007fbb99892000,0x00007fbb99992000] [id=46748]
  0x00007fbb9405e750 ConcurrentGCThread "G1 Conc#0" [stack: 0x00007fbb99790000,0x00007fbb99890000] [id=46749]
  0x00007fbb941a8e40 ConcurrentGCThread "G1 Refine#0" [stack: 0x00007fbb98981000,0x00007fbb98a81000] [id=46750]
  0x00007fbb941a9e60 ConcurrentGCThread "G1 Service" [stack: 0x00007fbb9887f000,0x00007fbb9897f000] [id=46751]

Threads with active compile tasks:
C2 CompilerThread0     1310 3147   !   4       ezdb.lmdb.EzLmDbTable::put (117 bytes)
C2 CompilerThread1     1310 3259       4       ezdb.util.Util::combineBuf (92 bytes)
C2 CompilerThread2     1310 3335       4       org.lmdbjava.Dbi::lambda$new$0 (80 bytes)
C2 CompilerThread3     1310 3280       4       ezdb.RawTableRow::getValue (8 bytes)
C2 CompilerThread4     1310 3368   !   4       io.netty.buffer.PoolArena::tcacheAllocateSmall (184 bytes)
C2 CompilerThread5     1310 3334       4       jnr.ffi.provider.jffi.NativeClosureProxy$$impl$$0::invoke (29 bytes)
C2 CompilerThread6     1310 3363       4       io.netty.buffer.PoolArena::allocate (18 bytes)
C2 CompilerThread7     1310 3422       4       io.netty.util.ResourceLeakDetector::track0 (83 bytes)

VM state: not at safepoint (normal execution)

VM Mutex/Monitor currently owned by a thread: None

Heap address: 0x0000000413800000, size: 16072 MB, Compressed Oops mode: Zero based, Oop shift amount: 3

CDS archive(s) mapped at: [0x0000000800000000-0x0000000800bf9000-0x0000000800bf9000), size 12554240, SharedBaseAddress: 0x0000000800000000, ArchiveRelocationMode: 0.
Compressed class space mapped at: 0x0000000800c00000-0x0000000840c00000, reserved size: 1073741824
Narrow klass base: 0x0000000800000000, Narrow klass shift: 3, Narrow klass range: 0x100000000

GC Precious Log:
 CPUs: 16 total, 16 available
 Memory: 64259M
 Large Page Support: Disabled
 NUMA Support: Disabled
 Compressed Oops: Enabled (Zero based)
 Heap Region Size: 8M
 Heap Min Capacity: 8M
 Heap Initial Capacity: 1008M
 Heap Max Capacity: 16072M
 Pre-touch: Disabled
 Parallel Workers: 13
 Concurrent Workers: 3
 Concurrent Refinement Workers: 13
 Periodic GC: Disabled

Heap:
 garbage-first heap   total 1048576K, used 289980K [0x0000000413800000, 0x0000000800000000)
  region size 8192K, 5 young (40960K), 1 survivors (8192K)
 Metaspace       used 11773K, committed 12032K, reserved 1064960K
  class space    used 1141K, committed 1280K, reserved 1048576K

Heap Regions: E=young(eden), S=young(survivor), O=old, HS=humongous(starts), HC=humongous(continues), CS=collection set, F=free, OA=open archive, CA=closed archive, TAMS=top-at-mark-start (previous, next)
|   0|0x0000000413800000, 0x0000000413cf0400, 0x0000000414000000| 61%| O|  |TAMS 0x0000000413800000, 0x0000000413800000| Untracked 
|   1|0x0000000414000000, 0x0000000414800000, 0x0000000414800000|100%|HS|  |TAMS 0x0000000414000000, 0x0000000414000000| Complete 
|   2|0x0000000414800000, 0x0000000415000000, 0x0000000415000000|100%|HC|  |TAMS 0x0000000414800000, 0x0000000414800000| Complete 
|   3|0x0000000415000000, 0x0000000415800000, 0x0000000415800000|100%|HC|  |TAMS 0x0000000415000000, 0x0000000415000000| Complete 
|   4|0x0000000415800000, 0x0000000416000000, 0x0000000416000000|100%|HS|  |TAMS 0x0000000415800000, 0x0000000415800000| Complete 
|   5|0x0000000416000000, 0x0000000416800000, 0x0000000416800000|100%|HC|  |TAMS 0x0000000416000000, 0x0000000416000000| Complete 
|   6|0x0000000416800000, 0x0000000417000000, 0x0000000417000000|100%|HC|  |TAMS 0x0000000416800000, 0x0000000416800000| Complete 
|   7|0x0000000417000000, 0x0000000417800000, 0x0000000417800000|100%|HS|  |TAMS 0x0000000417000000, 0x0000000417000000| Complete 
|   8|0x0000000417800000, 0x0000000418000000, 0x0000000418000000|100%|HC|  |TAMS 0x0000000417800000, 0x0000000417800000| Complete 
|   9|0x0000000418000000, 0x0000000418800000, 0x0000000418800000|100%|HC|  |TAMS 0x0000000418000000, 0x0000000418000000| Complete 
|  10|0x0000000418800000, 0x0000000419000000, 0x0000000419000000|100%|HS|  |TAMS 0x0000000418800000, 0x0000000418800000| Complete 
|  11|0x0000000419000000, 0x0000000419800000, 0x0000000419800000|100%|HC|  |TAMS 0x0000000419000000, 0x0000000419000000| Complete 
|  12|0x0000000419800000, 0x000000041a000000, 0x000000041a000000|100%|HC|  |TAMS 0x0000000419800000, 0x0000000419800000| Complete 
|  13|0x000000041a000000, 0x000000041a800000, 0x000000041a800000|100%|HS|  |TAMS 0x000000041a000000, 0x000000041a000000| Complete 
|  14|0x000000041a800000, 0x000000041b000000, 0x000000041b000000|100%|HC|  |TAMS 0x000000041a800000, 0x000000041a800000| Complete 
|  15|0x000000041b000000, 0x000000041b800000, 0x000000041b800000|100%|HC|  |TAMS 0x000000041b000000, 0x000000041b000000| Complete 
|  16|0x000000041b800000, 0x000000041c000000, 0x000000041c000000|100%|HS|  |TAMS 0x000000041b800000, 0x000000041b800000| Complete 
|  17|0x000000041c000000, 0x000000041c800000, 0x000000041c800000|100%|HC|  |TAMS 0x000000041c000000, 0x000000041c000000| Complete 
|  18|0x000000041c800000, 0x000000041d000000, 0x000000041d000000|100%|HC|  |TAMS 0x000000041c800000, 0x000000041c800000| Complete 
|  19|0x000000041d000000, 0x000000041d800000, 0x000000041d800000|100%|HS|  |TAMS 0x000000041d000000, 0x000000041d000000| Complete 
|  20|0x000000041d800000, 0x000000041e000000, 0x000000041e000000|100%|HC|  |TAMS 0x000000041d800000, 0x000000041d800000| Complete 
|  21|0x000000041e000000, 0x000000041e800000, 0x000000041e800000|100%|HC|  |TAMS 0x000000041e000000, 0x000000041e000000| Complete 
|  22|0x000000041e800000, 0x000000041f000000, 0x000000041f000000|100%|HS|  |TAMS 0x000000041e800000, 0x000000041e800000| Complete 
|  23|0x000000041f000000, 0x000000041f800000, 0x000000041f800000|100%|HC|  |TAMS 0x000000041f000000, 0x000000041f000000| Complete 
|  24|0x000000041f800000, 0x0000000420000000, 0x0000000420000000|100%|HC|  |TAMS 0x000000041f800000, 0x000000041f800000| Complete 
|  25|0x0000000420000000, 0x0000000420800000, 0x0000000420800000|100%|HS|  |TAMS 0x0000000420000000, 0x0000000420000000| Complete 
|  26|0x0000000420800000, 0x0000000421000000, 0x0000000421000000|100%|HC|  |TAMS 0x0000000420800000, 0x0000000420800000| Complete 
|  27|0x0000000421000000, 0x0000000421800000, 0x0000000421800000|100%|HC|  |TAMS 0x0000000421000000, 0x0000000421000000| Complete 
|  28|0x0000000421800000, 0x0000000422000000, 0x0000000422000000|100%|HS|  |TAMS 0x0000000421800000, 0x0000000421800000| Complete 
|  29|0x0000000422000000, 0x0000000422800000, 0x0000000422800000|100%|HC|  |TAMS 0x0000000422000000, 0x0000000422000000| Complete 
|  30|0x0000000422800000, 0x0000000423000000, 0x0000000423000000|100%|HC|  |TAMS 0x0000000422800000, 0x0000000422800000| Complete 
|  31|0x0000000423000000, 0x0000000423000000, 0x0000000423800000|  0%| F|  |TAMS 0x0000000423000000, 0x0000000423000000| Untracked 
|  32|0x0000000423800000, 0x0000000423800000, 0x0000000424000000|  0%| F|  |TAMS 0x0000000423800000, 0x0000000423800000| Untracked 
|  33|0x0000000424000000, 0x0000000424000000, 0x0000000424800000|  0%| F|  |TAMS 0x0000000424000000, 0x0000000424000000| Untracked 
|  34|0x0000000424800000, 0x0000000424800000, 0x0000000425000000|  0%| F|  |TAMS 0x0000000424800000, 0x0000000424800000| Untracked 
|  35|0x0000000425000000, 0x0000000425000000, 0x0000000425800000|  0%| F|  |TAMS 0x0000000425000000, 0x0000000425000000| Untracked 
|  36|0x0000000425800000, 0x0000000425800000, 0x0000000426000000|  0%| F|  |TAMS 0x0000000425800000, 0x0000000425800000| Untracked 
|  37|0x0000000426000000, 0x0000000426000000, 0x0000000426800000|  0%| F|  |TAMS 0x0000000426000000, 0x0000000426000000| Untracked 
|  38|0x0000000426800000, 0x0000000426800000, 0x0000000427000000|  0%| F|  |TAMS 0x0000000426800000, 0x0000000426800000| Untracked 
|  39|0x0000000427000000, 0x0000000427000000, 0x0000000427800000|  0%| F|  |TAMS 0x0000000427000000, 0x0000000427000000| Untracked 
|  40|0x0000000427800000, 0x0000000427800000, 0x0000000428000000|  0%| F|  |TAMS 0x0000000427800000, 0x0000000427800000| Untracked 
|  41|0x0000000428000000, 0x0000000428000000, 0x0000000428800000|  0%| F|  |TAMS 0x0000000428000000, 0x0000000428000000| Untracked 
|  42|0x0000000428800000, 0x0000000428800000, 0x0000000429000000|  0%| F|  |TAMS 0x0000000428800000, 0x0000000428800000| Untracked 
|  43|0x0000000429000000, 0x0000000429000000, 0x0000000429800000|  0%| F|  |TAMS 0x0000000429000000, 0x0000000429000000| Untracked 
|  44|0x0000000429800000, 0x0000000429800000, 0x000000042a000000|  0%| F|  |TAMS 0x0000000429800000, 0x0000000429800000| Untracked 
|  45|0x000000042a000000, 0x000000042a000000, 0x000000042a800000|  0%| F|  |TAMS 0x000000042a000000, 0x000000042a000000| Untracked 
|  46|0x000000042a800000, 0x000000042a800000, 0x000000042b000000|  0%| F|  |TAMS 0x000000042a800000, 0x000000042a800000| Untracked 
|  47|0x000000042b000000, 0x000000042b000000, 0x000000042b800000|  0%| F|  |TAMS 0x000000042b000000, 0x000000042b000000| Untracked 
|  48|0x000000042b800000, 0x000000042b800000, 0x000000042c000000|  0%| F|  |TAMS 0x000000042b800000, 0x000000042b800000| Untracked 
|  49|0x000000042c000000, 0x000000042c000000, 0x000000042c800000|  0%| F|  |TAMS 0x000000042c000000, 0x000000042c000000| Untracked 
|  50|0x000000042c800000, 0x000000042c800000, 0x000000042d000000|  0%| F|  |TAMS 0x000000042c800000, 0x000000042c800000| Untracked 
|  51|0x000000042d000000, 0x000000042d000000, 0x000000042d800000|  0%| F|  |TAMS 0x000000042d000000, 0x000000042d000000| Untracked 
|  52|0x000000042d800000, 0x000000042d800000, 0x000000042e000000|  0%| F|  |TAMS 0x000000042d800000, 0x000000042d800000| Untracked 
|  53|0x000000042e000000, 0x000000042e000000, 0x000000042e800000|  0%| F|  |TAMS 0x000000042e000000, 0x000000042e000000| Untracked 
|  54|0x000000042e800000, 0x000000042e800000, 0x000000042f000000|  0%| F|  |TAMS 0x000000042e800000, 0x000000042e800000| Untracked 
|  55|0x000000042f000000, 0x000000042f000000, 0x000000042f800000|  0%| F|  |TAMS 0x000000042f000000, 0x000000042f000000| Untracked 
|  56|0x000000042f800000, 0x000000042f800000, 0x0000000430000000|  0%| F|  |TAMS 0x000000042f800000, 0x000000042f800000| Untracked 
|  57|0x0000000430000000, 0x0000000430000000, 0x0000000430800000|  0%| F|  |TAMS 0x0000000430000000, 0x0000000430000000| Untracked 
|  58|0x0000000430800000, 0x0000000430800000, 0x0000000431000000|  0%| F|  |TAMS 0x0000000430800000, 0x0000000430800000| Untracked 
|  59|0x0000000431000000, 0x0000000431000000, 0x0000000431800000|  0%| F|  |TAMS 0x0000000431000000, 0x0000000431000000| Untracked 
|  60|0x0000000431800000, 0x0000000431800000, 0x0000000432000000|  0%| F|  |TAMS 0x0000000431800000, 0x0000000431800000| Untracked 
|  61|0x0000000432000000, 0x0000000432000000, 0x0000000432800000|  0%| F|  |TAMS 0x0000000432000000, 0x0000000432000000| Untracked 
|  62|0x0000000432800000, 0x0000000432800000, 0x0000000433000000|  0%| F|  |TAMS 0x0000000432800000, 0x0000000432800000| Untracked 
|  63|0x0000000433000000, 0x0000000433000000, 0x0000000433800000|  0%| F|  |TAMS 0x0000000433000000, 0x0000000433000000| Untracked 
|  64|0x0000000433800000, 0x0000000433800000, 0x0000000434000000|  0%| F|  |TAMS 0x0000000433800000, 0x0000000433800000| Untracked 
|  65|0x0000000434000000, 0x0000000434000000, 0x0000000434800000|  0%| F|  |TAMS 0x0000000434000000, 0x0000000434000000| Untracked 
|  66|0x0000000434800000, 0x0000000434800000, 0x0000000435000000|  0%| F|  |TAMS 0x0000000434800000, 0x0000000434800000| Untracked 
|  67|0x0000000435000000, 0x0000000435000000, 0x0000000435800000|  0%| F|  |TAMS 0x0000000435000000, 0x0000000435000000| Untracked 
|  68|0x0000000435800000, 0x0000000435800000, 0x0000000436000000|  0%| F|  |TAMS 0x0000000435800000, 0x0000000435800000| Untracked 
|  69|0x0000000436000000, 0x0000000436000000, 0x0000000436800000|  0%| F|  |TAMS 0x0000000436000000, 0x0000000436000000| Untracked 
|  70|0x0000000436800000, 0x0000000436800000, 0x0000000437000000|  0%| F|  |TAMS 0x0000000436800000, 0x0000000436800000| Untracked 
|  71|0x0000000437000000, 0x0000000437000000, 0x0000000437800000|  0%| F|  |TAMS 0x0000000437000000, 0x0000000437000000| Untracked 
|  72|0x0000000437800000, 0x0000000437800000, 0x0000000438000000|  0%| F|  |TAMS 0x0000000437800000, 0x0000000437800000| Untracked 
|  73|0x0000000438000000, 0x0000000438000000, 0x0000000438800000|  0%| F|  |TAMS 0x0000000438000000, 0x0000000438000000| Untracked 
|  74|0x0000000438800000, 0x0000000438800000, 0x0000000439000000|  0%| F|  |TAMS 0x0000000438800000, 0x0000000438800000| Untracked 
|  75|0x0000000439000000, 0x0000000439000000, 0x0000000439800000|  0%| F|  |TAMS 0x0000000439000000, 0x0000000439000000| Untracked 
|  76|0x0000000439800000, 0x0000000439800000, 0x000000043a000000|  0%| F|  |TAMS 0x0000000439800000, 0x0000000439800000| Untracked 
|  77|0x000000043a000000, 0x000000043a000000, 0x000000043a800000|  0%| F|  |TAMS 0x000000043a000000, 0x000000043a000000| Untracked 
|  78|0x000000043a800000, 0x000000043a800000, 0x000000043b000000|  0%| F|  |TAMS 0x000000043a800000, 0x000000043a800000| Untracked 
|  79|0x000000043b000000, 0x000000043b000000, 0x000000043b800000|  0%| F|  |TAMS 0x000000043b000000, 0x000000043b000000| Untracked 
|  80|0x000000043b800000, 0x000000043b800000, 0x000000043c000000|  0%| F|  |TAMS 0x000000043b800000, 0x000000043b800000| Untracked 
|  81|0x000000043c000000, 0x000000043c000000, 0x000000043c800000|  0%| F|  |TAMS 0x000000043c000000, 0x000000043c000000| Untracked 
|  82|0x000000043c800000, 0x000000043c800000, 0x000000043d000000|  0%| F|  |TAMS 0x000000043c800000, 0x000000043c800000| Untracked 
|  83|0x000000043d000000, 0x000000043d000000, 0x000000043d800000|  0%| F|  |TAMS 0x000000043d000000, 0x000000043d000000| Untracked 
|  84|0x000000043d800000, 0x000000043d800000, 0x000000043e000000|  0%| F|  |TAMS 0x000000043d800000, 0x000000043d800000| Untracked 
|  85|0x000000043e000000, 0x000000043e000000, 0x000000043e800000|  0%| F|  |TAMS 0x000000043e000000, 0x000000043e000000| Untracked 
|  86|0x000000043e800000, 0x000000043e800000, 0x000000043f000000|  0%| F|  |TAMS 0x000000043e800000, 0x000000043e800000| Untracked 
|  87|0x000000043f000000, 0x000000043f000000, 0x000000043f800000|  0%| F|  |TAMS 0x000000043f000000, 0x000000043f000000| Untracked 
|  88|0x000000043f800000, 0x000000043f800000, 0x0000000440000000|  0%| F|  |TAMS 0x000000043f800000, 0x000000043f800000| Untracked 
|  89|0x0000000440000000, 0x0000000440000000, 0x0000000440800000|  0%| F|  |TAMS 0x0000000440000000, 0x0000000440000000| Untracked 
|  90|0x0000000440800000, 0x0000000440800000, 0x0000000441000000|  0%| F|  |TAMS 0x0000000440800000, 0x0000000440800000| Untracked 
|  91|0x0000000441000000, 0x0000000441000000, 0x0000000441800000|  0%| F|  |TAMS 0x0000000441000000, 0x0000000441000000| Untracked 
|  92|0x0000000441800000, 0x0000000441800000, 0x0000000442000000|  0%| F|  |TAMS 0x0000000441800000, 0x0000000441800000| Untracked 
|  93|0x0000000442000000, 0x0000000442000000, 0x0000000442800000|  0%| F|  |TAMS 0x0000000442000000, 0x0000000442000000| Untracked 
|  94|0x0000000442800000, 0x0000000442800000, 0x0000000443000000|  0%| F|  |TAMS 0x0000000442800000, 0x0000000442800000| Untracked 
|  95|0x0000000443000000, 0x0000000443000000, 0x0000000443800000|  0%| F|  |TAMS 0x0000000443000000, 0x0000000443000000| Untracked 
|  96|0x0000000443800000, 0x0000000443800000, 0x0000000444000000|  0%| F|  |TAMS 0x0000000443800000, 0x0000000443800000| Untracked 
|  97|0x0000000444000000, 0x0000000444000000, 0x0000000444800000|  0%| F|  |TAMS 0x0000000444000000, 0x0000000444000000| Untracked 
|  98|0x0000000444800000, 0x0000000444800000, 0x0000000445000000|  0%| F|  |TAMS 0x0000000444800000, 0x0000000444800000| Untracked 
|  99|0x0000000445000000, 0x0000000445000000, 0x0000000445800000|  0%| F|  |TAMS 0x0000000445000000, 0x0000000445000000| Untracked 
| 100|0x0000000445800000, 0x0000000445800000, 0x0000000446000000|  0%| F|  |TAMS 0x0000000445800000, 0x0000000445800000| Untracked 
| 101|0x0000000446000000, 0x0000000446000000, 0x0000000446800000|  0%| F|  |TAMS 0x0000000446000000, 0x0000000446000000| Untracked 
| 102|0x0000000446800000, 0x0000000446800000, 0x0000000447000000|  0%| F|  |TAMS 0x0000000446800000, 0x0000000446800000| Untracked 
| 103|0x0000000447000000, 0x0000000447000000, 0x0000000447800000|  0%| F|  |TAMS 0x0000000447000000, 0x0000000447000000| Untracked 
| 104|0x0000000447800000, 0x0000000447800000, 0x0000000448000000|  0%| F|  |TAMS 0x0000000447800000, 0x0000000447800000| Untracked 
| 105|0x0000000448000000, 0x0000000448000000, 0x0000000448800000|  0%| F|  |TAMS 0x0000000448000000, 0x0000000448000000| Untracked 
| 106|0x0000000448800000, 0x0000000448800000, 0x0000000449000000|  0%| F|  |TAMS 0x0000000448800000, 0x0000000448800000| Untracked 
| 107|0x0000000449000000, 0x0000000449000000, 0x0000000449800000|  0%| F|  |TAMS 0x0000000449000000, 0x0000000449000000| Untracked 
| 108|0x0000000449800000, 0x0000000449800000, 0x000000044a000000|  0%| F|  |TAMS 0x0000000449800000, 0x0000000449800000| Untracked 
| 109|0x000000044a000000, 0x000000044a000000, 0x000000044a800000|  0%| F|  |TAMS 0x000000044a000000, 0x000000044a000000| Untracked 
| 110|0x000000044a800000, 0x000000044ae40c30, 0x000000044b000000| 78%| S|CS|TAMS 0x000000044a800000, 0x000000044a800000| Complete 
| 111|0x000000044b000000, 0x000000044b000000, 0x000000044b800000|  0%| F|  |TAMS 0x000000044b000000, 0x000000044b000000| Untracked 
| 112|0x000000044b800000, 0x000000044b800000, 0x000000044c000000|  0%| F|  |TAMS 0x000000044b800000, 0x000000044b800000| Untracked 
| 113|0x000000044c000000, 0x000000044c000000, 0x000000044c800000|  0%| F|  |TAMS 0x000000044c000000, 0x000000044c000000| Untracked 
| 114|0x000000044c800000, 0x000000044c800000, 0x000000044d000000|  0%| F|  |TAMS 0x000000044c800000, 0x000000044c800000| Untracked 
| 115|0x000000044d000000, 0x000000044d000000, 0x000000044d800000|  0%| F|  |TAMS 0x000000044d000000, 0x000000044d000000| Untracked 
| 116|0x000000044d800000, 0x000000044d800000, 0x000000044e000000|  0%| F|  |TAMS 0x000000044d800000, 0x000000044d800000| Untracked 
| 117|0x000000044e000000, 0x000000044e000000, 0x000000044e800000|  0%| F|  |TAMS 0x000000044e000000, 0x000000044e000000| Untracked 
| 118|0x000000044e800000, 0x000000044e800000, 0x000000044f000000|  0%| F|  |TAMS 0x000000044e800000, 0x000000044e800000| Untracked 
| 119|0x000000044f000000, 0x000000044f000000, 0x000000044f800000|  0%| F|  |TAMS 0x000000044f000000, 0x000000044f000000| Untracked 
| 120|0x000000044f800000, 0x000000044f800000, 0x0000000450000000|  0%| F|  |TAMS 0x000000044f800000, 0x000000044f800000| Untracked 
| 121|0x0000000450000000, 0x0000000450000000, 0x0000000450800000|  0%| F|  |TAMS 0x0000000450000000, 0x0000000450000000| Untracked 
| 122|0x0000000450800000, 0x0000000451000000, 0x0000000451000000|100%| E|  |TAMS 0x0000000450800000, 0x0000000450800000| Complete 
| 123|0x0000000451000000, 0x0000000451800000, 0x0000000451800000|100%| E|CS|TAMS 0x0000000451000000, 0x0000000451000000| Complete 
| 124|0x0000000451800000, 0x0000000452000000, 0x0000000452000000|100%| E|CS|TAMS 0x0000000451800000, 0x0000000451800000| Complete 
| 125|0x0000000452000000, 0x0000000452800000, 0x0000000452800000|100%| E|CS|TAMS 0x0000000452000000, 0x0000000452000000| Complete 
|2007|0x00000007ff000000, 0x00000007ff776000, 0x00000007ff800000| 93%|OA|  |TAMS 0x00000007ff000000, 0x00000007ff000000| Untracked 
|2008|0x00000007ff800000, 0x00000007ff888000, 0x0000000800000000|  6%|CA|  |TAMS 0x00000007ff800000, 0x00000007ff800000| Untracked 

Card table byte_map: [0x00007fbb785d6000,0x00007fbb7a53a000] _byte_map_base: 0x00007fbb7653a000

Marking Bits (Prev, Next): (CMBitMap*) 0x00007fbb9404cfd0, (CMBitMap*) 0x00007fbb9404d010
 Prev Bits: [0x00007fbb66b52000, 0x00007fbb76672000)
 Next Bits: [0x00007fbb57032000, 0x00007fbb66b52000)

Polling page: 0x00007fbb9c399000

Metaspace:

Usage:
  Non-class:     10,38 MB used.
      Class:      1,11 MB used.
       Both:     11,50 MB used.

Virtual space:
  Non-class space:       16,00 MB reserved,      10,50 MB ( 66%) committed,  2 nodes.
      Class space:        1,00 GB reserved,       1,25 MB ( <1%) committed,  1 nodes.
              Both:        1,02 GB reserved,      11,75 MB (  1%) committed. 

Chunk freelists:
   Non-Class:  786,00 KB
       Class:  2,62 MB
        Both:  3,39 MB

MaxMetaspaceSize: 17179869184,00 GB
CompressedClassSpaceSize: 1,00 GB
 - commit_granule_bytes: 65536.
 - commit_granule_words: 8192.
 - virtual_space_node_default_size: 1048576.
 - enlarge_chunks_in_place: 1.
 - new_chunks_are_fully_committed: 0.
 - uncommit_free_chunks: 1.
 - use_allocation_guard: 0.
 - handle_deallocations: 1.


Internal statistics:

num_allocs_failed_limit: 0.
num_arena_births: 104.
num_arena_deaths: 0.
num_vsnodes_births: 3.
num_vsnodes_deaths: 0.
num_space_committed: 188.
num_space_uncommitted: 0.
num_chunks_returned_to_freelist: 0.
num_chunks_taken_from_freelist: 445.
num_chunk_merges: 0.
num_chunk_splits: 280.
num_chunks_enlarged: 187.
num_purges: 0.

CodeHeap 'non-profiled nmethods': size=119168Kb used=2444Kb max_used=2444Kb free=116723Kb
 bounds [0x00007fbb8403e000, 0x00007fbb842ae000, 0x00007fbb8b49e000]
CodeHeap 'profiled nmethods': size=119164Kb used=6732Kb max_used=6732Kb free=112431Kb
 bounds [0x00007fbb7cbdf000, 0x00007fbb7d27f000, 0x00007fbb8403e000]
CodeHeap 'non-nmethods': size=7428Kb used=2995Kb max_used=3066Kb free=4432Kb
 bounds [0x00007fbb7c49e000, 0x00007fbb7c7ae000, 0x00007fbb7cbdf000]
 total_blobs=4124 nmethods=3496 adapters=537
 compilation: enabled
              stopped_count=0, restarted_count=0
 full_count=0

Compilation events (20 events):
Event: 1,285 Thread 0x00007fbb1412eac0 3477   !   2       jdk.internal.reflect.GeneratedMethodAccessor2::invoke (64 bytes)
Event: 1,285 Thread 0x00007fbb24054590 nmethod 3476 0x00007fbb7d262710 code [0x00007fbb7d2628e0, 0x00007fbb7d262ae0]
Event: 1,285 Thread 0x00007fbb24054590 3481       2       java.util.concurrent.ConcurrentHashMap::remove (32 bytes)
Event: 1,285 Thread 0x00007fbb1412eac0 nmethod 3477 0x00007fbb7d262c90 code [0x00007fbb7d262ea0, 0x00007fbb7d263370]
Event: 1,285 Thread 0x00007fbb1412eac0 3478       2       jnr.ffi.provider.jffi.NativeClosureFactory$ClosureReference::finalizeReferent (28 bytes)
Event: 1,285 Thread 0x00007fbb24054590 nmethod 3481 0x00007fbb7d263610 code [0x00007fbb7d2637c0, 0x00007fbb7d2639d0]
Event: 1,285 Thread 0x00007fbb24054590 3479       2       jnr.ffi.provider.jffi.NativeClosureFactory::access$000 (7 bytes)
Event: 1,286 Thread 0x00007fbb1412eac0 nmethod 3478 0x00007fbb7d263a90 code [0x00007fbb7d263c60, 0x00007fbb7d263e00]
Event: 1,286 Thread 0x00007fbb941fb250 3484       2       io.netty.buffer.AbstractReferenceCountedByteBuf::release (13 bytes)
Event: 1,286 Thread 0x00007fbb1412eac0 3480   !   2       jnr.ffi.provider.jffi.NativeClosureFactory::expunge (151 bytes)
Event: 1,286 Thread 0x00007fbb941fb250 nmethod 3484 0x00007fbb7d263f90 code [0x00007fbb7d264140, 0x00007fbb7d2642b0]
Event: 1,286 Thread 0x00007fbb941fb250 3482       2       jnr.ffi.provider.jffi.NativeClosureFactory::access$100 (6 bytes)
Event: 1,286 Thread 0x00007fbb941fb250 nmethod 3482 0x00007fbb7d264390 code [0x00007fbb7d264540, 0x00007fbb7d264640]
Event: 1,286 Thread 0x00007fbb941fb250 3483       2       jnr.ffi.provider.jffi.NativeClosureFactory::recycle (10 bytes)
Event: 1,286 Thread 0x00007fbb1412eac0 nmethod 3480 0x00007fbb7d264790 code [0x00007fbb7d264980, 0x00007fbb7d264e30]
Event: 1,286 Thread 0x00007fbb1412eac0 3486       2       ezdb.lmdb.EzLmDbTable$2::next (52 bytes)
Event: 1,286 Thread 0x00007fbb1412fc10 3485       2       ezdb.lmdb.EzLmDbTable$2::next (5 bytes)
Event: 1,286 Thread 0x00007fbb941fb250 nmethod 3483 0x00007fbb7d265210 code [0x00007fbb7d2653c0, 0x00007fbb7d2654e0]
Event: 1,286 Thread 0x00007fbb1412fc10 nmethod 3485 0x00007fbb7d265610 code [0x00007fbb7d2657c0, 0x00007fbb7d2658e0]
Event: 1,286 Thread 0x00007fbb24054590 nmethod 3479 0x00007fbb7d265990 code [0x00007fbb7d265b40, 0x00007fbb7d265c40]

GC Heap History (6 events):
Event: 0,502 GC heap before
{Heap before GC invocations=0 (full 0):
 garbage-first heap   total 1048576K, used 57336K [0x0000000413800000, 0x0000000800000000)
  region size 8192K, 6 young (49152K), 0 survivors (0K)
 Metaspace       used 9986K, committed 10176K, reserved 1064960K
  class space    used 964K, committed 1024K, reserved 1048576K
}
Event: 0,505 GC heap after
{Heap after GC invocations=1 (full 0):
 garbage-first heap   total 1048576K, used 13251K [0x0000000413800000, 0x0000000800000000)
  region size 8192K, 1 young (8192K), 1 survivors (8192K)
 Metaspace       used 9986K, committed 10176K, reserved 1064960K
  class space    used 964K, committed 1024K, reserved 1048576K
}
Event: 0,587 GC heap before
{Heap before GC invocations=1 (full 0):
 garbage-first heap   total 1048576K, used 54211K [0x0000000413800000, 0x0000000800000000)
  region size 8192K, 6 young (49152K), 1 survivors (8192K)
 Metaspace       used 9992K, committed 10176K, reserved 1064960K
  class space    used 964K, committed 1024K, reserved 1048576K
}
Event: 0,589 GC heap after
{Heap after GC invocations=2 (full 0):
 garbage-first heap   total 1048576K, used 14014K [0x0000000413800000, 0x0000000800000000)
  region size 8192K, 1 young (8192K), 1 survivors (8192K)
 Metaspace       used 9992K, committed 10176K, reserved 1064960K
  class space    used 964K, committed 1024K, reserved 1048576K
}
Event: 1,276 GC heap before
{Heap before GC invocations=2 (full 0):
 garbage-first heap   total 1048576K, used 374462K [0x0000000413800000, 0x0000000800000000)
  region size 8192K, 15 young (122880K), 1 survivors (8192K)
 Metaspace       used 11384K, committed 11520K, reserved 1064960K
  class space    used 1096K, committed 1152K, reserved 1048576K
}
Event: 1,280 GC heap after
{Heap after GC invocations=3 (full 0):
 garbage-first heap   total 1048576K, used 265404K [0x0000000413800000, 0x0000000800000000)
  region size 8192K, 1 young (8192K), 1 survivors (8192K)
 Metaspace       used 11384K, committed 11520K, reserved 1064960K
  class space    used 1096K, committed 1152K, reserved 1048576K
}

Deoptimization events (20 events):
Event: 1,270 Thread 0x00007fbb94cbf4b0 DEOPT PACKING pc=0x00007fbb8424d350 sp=0x00007fbb1c1df200
Event: 1,270 Thread 0x00007fbb94cc3750 Uncommon trap: trap_request=0xffffff66 fr.pc=0x00007fbb8424d350 relative=0x00000000000003b0
Event: 1,270 Thread 0x00007fbb94cb1c20 DEOPT PACKING pc=0x00007fbb8424d350 sp=0x00007fbb1f2b4490
Event: 1,270 Thread 0x00007fbb94cc3750 Uncommon trap: reason=speculate_class_check action=maybe_recompile pc=0x00007fbb8424d350 method=java.lang.invoke.LambdaForm$DMH/0x0000000800d05c00.invokeVirtual(Ljava/lang/Object;Ljava/lang/Object;II)Ljava/lang/Object; @ 21 c2
Event: 1,270 Thread 0x00007fbb94cc3750 DEOPT PACKING pc=0x00007fbb8424d350 sp=0x00007fbaf0afb490
Event: 1,270 Thread 0x00007fbb94cbf4b0 DEOPT UNPACKING pc=0x00007fbb7c4eb424 sp=0x00007fbb1c1deff8 mode 2
Event: 1,270 Thread 0x00007fbb94cb1c20 DEOPT UNPACKING pc=0x00007fbb7c4eb424 sp=0x00007fbb1f2b4288 mode 2
Event: 1,270 Thread 0x00007fbb94cc3750 DEOPT UNPACKING pc=0x00007fbb7c4eb424 sp=0x00007fbaf0afb288 mode 2
Event: 1,285 Thread 0x00007fbb941e8d80 Uncommon trap: trap_request=0xffffff45 fr.pc=0x00007fbb840d29c0 relative=0x00000000000002e0
Event: 1,285 Thread 0x00007fbb941e8d80 Uncommon trap: reason=unstable_if action=reinterpret pc=0x00007fbb840d29c0 method=java.lang.ThreadLocal.get()Ljava/lang/Object; @ 11 c2
Event: 1,285 Thread 0x00007fbb941e8d80 DEOPT PACKING pc=0x00007fbb840d29c0 sp=0x00007fbb9855b7d0
Event: 1,285 Thread 0x00007fbb941e8d80 DEOPT UNPACKING pc=0x00007fbb7c4eb424 sp=0x00007fbb9855b6a0 mode 2
Event: 1,285 Thread 0x00007fbb941e8d80 Uncommon trap: trap_request=0xffffff45 fr.pc=0x00007fbb8427eecc relative=0x000000000000084c
Event: 1,285 Thread 0x00007fbb941e8d80 Uncommon trap: reason=unstable_if action=reinterpret pc=0x00007fbb8427eecc method=io.netty.util.Recycler$Stack.push(Lio/netty/util/Recycler$DefaultHandle;)V @ 12 c2
Event: 1,285 Thread 0x00007fbb941e8d80 DEOPT PACKING pc=0x00007fbb8427eecc sp=0x00007fbb9855b800
Event: 1,285 Thread 0x00007fbb941e8d80 DEOPT UNPACKING pc=0x00007fbb7c4eb424 sp=0x00007fbb9855b5a0 mode 2
Event: 1,286 Thread 0x00007fbb941e8d80 Uncommon trap: trap_request=0xffffff45 fr.pc=0x00007fbb84286ca8 relative=0x0000000000001068
Event: 1,286 Thread 0x00007fbb941e8d80 Uncommon trap: reason=unstable_if action=reinterpret pc=0x00007fbb84286ca8 method=io.netty.util.Recycler$Stack.push(Lio/netty/util/Recycler$DefaultHandle;)V @ 12 c2
Event: 1,286 Thread 0x00007fbb941e8d80 DEOPT PACKING pc=0x00007fbb84286ca8 sp=0x00007fbb9855b720
Event: 1,286 Thread 0x00007fbb941e8d80 DEOPT UNPACKING pc=0x00007fbb7c4eb424 sp=0x00007fbb9855b610 mode 2

Classes unloaded (0 events):
No events

Classes redefined (0 events):
No events

Internal exceptions (20 events):
Event: 1,152 Thread 0x00007fbb94011610 Exception <a 'java/lang/reflect/InvocationTargetException'{0x000000044d5bd228}> (0x000000044d5bd228) 
thrown [./src/hotspot/share/runtime/reflection.cpp, line 1155]
Event: 1,153 Thread 0x00007fbb94011610 Exception <a 'java/lang/reflect/InvocationTargetException'{0x000000044d5d6a68}> (0x000000044d5d6a68) 
thrown [./src/hotspot/share/runtime/reflection.cpp, line 1155]
Event: 1,154 Thread 0x00007fbb94011610 Exception <a 'java/lang/reflect/InvocationTargetException'{0x000000044d5ec448}> (0x000000044d5ec448) 
thrown [./src/hotspot/share/runtime/reflection.cpp, line 1155]
Event: 1,156 Thread 0x00007fbb94011610 Exception <a 'java/lang/reflect/InvocationTargetException'{0x000000044d6164a8}> (0x000000044d6164a8) 
thrown [./src/hotspot/share/runtime/reflection.cpp, line 1155]
Event: 1,158 Thread 0x00007fbb94011610 Exception <a 'java/lang/reflect/InvocationTargetException'{0x000000044d63bc28}> (0x000000044d63bc28) 
thrown [./src/hotspot/share/runtime/reflection.cpp, line 1155]
Event: 1,160 Thread 0x00007fbb94011610 Exception <a 'java/lang/reflect/InvocationTargetException'{0x000000044d66fbd8}> (0x000000044d66fbd8) 
thrown [./src/hotspot/share/runtime/reflection.cpp, line 1155]
Event: 1,164 Thread 0x00007fbb94011610 Exception <a 'java/lang/reflect/InvocationTargetException'{0x000000044d6ac030}> (0x000000044d6ac030) 
thrown [./src/hotspot/share/runtime/reflection.cpp, line 1155]
Event: 1,166 Thread 0x00007fbb94011610 Exception <a 'java/lang/reflect/InvocationTargetException'{0x000000044d6e1220}> (0x000000044d6e1220) 
thrown [./src/hotspot/share/runtime/reflection.cpp, line 1155]
Event: 1,168 Thread 0x00007fbb94011610 Exception <a 'java/lang/reflect/InvocationTargetException'{0x000000044d715410}> (0x000000044d715410) 
thrown [./src/hotspot/share/runtime/reflection.cpp, line 1155]
Event: 1,169 Thread 0x00007fbb94011610 Exception <a 'java/lang/reflect/InvocationTargetException'{0x000000044d72f470}> (0x000000044d72f470) 
thrown [./src/hotspot/share/runtime/reflection.cpp, line 1155]
Event: 1,170 Thread 0x00007fbb94011610 Exception <a 'java/lang/reflect/InvocationTargetException'{0x000000044d746da8}> (0x000000044d746da8) 
thrown [./src/hotspot/share/runtime/reflection.cpp, line 1155]
Event: 1,172 Thread 0x00007fbb94011610 Exception <a 'java/lang/reflect/InvocationTargetException'{0x000000044d7755d8}> (0x000000044d7755d8) 
thrown [./src/hotspot/share/runtime/reflection.cpp, line 1155]
Event: 1,173 Thread 0x00007fbb94011610 Exception <a 'java/lang/reflect/InvocationTargetException'{0x000000044d78e1e0}> (0x000000044d78e1e0) 
thrown [./src/hotspot/share/runtime/reflection.cpp, line 1155]
Event: 1,174 Thread 0x00007fbb94011610 Exception <a 'java/lang/reflect/InvocationTargetException'{0x000000044d7b0558}> (0x000000044d7b0558) 
thrown [./src/hotspot/share/runtime/reflection.cpp, line 1155]
Event: 1,176 Thread 0x00007fbb94cac7d0 Implicit null exception at 0x00007fbb840c3bdd to 0x00007fbb840c3c80
Event: 1,177 Thread 0x00007fbb94cc3750 Implicit null exception at 0x00007fbb84265821 to 0x00007fbb842682dc
Event: 1,177 Thread 0x00007fbb94cb1c20 Implicit null exception at 0x00007fbb84265821 to 0x00007fbb842682dc
Event: 1,177 Thread 0x00007fbb94cac7d0 Implicit null exception at 0x00007fbb840dcc3f to 0x00007fbb840dcca8
Event: 1,177 Thread 0x00007fbb94cbf4b0 Implicit null exception at 0x00007fbb841ef421 to 0x00007fbb841f1274
Event: 1,285 Thread 0x00007fbb941e8d80 Implicit null exception at 0x00007fbb840d2737 to 0x00007fbb840d29ac

Events (20 events):
Event: 1,196 Executing  VM operation: ICBufferFull
Event: 1,196 Executing  VM operation: ICBufferFull done
Event: 1,196 Executing  VM operation: ICBufferFull
Event: 1,196 Executing  VM operation: ICBufferFull done
Event: 1,202 loading class java/lang/Throwable$WrappedPrintStream
Event: 1,202 loading class java/lang/Throwable$WrappedPrintStream done
Event: 1,202 Thread 0x00007fbb94cbc3c0 Thread exited: 0x00007fbb94cbc3c0
Event: 1,276 Executing  VM operation: G1CollectForAllocation
Event: 1,280 Executing  VM operation: G1CollectForAllocation done
Event: 1,285 loading class io/netty/util/internal/logging/MessageFormatter
Event: 1,285 loading class io/netty/util/internal/logging/MessageFormatter done
Event: 1,285 loading class io/netty/util/Recycler$WeakOrderQueue
Event: 1,285 loading class io/netty/util/Recycler$WeakOrderQueue done
Event: 1,286 loading class io/netty/util/Recycler$WeakOrderQueue$Head
Event: 1,286 loading class io/netty/util/Recycler$WeakOrderQueue$Head done
Event: 1,286 loading class io/netty/util/internal/logging/FormattingTuple
Event: 1,286 loading class io/netty/util/internal/logging/FormattingTuple done
Event: 1,286 loading class io/netty/util/Recycler$WeakOrderQueue$Link
Event: 1,286 loading class io/netty/util/Recycler$WeakOrderQueue$Link done
Event: 1,286 loading class java/util/logging/LogRecord


Dynamic libraries:
413800000-452800000 rw-p 00000000 00:00 0 
452800000-7ff000000 ---p 00000000 00:00 0 
7ff000000-7ff700000 rw-p 00000000 00:00 0 
7ff700000-7ff776000 rw-p 00cba000 08:01 21890280                         /usr/lib/jvm/java-16-openjdk-amd64/lib/server/classes.jsa
7ff776000-7ff800000 rw-p 00000000 00:00 0 
7ff800000-7ff888000 rw-p 00c32000 08:01 21890280                         /usr/lib/jvm/java-16-openjdk-amd64/lib/server/classes.jsa
7ff888000-800000000 rw-p 00000000 00:00 0 
800000000-800003000 rwxp 00001000 08:01 21890280                         /usr/lib/jvm/java-16-openjdk-amd64/lib/server/classes.jsa
800003000-80043d000 rw-p 00004000 08:01 21890280                         /usr/lib/jvm/java-16-openjdk-amd64/lib/server/classes.jsa
80043d000-800bf9000 r--p 0043e000 08:01 21890280                         /usr/lib/jvm/java-16-openjdk-amd64/lib/server/classes.jsa
800bf9000-800c00000 ---p 00000000 00:00 0 
800c00000-800c40000 rw-p 00000000 00:00 0 
800c40000-800ce0000 rw-p 00000000 00:00 0 
800ce0000-800d00000 rw-p 00000000 00:00 0 
800d00000-800d30000 rw-p 00000000 00:00 0 
800d30000-800d40000 ---p 00000000 00:00 0 
800d40000-800d50000 rw-p 00000000 00:00 0 
800d50000-840c00000 ---p 00000000 00:00 0 
563e4cb5b000-563e4cb5c000 r--p 00000000 08:01 21758669                   /usr/lib/jvm/java-16-openjdk-amd64/bin/java
563e4cb5c000-563e4cb5d000 r-xp 00001000 08:01 21758669                   /usr/lib/jvm/java-16-openjdk-amd64/bin/java
563e4cb5d000-563e4cb5e000 r--p 00002000 08:01 21758669                   /usr/lib/jvm/java-16-openjdk-amd64/bin/java
563e4cb5e000-563e4cb5f000 r--p 00002000 08:01 21758669                   /usr/lib/jvm/java-16-openjdk-amd64/bin/java
563e4cb5f000-563e4cb60000 rw-p 00003000 08:01 21758669                   /usr/lib/jvm/java-16-openjdk-amd64/bin/java
563e4e4a0000-563e4e4c1000 rw-p 00000000 00:00 0                          [heap]
7eb6a3ff9000-7eb723ff9000 rw-s 00000000 08:01 2884280                    /tmp/TestEzLmDb-1631469039300-0/data.mdb (deleted)
7eb723ff9000-7ed723ffa000 rw-s 00000000 08:01 2884279                    /tmp/TestEzLmDb-1631469039300-0/lock.mdb (deleted)
7ed723ffa000-7ed7a3ffa000 rw-s 00000000 08:01 2884277                    /tmp/TestEzLmDb-1631469039300-0/data.mdb (deleted)
7ed7a3ffa000-7ef7a3ffb000 rw-s 00000000 08:01 2884276                    /tmp/TestEzLmDb-1631469039300-0/lock.mdb (deleted)
7ef7a3ffb000-7ef823ffb000 rw-s 00000000 08:01 2884274                    /tmp/TestEzLmDb-1631469039300-0/data.mdb (deleted)
7ef823ffb000-7f1823ffc000 rw-s 00000000 08:01 2884273                    /tmp/TestEzLmDb-1631469039300-0/lock.mdb (deleted)
7f1823ffc000-7f18a3ffc000 rw-s 00000000 08:01 2884251                    /tmp/TestEzLmDb-1631469039300-0/data.mdb (deleted)
7f18a3ffc000-7f38a3ffd000 rw-s 00000000 08:01 2884250                    /tmp/TestEzLmDb-1631469039300-0/lock.mdb (deleted)
7f38a3ffd000-7f3923ffd000 rw-s 00000000 08:01 2884248                    /tmp/TestEzLmDb-1631469039300-0/data.mdb (deleted)
7f3923ffd000-7f5923ffe000 rw-s 00000000 08:01 2884247                    /tmp/TestEzLmDb-1631469039300-0/lock.mdb (deleted)
7f5923ffe000-7f59a3ffe000 rw-s 00000000 08:01 27525639                   /tmp/TestEzLmDb-1631469039300-0/data.mdb (deleted)
7f59a3ffe000-7f79a3fff000 rw-s 00000000 08:01 27525638                   /tmp/TestEzLmDb-1631469039300-0/lock.mdb (deleted)
7f99a4000000-7f9a24000000 rw-s 00000000 08:01 27525635                   /tmp/data.mdb
7f9a24000000-7f9a2457a000 rw-p 00000000 00:00 0 
7f9a2457a000-7f9a28000000 ---p 00000000 00:00 0 
7f9a28000000-7f9a28312000 rw-p 00000000 00:00 0 
7f9a28312000-7f9a2c000000 ---p 00000000 00:00 0 
7f9a2c000000-7f9a2c8ef000 rw-p 00000000 00:00 0 
7f9a2c8ef000-7f9a30000000 ---p 00000000 00:00 0 
7f9a30000000-7f9a30677000 rw-p 00000000 00:00 0 
7f9a30677000-7f9a34000000 ---p 00000000 00:00 0 
7f9a34000000-7f9a34021000 rw-p 00000000 00:00 0 
7f9a34021000-7f9a38000000 ---p 00000000 00:00 0 
7f9a38000000-7f9a38021000 rw-p 00000000 00:00 0 
7f9a38021000-7f9a3c000000 ---p 00000000 00:00 0 
7f9a3c000000-7f9a3c021000 rw-p 00000000 00:00 0 
7f9a3c021000-7f9a40000000 ---p 00000000 00:00 0 
7f9a40000000-7f9a40021000 rw-p 00000000 00:00 0 
7f9a40021000-7f9a44000000 ---p 00000000 00:00 0 
7f9a44000000-7f9a44021000 rw-p 00000000 00:00 0 
7f9a44021000-7f9a48000000 ---p 00000000 00:00 0 
7f9a48000000-7f9a48021000 rw-p 00000000 00:00 0 
7f9a48021000-7f9a4c000000 ---p 00000000 00:00 0 
7f9a4c000000-7f9a4c021000 rw-p 00000000 00:00 0 
7f9a4c021000-7f9a50000000 ---p 00000000 00:00 0 
7f9a50000000-7f9a50021000 rw-p 00000000 00:00 0 
7f9a50021000-7f9a54000000 ---p 00000000 00:00 0 
7f9a54000000-7f9a54021000 rw-p 00000000 00:00 0 
7f9a54021000-7f9a58000000 ---p 00000000 00:00 0 
7f9a58000000-7f9a58021000 rw-p 00000000 00:00 0 
7f9a58021000-7f9a5c000000 ---p 00000000 00:00 0 
7f9a5c000000-7f9a5c021000 rw-p 00000000 00:00 0 
7f9a5c021000-7f9a60000000 ---p 00000000 00:00 0 
7f9a60000000-7f9a60021000 rw-p 00000000 00:00 0 
7f9a60021000-7f9a64000000 ---p 00000000 00:00 0 
7f9a64000000-7f9a6472a000 rw-p 00000000 00:00 0 
7f9a6472a000-7f9a68000000 ---p 00000000 00:00 0 
7f9a68000000-7f9a68612000 rw-p 00000000 00:00 0 
7f9a68612000-7f9a6c000000 ---p 00000000 00:00 0 
7f9a6c000000-7f9a6c912000 rw-p 00000000 00:00 0 
7f9a6c912000-7f9a70000000 ---p 00000000 00:00 0 
7f9abfffc000-7f9ac4000000 rw-p 00000000 00:00 0 
7f9ac4000000-7f9ac4021000 rw-p 00000000 00:00 0 
7f9ac4021000-7f9ac8000000 ---p 00000000 00:00 0 
7f9ac8ffd000-7f9acc000000 rw-p 00000000 00:00 0 
7f9acc000000-7f9acc021000 rw-p 00000000 00:00 0 
7f9acc021000-7f9ad0000000 ---p 00000000 00:00 0 
7f9ad0000000-7f9ad0021000 rw-p 00000000 00:00 0 
7f9ad0021000-7f9ad4000000 ---p 00000000 00:00 0 
7f9ad4000000-7f9ad4021000 rw-p 00000000 00:00 0 
7f9ad4021000-7f9ad8000000 ---p 00000000 00:00 0 
7f9ad8000000-7f9ad8021000 rw-p 00000000 00:00 0 
7f9ad8021000-7f9adc000000 ---p 00000000 00:00 0 
7f9adc000000-7f9adc021000 rw-p 00000000 00:00 0 
7f9adc021000-7f9ae0000000 ---p 00000000 00:00 0 
7f9ae0000000-7f9ae0021000 rw-p 00000000 00:00 0 
7f9ae0021000-7f9ae4000000 ---p 00000000 00:00 0 
7f9ae4000000-7f9ae4021000 rw-p 00000000 00:00 0 
7f9ae4021000-7f9ae8000000 ---p 00000000 00:00 0 
7f9ae8ffc000-7f9aebfff000 rw-p 00000000 00:00 0 
7f9aebfff000-7fbaec000000 rw-s 00000000 08:01 27525634                   /tmp/lock.mdb
7fbaec000000-7fbaec021000 rw-p 00000000 00:00 0 
7fbaec021000-7fbaf0000000 ---p 00000000 00:00 0 
7fbaf09fc000-7fbaf0a00000 ---p 00000000 00:00 0 
7fbaf0a00000-7fbaf0afd000 rw-p 00000000 00:00 0 
7fbaf0afd000-7fbaf0b01000 ---p 00000000 00:00 0 
7fbaf0b01000-7fbaf0bfe000 rw-p 00000000 00:00 0 
7fbaf0bfe000-7fbaf0c02000 ---p 00000000 00:00 0 
7fbaf0c02000-7fbaf0cff000 rw-p 00000000 00:00 0 
7fbaf0cff000-7fbaf0d03000 ---p 00000000 00:00 0 
7fbaf0d03000-7fbaf0e00000 rw-p 00000000 00:00 0 
7fbaf0e00000-7fbaf1800000 r--s 00000000 08:01 2884271                    /tmp/junit10981456921233122857/tutorial5/data.mdb (deleted)
7fbaf1800000-7fbaf2200000 r--s 00000000 08:01 2884267                    /tmp/junit2604073118371115601/tutorial4/data.mdb (deleted)
7fbaf2200000-7fbaf2c00000 r--s 00000000 08:01 2884263                    /tmp/junit2815602212646101003/tutorial3/data.mdb (deleted)
7fbaf2c00000-7fbaf3600000 r--s 00000000 08:01 2884259                    /tmp/junit12308048131603421645/tutorial2/data.mdb (deleted)
7fbaf3600000-7fbaf4000000 r--s 00000000 08:01 2884255                    /tmp/junit9240940711475495798/tutorial1/data.mdb (deleted)
7fbaf4000000-7fbaf4e6d000 rw-p 00000000 00:00 0 
7fbaf4e6d000-7fbaf8000000 ---p 00000000 00:00 0 
7fbaf8000000-7fbaf8021000 rw-p 00000000 00:00 0 
7fbaf8021000-7fbafc000000 ---p 00000000 00:00 0 
7fbafc000000-7fbafce91000 rw-p 00000000 00:00 0 
7fbafce91000-7fbb00000000 ---p 00000000 00:00 0 
7fbb00000000-7fbb002fa000 rw-p 00000000 00:00 0 
7fbb002fa000-7fbb04000000 ---p 00000000 00:00 0 
7fbb04000000-7fbb04021000 rw-p 00000000 00:00 0 
7fbb04021000-7fbb08000000 ---p 00000000 00:00 0 
7fbb08000000-7fbb08021000 rw-p 00000000 00:00 0 
7fbb08021000-7fbb0c000000 ---p 00000000 00:00 0 
7fbb0c000000-7fbb0c021000 rw-p 00000000 00:00 0 
7fbb0c021000-7fbb10000000 ---p 00000000 00:00 0 
7fbb10000000-7fbb10021000 rw-p 00000000 00:00 0 
7fbb10021000-7fbb14000000 ---p 00000000 00:00 0 
7fbb14000000-7fbb143e5000 rw-p 00000000 00:00 0 
7fbb143e5000-7fbb18000000 ---p 00000000 00:00 0 
7fbb18000000-7fbb18021000 rw-p 00000000 00:00 0 
7fbb18021000-7fbb1c000000 ---p 00000000 00:00 0 
7fbb1c0e0000-7fbb1c0e4000 ---p 00000000 00:00 0 
7fbb1c0e4000-7fbb1c1e1000 rw-p 00000000 00:00 0 
7fbb1c1e1000-7fbb1c1e5000 ---p 00000000 00:00 0 
7fbb1c1e5000-7fbb1c2e2000 rw-p 00000000 00:00 0 
7fbb1c2e2000-7fbb1c2e6000 ---p 00000000 00:00 0 
7fbb1c2e6000-7fbb1c3e3000 rw-p 00000000 00:00 0 
7fbb1c3e3000-7fbb1c3e7000 ---p 00000000 00:00 0 
7fbb1c3e7000-7fbb1c4e4000 rw-p 00000000 00:00 0 
7fbb1c4e4000-7fbb1c4e8000 ---p 00000000 00:00 0 
7fbb1c4e8000-7fbb1c5e5000 rw-p 00000000 00:00 0 
7fbb1c5e5000-7fbb1c5e9000 ---p 00000000 00:00 0 
7fbb1c5e9000-7fbb1c6e6000 rw-p 00000000 00:00 0 
7fbb1c6e6000-7fbb1c6ea000 ---p 00000000 00:00 0 
7fbb1c6ea000-7fbb1c7e7000 rw-p 00000000 00:00 0 
7fbb1c7e7000-7fbb1c7e8000 ---p 00000000 00:00 0 
7fbb1c7e8000-7fbb1c8e9000 rw-p 00000000 00:00 0 
7fbb1c8e9000-7fbb1c8ea000 ---p 00000000 00:00 0 
7fbb1c8ea000-7fbb1c9eb000 rw-p 00000000 00:00 0 
7fbb1c9eb000-7fbb1c9ec000 ---p 00000000 00:00 0 
7fbb1c9ec000-7fbb1caed000 rw-p 00000000 00:00 0 
7fbb1caed000-7fbb1caee000 ---p 00000000 00:00 0 
7fbb1caee000-7fbb1cbef000 rw-p 00000000 00:00 0 
7fbb1cbef000-7fbb1cbf0000 ---p 00000000 00:00 0 
7fbb1cbf0000-7fbb1ccf1000 rw-p 00000000 00:00 0 
7fbb1ccf1000-7fbb1ccf2000 ---p 00000000 00:00 0 
7fbb1ccf2000-7fbb1cdf3000 rw-p 00000000 00:00 0 
7fbb1cdf3000-7fbb1cdf4000 ---p 00000000 00:00 0 
7fbb1cdf4000-7fbb1cef5000 rw-p 00000000 00:00 0 
7fbb1cef5000-7fbb1cef6000 ---p 00000000 00:00 0 
7fbb1cef6000-7fbb1cff7000 rw-p 00000000 00:00 0 
7fbb1cff7000-7fbb1cff8000 ---p 00000000 00:00 0 
7fbb1cff8000-7fbb1d0f9000 rw-p 00000000 00:00 0 
7fbb1d0f9000-7fbb1d0fa000 ---p 00000000 00:00 0 
7fbb1d0fa000-7fbb1d1fb000 rw-p 00000000 00:00 0 
7fbb1d1fb000-7fbb1d1fc000 ---p 00000000 00:00 0 
7fbb1d1fc000-7fbb1d2fd000 rw-p 00000000 00:00 0 
7fbb1d2fd000-7fbb1d2fe000 ---p 00000000 00:00 0 
7fbb1d2fe000-7fbb1e580000 rw-p 00000000 00:00 0 
7fbb1e580000-7fbb1e600000 rw-p 00000000 00:00 0 
7fbb1e600000-7fbb1e640000 rw-p 00000000 00:00 0 
7fbb1e640000-7fbb1e700000 ---p 00000000 00:00 0 
7fbb1e700000-7fbb1e740000 rw-p 00000000 00:00 0 
7fbb1e740000-7fbb1ec00000 ---p 00000000 00:00 0 
7fbb1ecc9000-7fbb1eccd000 ---p 00000000 00:00 0 
7fbb1eccd000-7fbb1edca000 rw-p 00000000 00:00 0 
7fbb1edca000-7fbb1edce000 ---p 00000000 00:00 0 
7fbb1edce000-7fbb1eecb000 rw-p 00000000 00:00 0 
7fbb1eecb000-7fbb1eecf000 ---p 00000000 00:00 0 
7fbb1eecf000-7fbb1efcc000 rw-p 00000000 00:00 0 
7fbb1efcc000-7fbb1efd0000 ---p 00000000 00:00 0 
7fbb1efd0000-7fbb1f0cd000 rw-p 00000000 00:00 0 
7fbb1f101000-7fbb1f1b5000 rw-p 00000000 00:00 0 
7fbb1f1b5000-7fbb1f1b9000 ---p 00000000 00:00 0 
7fbb1f1b9000-7fbb1f2b6000 rw-p 00000000 00:00 0 
7fbb1f2b6000-7fbb1f2b7000 r-xp 00000000 00:00 0 
7fbb1f2b7000-7fbb1f2bd000 rw-p 00000000 00:00 0 
7fbb1f2bd000-7fbb1f2be000 r-xp 00000000 00:00 0 
7fbb1f2be000-7fbb1f2c4000 rw-p 00000000 00:00 0 
7fbb1f2c4000-7fbb1f2c6000 rw-s 00000000 08:01 2884270                    /tmp/junit10981456921233122857/tutorial5/lock.mdb (deleted)
7fbb1f2c6000-7fbb1f2c8000 rw-s 00000000 08:01 2884266                    /tmp/junit2604073118371115601/tutorial4/lock.mdb (deleted)
7fbb1f2c8000-7fbb1f2ca000 rw-s 00000000 08:01 2884262                    /tmp/junit2815602212646101003/tutorial3/lock.mdb (deleted)
7fbb1f2ca000-7fbb1f2cc000 rw-p 00000000 00:00 0 
7fbb1f2cc000-7fbb1f2d0000 ---p 00000000 00:00 0 
7fbb1f2d0000-7fbb1f3cf000 rw-p 00000000 00:00 0 
7fbb1f3cf000-7fbb1f3e3000 r-xp 00000000 08:01 27525636                   /tmp/lmdbjava-native-library-16244106597035162442.so
7fbb1f3e3000-7fbb1f5e3000 ---p 00014000 08:01 27525636                   /tmp/lmdbjava-native-library-16244106597035162442.so
7fbb1f5e3000-7fbb1f5e4000 r--p 00014000 08:01 27525636                   /tmp/lmdbjava-native-library-16244106597035162442.so
7fbb1f5e4000-7fbb1f5e5000 rw-p 00015000 08:01 27525636                   /tmp/lmdbjava-native-library-16244106597035162442.so
7fbb1f5e5000-7fbb1f5f7000 r-xp 00000000 08:01 27525637                   /tmp/jffi7906774076201175011.so (deleted)
7fbb1f5f7000-7fbb1f7f6000 ---p 00012000 08:01 27525637                   /tmp/jffi7906774076201175011.so (deleted)
7fbb1f7f6000-7fbb1f7f7000 rw-p 00011000 08:01 27525637                   /tmp/jffi7906774076201175011.so (deleted)
7fbb1f7f7000-7fbb1f7fb000 ---p 00000000 00:00 0 
7fbb1f7fb000-7fbb1f8f8000 rw-p 00000000 00:00 0 
7fbb1f8f8000-7fbb1f8fc000 ---p 00000000 00:00 0 
7fbb1f8fc000-7fbb1f9f9000 rw-p 00000000 00:00 0 
7fbb1f9f9000-7fbb1f9fd000 ---p 00000000 00:00 0 
7fbb1f9fd000-7fbb1fafa000 rw-p 00000000 00:00 0 
7fbb1fafa000-7fbb1fafe000 ---p 00000000 00:00 0 
7fbb1fafe000-7fbb1fbfb000 rw-p 00000000 00:00 0 
7fbb1fbfb000-7fbb1fbfc000 ---p 00000000 00:00 0 
7fbb1fbfc000-7fbb1fcfd000 rw-p 00000000 00:00 0 
7fbb1fcfd000-7fbb1fd01000 ---p 00000000 00:00 0 
7fbb1fd01000-7fbb1fdfe000 rw-p 00000000 00:00 0 
7fbb1fdfe000-7fbb1fe02000 ---p 00000000 00:00 0 
7fbb1fe02000-7fbb1feff000 rw-p 00000000 00:00 0 
7fbb1feff000-7fbb1ff03000 ---p 00000000 00:00 0 
7fbb1ff03000-7fbb20000000 rw-p 00000000 00:00 0 
7fbb20000000-7fbb210e9000 rw-p 00000000 00:00 0 
7fbb210e9000-7fbb24000000 ---p 00000000 00:00 0 
7fbb24000000-7fbb244e0000 rw-p 00000000 00:00 0 
7fbb244e0000-7fbb28000000 ---p 00000000 00:00 0 
7fbb28000000-7fbb28021000 rw-p 00000000 00:00 0 
7fbb28021000-7fbb2c000000 ---p 00000000 00:00 0 
7fbb2c000000-7fbb2c021000 rw-p 00000000 00:00 0 
7fbb2c021000-7fbb30000000 ---p 00000000 00:00 0 
7fbb30000000-7fbb30021000 rw-p 00000000 00:00 0 
7fbb30021000-7fbb34000000 ---p 00000000 00:00 0 
7fbb34000000-7fbb34021000 rw-p 00000000 00:00 0 
7fbb34021000-7fbb38000000 ---p 00000000 00:00 0 
7fbb38000000-7fbb38021000 rw-p 00000000 00:00 0 
7fbb38021000-7fbb3c000000 ---p 00000000 00:00 0 
7fbb3c000000-7fbb3c021000 rw-p 00000000 00:00 0 
7fbb3c021000-7fbb40000000 ---p 00000000 00:00 0 
7fbb40000000-7fbb40021000 rw-p 00000000 00:00 0 
7fbb40021000-7fbb44000000 ---p 00000000 00:00 0 
7fbb44000000-7fbb44021000 rw-p 00000000 00:00 0 
7fbb44021000-7fbb48000000 ---p 00000000 00:00 0 
7fbb48000000-7fbb48021000 rw-p 00000000 00:00 0 
7fbb48021000-7fbb4c000000 ---p 00000000 00:00 0 
7fbb4c000000-7fbb4c021000 rw-p 00000000 00:00 0 
7fbb4c021000-7fbb50000000 ---p 00000000 00:00 0 
7fbb50000000-7fbb50021000 rw-p 00000000 00:00 0 
7fbb50021000-7fbb54000000 ---p 00000000 00:00 0 
7fbb54000000-7fbb54001000 r-xp 00000000 00:00 0 
7fbb54001000-7fbb54003000 rw-s 00000000 08:01 2884258                    /tmp/junit12308048131603421645/tutorial2/lock.mdb (deleted)
7fbb54003000-7fbb54005000 rw-s 00000000 08:01 2884254                    /tmp/junit9240940711475495798/tutorial1/lock.mdb (deleted)
7fbb54005000-7fbb54007000 rw-p 00000000 00:00 0 
7fbb54007000-7fbb54008000 r-xp 00000000 00:00 0 
7fbb54008000-7fbb54016000 rw-p 00000000 00:00 0 
7fbb54016000-7fbb54028000 rw-p 00000000 00:00 0 
7fbb54028000-7fbb5402a000 r--p 00000000 08:01 21890254                   /usr/lib/jvm/java-16-openjdk-amd64/lib/libmanagement_ext.so
7fbb5402a000-7fbb5402d000 r-xp 00002000 08:01 21890254                   /usr/lib/jvm/java-16-openjdk-amd64/lib/libmanagement_ext.so
7fbb5402d000-7fbb5402f000 r--p 00005000 08:01 21890254                   /usr/lib/jvm/java-16-openjdk-amd64/lib/libmanagement_ext.so
7fbb5402f000-7fbb54030000 r--p 00006000 08:01 21890254                   /usr/lib/jvm/java-16-openjdk-amd64/lib/libmanagement_ext.so
7fbb54030000-7fbb54031000 rw-p 00007000 08:01 21890254                   /usr/lib/jvm/java-16-openjdk-amd64/lib/libmanagement_ext.so
7fbb54031000-7fbb54035000 ---p 00000000 00:00 0 
7fbb54035000-7fbb54132000 rw-p 00000000 00:00 0 
7fbb54132000-7fbb54136000 ---p 00000000 00:00 0 
7fbb54136000-7fbb54233000 rw-p 00000000 00:00 0 
7fbb54233000-7fbb54800000 r--p 00000000 08:01 17170755                   /usr/lib/locale/locale-archive
7fbb54800000-7fbb54c00000 rw-p 00000000 00:00 0 
7fbb54c00000-7fbb55000000 rw-p 00000000 00:00 0 
7fbb55000000-7fbb55001000 r-xp 00000000 00:00 0 
7fbb55001000-7fbb57ff2000 rw-p 00000000 00:00 0 
7fbb57ff2000-7fbb66b12000 ---p 00000000 00:00 0 
7fbb66b12000-7fbb67b12000 rw-p 00000000 00:00 0 
7fbb67b12000-7fbb76632000 ---p 00000000 00:00 0 
7fbb76632000-7fbb7686a000 rw-p 00000000 00:00 0 
7fbb7686a000-7fbb785ce000 ---p 00000000 00:00 0 
7fbb785ce000-7fbb787ce000 rw-p 00000000 00:00 0 
7fbb787ce000-7fbb7a532000 ---p 00000000 00:00 0 
7fbb7a532000-7fbb7a732000 rw-p 00000000 00:00 0 
7fbb7a732000-7fbb7c496000 ---p 00000000 00:00 0 
7fbb7c496000-7fbb7c49e000 rw-p 00000000 00:00 0 
7fbb7c49e000-7fbb7c7ae000 rwxp 00000000 00:00 0 
7fbb7c7ae000-7fbb7cbdf000 ---p 00000000 00:00 0 
7fbb7cbdf000-7fbb7d27f000 rwxp 00000000 00:00 0 
7fbb7d27f000-7fbb8403e000 ---p 00000000 00:00 0 
7fbb8403e000-7fbb842ae000 rwxp 00000000 00:00 0 
7fbb842ae000-7fbb8b49e000 ---p 00000000 00:00 0 
7fbb8b49e000-7fbb94000000 r--s 00000000 08:01 21890274                   /usr/lib/jvm/java-16-openjdk-amd64/lib/modules
7fbb94000000-7fbb97087000 rw-p 00000000 00:00 0 
7fbb97087000-7fbb98000000 ---p 00000000 00:00 0 
7fbb98000000-7fbb98004000 rw-p 00000000 00:00 0 
7fbb98004000-7fbb98006000 r--p 00000000 08:01 21890250                   /usr/lib/jvm/java-16-openjdk-amd64/lib/libmanagement.so
7fbb98006000-7fbb98007000 r-xp 00002000 08:01 21890250                   /usr/lib/jvm/java-16-openjdk-amd64/lib/libmanagement.so
7fbb98007000-7fbb98008000 r--p 00003000 08:01 21890250                   /usr/lib/jvm/java-16-openjdk-amd64/lib/libmanagement.so
7fbb98008000-7fbb98009000 r--p 00003000 08:01 21890250                   /usr/lib/jvm/java-16-openjdk-amd64/lib/libmanagement.so
7fbb98009000-7fbb9800a000 rw-p 00004000 08:01 21890250                   /usr/lib/jvm/java-16-openjdk-amd64/lib/libmanagement.so
7fbb9800a000-7fbb9800b000 r-xp 00000000 00:00 0 
7fbb9800b000-7fbb9800d000 rw-p 00000000 00:00 0 
7fbb9800d000-7fbb98014000 r--s 00000000 08:01 17565161                   /usr/lib/x86_64-linux-gnu/gconv/gconv-modules.cache
7fbb98014000-7fbb98018000 r--p 00000000 08:01 21890270                   /usr/lib/jvm/java-16-openjdk-amd64/lib/libverify.so
7fbb98018000-7fbb9801f000 r-xp 00004000 08:01 21890270                   /usr/lib/jvm/java-16-openjdk-amd64/lib/libverify.so
7fbb9801f000-7fbb98021000 r--p 0000b000 08:01 21890270                   /usr/lib/jvm/java-16-openjdk-amd64/lib/libverify.so
7fbb98021000-7fbb98022000 ---p 0000d000 08:01 21890270                   /usr/lib/jvm/java-16-openjdk-amd64/lib/libverify.so
7fbb98022000-7fbb98024000 r--p 0000d000 08:01 21890270                   /usr/lib/jvm/java-16-openjdk-amd64/lib/libverify.so
7fbb98024000-7fbb98025000 rw-p 0000f000 08:01 21890270                   /usr/lib/jvm/java-16-openjdk-amd64/lib/libverify.so
7fbb98025000-7fbb98026000 r--p 00000000 08:01 21890231                   /usr/lib/jvm/java-16-openjdk-amd64/lib/libextnet.so
7fbb98026000-7fbb98027000 r-xp 00001000 08:01 21890231                   /usr/lib/jvm/java-16-openjdk-amd64/lib/libextnet.so
7fbb98027000-7fbb98028000 r--p 00002000 08:01 21890231                   /usr/lib/jvm/java-16-openjdk-amd64/lib/libextnet.so
7fbb98028000-7fbb98029000 r--p 00002000 08:01 21890231                   /usr/lib/jvm/java-16-openjdk-amd64/lib/libextnet.so
7fbb98029000-7fbb9802a000 rw-p 00003000 08:01 21890231                   /usr/lib/jvm/java-16-openjdk-amd64/lib/libextnet.so
7fbb9802a000-7fbb9802e000 r--p 00000000 08:01 21890258                   /usr/lib/jvm/java-16-openjdk-amd64/lib/libnet.so
7fbb9802e000-7fbb9803c000 r-xp 00004000 08:01 21890258                   /usr/lib/jvm/java-16-openjdk-amd64/lib/libnet.so
7fbb9803c000-7fbb98040000 r--p 00012000 08:01 21890258                   /usr/lib/jvm/java-16-openjdk-amd64/lib/libnet.so
7fbb98040000-7fbb98041000 r--p 00015000 08:01 21890258                   /usr/lib/jvm/java-16-openjdk-amd64/lib/libnet.so
7fbb98041000-7fbb98042000 rw-p 00016000 08:01 21890258                   /usr/lib/jvm/java-16-openjdk-amd64/lib/libnet.so
7fbb98042000-7fbb98048000 r--p 00000000 08:01 21890260                   /usr/lib/jvm/java-16-openjdk-amd64/lib/libnio.so
7fbb98048000-7fbb98051000 r-xp 00006000 08:01 21890260                   /usr/lib/jvm/java-16-openjdk-amd64/lib/libnio.so
7fbb98051000-7fbb98056000 r--p 0000f000 08:01 21890260                   /usr/lib/jvm/java-16-openjdk-amd64/lib/libnio.so
7fbb98056000-7fbb98057000 r--p 00013000 08:01 21890260                   /usr/lib/jvm/java-16-openjdk-amd64/lib/libnio.so
7fbb98057000-7fbb98058000 rw-p 00014000 08:01 21890260                   /usr/lib/jvm/java-16-openjdk-amd64/lib/libnio.so
7fbb98058000-7fbb9805c000 ---p 00000000 00:00 0 
7fbb9805c000-7fbb98159000 rw-p 00000000 00:00 0 
7fbb98159000-7fbb9815d000 ---p 00000000 00:00 0 
7fbb9815d000-7fbb9825a000 rw-p 00000000 00:00 0 
7fbb9825a000-7fbb9825e000 ---p 00000000 00:00 0 
7fbb9825e000-7fbb9835b000 rw-p 00000000 00:00 0 
7fbb9835b000-7fbb9835f000 ---p 00000000 00:00 0 
7fbb9835f000-7fbb9845c000 rw-p 00000000 00:00 0 
7fbb9845c000-7fbb98460000 ---p 00000000 00:00 0 
7fbb98460000-7fbb9855d000 rw-p 00000000 00:00 0 
7fbb9855d000-7fbb98561000 ---p 00000000 00:00 0 
7fbb98561000-7fbb9865e000 rw-p 00000000 00:00 0 
7fbb9865e000-7fbb9865f000 ---p 00000000 00:00 0 
7fbb9865f000-7fbb9887d000 rw-p 00000000 00:00 0 
7fbb9887d000-7fbb9887e000 ---p 00000000 00:00 0 
7fbb9887e000-7fbb9897f000 rw-p 00000000 00:00 0 
7fbb9897f000-7fbb98980000 ---p 00000000 00:00 0 
7fbb98980000-7fbb9978e000 rw-p 00000000 00:00 0 
7fbb9978e000-7fbb9978f000 ---p 00000000 00:00 0 
7fbb9978f000-7fbb99890000 rw-p 00000000 00:00 0 
7fbb99890000-7fbb99891000 ---p 00000000 00:00 0 
7fbb99891000-7fbb99992000 rw-p 00000000 00:00 0 
7fbb99992000-7fbb99993000 ---p 00000000 00:00 0 
7fbb99993000-7fbb9a8e5000 rw-p 00000000 00:00 0 
7fbb9a8e5000-7fbb9a9c9000 ---p 00000000 00:00 0 
7fbb9a9c9000-7fbb9a9d7000 rw-p 00000000 00:00 0 
7fbb9a9d7000-7fbb9aab2000 ---p 00000000 00:00 0 
7fbb9aab2000-7fbb9aab9000 rw-p 00000000 00:00 0 
7fbb9aab9000-7fbb9aac1000 ---p 00000000 00:00 0 
7fbb9aac1000-7fbb9aac3000 r--p 00000000 08:01 21890272                   /usr/lib/jvm/java-16-openjdk-amd64/lib/libzip.so
7fbb9aac3000-7fbb9aac7000 r-xp 00002000 08:01 21890272                   /usr/lib/jvm/java-16-openjdk-amd64/lib/libzip.so
7fbb9aac7000-7fbb9aac9000 r--p 00006000 08:01 21890272                   /usr/lib/jvm/java-16-openjdk-amd64/lib/libzip.so
7fbb9aac9000-7fbb9aaca000 r--p 00007000 08:01 21890272                   /usr/lib/jvm/java-16-openjdk-amd64/lib/libzip.so
7fbb9aaca000-7fbb9aacb000 rw-p 00008000 08:01 21890272                   /usr/lib/jvm/java-16-openjdk-amd64/lib/libzip.so
7fbb9aacb000-7fbb9aad7000 r--p 00000000 08:01 21890238                   /usr/lib/jvm/java-16-openjdk-amd64/lib/libjava.so
7fbb9aad7000-7fbb9aae9000 r-xp 0000c000 08:01 21890238                   /usr/lib/jvm/java-16-openjdk-amd64/lib/libjava.so
7fbb9aae9000-7fbb9aaef000 r--p 0001e000 08:01 21890238                   /usr/lib/jvm/java-16-openjdk-amd64/lib/libjava.so
7fbb9aaef000-7fbb9aaf0000 ---p 00024000 08:01 21890238                   /usr/lib/jvm/java-16-openjdk-amd64/lib/libjava.so
7fbb9aaf0000-7fbb9aaf1000 r--p 00024000 08:01 21890238                   /usr/lib/jvm/java-16-openjdk-amd64/lib/libjava.so
7fbb9aaf1000-7fbb9aaf2000 rw-p 00025000 08:01 21890238                   /usr/lib/jvm/java-16-openjdk-amd64/lib/libjava.so
7fbb9aaf2000-7fbb9aaf3000 rw-p 00000000 00:00 0 
7fbb9aaf3000-7fbb9aaf7000 ---p 00000000 00:00 0 
7fbb9aaf7000-7fbb9abf4000 rw-p 00000000 00:00 0 
7fbb9abf4000-7fbb9abf7000 r--p 00000000 08:01 17190160                   /usr/lib/x86_64-linux-gnu/libgcc_s.so.1
7fbb9abf7000-7fbb9ac09000 r-xp 00003000 08:01 17190160                   /usr/lib/x86_64-linux-gnu/libgcc_s.so.1
7fbb9ac09000-7fbb9ac0c000 r--p 00015000 08:01 17190160                   /usr/lib/x86_64-linux-gnu/libgcc_s.so.1
7fbb9ac0c000-7fbb9ac0d000 ---p 00018000 08:01 17190160                   /usr/lib/x86_64-linux-gnu/libgcc_s.so.1
7fbb9ac0d000-7fbb9ac0e000 r--p 00018000 08:01 17190160                   /usr/lib/x86_64-linux-gnu/libgcc_s.so.1
7fbb9ac0e000-7fbb9ac0f000 rw-p 00019000 08:01 17190160                   /usr/lib/x86_64-linux-gnu/libgcc_s.so.1
7fbb9ac0f000-7fbb9ac1e000 r--p 00000000 08:01 17190184                   /usr/lib/x86_64-linux-gnu/libm-2.33.so
7fbb9ac1e000-7fbb9acc4000 r-xp 0000f000 08:01 17190184                   /usr/lib/x86_64-linux-gnu/libm-2.33.so
7fbb9acc4000-7fbb9ad5b000 r--p 000b5000 08:01 17190184                   /usr/lib/x86_64-linux-gnu/libm-2.33.so
7fbb9ad5b000-7fbb9ad5c000 r--p 0014b000 08:01 17190184                   /usr/lib/x86_64-linux-gnu/libm-2.33.so
7fbb9ad5c000-7fbb9ad5d000 rw-p 0014c000 08:01 17190184                   /usr/lib/x86_64-linux-gnu/libm-2.33.so
7fbb9ad5d000-7fbb9adf6000 r--p 00000000 08:01 17174032                   /usr/lib/x86_64-linux-gnu/libstdc++.so.6.0.29
7fbb9adf6000-7fbb9aef9000 r-xp 00099000 08:01 17174032                   /usr/lib/x86_64-linux-gnu/libstdc++.so.6.0.29
7fbb9aef9000-7fbb9af65000 r--p 0019c000 08:01 17174032                   /usr/lib/x86_64-linux-gnu/libstdc++.so.6.0.29
7fbb9af65000-7fbb9af70000 r--p 00207000 08:01 17174032                   /usr/lib/x86_64-linux-gnu/libstdc++.so.6.0.29
7fbb9af70000-7fbb9af73000 rw-p 00212000 08:01 17174032                   /usr/lib/x86_64-linux-gnu/libstdc++.so.6.0.29
7fbb9af73000-7fbb9af76000 rw-p 00000000 00:00 0 
7fbb9af76000-7fbb9b1a1000 r--p 00000000 08:01 21890286                   /usr/lib/jvm/java-16-openjdk-amd64/lib/server/libjvm.so
7fbb9b1a1000-7fbb9bdea000 r-xp 0022b000 08:01 21890286                   /usr/lib/jvm/java-16-openjdk-amd64/lib/server/libjvm.so
7fbb9bdea000-7fbb9c015000 r--p 00e74000 08:01 21890286                   /usr/lib/jvm/java-16-openjdk-amd64/lib/server/libjvm.so
7fbb9c015000-7fbb9c016000 ---p 0109f000 08:01 21890286                   /usr/lib/jvm/java-16-openjdk-amd64/lib/server/libjvm.so
7fbb9c016000-7fbb9c0c8000 r--p 0109f000 08:01 21890286                   /usr/lib/jvm/java-16-openjdk-amd64/lib/server/libjvm.so
7fbb9c0c8000-7fbb9c0f4000 rw-p 01151000 08:01 21890286                   /usr/lib/jvm/java-16-openjdk-amd64/lib/server/libjvm.so
7fbb9c0f4000-7fbb9c151000 rw-p 00000000 00:00 0 
7fbb9c151000-7fbb9c158000 r--p 00000000 08:01 17174108                   /usr/lib/x86_64-linux-gnu/libpthread-2.33.so
7fbb9c158000-7fbb9c168000 r-xp 00007000 08:01 17174108                   /usr/lib/x86_64-linux-gnu/libpthread-2.33.so
7fbb9c168000-7fbb9c16d000 r--p 00017000 08:01 17174108                   /usr/lib/x86_64-linux-gnu/libpthread-2.33.so
7fbb9c16d000-7fbb9c16e000 r--p 0001b000 08:01 17174108                   /usr/lib/x86_64-linux-gnu/libpthread-2.33.so
7fbb9c16e000-7fbb9c16f000 rw-p 0001c000 08:01 17174108                   /usr/lib/x86_64-linux-gnu/libpthread-2.33.so
7fbb9c16f000-7fbb9c173000 rw-p 00000000 00:00 0 
7fbb9c173000-7fbb9c175000 r--p 00000000 08:01 17173935                   /usr/lib/x86_64-linux-gnu/libdl-2.33.so
7fbb9c175000-7fbb9c177000 r-xp 00002000 08:01 17173935                   /usr/lib/x86_64-linux-gnu/libdl-2.33.so
7fbb9c177000-7fbb9c178000 r--p 00004000 08:01 17173935                   /usr/lib/x86_64-linux-gnu/libdl-2.33.so
7fbb9c178000-7fbb9c179000 r--p 00004000 08:01 17173935                   /usr/lib/x86_64-linux-gnu/libdl-2.33.so
7fbb9c179000-7fbb9c17a000 rw-p 00005000 08:01 17173935                   /usr/lib/x86_64-linux-gnu/libdl-2.33.so
7fbb9c17a000-7fbb9c17c000 r--p 00000000 08:01 17190191                   /usr/lib/x86_64-linux-gnu/libz.so.1.2.11
7fbb9c17c000-7fbb9c18d000 r-xp 00002000 08:01 17190191                   /usr/lib/x86_64-linux-gnu/libz.so.1.2.11
7fbb9c18d000-7fbb9c193000 r--p 00013000 08:01 17190191                   /usr/lib/x86_64-linux-gnu/libz.so.1.2.11
7fbb9c193000-7fbb9c194000 ---p 00019000 08:01 17190191                   /usr/lib/x86_64-linux-gnu/libz.so.1.2.11
7fbb9c194000-7fbb9c195000 r--p 00019000 08:01 17190191                   /usr/lib/x86_64-linux-gnu/libz.so.1.2.11
7fbb9c195000-7fbb9c196000 rw-p 0001a000 08:01 17190191                   /usr/lib/x86_64-linux-gnu/libz.so.1.2.11
7fbb9c196000-7fbb9c1bc000 r--p 00000000 08:01 17173832                   /usr/lib/x86_64-linux-gnu/libc-2.33.so
7fbb9c1bc000-7fbb9c327000 r-xp 00026000 08:01 17173832                   /usr/lib/x86_64-linux-gnu/libc-2.33.so
7fbb9c327000-7fbb9c373000 r--p 00191000 08:01 17173832                   /usr/lib/x86_64-linux-gnu/libc-2.33.so
7fbb9c373000-7fbb9c376000 r--p 001dc000 08:01 17173832                   /usr/lib/x86_64-linux-gnu/libc-2.33.so
7fbb9c376000-7fbb9c379000 rw-p 001df000 08:01 17173832                   /usr/lib/x86_64-linux-gnu/libc-2.33.so
7fbb9c379000-7fbb9c382000 rw-p 00000000 00:00 0 
7fbb9c382000-7fbb9c383000 r-xp 00000000 00:00 0 
7fbb9c383000-7fbb9c385000 r--s 0000c000 08:01 17694801                   /usr/share/java/java-atk-wrapper.jar
7fbb9c385000-7fbb9c38d000 rw-s 00000000 08:01 27525632                   /tmp/hsperfdata_subes/46739
7fbb9c38d000-7fbb9c38f000 r--p 00000000 08:01 17190175                   /usr/lib/x86_64-linux-gnu/libnss_compat-2.33.so
7fbb9c38f000-7fbb9c396000 r-xp 00002000 08:01 17190175                   /usr/lib/x86_64-linux-gnu/libnss_compat-2.33.so
7fbb9c396000-7fbb9c397000 r--p 00009000 08:01 17190175                   /usr/lib/x86_64-linux-gnu/libnss_compat-2.33.so
7fbb9c397000-7fbb9c398000 r--p 00009000 08:01 17190175                   /usr/lib/x86_64-linux-gnu/libnss_compat-2.33.so
7fbb9c398000-7fbb9c399000 rw-p 0000a000 08:01 17190175                   /usr/lib/x86_64-linux-gnu/libnss_compat-2.33.so
7fbb9c399000-7fbb9c39a000 ---p 00000000 00:00 0 
7fbb9c39a000-7fbb9c39b000 r--p 00000000 00:00 0 
7fbb9c39b000-7fbb9c39c000 ---p 00000000 00:00 0 
7fbb9c39c000-7fbb9c39e000 r--p 00000000 08:01 21890241                   /usr/lib/jvm/java-16-openjdk-amd64/lib/libjimage.so
7fbb9c39e000-7fbb9c3a0000 r-xp 00002000 08:01 21890241                   /usr/lib/jvm/java-16-openjdk-amd64/lib/libjimage.so
7fbb9c3a0000-7fbb9c3a1000 r--p 00004000 08:01 21890241                   /usr/lib/jvm/java-16-openjdk-amd64/lib/libjimage.so
7fbb9c3a1000-7fbb9c3a2000 r--p 00004000 08:01 21890241                   /usr/lib/jvm/java-16-openjdk-amd64/lib/libjimage.so
7fbb9c3a2000-7fbb9c3a3000 rw-p 00005000 08:01 21890241                   /usr/lib/jvm/java-16-openjdk-amd64/lib/libjimage.so
7fbb9c3a3000-7fbb9c3a5000 r--p 00000000 08:01 21890242                   /usr/lib/jvm/java-16-openjdk-amd64/lib/libjli.so
7fbb9c3a5000-7fbb9c3af000 r-xp 00002000 08:01 21890242                   /usr/lib/jvm/java-16-openjdk-amd64/lib/libjli.so
7fbb9c3af000-7fbb9c3b2000 r--p 0000c000 08:01 21890242                   /usr/lib/jvm/java-16-openjdk-amd64/lib/libjli.so
7fbb9c3b2000-7fbb9c3b3000 r--p 0000e000 08:01 21890242                   /usr/lib/jvm/java-16-openjdk-amd64/lib/libjli.so
7fbb9c3b3000-7fbb9c3b4000 rw-p 0000f000 08:01 21890242                   /usr/lib/jvm/java-16-openjdk-amd64/lib/libjli.so
7fbb9c3b4000-7fbb9c3b6000 rw-p 00000000 00:00 0 
7fbb9c3b6000-7fbb9c3b7000 r--p 00000000 08:01 17174133                   /usr/lib/x86_64-linux-gnu/ld-2.33.so
7fbb9c3b7000-7fbb9c3de000 r-xp 00001000 08:01 17174133                   /usr/lib/x86_64-linux-gnu/ld-2.33.so
7fbb9c3de000-7fbb9c3e8000 r--p 00028000 08:01 17174133                   /usr/lib/x86_64-linux-gnu/ld-2.33.so
7fbb9c3e8000-7fbb9c3ea000 r--p 00031000 08:01 17174133                   /usr/lib/x86_64-linux-gnu/ld-2.33.so
7fbb9c3ea000-7fbb9c3ec000 rw-p 00033000 08:01 17174133                   /usr/lib/x86_64-linux-gnu/ld-2.33.so
7ffd503a6000-7ffd503c8000 rw-p 00000000 00:00 0                          [stack]
7ffd503f8000-7ffd503fc000 r--p 00000000 00:00 0                          [vvar]
7ffd503fc000-7ffd503fe000 r-xp 00000000 00:00 0                          [vdso]
ffffffffff600000-ffffffffff601000 --xp 00000000 00:00 0                  [vsyscall]


VM Arguments:
jvm_args: --add-opens=java.base/java.lang=ALL-UNNAMED -ea --illegal-access=permit --add-exports=java.base/jdk.internal.ref=ALL-UNNAMED --add-opens=java.base/jdk.internal.misc=ALL-UNNAMED --add-opens=java.base/java.nioc=ALL-UNNAMED -Dfile.encoding=UTF-8 -XX:+ShowCodeDetailsInExceptionMessages 
java_command: org.eclipse.jdt.internal.junit.runner.RemoteTestRunner -version 3 -port 46361 -testLoaderClass org.eclipse.jdt.internal.junit4.runner.JUnit4TestLoader -loaderpluginname org.eclipse.jdt.junit4.runtime -testNameFile /tmp/testNames17303065857598072901.txt
java_class_path (initial): /opt/subes/dev/Entwicklung/invesdwin/ezdb/ezdb-lmdb-jnr/target/test-classes:/opt/subes/dev/Entwicklung/invesdwin/ezdb/ezdb-lmdb-jnr/target/classes:/opt/subes/dev/Entwicklung/invesdwin/ezdb/ezdb-api/target/classes:/home/subes/.m2/repository/io/netty/netty-buffer/4.1.68.Final/netty-buffer-4.1.68.Final.jar:/home/subes/.m2/repository/io/netty/netty-common/4.1.68.Final/netty-common-4.1.68.Final.jar:/opt/subes/dev/Entwicklung/invesdwin/ezdb/ezdb-treemap/target/classes:/home/subes/.m2/repository/org/lmdbjava/lmdbjava/0.8.1/lmdbjava-0.8.1.jar:/home/subes/.m2/repository/com/github/jnr/jnr-constants/0.9.15/jnr-constants-0.9.15.jar:/home/subes/.m2/repository/com/github/jnr/jnr-ffi/2.1.15/jnr-ffi-2.1.15.jar:/home/subes/.m2/repository/com/github/jnr/jffi/1.2.23/jffi-1.2.23.jar:/home/subes/.m2/repository/com/github/jnr/jffi/1.2.23/jffi-1.2.23-native.jar:/home/subes/.m2/repository/org/ow2/asm/asm/7.1/asm-7.1.jar:/home/subes/.m2/repository/org/ow2/asm/asm-commons/7.1/asm-commons-7.1.jar:/home/subes/.m2/repository/org/ow2/asm/asm-analysis/7.1/asm-analysis-7.1.jar:/home/subes/.m2/repository/org/ow2/asm/asm-tree/7.1/asm-tree-7.1.jar:/home/subes/.m2/repository/org/ow2/asm/asm-util/7.1/asm-util-7.1.jar:/home/subes/.m2/repository/com/github/jnr/jnr-a64asm/1.0.0/jnr-a64asm-1.0.0.jar:/home/subes/.m2/repository/com/github/jnr/jnr-x86asm/1.0.2/jnr-x86asm-1.0.2.jar:/home/subes/.m2/repository/com/google/guava/guava/30.1.1-jre/guava-30.1.1-jre.jar:/home/subes/.m2/repository/com/google/guava/failureaccess/1.0.1/failureaccess-1.0.1.jar:/home/subes/.m2/repository/com/google/guava/listenablefuture/9999.0-empty-to-avoid-conflict-with-guava/listenablefuture-9999.0-empty-to-avoid-conflict-with-guava.jar:/home/subes/.m2/repository/com/google/code/findbugs/jsr305/3.0.2/jsr305-3.0.2.jar:/home/subes/.m2/repository/org/checkerframework/checker-qual/3.8.0/checker-qual-3.8.0.jar:/home/subes/.m2/repository/com/google/errorprone/error_prone_annotations/2.5.1/error_prone_annotations
Launcher Type: SUN_STANDARD

[Global flags]
     intx CICompilerCount                          = 12                                        {product} {ergonomic}
     uint ConcGCThreads                            = 3                                         {product} {ergonomic}
     uint G1ConcRefinementThreads                  = 13                                        {product} {ergonomic}
   size_t G1HeapRegionSize                         = 8388608                                   {product} {ergonomic}
    uintx GCDrainStackTargetSize                   = 64                                        {product} {ergonomic}
   size_t InitialHeapSize                          = 1056964608                                {product} {ergonomic}
   size_t MarkStackSize                            = 4194304                                   {product} {ergonomic}
   size_t MaxHeapSize                              = 16852713472                               {product} {ergonomic}
   size_t MaxNewSize                               = 10108272640                               {product} {ergonomic}
   size_t MinHeapDeltaBytes                        = 8388608                                   {product} {ergonomic}
   size_t MinHeapSize                              = 8388608                                   {product} {ergonomic}
    uintx NonNMethodCodeHeapSize                   = 7602480                                {pd product} {ergonomic}
    uintx NonProfiledCodeHeapSize                  = 122027880                              {pd product} {ergonomic}
    uintx ProfiledCodeHeapSize                     = 122027880                              {pd product} {ergonomic}
    uintx ReservedCodeCacheSize                    = 251658240                              {pd product} {ergonomic}
     bool SegmentedCodeCache                       = true                                      {product} {ergonomic}
     bool ShowCodeDetailsInExceptionMessages       = true                                   {manageable} {command line}
   size_t SoftMaxHeapSize                          = 16852713472                            {manageable} {ergonomic}
     bool UseCompressedClassPointers               = true                           {product lp64_product} {ergonomic}
     bool UseCompressedOops                        = true                           {product lp64_product} {ergonomic}
     bool UseG1GC                                  = true                                      {product} {ergonomic}

Logging:
Log output configuration:
 #0: stdout all=warning uptime,level,tags
 #1: stderr all=off uptime,level,tags

Environment Variables:
JAVA_HOME=/usr/lib/jvm/default-java/
PATH=/home/subes/.local/share/umake/bin:/usr/local/sbin:/usr/local/bin:/usr/sbin:/usr/bin:/sbin:/bin:/usr/games:/usr/local/games:/snap/bin:/snap/bin
USERNAME=subes
SHELL=/bin/bash
DISPLAY=:1
LANG=de_DE.UTF-8

Signal Handlers:
SIGSEGV: [libjvm.so+0xc78640], sa_mask[0]=11100100010111111101111111111110, sa_flags=SA_RESTART|SA_SIGINFO
SIGBUS: [libjvm.so+0xc78640], sa_mask[0]=11100100010111111101111111111110, sa_flags=SA_RESTART|SA_SIGINFO
SIGFPE: [libjvm.so+0xc78640], sa_mask[0]=11100100010111111101111111111110, sa_flags=SA_RESTART|SA_SIGINFO
SIGPIPE: [libjvm.so+0xb89950], sa_mask[0]=11100100010111111101111111111110, sa_flags=SA_RESTART|SA_SIGINFO
SIGXFSZ: [libjvm.so+0xb89950], sa_mask[0]=11100100010111111101111111111110, sa_flags=SA_RESTART|SA_SIGINFO
SIGILL: [libjvm.so+0xc78640], sa_mask[0]=11100100010111111101111111111110, sa_flags=SA_RESTART|SA_SIGINFO
SIGUSR2: [libjvm.so+0xb846f0], sa_mask[0]=00100000000000000000000000000000, sa_flags=SA_RESTART|SA_SIGINFO
SIGHUP: [libjvm.so+0xb84030], sa_mask[0]=11100100010111111101111111111110, sa_flags=SA_RESTART|SA_SIGINFO
SIGINT: [libjvm.so+0xb84030], sa_mask[0]=11100100010111111101111111111110, sa_flags=SA_RESTART|SA_SIGINFO
SIGTERM: [libjvm.so+0xb84030], sa_mask[0]=11100100010111111101111111111110, sa_flags=SA_RESTART|SA_SIGINFO
SIGQUIT: [libjvm.so+0xb84030], sa_mask[0]=11100100010111111101111111111110, sa_flags=SA_RESTART|SA_SIGINFO
SIGTRAP: [libjvm.so+0xc78640], sa_mask[0]=11100100010111111101111111111110, sa_flags=SA_RESTART|SA_SIGINFO


---------------  S Y S T E M  ---------------

OS:
DISTRIB_ID=Ubuntu
DISTRIB_RELEASE=21.04
DISTRIB_CODENAME=hirsute
DISTRIB_DESCRIPTION="Ubuntu 21.04"
uname: Linux 5.11.0-31-generic #33-Ubuntu SMP Wed Aug 11 13:19:04 UTC 2021 x86_64
OS uptime: 0 days 6:03 hours
libc: glibc 2.33 NPTL 2.33 
rlimit (soft/hard): STACK 8192k/infinity , CORE 0k/infinity , NPROC 256775/256775 , NOFILE 524288/524288 , AS infinity/infinity , CPU infinity/infinity , DATA infinity/infinity , FSIZE infinity/infinity , MEMLOCK 8225217k/8225217k
load average: 3,66 2,02 1,44

/proc/meminfo:
MemTotal:       65801736 kB
MemFree:        41727676 kB
MemAvailable:   50234980 kB
Buffers:         1006692 kB
Cached:          7600520 kB
SwapCached:            0 kB
Active:          3203452 kB
Inactive:       19485524 kB
Active(anon):       8752 kB
Inactive(anon): 14202464 kB
Active(file):    3194700 kB
Inactive(file):  5283060 kB
Unevictable:         416 kB
Mlocked:             416 kB
SwapTotal:      34282492 kB
SwapFree:       34282492 kB
Dirty:              6848 kB
Writeback:             0 kB
AnonPages:      14081616 kB
Mapped:          1261592 kB
Shmem:            136120 kB
KReclaimable:     762316 kB
Slab:             979276 kB
SReclaimable:     762316 kB
SUnreclaim:       216960 kB
KernelStack:       32096 kB
PageTables:        93124 kB
NFS_Unstable:          0 kB
Bounce:                0 kB
WritebackTmp:          0 kB
CommitLimit:    67183360 kB
Committed_AS:   23930116 kB
VmallocTotal:   34359738367 kB
VmallocUsed:      107224 kB
VmallocChunk:          0 kB
Percpu:            16512 kB
HardwareCorrupted:     0 kB
AnonHugePages:         0 kB
ShmemHugePages:        0 kB
ShmemPmdMapped:        0 kB
FileHugePages:         0 kB
FilePmdMapped:         0 kB
HugePages_Total:       0
HugePages_Free:        0
HugePages_Rsvd:        0
HugePages_Surp:        0
Hugepagesize:       2048 kB
Hugetlb:               0 kB
DirectMap4k:      995564 kB
DirectMap2M:    28309504 kB
DirectMap1G:    38797312 kB

/sys/kernel/mm/transparent_hugepage/enabled: always [madvise] never
/sys/kernel/mm/transparent_hugepage/defrag (defrag/compaction efforts parameter): always defer defer+madvise [madvise] never

Process Memory:
Virtual Size: 976531928K (peak: 1112083128K)
Resident Set Size: 664112K (peak: 664112K) (anon: 627832K, file: 36280K, shmem: 0K)
Swapped out: 0K
C-Heap outstanding allocations: 123961K

/proc/sys/kernel/threads-max (system-wide limit on the number of threads): 513551
/proc/sys/vm/max_map_count (maximum number of memory map areas a process may have): 65530
/proc/sys/kernel/pid_max (system-wide limit on number of process identifiers): 4194304

container (cgroup) information:
container_type: cgroupv1
cpu_cpuset_cpus: 0-15
cpu_memory_nodes: 0
active_processor_count: 16
cpu_quota: no quota
cpu_period: 100000
cpu_shares: no shares
memory_limit_in_bytes: unlimited
memory_and_swap_limit_in_bytes: unlimited
memory_soft_limit_in_bytes: unlimited
memory_usage_in_bytes: 22156664832
memory_max_usage_in_bytes: 29731770368

Steal ticks since vm start: 0
Steal ticks percentage since vm start:  0,000

CPU: total 16 (initial active 16) (8 cores per cpu, 2 threads per core) family 6 model 158 stepping 12 microcode 0xea, cx8, cmov, fxsr, ht, mmx, 3dnowpref, sse, sse2, sse3, ssse3, sse4.1, sse4.2, popcnt, lzcnt, tsc, tscinvbit, avx, avx2, aes, erms, clmul, bmi1, bmi2, rtm, adx, fma, vzeroupper, clflush, clflushopt
CPU Model and flags from /proc/cpuinfo:
model name	: Intel(R) Core(TM) i9-9900K CPU @ 3.60GHz
flags		: fpu vme de pse tsc msr pae mce cx8 apic sep mtrr pge mca cmov pat pse36 clflush dts acpi mmx fxsr sse sse2 ss ht tm pbe syscall nx pdpe1gb rdtscp lm constant_tsc art arch_perfmon pebs bts rep_good nopl xtopology nonstop_tsc cpuid aperfmperf pni pclmulqdq dtes64 monitor ds_cpl vmx smx est tm2 ssse3 sdbg fma cx16 xtpr pdcm pcid sse4_1 sse4_2 x2apic movbe popcnt tsc_deadline_timer aes xsave avx f16c rdrand lahf_lm abm 3dnowprefetch cpuid_fault epb invpcid_single ssbd ibrs ibpb stibp tpr_shadow vnmi flexpriority ept vpid ept_ad fsgsbase tsc_adjust bmi1 hle avx2 smep bmi2 erms invpcid rtm mpx rdseed adx smap clflushopt intel_pt xsaveopt xsavec xgetbv1 xsaves dtherm ida arat pln pts hwp hwp_notify hwp_act_window hwp_epp md_clear flush_l1d arch_capabilities

Online cpus: 0-15
Offline cpus: 
BIOS frequency limitation: <Not Available>
Frequency switch latency (ns): 0
Available cpu frequencies: <Not Available>
Current governor: powersave
Core performance/turbo boost: <Not Available>

Memory: 4k page, physical 65801736k(41727676k free), swap 34282492k(34282492k free)

vm_info: OpenJDK 64-Bit Server VM (16.0.1+9-Ubuntu-1) for linux-amd64 JRE (16.0.1+9-Ubuntu-1), built on Apr 21 2021 04:27:46 by "unknown" with gcc 10.3.0

END.
