#
# A fatal error has been detected by the Java Runtime Environment:
#
#  SIGSEGV (0xb) at pc=0x00007fdf08eb5aaf, pid=46925, tid=46940
#
# JRE version: OpenJDK Runtime Environment (16.0.1+9) (build 16.0.1+9-Ubuntu-1)
# Java VM: OpenJDK 64-Bit Server VM (16.0.1+9-Ubuntu-1, mixed mode, sharing, tiered, compressed oops, compressed class ptrs, g1 gc, linux-amd64)
# Problematic frame:
# C  [lmdbjava-native-library-13731935872994512574.so+0x3aaf]  mdb_txn_end+0x11f
#
# Core dump will be written. Default location: Core dumps may be processed with "/usr/share/apport/apport %p %s %c %d %P %E" (or dumping to /opt/subes/dev/Entwicklung/invesdwin/ezdb/ezdb-lmdb-jnr/core.46925)
#
# If you would like to submit a bug report, please visit:
#   Unknown
# The crash happened outside the Java Virtual Machine in native code.
# See problematic frame for where to report the bug.
#

---------------  S U M M A R Y ------------

Command Line: --add-opens=java.base/java.lang=ALL-UNNAMED -ea --illegal-access=permit --add-exports=java.base/jdk.internal.ref=ALL-UNNAMED --add-opens=java.base/jdk.internal.misc=ALL-UNNAMED --add-opens=java.base/java.nioc=ALL-UNNAMED -Dfile.encoding=UTF-8 -XX:+ShowCodeDetailsInExceptionMessages org.eclipse.jdt.internal.junit.runner.RemoteTestRunner -version 3 -port 40161 -testLoaderClass org.eclipse.jdt.internal.junit4.runner.JUnit4TestLoader -loaderpluginname org.eclipse.jdt.junit4.runtime -testNameFile /tmp/testNames860652043881570975.txt

Host: Intel(R) Core(TM) i9-9900K CPU @ 3.60GHz, 16 cores, 62G, Ubuntu 21.04
Time: Sun Sep 12 19:51:17 2021 CEST elapsed time: 1.208956 seconds (0d 0h 0m 1s)

---------------  T H R E A D  ---------------

Current thread (0x00007fdf581e8d80):  JavaThread "Finalizer" daemon [_thread_in_native, id=46940, stack(0x00007fdf0a6ff000,0x00007fdf0a800000)]

Stack: [0x00007fdf0a6ff000,0x00007fdf0a800000],  sp=0x00007fdf0a7fe6f0,  free space=1021k
Native frames: (J=compiled Java code, A=aot compiled Java code, j=interpreted, Vv=VM code, C=native code)
C  [lmdbjava-native-library-13731935872994512574.so+0x3aaf]  mdb_txn_end+0x11f

Java frames: (J=compiled Java code, j=interpreted, Vv=VM code)
J 3246  org.lmdbjava.Library$Lmdb$jnr$ffi$0.mdb_txn_abort$jni$28(J)V (0 bytes) @ 0x00007fdf482542f1 [0x00007fdf482542a0+0x0000000000000051]
J 3254 c1 org.lmdbjava.Library$Lmdb$jnr$ffi$0.mdb_txn_abort(Ljnr/ffi/Pointer;)V (66 bytes) @ 0x00007fdf4120801c [0x00007fdf41207c80+0x000000000000039c]
J 3454 c1 org.lmdbjava.Txn.close()V (48 bytes) @ 0x00007fdf4125bdfc [0x00007fdf4125bd60+0x000000000000009c]
J 3471 c1 ezdb.lmdb.util.LmDBJnrDBIterator.finalize()V (9 bytes) @ 0x00007fdf41261cc4 [0x00007fdf41261c40+0x0000000000000084]
J 3464 c1 java.lang.ref.Finalizer.runFinalizer(Ljdk/internal/access/JavaLangAccess;)V java.base@16.0.1 (131 bytes) @ 0x00007fdf41260994 [0x00007fdf41260700+0x0000000000000294]
j  java.lang.ref.Finalizer$FinalizerThread.run()V+46 java.base@16.0.1
v  ~StubRoutines::call_stub

siginfo: si_signo: 11 (SIGSEGV), si_code: 1 (SEGV_MAPERR), si_addr: 0x00007f9debfff080

Register to memory mapping:

RAX=0x00000000000a0000 is an unknown value
RBX=0x0000000000000001 is an unknown value
RCX=0x0000000000200022 is an unknown value
RDX=0x00007f9debfff080 is an unknown value
RSP=0x00007fdf0a7fe6f0 is pointing into the stack for thread: 0x00007fdf581e8d80
RBP=0xfffffffffffffffe is an unknown value
RSI=0x0 is NULL
RDI=0x00007fdf587e4750 points into unknown readable memory: 0x0000000000000000 | 00 00 00 00 00 00 00 00
R8 =0x0000000000000003 is an unknown value
R9 =2188378770 is a compressed pointer to object: java.lang.ThreadLocal$SuppliedThreadLocal 
{0x0000000413801490} - klass: 'java/lang/ThreadLocal$SuppliedThreadLocal'
R10=0x00007fdf482542f1 is at entry_point+81 in (nmethod*)0x00007fdf48254110
R11=0x0000000000000034 is an unknown value
R12=0x0000000000000060 is an unknown value
R13=0x00007fdf587e4750 points into unknown readable memory: 0x0000000000000000 | 00 00 00 00 00 00 00 00
R14=0x00007fdf587e43f0 points into unknown readable memory: 0x000000080001e0f0 | f0 e0 01 00 08 00 00 00
R15=0x00007fdf587e4868 points into unknown readable memory: 0x0000000000181808 | 08 18 18 00 00 00 00 00


Registers:
RAX=0x00000000000a0000, RBX=0x0000000000000001, RCX=0x0000000000200022, RDX=0x00007f9debfff080
RSP=0x00007fdf0a7fe6f0, RBP=0xfffffffffffffffe, RSI=0x0000000000000000, RDI=0x00007fdf587e4750
R8 =0x0000000000000003, R9 =0x0000000082700292, R10=0x00007fdf482542f1, R11=0x0000000000000034
R12=0x0000000000000060, R13=0x00007fdf587e4750, R14=0x00007fdf587e43f0, R15=0x00007fdf587e4868
RIP=0x00007fdf08eb5aaf, EFLAGS=0x0000000000010246, CSGSFS=0x002b000000000033, ERR=0x0000000000000006
  TRAPNO=0x000000000000000e

Top of Stack: (sp=0x00007fdf0a7fe6f0)
0x00007fdf0a7fe6f0:   00007fdf581e8d80 00007fdf5dcdc7a8
0x00007fdf0a7fe700:   00007fdf0a7fe700 00007fdf090d37b4
0x00007fdf0a7fe710:   00007fdf0a7fe768 0000000000000000
0x00007fdf0a7fe720:   00007fdf0a7fe7a0 0000000000000000 

Instructions: (pc=0x00007fdf08eb5aaf)
0x00007fdf08eb59af:   20 4c 8b 7f 70 4b 8d 14 24 41 8d 5c 24 ff 4d 89
0x00007fdf08eb59bf:   e0 49 01 d4 48 63 db 49 c1 e4 04 49 83 ec 30 eb
0x00007fdf08eb59cf:   25 4d 8b 4d 58 49 8b be 90 00 00 00 41 0f b7 44
0x00007fdf08eb59df:   01 04 48 01 d7 66 0d 00 80 66 89 44 3d fe 48 83
0x00007fdf08eb59ef:   eb 01 48 83 ed 02 83 fb 01 0f 8e 8a 00 00 00 41
0x00007fdf08eb59ff:   f6 04 1f 04 74 e8 48 8d 44 6d 00 85 f6 49 8d 04
0x00007fdf08eb5a0f:   c4 75 be 49 03 86 88 00 00 00 48 8b 78 08 48 85
0x00007fdf08eb5a1f:   ff 74 cb 48 c7 40 08 00 00 00 00 48 c7 00 00 00
0x00007fdf08eb5a2f:   00 00 4c 8d 0c 2a 49 8b 86 90 00 00 00 89 4c 24
0x00007fdf08eb5a3f:   1c 31 c9 44 89 44 24 18 89 74 24 14 48 89 54 24
0x00007fdf08eb5a4f:   08 48 01 d0 66 89 4c 05 fe 49 8b 86 98 00 00 00
0x00007fdf08eb5a5f:   42 83 44 48 fc 01 e8 a6 ec ff ff 8b 4c 24 1c 44
0x00007fdf08eb5a6f:   8b 44 24 18 8b 74 24 14 48 8b 54 24 08 e9 6c ff
0x00007fdf08eb5a7f:   ff ff 0f 1f 80 00 00 00 00 85 f6 74 0a 45 3b 46
0x00007fdf08eb5a8f:   20 76 04 45 89 46 20 41 8b 45 7c a9 00 00 02 00
0x00007fdf08eb5a9f:   74 5f 49 8b 55 48 48 85 d2 74 25 41 f6 46 0e 20
0x00007fdf08eb5aaf:   48 c7 02 ff ff ff ff 74 0f f7 c1 00 00 20 00 74
0x00007fdf08eb5abf:   0f c7 42 08 00 00 00 00 49 c7 45 48 00 00 00 00
0x00007fdf08eb5acf:   83 c8 01 41 c7 45 78 00 00 00 00 83 e1 20 41 89
0x00007fdf08eb5adf:   45 7c 85 c9 0f 85 b0 00 00 00 48 83 c4 28 5b 5d
0x00007fdf08eb5aef:   41 5c 41 5d 41 5e 41 5f c3 0f 1f 84 00 00 00 00
0x00007fdf08eb5aff:   00 a8 01 0f 85 a8 00 00 00 f6 c1 10 49 8b 9e b0
0x00007fdf08eb5b0f:   00 00 00 0f 84 a8 00 00 00 41 f6 46 0e 08 0f 84
0x00007fdf08eb5b1f:   bd 00 00 00 48 b8 00 00 00 00 01 00 00 00 49 89
0x00007fdf08eb5b2f:   45 78 49 8b 45 00 48 85 c0 0f 84 12 01 00 00 f3
0x00007fdf08eb5b3f:   41 0f 6f 85 88 00 00 00 83 60 7c ef 48 c7 40 08
0x00007fdf08eb5b4f:   00 00 00 00 49 8b 7d 28 89 4c 24 08 41 0f 11 86
0x00007fdf08eb5b5f:   b0 00 00 00 e8 58 ec ff ff 49 8b 7d 40 e8 4f ec
0x00007fdf08eb5b6f:   ff ff 49 8b 7d 48 e8 96 eb ff ff 8b 4c 24 08 48
0x00007fdf08eb5b7f:   89 df 83 e1 20 89 4c 24 08 e8 33 ec ff ff 8b 4c
0x00007fdf08eb5b8f:   24 08 85 c9 0f 84 50 ff ff ff 48 83 c4 28 4c 89
0x00007fdf08eb5b9f:   ef 5b 5d 41 5c 41 5d 41 5e 41 5f e9 61 eb ff ff 


Stack slot to memory mapping:
stack at sp + 0 slots: 0x00007fdf581e8d80 is a thread
stack at sp + 1 slots: 0x00007fdf5dcdc7a8: cfree+0x0000000000000068 in /lib/x86_64-linux-gnu/libc.so.6 at 0x00007fdf5dc45000
stack at sp + 2 slots: 0x00007fdf0a7fe700 is pointing into the stack for thread: 0x00007fdf581e8d80
stack at sp + 3 slots: 0x00007fdf090d37b4: jffi_save_errno+0x0000000000000024 in /tmp/jffi7221914195448598121.so at 0x00007fdf090c8000
stack at sp + 4 slots: 0x00007fdf0a7fe768 is pointing into the stack for thread: 0x00007fdf581e8d80
stack at sp + 5 slots: 0x0 is NULL
stack at sp + 6 slots: 0x00007fdf0a7fe7a0 is pointing into the stack for thread: 0x00007fdf581e8d80
stack at sp + 7 slots: 0x0 is NULL


---------------  P R O C E S S  ---------------

Threads class SMR info:
_java_thread_list=0x00007fbea40064a0, length=31, elements={
0x00007fdf58011610, 0x00007fdf581e7800, 0x00007fdf581e8d80, 0x00007fdf581ed630,
0x00007fdf581eeb80, 0x00007fdf581f00a0, 0x00007fdf581f1c00, 0x00007fdf581fb250,
0x00007fdf581fc7f0, 0x00007fdedc064430, 0x00007fdedc065700, 0x00007fdf582326e0,
0x00007fdf58235290, 0x00007fdf58339900, 0x00007fdedc185480, 0x00007fded41143e0,
0x00007fdf584c6750, 0x00007fdebc0f6a80, 0x00007fdedc378820, 0x00007fdebc0f8570,
0x00007fded438a570, 0x00007fdec07271d0, 0x00007fdec07284f0, 0x00007fdf58dde610,
0x00007fdf58ddec20, 0x00007fdf58df5560, 0x00007fdf58df7690, 0x00007fdf58df8700,
0x00007fdf58dfa960, 0x00007fdf58dfb980, 0x00007fdf58dfc9a0
}

Java Threads: ( => current thread )
  0x00007fdf58011610 JavaThread "main" [_thread_blocked, id=46931, stack(0x00007fdf5c5a2000,0x00007fdf5c6a3000)]
  0x00007fdf581e7800 JavaThread "Reference Handler" daemon [_thread_blocked, id=46939, stack(0x00007fdf0b012000,0x00007fdf0b113000)]
=>0x00007fdf581e8d80 JavaThread "Finalizer" daemon [_thread_in_native, id=46940, stack(0x00007fdf0a6ff000,0x00007fdf0a800000)]
  0x00007fdf581ed630 JavaThread "Signal Dispatcher" daemon [_thread_blocked, id=46941, stack(0x00007fdf0a031000,0x00007fdf0a132000)]
  0x00007fdf581eeb80 JavaThread "Service Thread" daemon [_thread_blocked, id=46942, stack(0x00007fdf09f30000,0x00007fdf0a031000)]
  0x00007fdf581f00a0 JavaThread "Monitor Deflation Thread" daemon [_thread_blocked, id=46943, stack(0x00007fdf09e2f000,0x00007fdf09f30000)]
  0x00007fdf581f1c00 JavaThread "C2 CompilerThread0" daemon [_thread_in_native, id=46944, stack(0x00007fdf09d2e000,0x00007fdf09e2f000)]
  0x00007fdf581fb250 JavaThread "C1 CompilerThread0" daemon [_thread_blocked, id=46945, stack(0x00007fdf09c2d000,0x00007fdf09d2e000)]
  0x00007fdf581fc7f0 JavaThread "Sweeper thread" daemon [_thread_blocked, id=46946, stack(0x00007fdf09b2c000,0x00007fdf09c2d000)]
  0x00007fdedc064430 JavaThread "C1 CompilerThread1" daemon [_thread_blocked, id=46947, stack(0x00007fdf09a2b000,0x00007fdf09b2c000)]
  0x00007fdedc065700 JavaThread "C1 CompilerThread2" daemon [_thread_blocked, id=46948, stack(0x00007fdf0992a000,0x00007fdf09a2b000)]
  0x00007fdf582326e0 JavaThread "Common-Cleaner" daemon [_thread_blocked, id=46949, stack(0x00007fdf09829000,0x00007fdf0992a000)]
  0x00007fdf58235290 JavaThread "Notification Thread" daemon [_thread_blocked, id=46950, stack(0x00007fdf09728000,0x00007fdf09829000)]
  0x00007fdf58339900 JavaThread "ReaderThread" [_thread_in_native, id=46952, stack(0x00007fdf094dc000,0x00007fdf095dd000)]
  0x00007fdedc185480 JavaThread "C1 CompilerThread3" daemon [_thread_blocked, id=46953, stack(0x00007fdf093db000,0x00007fdf094dc000)]
  0x00007fded41143e0 JavaThread "C2 CompilerThread1" daemon [_thread_in_native, id=46954, stack(0x00007fdf092da000,0x00007fdf093db000)]
  0x00007fdf584c6750 JavaThread "jnr.ffi.util.ref.internal.Finalizer" daemon [_thread_blocked, id=46955, stack(0x00007fdf08aaf000,0x00007fdf08bb0000)]
  0x00007fdebc0f6a80 JavaThread "C2 CompilerThread2" daemon [_thread_in_vm, id=46956, stack(0x00007fdf089ae000,0x00007fdf08aaf000)]
  0x00007fdedc378820 JavaThread "C2 CompilerThread3" daemon [_thread_in_native, id=46957, stack(0x00007fdf088ad000,0x00007fdf089ae000)]
  0x00007fdebc0f8570 JavaThread "C2 CompilerThread4" daemon [_thread_in_native, id=46958, stack(0x00007fdf087ac000,0x00007fdf088ad000)]
  0x00007fded438a570 JavaThread "C2 CompilerThread5" daemon [_thread_in_native, id=46971, stack(0x00007fbe3a0fa000,0x00007fbe3a1fb000)]
  0x00007fdec07271d0 JavaThread "C2 CompilerThread6" daemon [_thread_in_native, id=46972, stack(0x00007fbe39ff9000,0x00007fbe3a0fa000)]
  0x00007fdec07284f0 JavaThread "C2 CompilerThread7" daemon [_thread_in_native, id=46973, stack(0x00007fbe39ef8000,0x00007fbe39ff9000)]
  0x00007fdf58dde610 JavaThread "Thread-0" [_thread_in_Java, id=46975, stack(0x00007fdf08da1000,0x00007fdf08ea2000)]
  0x00007fdf58ddec20 JavaThread "Thread-1" [_thread_in_Java, id=46976, stack(0x00007fdf08c87000,0x00007fdf08d88000)]
  0x00007fdf58df5560 JavaThread "Thread-2" [_thread_in_Java, id=46977, stack(0x00007fdeb8cff000,0x00007fdeb8e00000)]
  0x00007fdf58df7690 JavaThread "Thread-4" [_thread_in_Java, id=46979, stack(0x00007fdeb8afd000,0x00007fdeb8bfe000)]
  0x00007fdf58df8700 
[error occurred during error reporting (printing all threads), id 0xb, SIGSEGV (0xb) at pc=0x0000000000000000]

VM state: not at safepoint (normal execution)

VM Mutex/Monitor currently owned by a thread: None

Heap address: 0x0000000413800000, size: 16072 MB, Compressed Oops mode: Zero based, Oop shift amount: 3

CDS archive(s) mapped at: [0x0000000800000000-0x0000000800bf9000-0x0000000800bf9000), size 12554240, SharedBaseAddress: 0x0000000800000000, ArchiveRelocationMode: 0.
Compressed class space mapped at: 0x0000000800c00000-0x0000000840c00000, reserved size: 1073741824
Narrow klass base: 0x0000000800000000, Narrow klass shift: 3, Narrow klass range: 0x100000000

GC Precious Log:
 CPUs: 16 total, 16 available
 Memory: 64259M
 Large Page Support: Disabled
 NUMA Support: Disabled
 Compressed Oops: Enabled (Zero based)
 Heap Region Size: 8M
 Heap Min Capacity: 8M
 Heap Initial Capacity: 1008M
 Heap Max Capacity: 16072M
 Pre-touch: Disabled
 Parallel Workers: 13
 Concurrent Workers: 3
 Concurrent Refinement Workers: 13
 Periodic GC: Disabled

Heap:
 garbage-first heap   total 1048576K, used 297795K [0x0000000413800000, 0x0000000800000000)
  region size 8192K, 6 young (49152K), 1 survivors (8192K)
 Metaspace       used 11402K, committed 11584K, reserved 1064960K
  class space    used 1098K, committed 1152K, reserved 1048576K

Heap Regions: E=young(eden), S=young(survivor), O=old, HS=humongous(starts), HC=humongous(continues), CS=collection set, F=free, OA=open archive, CA=closed archive, TAMS=top-at-mark-start (previous, next)
|   0|0x0000000413800000, 0x0000000413cf1600, 0x0000000414000000| 61%| O|  |TAMS 0x0000000413800000, 0x0000000413800000| Untracked 
|   1|0x0000000414000000, 0x0000000414800000, 0x0000000414800000|100%|HS|  |TAMS 0x0000000414000000, 0x0000000414000000| Complete 
|   2|0x0000000414800000, 0x0000000415000000, 0x0000000415000000|100%|HC|  |TAMS 0x0000000414800000, 0x0000000414800000| Complete 
|   3|0x0000000415000000, 0x0000000415800000, 0x0000000415800000|100%|HC|  |TAMS 0x0000000415000000, 0x0000000415000000| Complete 
|   4|0x0000000415800000, 0x0000000416000000, 0x0000000416000000|100%|HS|  |TAMS 0x0000000415800000, 0x0000000415800000| Complete 
|   5|0x0000000416000000, 0x0000000416800000, 0x0000000416800000|100%|HC|  |TAMS 0x0000000416000000, 0x0000000416000000| Complete 
|   6|0x0000000416800000, 0x0000000417000000, 0x0000000417000000|100%|HC|  |TAMS 0x0000000416800000, 0x0000000416800000| Complete 
|   7|0x0000000417000000, 0x0000000417800000, 0x0000000417800000|100%|HS|  |TAMS 0x0000000417000000, 0x0000000417000000| Complete 
|   8|0x0000000417800000, 0x0000000418000000, 0x0000000418000000|100%|HC|  |TAMS 0x0000000417800000, 0x0000000417800000| Complete 
|   9|0x0000000418000000, 0x0000000418800000, 0x0000000418800000|100%|HC|  |TAMS 0x0000000418000000, 0x0000000418000000| Complete 
|  10|0x0000000418800000, 0x0000000419000000, 0x0000000419000000|100%|HS|  |TAMS 0x0000000418800000, 0x0000000418800000| Complete 
|  11|0x0000000419000000, 0x0000000419800000, 0x0000000419800000|100%|HC|  |TAMS 0x0000000419000000, 0x0000000419000000| Complete 
|  12|0x0000000419800000, 0x000000041a000000, 0x000000041a000000|100%|HC|  |TAMS 0x0000000419800000, 0x0000000419800000| Complete 
|  13|0x000000041a000000, 0x000000041a800000, 0x000000041a800000|100%|HS|  |TAMS 0x000000041a000000, 0x000000041a000000| Complete 
|  14|0x000000041a800000, 0x000000041b000000, 0x000000041b000000|100%|HC|  |TAMS 0x000000041a800000, 0x000000041a800000| Complete 
|  15|0x000000041b000000, 0x000000041b800000, 0x000000041b800000|100%|HC|  |TAMS 0x000000041b000000, 0x000000041b000000| Complete 
|  16|0x000000041b800000, 0x000000041c000000, 0x000000041c000000|100%|HS|  |TAMS 0x000000041b800000, 0x000000041b800000| Complete 
|  17|0x000000041c000000, 0x000000041c800000, 0x000000041c800000|100%|HC|  |TAMS 0x000000041c000000, 0x000000041c000000| Complete 
|  18|0x000000041c800000, 0x000000041d000000, 0x000000041d000000|100%|HC|  |TAMS 0x000000041c800000, 0x000000041c800000| Complete 
|  19|0x000000041d000000, 0x000000041d800000, 0x000000041d800000|100%|HS|  |TAMS 0x000000041d000000, 0x000000041d000000| Complete 
|  20|0x000000041d800000, 0x000000041e000000, 0x000000041e000000|100%|HC|  |TAMS 0x000000041d800000, 0x000000041d800000| Complete 
|  21|0x000000041e000000, 0x000000041e800000, 0x000000041e800000|100%|HC|  |TAMS 0x000000041e000000, 0x000000041e000000| Complete 
|  22|0x000000041e800000, 0x000000041f000000, 0x000000041f000000|100%|HS|  |TAMS 0x000000041e800000, 0x000000041e800000| Complete 
|  23|0x000000041f000000, 0x000000041f800000, 0x000000041f800000|100%|HC|  |TAMS 0x000000041f000000, 0x000000041f000000| Complete 
|  24|0x000000041f800000, 0x0000000420000000, 0x0000000420000000|100%|HC|  |TAMS 0x000000041f800000, 0x000000041f800000| Complete 
|  25|0x0000000420000000, 0x0000000420800000, 0x0000000420800000|100%|HS|  |TAMS 0x0000000420000000, 0x0000000420000000| Complete 
|  26|0x0000000420800000, 0x0000000421000000, 0x0000000421000000|100%|HC|  |TAMS 0x0000000420800000, 0x0000000420800000| Complete 
|  27|0x0000000421000000, 0x0000000421800000, 0x0000000421800000|100%|HC|  |TAMS 0x0000000421000000, 0x0000000421000000| Complete 
|  28|0x0000000421800000, 0x0000000422000000, 0x0000000422000000|100%|HS|  |TAMS 0x0000000421800000, 0x0000000421800000| Complete 
|  29|0x0000000422000000, 0x0000000422800000, 0x0000000422800000|100%|HC|  |TAMS 0x0000000422000000, 0x0000000422000000| Complete 
|  30|0x0000000422800000, 0x0000000423000000, 0x0000000423000000|100%|HC|  |TAMS 0x0000000422800000, 0x0000000422800000| Complete 
|  31|0x0000000423000000, 0x0000000423000000, 0x0000000423800000|  0%| F|  |TAMS 0x0000000423000000, 0x0000000423000000| Untracked 
|  32|0x0000000423800000, 0x0000000423800000, 0x0000000424000000|  0%| F|  |TAMS 0x0000000423800000, 0x0000000423800000| Untracked 
|  33|0x0000000424000000, 0x0000000424000000, 0x0000000424800000|  0%| F|  |TAMS 0x0000000424000000, 0x0000000424000000| Untracked 
|  34|0x0000000424800000, 0x0000000424800000, 0x0000000425000000|  0%| F|  |TAMS 0x0000000424800000, 0x0000000424800000| Untracked 
|  35|0x0000000425000000, 0x0000000425000000, 0x0000000425800000|  0%| F|  |TAMS 0x0000000425000000, 0x0000000425000000| Untracked 
|  36|0x0000000425800000, 0x0000000425800000, 0x0000000426000000|  0%| F|  |TAMS 0x0000000425800000, 0x0000000425800000| Untracked 
|  37|0x0000000426000000, 0x0000000426000000, 0x0000000426800000|  0%| F|  |TAMS 0x0000000426000000, 0x0000000426000000| Untracked 
|  38|0x0000000426800000, 0x0000000426800000, 0x0000000427000000|  0%| F|  |TAMS 0x0000000426800000, 0x0000000426800000| Untracked 
|  39|0x0000000427000000, 0x0000000427000000, 0x0000000427800000|  0%| F|  |TAMS 0x0000000427000000, 0x0000000427000000| Untracked 
|  40|0x0000000427800000, 0x0000000427800000, 0x0000000428000000|  0%| F|  |TAMS 0x0000000427800000, 0x0000000427800000| Untracked 
|  41|0x0000000428000000, 0x0000000428000000, 0x0000000428800000|  0%| F|  |TAMS 0x0000000428000000, 0x0000000428000000| Untracked 
|  42|0x0000000428800000, 0x0000000428800000, 0x0000000429000000|  0%| F|  |TAMS 0x0000000428800000, 0x0000000428800000| Untracked 
|  43|0x0000000429000000, 0x0000000429000000, 0x0000000429800000|  0%| F|  |TAMS 0x0000000429000000, 0x0000000429000000| Untracked 
|  44|0x0000000429800000, 0x0000000429800000, 0x000000042a000000|  0%| F|  |TAMS 0x0000000429800000, 0x0000000429800000| Untracked 
|  45|0x000000042a000000, 0x000000042a000000, 0x000000042a800000|  0%| F|  |TAMS 0x000000042a000000, 0x000000042a000000| Untracked 
|  46|0x000000042a800000, 0x000000042a800000, 0x000000042b000000|  0%| F|  |TAMS 0x000000042a800000, 0x000000042a800000| Untracked 
|  47|0x000000042b000000, 0x000000042b000000, 0x000000042b800000|  0%| F|  |TAMS 0x000000042b000000, 0x000000042b000000| Untracked 
|  48|0x000000042b800000, 0x000000042b800000, 0x000000042c000000|  0%| F|  |TAMS 0x000000042b800000, 0x000000042b800000| Untracked 
|  49|0x000000042c000000, 0x000000042c000000, 0x000000042c800000|  0%| F|  |TAMS 0x000000042c000000, 0x000000042c000000| Untracked 
|  50|0x000000042c800000, 0x000000042c800000, 0x000000042d000000|  0%| F|  |TAMS 0x000000042c800000, 0x000000042c800000| Untracked 
|  51|0x000000042d000000, 0x000000042d000000, 0x000000042d800000|  0%| F|  |TAMS 0x000000042d000000, 0x000000042d000000| Untracked 
|  52|0x000000042d800000, 0x000000042d800000, 0x000000042e000000|  0%| F|  |TAMS 0x000000042d800000, 0x000000042d800000| Untracked 
|  53|0x000000042e000000, 0x000000042e000000, 0x000000042e800000|  0%| F|  |TAMS 0x000000042e000000, 0x000000042e000000| Untracked 
|  54|0x000000042e800000, 0x000000042e800000, 0x000000042f000000|  0%| F|  |TAMS 0x000000042e800000, 0x000000042e800000| Untracked 
|  55|0x000000042f000000, 0x000000042f000000, 0x000000042f800000|  0%| F|  |TAMS 0x000000042f000000, 0x000000042f000000| Untracked 
|  56|0x000000042f800000, 0x000000042f800000, 0x0000000430000000|  0%| F|  |TAMS 0x000000042f800000, 0x000000042f800000| Untracked 
|  57|0x0000000430000000, 0x0000000430000000, 0x0000000430800000|  0%| F|  |TAMS 0x0000000430000000, 0x0000000430000000| Untracked 
|  58|0x0000000430800000, 0x0000000430800000, 0x0000000431000000|  0%| F|  |TAMS 0x0000000430800000, 0x0000000430800000| Untracked 
|  59|0x0000000431000000, 0x0000000431000000, 0x0000000431800000|  0%| F|  |TAMS 0x0000000431000000, 0x0000000431000000| Untracked 
|  60|0x0000000431800000, 0x0000000431800000, 0x0000000432000000|  0%| F|  |TAMS 0x0000000431800000, 0x0000000431800000| Untracked 
|  61|0x0000000432000000, 0x0000000432000000, 0x0000000432800000|  0%| F|  |TAMS 0x0000000432000000, 0x0000000432000000| Untracked 
|  62|0x0000000432800000, 0x0000000432800000, 0x0000000433000000|  0%| F|  |TAMS 0x0000000432800000, 0x0000000432800000| Untracked 
|  63|0x0000000433000000, 0x0000000433000000, 0x0000000433800000|  0%| F|  |TAMS 0x0000000433000000, 0x0000000433000000| Untracked 
|  64|0x0000000433800000, 0x0000000433800000, 0x0000000434000000|  0%| F|  |TAMS 0x0000000433800000, 0x0000000433800000| Untracked 
|  65|0x0000000434000000, 0x0000000434000000, 0x0000000434800000|  0%| F|  |TAMS 0x0000000434000000, 0x0000000434000000| Untracked 
|  66|0x0000000434800000, 0x0000000434800000, 0x0000000435000000|  0%| F|  |TAMS 0x0000000434800000, 0x0000000434800000| Untracked 
|  67|0x0000000435000000, 0x0000000435000000, 0x0000000435800000|  0%| F|  |TAMS 0x0000000435000000, 0x0000000435000000| Untracked 
|  68|0x0000000435800000, 0x0000000435800000, 0x0000000436000000|  0%| F|  |TAMS 0x0000000435800000, 0x0000000435800000| Untracked 
|  69|0x0000000436000000, 0x0000000436000000, 0x0000000436800000|  0%| F|  |TAMS 0x0000000436000000, 0x0000000436000000| Untracked 
|  70|0x0000000436800000, 0x0000000436800000, 0x0000000437000000|  0%| F|  |TAMS 0x0000000436800000, 0x0000000436800000| Untracked 
|  71|0x0000000437000000, 0x0000000437000000, 0x0000000437800000|  0%| F|  |TAMS 0x0000000437000000, 0x0000000437000000| Untracked 
|  72|0x0000000437800000, 0x0000000437800000, 0x0000000438000000|  0%| F|  |TAMS 0x0000000437800000, 0x0000000437800000| Untracked 
|  73|0x0000000438000000, 0x0000000438000000, 0x0000000438800000|  0%| F|  |TAMS 0x0000000438000000, 0x0000000438000000| Untracked 
|  74|0x0000000438800000, 0x0000000438800000, 0x0000000439000000|  0%| F|  |TAMS 0x0000000438800000, 0x0000000438800000| Untracked 
|  75|0x0000000439000000, 0x0000000439000000, 0x0000000439800000|  0%| F|  |TAMS 0x0000000439000000, 0x0000000439000000| Untracked 
|  76|0x0000000439800000, 0x0000000439800000, 0x000000043a000000|  0%| F|  |TAMS 0x0000000439800000, 0x0000000439800000| Untracked 
|  77|0x000000043a000000, 0x000000043a000000, 0x000000043a800000|  0%| F|  |TAMS 0x000000043a000000, 0x000000043a000000| Untracked 
|  78|0x000000043a800000, 0x000000043a800000, 0x000000043b000000|  0%| F|  |TAMS 0x000000043a800000, 0x000000043a800000| Untracked 
|  79|0x000000043b000000, 0x000000043b000000, 0x000000043b800000|  0%| F|  |TAMS 0x000000043b000000, 0x000000043b000000| Untracked 
|  80|0x000000043b800000, 0x000000043b800000, 0x000000043c000000|  0%| F|  |TAMS 0x000000043b800000, 0x000000043b800000| Untracked 
|  81|0x000000043c000000, 0x000000043c000000, 0x000000043c800000|  0%| F|  |TAMS 0x000000043c000000, 0x000000043c000000| Untracked 
|  82|0x000000043c800000, 0x000000043c800000, 0x000000043d000000|  0%| F|  |TAMS 0x000000043c800000, 0x000000043c800000| Untracked 
|  83|0x000000043d000000, 0x000000043d000000, 0x000000043d800000|  0%| F|  |TAMS 0x000000043d000000, 0x000000043d000000| Untracked 
|  84|0x000000043d800000, 0x000000043d800000, 0x000000043e000000|  0%| F|  |TAMS 0x000000043d800000, 0x000000043d800000| Untracked 
|  85|0x000000043e000000, 0x000000043e000000, 0x000000043e800000|  0%| F|  |TAMS 0x000000043e000000, 0x000000043e000000| Untracked 
|  86|0x000000043e800000, 0x000000043e800000, 0x000000043f000000|  0%| F|  |TAMS 0x000000043e800000, 0x000000043e800000| Untracked 
|  87|0x000000043f000000, 0x000000043f000000, 0x000000043f800000|  0%| F|  |TAMS 0x000000043f000000, 0x000000043f000000| Untracked 
|  88|0x000000043f800000, 0x000000043f800000, 0x0000000440000000|  0%| F|  |TAMS 0x000000043f800000, 0x000000043f800000| Untracked 
|  89|0x0000000440000000, 0x0000000440000000, 0x0000000440800000|  0%| F|  |TAMS 0x0000000440000000, 0x0000000440000000| Untracked 
|  90|0x0000000440800000, 0x0000000440800000, 0x0000000441000000|  0%| F|  |TAMS 0x0000000440800000, 0x0000000440800000| Untracked 
|  91|0x0000000441000000, 0x0000000441000000, 0x0000000441800000|  0%| F|  |TAMS 0x0000000441000000, 0x0000000441000000| Untracked 
|  92|0x0000000441800000, 0x0000000441800000, 0x0000000442000000|  0%| F|  |TAMS 0x0000000441800000, 0x0000000441800000| Untracked 
|  93|0x0000000442000000, 0x0000000442000000, 0x0000000442800000|  0%| F|  |TAMS 0x0000000442000000, 0x0000000442000000| Untracked 
|  94|0x0000000442800000, 0x0000000442800000, 0x0000000443000000|  0%| F|  |TAMS 0x0000000442800000, 0x0000000442800000| Untracked 
|  95|0x0000000443000000, 0x0000000443000000, 0x0000000443800000|  0%| F|  |TAMS 0x0000000443000000, 0x0000000443000000| Untracked 
|  96|0x0000000443800000, 0x0000000443800000, 0x0000000444000000|  0%| F|  |TAMS 0x0000000443800000, 0x0000000443800000| Untracked 
|  97|0x0000000444000000, 0x0000000444000000, 0x0000000444800000|  0%| F|  |TAMS 0x0000000444000000, 0x0000000444000000| Untracked 
|  98|0x0000000444800000, 0x0000000444800000, 0x0000000445000000|  0%| F|  |TAMS 0x0000000444800000, 0x0000000444800000| Untracked 
|  99|0x0000000445000000, 0x0000000445000000, 0x0000000445800000|  0%| F|  |TAMS 0x0000000445000000, 0x0000000445000000| Untracked 
| 100|0x0000000445800000, 0x0000000445800000, 0x0000000446000000|  0%| F|  |TAMS 0x0000000445800000, 0x0000000445800000| Untracked 
| 101|0x0000000446000000, 0x0000000446000000, 0x0000000446800000|  0%| F|  |TAMS 0x0000000446000000, 0x0000000446000000| Untracked 
| 102|0x0000000446800000, 0x0000000446800000, 0x0000000447000000|  0%| F|  |TAMS 0x0000000446800000, 0x0000000446800000| Untracked 
| 103|0x0000000447000000, 0x0000000447000000, 0x0000000447800000|  0%| F|  |TAMS 0x0000000447000000, 0x0000000447000000| Untracked 
| 104|0x0000000447800000, 0x0000000447800000, 0x0000000448000000|  0%| F|  |TAMS 0x0000000447800000, 0x0000000447800000| Untracked 
| 105|0x0000000448000000, 0x0000000448000000, 0x0000000448800000|  0%| F|  |TAMS 0x0000000448000000, 0x0000000448000000| Untracked 
| 106|0x0000000448800000, 0x0000000448800000, 0x0000000449000000|  0%| F|  |TAMS 0x0000000448800000, 0x0000000448800000| Untracked 
| 107|0x0000000449000000, 0x0000000449000000, 0x0000000449800000|  0%| F|  |TAMS 0x0000000449000000, 0x0000000449000000| Untracked 
| 108|0x0000000449800000, 0x0000000449800000, 0x000000044a000000|  0%| F|  |TAMS 0x0000000449800000, 0x0000000449800000| Untracked 
| 109|0x000000044a000000, 0x000000044a000000, 0x000000044a800000|  0%| F|  |TAMS 0x000000044a000000, 0x000000044a000000| Untracked 
| 110|0x000000044a800000, 0x000000044ade1640, 0x000000044b000000| 73%| S|CS|TAMS 0x000000044a800000, 0x000000044a800000| Complete 
| 111|0x000000044b000000, 0x000000044b000000, 0x000000044b800000|  0%| F|  |TAMS 0x000000044b000000, 0x000000044b000000| Untracked 
| 112|0x000000044b800000, 0x000000044b800000, 0x000000044c000000|  0%| F|  |TAMS 0x000000044b800000, 0x000000044b800000| Untracked 
| 113|0x000000044c000000, 0x000000044c000000, 0x000000044c800000|  0%| F|  |TAMS 0x000000044c000000, 0x000000044c000000| Untracked 
| 114|0x000000044c800000, 0x000000044c800000, 0x000000044d000000|  0%| F|  |TAMS 0x000000044c800000, 0x000000044c800000| Untracked 
| 115|0x000000044d000000, 0x000000044d000000, 0x000000044d800000|  0%| F|  |TAMS 0x000000044d000000, 0x000000044d000000| Untracked 
| 116|0x000000044d800000, 0x000000044d800000, 0x000000044e000000|  0%| F|  |TAMS 0x000000044d800000, 0x000000044d800000| Untracked 
| 117|0x000000044e000000, 0x000000044e000000, 0x000000044e800000|  0%| F|  |TAMS 0x000000044e000000, 0x000000044e000000| Untracked 
| 118|0x000000044e800000, 0x000000044e800000, 0x000000044f000000|  0%| F|  |TAMS 0x000000044e800000, 0x000000044e800000| Untracked 
| 119|0x000000044f000000, 0x000000044f000000, 0x000000044f800000|  0%| F|  |TAMS 0x000000044f000000, 0x000000044f000000| Untracked 
| 120|0x000000044f800000, 0x000000044f800000, 0x0000000450000000|  0%| F|  |TAMS 0x000000044f800000, 0x000000044f800000| Untracked 
| 121|0x0000000450000000, 0x00000004502f7ac0, 0x0000000450800000| 37%| E|  |TAMS 0x0000000450000000, 0x0000000450000000| Complete 
| 122|0x0000000450800000, 0x0000000451000000, 0x0000000451000000|100%| E|CS|TAMS 0x0000000450800000, 0x0000000450800000| Complete 
| 123|0x0000000451000000, 0x0000000451800000, 0x0000000451800000|100%| E|CS|TAMS 0x0000000451000000, 0x0000000451000000| Complete 
| 124|0x0000000451800000, 0x0000000452000000, 0x0000000452000000|100%| E|CS|TAMS 0x0000000451800000, 0x0000000451800000| Complete 
| 125|0x0000000452000000, 0x0000000452800000, 0x0000000452800000|100%| E|CS|TAMS 0x0000000452000000, 0x0000000452000000| Complete 
|2007|0x00000007ff000000, 0x00000007ff776000, 0x00000007ff800000| 93%|OA|  |TAMS 0x00000007ff000000, 0x00000007ff000000| Untracked 
|2008|0x00000007ff800000, 0x00000007ff888000, 0x0000000800000000|  6%|CA|  |TAMS 0x00000007ff800000, 0x00000007ff800000| Untracked 

Card table byte_map: [0x00007fdf3bbcc000,0x00007fdf3db30000] _byte_map_base: 0x00007fdf39b30000

Marking Bits (Prev, Next): (CMBitMap*) 0x00007fdf5804cfd0, (CMBitMap*) 0x00007fdf5804d010
 Prev Bits: [0x00007fdf2a148000, 0x00007fdf39c68000)
 Next Bits: [0x00007fdf1a628000, 0x00007fdf2a148000)

Polling page: 0x00007fdf5de48000

Metaspace:

Usage:
  Non-class:     10,06 MB used.
      Class:      1,07 MB used.
       Both:     11,14 MB used.

Virtual space:
  Non-class space:       16,00 MB reserved,      10,19 MB ( 64%) committed,  2 nodes.
      Class space:        1,00 GB reserved,       1,12 MB ( <1%) committed,  1 nodes.
              Both:        1,02 GB reserved,      11,31 MB (  1%) committed. 

Chunk freelists:
   Non-Class:  1,80 MB
       Class:  2,88 MB
        Both:  4,68 MB

MaxMetaspaceSize: 17179869184,00 GB
CompressedClassSpaceSize: 1,00 GB
 - commit_granule_bytes: 65536.
 - commit_granule_words: 8192.
 - virtual_space_node_default_size: 1048576.
 - enlarge_chunks_in_place: 1.
 - new_chunks_are_fully_committed: 0.
 - uncommit_free_chunks: 1.
 - use_allocation_guard: 0.
 - handle_deallocations: 1.


Internal statistics:

num_allocs_failed_limit: 0.
num_arena_births: 84.
num_arena_deaths: 0.
num_vsnodes_births: 3.
num_vsnodes_deaths: 0.
num_space_committed: 181.
num_space_uncommitted: 0.
num_chunks_returned_to_freelist: 0.
num_chunks_taken_from_freelist: 408.
num_chunk_merges: 0.
num_chunk_splits: 268.
num_chunks_enlarged: 187.
num_purges: 0.

CodeHeap 'non-profiled nmethods': size=119168Kb used=2463Kb max_used=2463Kb free=116705Kb
 bounds [0x00007fdf4803e000, 0x00007fdf482ae000, 0x00007fdf4f49e000]
CodeHeap 'profiled nmethods': size=119164Kb used=6671Kb max_used=6671Kb free=112492Kb
 bounds [0x00007fdf40bdf000, 0x00007fdf4126f000, 0x00007fdf4803e000]
CodeHeap 'non-nmethods': size=7428Kb used=2985Kb max_used=3070Kb free=4442Kb
 bounds [0x00007fdf4049e000, 0x00007fdf407ae000, 0x00007fdf40bdf000]
 total_blobs=4039 nmethods=3425 adapters=523
 compilation: enabled
              stopped_count=0, restarted_count=0
 full_count=0

Compilation events (20 events):
Event: 1,186 Thread 0x00007fdedc064430 nmethod 3463 0x00007fdf4125f490 code [0x00007fdf4125f640, 0x00007fdf4125f760]
Event: 1,186 Thread 0x00007fdedc064430 3465       2       java.lang.ref.FinalReference::get (5 bytes)
Event: 1,186 Thread 0x00007fdedc064430 nmethod 3465 0x00007fdf4125f810 code [0x00007fdf4125f9c0, 0x00007fdf4125fae0]
Event: 1,186 Thread 0x00007fdedc064430 3470       2       java.lang.ref.Reference::clearInactiveFinalReference (48 bytes)
Event: 1,186 Thread 0x00007fdec07284f0 nmethod 3390 0x00007fdf48289f10 code [0x00007fdf4828a1a0, 0x00007fdf4828b610]
Event: 1,186 Thread 0x00007fdedc185480 3466       2       java.lang.ref.Reference::getFromInactiveFinalReference (47 bytes)
Event: 1,187 Thread 0x00007fdec07284f0 3389       4       io.netty.buffer.PoolThreadCache$MemoryRegionCache::add (36 bytes)
Event: 1,187 Thread 0x00007fdedc064430 nmethod 3470 0x00007fdf4125fb90 code [0x00007fdf4125fd20, 0x00007fdf4125fe50]
Event: 1,187 Thread 0x00007fdedc185480 nmethod 3466 0x00007fdf4125ff10 code [0x00007fdf412600a0, 0x00007fdf412601b0]
Event: 1,187 Thread 0x00007fdedc064430 3467       2       java.lang.System$2::invokeFinalize (5 bytes)
Event: 1,187 Thread 0x00007fdedc185480 3468       2       java.lang.Object::finalize (1 bytes)
Event: 1,187 Thread 0x00007fdedc185480 nmethod 3468 0x00007fdf41260210 code [0x00007fdf412603a0, 0x00007fdf41260490]
Event: 1,187 Thread 0x00007fdedc185480 3469       2       java.lang.ref.FinalReference::clear (5 bytes)
Event: 1,187 Thread 0x00007fdedc065700 nmethod 3464 0x00007fdf41260510 code [0x00007fdf41260700, 0x00007fdf41260ca0]
Event: 1,187 Thread 0x00007fdedc064430 nmethod 3467 0x00007fdf41260f90 code [0x00007fdf41261140, 0x00007fdf41261260]
Event: 1,187 Thread 0x00007fdedc065700 3471       2       ezdb.lmdb.util.LmDBJnrDBIterator::finalize (9 bytes)
Event: 1,187 Thread 0x00007fdedc064430 3472       2       ezdb.lmdb.EzLmDbTable$AutoClosingTableIterator::finalize (9 bytes)
Event: 1,187 Thread 0x00007fdedc185480 nmethod 3469 0x00007fdf41261310 code [0x00007fdf412614c0, 0x00007fdf412615e0]
Event: 1,187 Thread 0x00007fdedc064430 nmethod 3472 0x00007fdf41261690 code [0x00007fdf41261840, 0x00007fdf41261980]
Event: 1,187 Thread 0x00007fdedc065700 nmethod 3471 0x00007fdf41261a90 code [0x00007fdf41261c40, 0x00007fdf41261d90]

GC Heap History (6 events):
Event: 0,467 GC heap before
{Heap before GC invocations=0 (full 0):
 garbage-first heap   total 1048576K, used 57336K [0x0000000413800000, 0x0000000800000000)
  region size 8192K, 6 young (49152K), 0 survivors (0K)
 Metaspace       used 9985K, committed 10176K, reserved 1064960K
  class space    used 964K, committed 1024K, reserved 1048576K
}
Event: 0,470 GC heap after
{Heap after GC invocations=1 (full 0):
 garbage-first heap   total 1048576K, used 13236K [0x0000000413800000, 0x0000000800000000)
  region size 8192K, 1 young (8192K), 1 survivors (8192K)
 Metaspace       used 9985K, committed 10176K, reserved 1064960K
  class space    used 964K, committed 1024K, reserved 1048576K
}
Event: 0,548 GC heap before
{Heap before GC invocations=1 (full 0):
 garbage-first heap   total 1048576K, used 54196K [0x0000000413800000, 0x0000000800000000)
  region size 8192K, 6 young (49152K), 1 survivors (8192K)
 Metaspace       used 9990K, committed 10176K, reserved 1064960K
  class space    used 964K, committed 1024K, reserved 1048576K
}
Event: 0,550 GC heap after
{Heap after GC invocations=2 (full 0):
 garbage-first heap   total 1048576K, used 13721K [0x0000000413800000, 0x0000000800000000)
  region size 8192K, 1 young (8192K), 1 survivors (8192K)
 Metaspace       used 9990K, committed 10176K, reserved 1064960K
  class space    used 964K, committed 1024K, reserved 1048576K
}
Event: 1,180 GC heap before
{Heap before GC invocations=2 (full 0):
 garbage-first heap   total 1048576K, used 374169K [0x0000000413800000, 0x0000000800000000)
  region size 8192K, 15 young (122880K), 1 survivors (8192K)
 Metaspace       used 11376K, committed 11520K, reserved 1064960K
  class space    used 1096K, committed 1152K, reserved 1048576K
}
Event: 1,182 GC heap after
{Heap after GC invocations=3 (full 0):
 garbage-first heap   total 1048576K, used 265027K [0x0000000413800000, 0x0000000800000000)
  region size 8192K, 1 young (8192K), 1 survivors (8192K)
 Metaspace       used 11376K, committed 11520K, reserved 1064960K
  class space    used 1096K, committed 1152K, reserved 1048576K
}

Deoptimization events (20 events):
Event: 1,174 Thread 0x00007fdf58df6700 DEOPT UNPACKING pc=0x00007fdf404eb424 sp=0x00007fdeb8cfd5c8 mode 2
Event: 1,174 Thread 0x00007fdf58df7690 Uncommon trap: reason=speculate_class_check action=maybe_recompile pc=0x00007fdf48279ec4 method=io.netty.buffer.AbstractReferenceCountedByteBuf.handleRelease(Z)Z @ 5 c2
Event: 1,174 Thread 0x00007fdf58df7690 DEOPT PACKING pc=0x00007fdf48279ec4 sp=0x00007fdeb8bfc670
Event: 1,174 Thread 0x00007fdf58df7690 DEOPT UNPACKING pc=0x00007fdf404eb424 sp=0x00007fdeb8bfc5c8 mode 2
Event: 1,175 Thread 0x00007fdf58df7690 Uncommon trap: trap_request=0xffffffc6 fr.pc=0x00007fdf482816bc relative=0x0000000000006d1c
Event: 1,175 Thread 0x00007fdf58df7690 Uncommon trap: reason=bimorphic_or_optimized_type_check action=maybe_recompile pc=0x00007fdf482816bc method=ezdb.util.Util.combineBuf(Lio/netty/buffer/ByteBuf;Lezdb/serde/Serde;Lezdb/serde/Serde;Ljava/lang/Object;Ljava/lang/Object;)V @ 15 c2
Event: 1,175 Thread 0x00007fdf58df7690 DEOPT PACKING pc=0x00007fdf482816bc sp=0x00007fdeb8bfc710
Event: 1,175 Thread 0x00007fdf58df7690 DEOPT UNPACKING pc=0x00007fdf404eb424 sp=0x00007fdeb8bfc6d8 mode 2
Event: 1,185 Thread 0x00007fdf581e8d80 Uncommon trap: trap_request=0xffffff45 fr.pc=0x00007fdf481f564c relative=0x000000000000076c
Event: 1,185 Thread 0x00007fdf581e8d80 Uncommon trap: reason=unstable_if action=reinterpret pc=0x00007fdf481f564c method=org.lmdbjava.Txn.close()V @ 7 c2
Event: 1,185 Thread 0x00007fdf581e8d80 DEOPT PACKING pc=0x00007fdf481f564c sp=0x00007fdf0a7fe780
Event: 1,185 Thread 0x00007fdf581e8d80 DEOPT UNPACKING pc=0x00007fdf404eb424 sp=0x00007fdf0a7fe750 mode 2
Event: 1,188 Thread 0x00007fdf581e8d80 Uncommon trap: trap_request=0xffffff45 fr.pc=0x00007fdf481e3d20 relative=0x00000000000006e0
Event: 1,188 Thread 0x00007fdf581e8d80 Uncommon trap: reason=unstable_if action=reinterpret pc=0x00007fdf481e3d20 method=java.lang.ThreadLocal.get()Ljava/lang/Object; @ 11 c2
Event: 1,188 Thread 0x00007fdf581e8d80 DEOPT PACKING pc=0x00007fdf481e3d20 sp=0x00007fdf0a7fe810
Event: 1,188 Thread 0x00007fdf581e8d80 DEOPT UNPACKING pc=0x00007fdf404eb424 sp=0x00007fdf0a7fe680 mode 2
Event: 1,188 Thread 0x00007fdf581e8d80 Uncommon trap: trap_request=0xffffff45 fr.pc=0x00007fdf482781a8 relative=0x0000000000001068
Event: 1,188 Thread 0x00007fdf581e8d80 Uncommon trap: reason=unstable_if action=reinterpret pc=0x00007fdf482781a8 method=io.netty.util.Recycler$Stack.push(Lio/netty/util/Recycler$DefaultHandle;)V @ 12 c2
Event: 1,188 Thread 0x00007fdf581e8d80 DEOPT PACKING pc=0x00007fdf482781a8 sp=0x00007fdf0a7fe6b0
Event: 1,188 Thread 0x00007fdf581e8d80 DEOPT UNPACKING pc=0x00007fdf404eb424 sp=0x00007fdf0a7fe5a0 mode 2

Classes unloaded (0 events):
No events

Classes redefined (0 events):
No events

Internal exceptions (20 events):
Event: 1,051 Thread 0x00007fdf58011610 Exception <a 'java/lang/reflect/InvocationTargetException'{0x000000044d4b90d0}> (0x000000044d4b90d0) 
thrown [./src/hotspot/share/runtime/reflection.cpp, line 1155]
Event: 1,054 Thread 0x00007fdf58011610 Exception <a 'java/lang/reflect/InvocationTargetException'{0x000000044d4de808}> (0x000000044d4de808) 
thrown [./src/hotspot/share/runtime/reflection.cpp, line 1155]
Event: 1,057 Thread 0x00007fdf58011610 Exception <a 'java/lang/reflect/InvocationTargetException'{0x000000044d512438}> (0x000000044d512438) 
thrown [./src/hotspot/share/runtime/reflection.cpp, line 1155]
Event: 1,062 Thread 0x00007fdf58011610 Exception <a 'java/lang/reflect/InvocationTargetException'{0x000000044d54e238}> (0x000000044d54e238) 
thrown [./src/hotspot/share/runtime/reflection.cpp, line 1155]
Event: 1,065 Thread 0x00007fdf58011610 Exception <a 'java/lang/reflect/InvocationTargetException'{0x000000044d583f48}> (0x000000044d583f48) 
thrown [./src/hotspot/share/runtime/reflection.cpp, line 1155]
Event: 1,068 Thread 0x00007fdf58011610 Exception <a 'java/lang/reflect/InvocationTargetException'{0x000000044d5b8678}> (0x000000044d5b8678) 
thrown [./src/hotspot/share/runtime/reflection.cpp, line 1155]
Event: 1,070 Thread 0x00007fdf58011610 Exception <a 'java/lang/reflect/InvocationTargetException'{0x000000044d5d2630}> (0x000000044d5d2630) 
thrown [./src/hotspot/share/runtime/reflection.cpp, line 1155]
Event: 1,071 Thread 0x00007fdf58011610 Exception <a 'java/lang/reflect/InvocationTargetException'{0x000000044d5e9950}> (0x000000044d5e9950) 
thrown [./src/hotspot/share/runtime/reflection.cpp, line 1155]
Event: 1,075 Thread 0x00007fdf58011610 Exception <a 'java/lang/reflect/InvocationTargetException'{0x000000044d617b08}> (0x000000044d617b08) 
thrown [./src/hotspot/share/runtime/reflection.cpp, line 1155]
Event: 1,076 Thread 0x00007fdf58011610 Exception <a 'java/lang/reflect/InvocationTargetException'{0x000000044d630650}> (0x000000044d630650) 
thrown [./src/hotspot/share/runtime/reflection.cpp, line 1155]
Event: 1,078 Thread 0x00007fdf58011610 Exception <a 'java/lang/reflect/InvocationTargetException'{0x000000044d652fe0}> (0x000000044d652fe0) 
thrown [./src/hotspot/share/runtime/reflection.cpp, line 1155]
Event: 1,081 Thread 0x00007fdf58dde610 Implicit null exception at 0x00007fdf480bbe5d to 0x00007fdf480bbf00
Event: 1,082 Thread 0x00007fdf58df7690 Implicit null exception at 0x00007fdf480d61da to 0x00007fdf480d62b4
Event: 1,082 Thread 0x00007fdf58dfc9a0 Implicit null exception at 0x00007fdf48202221 to 0x00007fdf48204074
Event: 1,082 Thread 0x00007fdf58dfb980 Implicit null exception at 0x00007fdf480d61da to 0x00007fdf480d62b4
Event: 1,082 Thread 0x00007fdf58df8700 Implicit null exception at 0x00007fdf48202221 to 0x00007fdf48204074
Event: 1,082 Thread 0x00007fdf58df9830 Implicit null exception at 0x00007fdf48202221 to 0x00007fdf48204074
Event: 1,082 Thread 0x00007fdf58dfa960 Implicit null exception at 0x00007fdf480d61da to 0x00007fdf480d62b4
Event: 1,082 Thread 0x00007fdf58ddec20 Implicit null exception at 0x00007fdf481fa59a to 0x00007fdf481fa77c
Event: 1,188 Thread 0x00007fdf581e8d80 Implicit null exception at 0x00007fdf481e36ca to 0x00007fdf481e3d08

Events (20 events):
Event: 1,082 loading class ezdb/treemap/bytes/BytesTreeMapTable$1 done
Event: 1,082 loading class io/netty/buffer/UnsafeHeapSwappedByteBuf
Event: 1,082 loading class io/netty/buffer/UnsafeHeapSwappedByteBuf done
Event: 1,083 loading class io/netty/buffer/PooledHeapByteBuf$1
Event: 1,083 loading class io/netty/buffer/PooledHeapByteBuf$1 done
Event: 1,083 loading class io/netty/buffer/PooledUnsafeHeapByteBuf$1
Event: 1,083 loading class io/netty/buffer/PooledUnsafeHeapByteBuf$1 done
Event: 1,101 Executing  VM operation: ICBufferFull
Event: 1,108 Executing  VM operation: ICBufferFull done
Event: 1,152 loading class java/lang/Throwable$WrappedPrintStream
Event: 1,152 loading class java/lang/Throwable$WrappedPrintStream done
Event: 1,152 Thread 0x00007fdf58df9830 Thread exited: 0x00007fdf58df9830
Event: 1,179 Executing  VM operation: G1CollectForAllocation
Event: 1,182 Executing  VM operation: G1CollectForAllocation done
Event: 1,189 loading class io/netty/util/Recycler$WeakOrderQueue
Event: 1,189 loading class io/netty/util/Recycler$WeakOrderQueue done
Event: 1,189 loading class io/netty/util/Recycler$WeakOrderQueue$Head
Event: 1,189 loading class io/netty/util/Recycler$WeakOrderQueue$Head done
Event: 1,189 loading class io/netty/util/Recycler$WeakOrderQueue$Link
Event: 1,189 loading class io/netty/util/Recycler$WeakOrderQueue$Link done


Dynamic libraries:
413800000-452800000 rw-p 00000000 00:00 0 
452800000-7ff000000 ---p 00000000 00:00 0 
7ff000000-7ff700000 rw-p 00000000 00:00 0 
7ff700000-7ff776000 rw-p 00cba000 08:01 21890280                         /usr/lib/jvm/java-16-openjdk-amd64/lib/server/classes.jsa
7ff776000-7ff800000 rw-p 00000000 00:00 0 
7ff800000-7ff888000 rw-p 00c32000 08:01 21890280                         /usr/lib/jvm/java-16-openjdk-amd64/lib/server/classes.jsa
7ff888000-800000000 rw-p 00000000 00:00 0 
800000000-800003000 rwxp 00001000 08:01 21890280                         /usr/lib/jvm/java-16-openjdk-amd64/lib/server/classes.jsa
800003000-80043d000 rw-p 00004000 08:01 21890280                         /usr/lib/jvm/java-16-openjdk-amd64/lib/server/classes.jsa
80043d000-800bf9000 r--p 0043e000 08:01 21890280                         /usr/lib/jvm/java-16-openjdk-amd64/lib/server/classes.jsa
800bf9000-800c00000 ---p 00000000 00:00 0 
800c00000-800c40000 rw-p 00000000 00:00 0 
800c40000-800ce0000 rw-p 00000000 00:00 0 
800ce0000-800d00000 rw-p 00000000 00:00 0 
800d00000-800d20000 rw-p 00000000 00:00 0 
800d20000-840c00000 ---p 00000000 00:00 0 
55674e13c000-55674e13d000 r--p 00000000 08:01 21758669                   /usr/lib/jvm/java-16-openjdk-amd64/bin/java
55674e13d000-55674e13e000 r-xp 00001000 08:01 21758669                   /usr/lib/jvm/java-16-openjdk-amd64/bin/java
55674e13e000-55674e13f000 r--p 00002000 08:01 21758669                   /usr/lib/jvm/java-16-openjdk-amd64/bin/java
55674e13f000-55674e140000 r--p 00002000 08:01 21758669                   /usr/lib/jvm/java-16-openjdk-amd64/bin/java
55674e140000-55674e141000 rw-p 00003000 08:01 21758669                   /usr/lib/jvm/java-16-openjdk-amd64/bin/java
55674f7ad000-55674f7ce000 rw-p 00000000 00:00 0                          [heap]
7ed9ebff9000-7eda6bff9000 rw-s 00000000 08:01 2884273                    /tmp/TestEzLmDb-1631469076958-0/data.mdb (deleted)
7eda6bff9000-7efa6bffa000 rw-s 00000000 08:01 2884272                    /tmp/TestEzLmDb-1631469076958-0/lock.mdb (deleted)
7efa6bffa000-7efaebffa000 rw-s 00000000 08:01 2884270                    /tmp/TestEzLmDb-1631469076958-0/data.mdb (deleted)
7efaebffa000-7f1aebffb000 rw-s 00000000 08:01 2884269                    /tmp/TestEzLmDb-1631469076958-0/lock.mdb (deleted)
7f1aebffb000-7f1b6bffb000 rw-s 00000000 08:01 2884267                    /tmp/TestEzLmDb-1631469076958-0/data.mdb (deleted)
7f1b6bffb000-7f3b6bffc000 rw-s 00000000 08:01 2884266                    /tmp/TestEzLmDb-1631469076958-0/lock.mdb (deleted)
7f3bebffc000-7f3c6bffc000 rw-s 00000000 08:01 2884244                    /tmp/TestEzLmDb-1631469076958-0/data.mdb (deleted)
7f3c6bffc000-7f5c6bffd000 rw-s 00000000 08:01 2884243                    /tmp/TestEzLmDb-1631469076958-0/lock.mdb (deleted)
7f5c6bffd000-7f5cebffd000 rw-s 00000000 08:01 2884241                    /tmp/TestEzLmDb-1631469076958-0/data.mdb (deleted)
7f5cebffd000-7f7cebffe000 rw-s 00000000 08:01 2884240                    /tmp/TestEzLmDb-1631469076958-0/lock.mdb (deleted)
7f7cebffe000-7f7d6bffe000 rw-s 00000000 08:01 27525641                   /tmp/TestEzLmDb-1631469076958-0/data.mdb (deleted)
7f7d6bffe000-7f9d6bfff000 rw-s 00000000 08:01 27525640                   /tmp/TestEzLmDb-1631469076958-0/lock.mdb (deleted)
7fbd6c000000-7fbdec000000 rw-s 00000000 08:01 27525635                   /tmp/data.mdb
7fbdec000000-7fbdeca9b000 rw-p 00000000 00:00 0 
7fbdeca9b000-7fbdf0000000 ---p 00000000 00:00 0 
7fbdf0000000-7fbdf0af4000 rw-p 00000000 00:00 0 
7fbdf0af4000-7fbdf4000000 ---p 00000000 00:00 0 
7fbdf4000000-7fbdf4021000 rw-p 00000000 00:00 0 
7fbdf4021000-7fbdf8000000 ---p 00000000 00:00 0 
7fbdf8000000-7fbdf89c7000 rw-p 00000000 00:00 0 
7fbdf89c7000-7fbdfc000000 ---p 00000000 00:00 0 
7fbdfc000000-7fbdfc021000 rw-p 00000000 00:00 0 
7fbdfc021000-7fbe00000000 ---p 00000000 00:00 0 
7fbe00000000-7fbe00021000 rw-p 00000000 00:00 0 
7fbe00021000-7fbe04000000 ---p 00000000 00:00 0 
7fbe04000000-7fbe04021000 rw-p 00000000 00:00 0 
7fbe04021000-7fbe08000000 ---p 00000000 00:00 0 
7fbe08000000-7fbe08021000 rw-p 00000000 00:00 0 
7fbe08021000-7fbe0c000000 ---p 00000000 00:00 0 
7fbe0c000000-7fbe0c021000 rw-p 00000000 00:00 0 
7fbe0c021000-7fbe10000000 ---p 00000000 00:00 0 
7fbe10000000-7fbe10021000 rw-p 00000000 00:00 0 
7fbe10021000-7fbe14000000 ---p 00000000 00:00 0 
7fbe14000000-7fbe14021000 rw-p 00000000 00:00 0 
7fbe14021000-7fbe18000000 ---p 00000000 00:00 0 
7fbe18000000-7fbe18021000 rw-p 00000000 00:00 0 
7fbe18021000-7fbe1c000000 ---p 00000000 00:00 0 
7fbe1c000000-7fbe1c021000 rw-p 00000000 00:00 0 
7fbe1c021000-7fbe20000000 ---p 00000000 00:00 0 
7fbe20000000-7fbe20021000 rw-p 00000000 00:00 0 
7fbe20021000-7fbe24000000 ---p 00000000 00:00 0 
7fbe24000000-7fbe248cd000 rw-p 00000000 00:00 0 
7fbe248cd000-7fbe28000000 ---p 00000000 00:00 0 
7fbe28000000-7fbe28021000 rw-p 00000000 00:00 0 
7fbe28021000-7fbe2c000000 ---p 00000000 00:00 0 
7fbe2c000000-7fbe2cbff000 rw-p 00000000 00:00 0 
7fbe2cbff000-7fbe30000000 ---p 00000000 00:00 0 
7fbe30000000-7fbe30e72000 rw-p 00000000 00:00 0 
7fbe30e72000-7fbe34000000 ---p 00000000 00:00 0 
7fbe34000000-7fbe34021000 rw-p 00000000 00:00 0 
7fbe34021000-7fbe38000000 ---p 00000000 00:00 0 
7fbe39ef8000-7fbe39efc000 ---p 00000000 00:00 0 
7fbe39efc000-7fbe39ff9000 rw-p 00000000 00:00 0 
7fbe39ff9000-7fbe39ffd000 ---p 00000000 00:00 0 
7fbe39ffd000-7fbe3a0fa000 rw-p 00000000 00:00 0 
7fbe3a0fa000-7fbe3a0fe000 ---p 00000000 00:00 0 
7fbe3a0fe000-7fbe3a1fb000 rw-p 00000000 00:00 0 
7fbe3a1fb000-7fbe3a1fc000 ---p 00000000 00:00 0 
7fbe3a1fc000-7fbe3a2fd000 rw-p 00000000 00:00 0 
7fbe3a2fd000-7fbe3a2fe000 ---p 00000000 00:00 0 
7fbe3a2fe000-7fbe3b580000 rw-p 00000000 00:00 0 
7fbe3b580000-7fbe3b5f0000 rw-p 00000000 00:00 0 
7fbe3b5f0000-7fbe3b600000 ---p 00000000 00:00 0 
7fbe3b600000-7fbe3b640000 rw-p 00000000 00:00 0 
7fbe3b640000-7fbe3bc00000 ---p 00000000 00:00 0 
7fbe3bcf9000-7fbe3bcfa000 ---p 00000000 00:00 0 
7fbe3bcfa000-7fbe3bdfb000 rw-p 00000000 00:00 0 
7fbe3bdfb000-7fbe3bdfc000 ---p 00000000 00:00 0 
7fbe3bdfc000-7fbe3befd000 rw-p 00000000 00:00 0 
7fbe3befd000-7fbe3befe000 ---p 00000000 00:00 0 
7fbe3befe000-7fbe3bfff000 rw-p 00000000 00:00 0 
7fbe84ff9000-7fbe8c000000 rw-p 00000000 00:00 0 
7fbe8c000000-7fbe8c021000 rw-p 00000000 00:00 0 
7fbe8c021000-7fbe90000000 ---p 00000000 00:00 0 
7fbe90000000-7fbe90021000 rw-p 00000000 00:00 0 
7fbe90021000-7fbe94000000 ---p 00000000 00:00 0 
7fbe94000000-7fbe94021000 rw-p 00000000 00:00 0 
7fbe94021000-7fbe98000000 ---p 00000000 00:00 0 
7fbe98000000-7fbe98021000 rw-p 00000000 00:00 0 
7fbe98021000-7fbe9c000000 ---p 00000000 00:00 0 
7fbe9c000000-7fbe9c021000 rw-p 00000000 00:00 0 
7fbe9c021000-7fbea0000000 ---p 00000000 00:00 0 
7fbea0000000-7fbea0021000 rw-p 00000000 00:00 0 
7fbea0021000-7fbea4000000 ---p 00000000 00:00 0 
7fbea4000000-7fbea4021000 rw-p 00000000 00:00 0 
7fbea4021000-7fbea8000000 ---p 00000000 00:00 0 
7fbea8ffc000-7fbeabfff000 rw-p 00000000 00:00 0 
7fbeabfff000-7fdeac000000 rw-s 00000000 08:01 27525634                   /tmp/lock.mdb
7fdeac000000-7fdeac021000 rw-p 00000000 00:00 0 
7fdeac021000-7fdeb0000000 ---p 00000000 00:00 0 
7fdeb0000000-7fdeb0021000 rw-p 00000000 00:00 0 
7fdeb0021000-7fdeb4000000 ---p 00000000 00:00 0 
7fdeb4000000-7fdeb4317000 rw-p 00000000 00:00 0 
7fdeb4317000-7fdeb8000000 ---p 00000000 00:00 0 
7fdeb85f8000-7fdeb85fc000 ---p 00000000 00:00 0 
7fdeb85fc000-7fdeb86f9000 rw-p 00000000 00:00 0 
7fdeb86f9000-7fdeb86fd000 ---p 00000000 00:00 0 
7fdeb86fd000-7fdeb87fa000 rw-p 00000000 00:00 0 
7fdeb87fa000-7fdeb87fe000 ---p 00000000 00:00 0 
7fdeb87fe000-7fdeb88fb000 rw-p 00000000 00:00 0 
7fdeb88fb000-7fdeb88ff000 ---p 00000000 00:00 0 
7fdeb88ff000-7fdeb89fc000 rw-p 00000000 00:00 0 
7fdeb89fc000-7fdeb8a00000 ---p 00000000 00:00 0 
7fdeb8a00000-7fdeb8afd000 rw-p 00000000 00:00 0 
7fdeb8afd000-7fdeb8b01000 ---p 00000000 00:00 0 
7fdeb8b01000-7fdeb8bfe000 rw-p 00000000 00:00 0 
7fdeb8bfe000-7fdeb8c02000 ---p 00000000 00:00 0 
7fdeb8c02000-7fdeb8cff000 rw-p 00000000 00:00 0 
7fdeb8cff000-7fdeb8d03000 ---p 00000000 00:00 0 
7fdeb8d03000-7fdeb8e00000 rw-p 00000000 00:00 0 
7fdeb8e00000-7fdeb9800000 r--s 00000000 08:01 2884264                    /tmp/junit2901961169616878081/tutorial5/data.mdb (deleted)
7fdeb9800000-7fdeba200000 r--s 00000000 08:01 2884260                    /tmp/junit12674403746988425866/tutorial4/data.mdb (deleted)
7fdeba200000-7fdebac00000 r--s 00000000 08:01 2884256                    /tmp/junit14784342851112018123/tutorial3/data.mdb (deleted)
7fdebac00000-7fdebb600000 r--s 00000000 08:01 2884252                    /tmp/junit1022243350797766410/tutorial2/data.mdb (deleted)
7fdebb600000-7fdebc000000 r--s 00000000 08:01 2884248                    /tmp/junit805272874049367354/tutorial1/data.mdb (deleted)
7fdebc000000-7fdebcf87000 rw-p 00000000 00:00 0 
7fdebcf87000-7fdec0000000 ---p 00000000 00:00 0 
7fdec0000000-7fdec12eb000 rw-p 00000000 00:00 0 
7fdec12eb000-7fdec4000000 ---p 00000000 00:00 0 
7fdec4000000-7fdec4021000 rw-p 00000000 00:00 0 
7fdec4021000-7fdec8000000 ---p 00000000 00:00 0 
7fdec8000000-7fdec8021000 rw-p 00000000 00:00 0 
7fdec8021000-7fdecc000000 ---p 00000000 00:00 0 
7fdecc000000-7fdecc021000 rw-p 00000000 00:00 0 
7fdecc021000-7fded0000000 ---p 00000000 00:00 0 
7fded0000000-7fded0021000 rw-p 00000000 00:00 0 
7fded0021000-7fded4000000 ---p 00000000 00:00 0 
7fded4000000-7fded4415000 rw-p 00000000 00:00 0 
7fded4415000-7fded8000000 ---p 00000000 00:00 0 
7fded8000000-7fded8557000 rw-p 00000000 00:00 0 
7fded8557000-7fdedc000000 ---p 00000000 00:00 0 
7fdedc000000-7fdedc478000 rw-p 00000000 00:00 0 
7fdedc478000-7fdee0000000 ---p 00000000 00:00 0 
7fdee0000000-7fdee0021000 rw-p 00000000 00:00 0 
7fdee0021000-7fdee4000000 ---p 00000000 00:00 0 
7fdee4000000-7fdee4021000 rw-p 00000000 00:00 0 
7fdee4021000-7fdee8000000 ---p 00000000 00:00 0 
7fdee8000000-7fdee8b00000 rw-p 00000000 00:00 0 
7fdee8b00000-7fdeec000000 ---p 00000000 00:00 0 
7fdeec000000-7fdeec021000 rw-p 00000000 00:00 0 
7fdeec021000-7fdef0000000 ---p 00000000 00:00 0 
7fdef0000000-7fdef0021000 rw-p 00000000 00:00 0 
7fdef0021000-7fdef4000000 ---p 00000000 00:00 0 
7fdef4000000-7fdef4021000 rw-p 00000000 00:00 0 
7fdef4021000-7fdef8000000 ---p 00000000 00:00 0 
7fdef8000000-7fdef8021000 rw-p 00000000 00:00 0 
7fdef8021000-7fdefc000000 ---p 00000000 00:00 0 
7fdefc000000-7fdefc021000 rw-p 00000000 00:00 0 
7fdefc021000-7fdf00000000 ---p 00000000 00:00 0 
7fdf00000000-7fdf00021000 rw-p 00000000 00:00 0 
7fdf00021000-7fdf04000000 ---p 00000000 00:00 0 
7fdf04000000-7fdf04021000 rw-p 00000000 00:00 0 
7fdf04021000-7fdf08000000 ---p 00000000 00:00 0 
7fdf0807b000-7fdf0807d000 rw-p 00000000 00:00 0 
7fdf08083000-7fdf08084000 ---p 00000000 00:00 0 
7fdf08084000-7fdf08185000 rw-p 00000000 00:00 0 
7fdf08185000-7fdf08186000 ---p 00000000 00:00 0 
7fdf08186000-7fdf08287000 rw-p 00000000 00:00 0 
7fdf08287000-7fdf08288000 ---p 00000000 00:00 0 
7fdf08288000-7fdf08389000 rw-p 00000000 00:00 0 
7fdf08389000-7fdf0838a000 ---p 00000000 00:00 0 
7fdf0838a000-7fdf0848b000 rw-p 00000000 00:00 0 
7fdf0848b000-7fdf0848c000 ---p 00000000 00:00 0 
7fdf0848c000-7fdf0858d000 rw-p 00000000 00:00 0 
7fdf0858d000-7fdf0858e000 ---p 00000000 00:00 0 
7fdf0858e000-7fdf0868f000 rw-p 00000000 00:00 0 
7fdf0868f000-7fdf08690000 ---p 00000000 00:00 0 
7fdf08690000-7fdf08793000 rw-p 00000000 00:00 0 
7fdf0879d000-7fdf087a3000 rw-p 00000000 00:00 0 
7fdf087a3000-7fdf087a5000 r--p 00000000 08:01 21890254                   /usr/lib/jvm/java-16-openjdk-amd64/lib/libmanagement_ext.so
7fdf087a5000-7fdf087a8000 r-xp 00002000 08:01 21890254                   /usr/lib/jvm/java-16-openjdk-amd64/lib/libmanagement_ext.so
7fdf087a8000-7fdf087aa000 r--p 00005000 08:01 21890254                   /usr/lib/jvm/java-16-openjdk-amd64/lib/libmanagement_ext.so
7fdf087aa000-7fdf087ab000 r--p 00006000 08:01 21890254                   /usr/lib/jvm/java-16-openjdk-amd64/lib/libmanagement_ext.so
7fdf087ab000-7fdf087ac000 rw-p 00007000 08:01 21890254                   /usr/lib/jvm/java-16-openjdk-amd64/lib/libmanagement_ext.so
7fdf087ac000-7fdf087b0000 ---p 00000000 00:00 0 
7fdf087b0000-7fdf088ad000 rw-p 00000000 00:00 0 
7fdf088ad000-7fdf088b1000 ---p 00000000 00:00 0 
7fdf088b1000-7fdf089ae000 rw-p 00000000 00:00 0 
7fdf089ae000-7fdf089b2000 ---p 00000000 00:00 0 
7fdf089b2000-7fdf08aaf000 rw-p 00000000 00:00 0 
7fdf08aaf000-7fdf08ab3000 ---p 00000000 00:00 0 
7fdf08ab3000-7fdf08bb0000 rw-p 00000000 00:00 0 
7fdf08bb1000-7fdf08c87000 rw-p 00000000 00:00 0 
7fdf08c87000-7fdf08c8b000 ---p 00000000 00:00 0 
7fdf08c8b000-7fdf08d8a000 rw-p 00000000 00:00 0 
7fdf08d8a000-7fdf08d8b000 r-xp 00000000 00:00 0 
7fdf08d8b000-7fdf08d8f000 rw-p 00000000 00:00 0 
7fdf08d8f000-7fdf08d90000 r-xp 00000000 00:00 0 
7fdf08d90000-7fdf08d94000 rw-p 00000000 00:00 0 
7fdf08d94000-7fdf08d95000 r-xp 00000000 00:00 0 
7fdf08d95000-7fdf08d97000 rw-p 00000000 00:00 0 
7fdf08d97000-7fdf08d99000 rw-s 00000000 08:01 2884263                    /tmp/junit2901961169616878081/tutorial5/lock.mdb (deleted)
7fdf08d99000-7fdf08d9b000 rw-p 00000000 00:00 0 
7fdf08d9b000-7fdf08d9d000 rw-s 00000000 08:01 2884259                    /tmp/junit12674403746988425866/tutorial4/lock.mdb (deleted)
7fdf08d9d000-7fdf08d9f000 rw-s 00000000 08:01 2884255                    /tmp/junit14784342851112018123/tutorial3/lock.mdb (deleted)
7fdf08d9f000-7fdf08da1000 rw-p 00000000 00:00 0 
7fdf08da1000-7fdf08da5000 ---p 00000000 00:00 0 
7fdf08da5000-7fdf08ea2000 rw-p 00000000 00:00 0 
7fdf08ea2000-7fdf08ea4000 rw-s 00000000 08:01 2884251                    /tmp/junit1022243350797766410/tutorial2/lock.mdb (deleted)
7fdf08ea4000-7fdf08ea6000 rw-s 00000000 08:01 2884247                    /tmp/junit805272874049367354/tutorial1/lock.mdb (deleted)
7fdf08ea6000-7fdf08eb2000 rw-p 00000000 00:00 0 
7fdf08eb2000-7fdf08ec6000 r-xp 00000000 08:01 27525638                   /tmp/lmdbjava-native-library-13731935872994512574.so
7fdf08ec6000-7fdf090c6000 ---p 00014000 08:01 27525638                   /tmp/lmdbjava-native-library-13731935872994512574.so
7fdf090c6000-7fdf090c7000 r--p 00014000 08:01 27525638                   /tmp/lmdbjava-native-library-13731935872994512574.so
7fdf090c7000-7fdf090c8000 rw-p 00015000 08:01 27525638                   /tmp/lmdbjava-native-library-13731935872994512574.so
7fdf090c8000-7fdf090da000 r-xp 00000000 08:01 27525639                   /tmp/jffi7221914195448598121.so (deleted)
7fdf090da000-7fdf092d9000 ---p 00012000 08:01 27525639                   /tmp/jffi7221914195448598121.so (deleted)
7fdf092d9000-7fdf092da000 rw-p 00011000 08:01 27525639                   /tmp/jffi7221914195448598121.so (deleted)
7fdf092da000-7fdf092de000 ---p 00000000 00:00 0 
7fdf092de000-7fdf093db000 rw-p 00000000 00:00 0 
7fdf093db000-7fdf093df000 ---p 00000000 00:00 0 
7fdf093df000-7fdf094dc000 rw-p 00000000 00:00 0 
7fdf094dc000-7fdf094e0000 ---p 00000000 00:00 0 
7fdf094e0000-7fdf0960e000 rw-p 00000000 00:00 0 
7fdf0960e000-7fdf09612000 r--p 00000000 08:01 21890258                   /usr/lib/jvm/java-16-openjdk-amd64/lib/libnet.so
7fdf09612000-7fdf09620000 r-xp 00004000 08:01 21890258                   /usr/lib/jvm/java-16-openjdk-amd64/lib/libnet.so
7fdf09620000-7fdf09624000 r--p 00012000 08:01 21890258                   /usr/lib/jvm/java-16-openjdk-amd64/lib/libnet.so
7fdf09624000-7fdf09625000 r--p 00015000 08:01 21890258                   /usr/lib/jvm/java-16-openjdk-amd64/lib/libnet.so
7fdf09625000-7fdf09626000 rw-p 00016000 08:01 21890258                   /usr/lib/jvm/java-16-openjdk-amd64/lib/libnet.so
7fdf09626000-7fdf09627000 ---p 00000000 00:00 0 
7fdf09627000-7fdf09728000 rw-p 00000000 00:00 0 
7fdf09728000-7fdf0972c000 ---p 00000000 00:00 0 
7fdf0972c000-7fdf09829000 rw-p 00000000 00:00 0 
7fdf09829000-7fdf0982d000 ---p 00000000 00:00 0 
7fdf0982d000-7fdf0992a000 rw-p 00000000 00:00 0 
7fdf0992a000-7fdf0992e000 ---p 00000000 00:00 0 
7fdf0992e000-7fdf09a2b000 rw-p 00000000 00:00 0 
7fdf09a2b000-7fdf09a2f000 ---p 00000000 00:00 0 
7fdf09a2f000-7fdf09b2c000 rw-p 00000000 00:00 0 
7fdf09b2c000-7fdf09b30000 ---p 00000000 00:00 0 
7fdf09b30000-7fdf09c2d000 rw-p 00000000 00:00 0 
7fdf09c2d000-7fdf09c31000 ---p 00000000 00:00 0 
7fdf09c31000-7fdf09d2e000 rw-p 00000000 00:00 0 
7fdf09d2e000-7fdf09d32000 ---p 00000000 00:00 0 
7fdf09d32000-7fdf09e2f000 rw-p 00000000 00:00 0 
7fdf09e2f000-7fdf09e33000 ---p 00000000 00:00 0 
7fdf09e33000-7fdf09f30000 rw-p 00000000 00:00 0 
7fdf09f30000-7fdf09f34000 ---p 00000000 00:00 0 
7fdf09f34000-7fdf0a031000 rw-p 00000000 00:00 0 
7fdf0a031000-7fdf0a035000 ---p 00000000 00:00 0 
7fdf0a035000-7fdf0a132000 rw-p 00000000 00:00 0 
7fdf0a132000-7fdf0a6ff000 r--p 00000000 08:01 17170755                   /usr/lib/locale/locale-archive
7fdf0a6ff000-7fdf0a703000 ---p 00000000 00:00 0 
7fdf0a703000-7fdf0ac00000 rw-p 00000000 00:00 0 
7fdf0ac00000-7fdf0b000000 rw-p 00000000 00:00 0 
7fdf0b000000-7fdf0b001000 r-xp 00000000 00:00 0 
7fdf0b001000-7fdf0b005000 r--p 00000000 08:01 21890270                   /usr/lib/jvm/java-16-openjdk-amd64/lib/libverify.so
7fdf0b005000-7fdf0b00c000 r-xp 00004000 08:01 21890270                   /usr/lib/jvm/java-16-openjdk-amd64/lib/libverify.so
7fdf0b00c000-7fdf0b00e000 r--p 0000b000 08:01 21890270                   /usr/lib/jvm/java-16-openjdk-amd64/lib/libverify.so
7fdf0b00e000-7fdf0b00f000 ---p 0000d000 08:01 21890270                   /usr/lib/jvm/java-16-openjdk-amd64/lib/libverify.so
7fdf0b00f000-7fdf0b011000 r--p 0000d000 08:01 21890270                   /usr/lib/jvm/java-16-openjdk-amd64/lib/libverify.so
7fdf0b011000-7fdf0b012000 rw-p 0000f000 08:01 21890270                   /usr/lib/jvm/java-16-openjdk-amd64/lib/libverify.so
7fdf0b012000-7fdf0b016000 ---p 00000000 00:00 0 
7fdf0b016000-7fdf0b113000 rw-p 00000000 00:00 0 
7fdf0b113000-7fdf0b114000 ---p 00000000 00:00 0 
7fdf0b114000-7fdf0b2f1000 rw-p 00000000 00:00 0 
7fdf0b2f1000-7fdf0b2f2000 ---p 00000000 00:00 0 
7fdf0b2f2000-7fdf0b3f3000 rw-p 00000000 00:00 0 
7fdf0b3f3000-7fdf0b3f4000 ---p 00000000 00:00 0 
7fdf0b3f4000-7fdf0c000000 rw-p 00000000 00:00 0 
7fdf0c000000-7fdf0c021000 rw-p 00000000 00:00 0 
7fdf0c021000-7fdf10000000 ---p 00000000 00:00 0 
7fdf10000000-7fdf10021000 rw-p 00000000 00:00 0 
7fdf10021000-7fdf14000000 ---p 00000000 00:00 0 
7fdf14000000-7fdf14021000 rw-p 00000000 00:00 0 
7fdf14021000-7fdf18000000 ---p 00000000 00:00 0 
7fdf18000000-7fdf18001000 r-xp 00000000 00:00 0 
7fdf18001000-7fdf18003000 r--p 00000000 08:01 21890250                   /usr/lib/jvm/java-16-openjdk-amd64/lib/libmanagement.so
7fdf18003000-7fdf18004000 r-xp 00002000 08:01 21890250                   /usr/lib/jvm/java-16-openjdk-amd64/lib/libmanagement.so
7fdf18004000-7fdf18005000 r--p 00003000 08:01 21890250                   /usr/lib/jvm/java-16-openjdk-amd64/lib/libmanagement.so
7fdf18005000-7fdf18006000 r--p 00003000 08:01 21890250                   /usr/lib/jvm/java-16-openjdk-amd64/lib/libmanagement.so
7fdf18006000-7fdf18007000 rw-p 00004000 08:01 21890250                   /usr/lib/jvm/java-16-openjdk-amd64/lib/libmanagement.so
7fdf18007000-7fdf18008000 r-xp 00000000 00:00 0 
7fdf18008000-7fdf1800e000 r--p 00000000 08:01 21890260                   /usr/lib/jvm/java-16-openjdk-amd64/lib/libnio.so
7fdf1800e000-7fdf18017000 r-xp 00006000 08:01 21890260                   /usr/lib/jvm/java-16-openjdk-amd64/lib/libnio.so
7fdf18017000-7fdf1801c000 r--p 0000f000 08:01 21890260                   /usr/lib/jvm/java-16-openjdk-amd64/lib/libnio.so
7fdf1801c000-7fdf1801d000 r--p 00013000 08:01 21890260                   /usr/lib/jvm/java-16-openjdk-amd64/lib/libnio.so
7fdf1801d000-7fdf1801e000 rw-p 00014000 08:01 21890260                   /usr/lib/jvm/java-16-openjdk-amd64/lib/libnio.so
7fdf1801e000-7fdf1a261000 rw-p 00000000 00:00 0 
7fdf1a261000-7fdf1a262000 ---p 00000000 00:00 0 
7fdf1a262000-7fdf1a363000 rw-p 00000000 00:00 0 
7fdf1a363000-7fdf1a364000 ---p 00000000 00:00 0 
7fdf1a364000-7fdf1a465000 rw-p 00000000 00:00 0 
7fdf1a465000-7fdf1a466000 ---p 00000000 00:00 0 
7fdf1a466000-7fdf1b5e8000 rw-p 00000000 00:00 0 
7fdf1b5e8000-7fdf2a108000 ---p 00000000 00:00 0 
7fdf2a108000-7fdf2b108000 rw-p 00000000 00:00 0 
7fdf2b108000-7fdf39c28000 ---p 00000000 00:00 0 
7fdf39c28000-7fdf39e60000 rw-p 00000000 00:00 0 
7fdf39e60000-7fdf3bbc4000 ---p 00000000 00:00 0 
7fdf3bbc4000-7fdf3bdc4000 rw-p 00000000 00:00 0 
7fdf3bdc4000-7fdf3db28000 ---p 00000000 00:00 0 
7fdf3db28000-7fdf3dd28000 rw-p 00000000 00:00 0 
7fdf3dd28000-7fdf3fa8c000 ---p 00000000 00:00 0 
7fdf3fa8c000-7fdf4049e000 rw-p 00000000 00:00 0 
7fdf4049e000-7fdf407ae000 rwxp 00000000 00:00 0 
7fdf407ae000-7fdf40bdf000 ---p 00000000 00:00 0 
7fdf40bdf000-7fdf4126f000 rwxp 00000000 00:00 0 
7fdf4126f000-7fdf4803e000 ---p 00000000 00:00 0 
7fdf4803e000-7fdf482ae000 rwxp 00000000 00:00 0 
7fdf482ae000-7fdf4f49e000 ---p 00000000 00:00 0 
7fdf4f49e000-7fdf58000000 r--s 00000000 08:01 21890274                   /usr/lib/jvm/java-16-openjdk-amd64/lib/modules
7fdf58000000-7fdf5b018000 rw-p 00000000 00:00 0 
7fdf5b018000-7fdf5c000000 ---p 00000000 00:00 0 
7fdf5c000000-7fdf5c002000 rw-p 00000000 00:00 0 
7fdf5c002000-7fdf5c009000 r--s 00000000 08:01 17565161                   /usr/lib/x86_64-linux-gnu/gconv/gconv-modules.cache
7fdf5c009000-7fdf5c00a000 r--p 00000000 08:01 21890231                   /usr/lib/jvm/java-16-openjdk-amd64/lib/libextnet.so
7fdf5c00a000-7fdf5c00b000 r-xp 00001000 08:01 21890231                   /usr/lib/jvm/java-16-openjdk-amd64/lib/libextnet.so
7fdf5c00b000-7fdf5c00c000 r--p 00002000 08:01 21890231                   /usr/lib/jvm/java-16-openjdk-amd64/lib/libextnet.so
7fdf5c00c000-7fdf5c00d000 r--p 00002000 08:01 21890231                   /usr/lib/jvm/java-16-openjdk-amd64/lib/libextnet.so
7fdf5c00d000-7fdf5c00e000 rw-p 00003000 08:01 21890231                   /usr/lib/jvm/java-16-openjdk-amd64/lib/libextnet.so
7fdf5c00e000-7fdf5c394000 rw-p 00000000 00:00 0 
7fdf5c394000-7fdf5c478000 ---p 00000000 00:00 0 
7fdf5c478000-7fdf5c486000 rw-p 00000000 00:00 0 
7fdf5c486000-7fdf5c561000 ---p 00000000 00:00 0 
7fdf5c561000-7fdf5c568000 rw-p 00000000 00:00 0 
7fdf5c568000-7fdf5c570000 ---p 00000000 00:00 0 
7fdf5c570000-7fdf5c572000 r--p 00000000 08:01 21890272                   /usr/lib/jvm/java-16-openjdk-amd64/lib/libzip.so
7fdf5c572000-7fdf5c576000 r-xp 00002000 08:01 21890272                   /usr/lib/jvm/java-16-openjdk-amd64/lib/libzip.so
7fdf5c576000-7fdf5c578000 r--p 00006000 08:01 21890272                   /usr/lib/jvm/java-16-openjdk-amd64/lib/libzip.so
7fdf5c578000-7fdf5c579000 r--p 00007000 08:01 21890272                   /usr/lib/jvm/java-16-openjdk-amd64/lib/libzip.so
7fdf5c579000-7fdf5c57a000 rw-p 00008000 08:01 21890272                   /usr/lib/jvm/java-16-openjdk-amd64/lib/libzip.so
7fdf5c57a000-7fdf5c586000 r--p 00000000 08:01 21890238                   /usr/lib/jvm/java-16-openjdk-amd64/lib/libjava.so
7fdf5c586000-7fdf5c598000 r-xp 0000c000 08:01 21890238                   /usr/lib/jvm/java-16-openjdk-amd64/lib/libjava.so
7fdf5c598000-7fdf5c59e000 r--p 0001e000 08:01 21890238                   /usr/lib/jvm/java-16-openjdk-amd64/lib/libjava.so
7fdf5c59e000-7fdf5c59f000 ---p 00024000 08:01 21890238                   /usr/lib/jvm/java-16-openjdk-amd64/lib/libjava.so
7fdf5c59f000-7fdf5c5a0000 r--p 00024000 08:01 21890238                   /usr/lib/jvm/java-16-openjdk-amd64/lib/libjava.so
7fdf5c5a0000-7fdf5c5a1000 rw-p 00025000 08:01 21890238                   /usr/lib/jvm/java-16-openjdk-amd64/lib/libjava.so
7fdf5c5a1000-7fdf5c5a2000 rw-p 00000000 00:00 0 
7fdf5c5a2000-7fdf5c5a6000 ---p 00000000 00:00 0 
7fdf5c5a6000-7fdf5c6a3000 rw-p 00000000 00:00 0 
7fdf5c6a3000-7fdf5c6a6000 r--p 00000000 08:01 17190160                   /usr/lib/x86_64-linux-gnu/libgcc_s.so.1
7fdf5c6a6000-7fdf5c6b8000 r-xp 00003000 08:01 17190160                   /usr/lib/x86_64-linux-gnu/libgcc_s.so.1
7fdf5c6b8000-7fdf5c6bb000 r--p 00015000 08:01 17190160                   /usr/lib/x86_64-linux-gnu/libgcc_s.so.1
7fdf5c6bb000-7fdf5c6bc000 ---p 00018000 08:01 17190160                   /usr/lib/x86_64-linux-gnu/libgcc_s.so.1
7fdf5c6bc000-7fdf5c6bd000 r--p 00018000 08:01 17190160                   /usr/lib/x86_64-linux-gnu/libgcc_s.so.1
7fdf5c6bd000-7fdf5c6be000 rw-p 00019000 08:01 17190160                   /usr/lib/x86_64-linux-gnu/libgcc_s.so.1
7fdf5c6be000-7fdf5c6cd000 r--p 00000000 08:01 17190184                   /usr/lib/x86_64-linux-gnu/libm-2.33.so
7fdf5c6cd000-7fdf5c773000 r-xp 0000f000 08:01 17190184                   /usr/lib/x86_64-linux-gnu/libm-2.33.so
7fdf5c773000-7fdf5c80a000 r--p 000b5000 08:01 17190184                   /usr/lib/x86_64-linux-gnu/libm-2.33.so
7fdf5c80a000-7fdf5c80b000 r--p 0014b000 08:01 17190184                   /usr/lib/x86_64-linux-gnu/libm-2.33.so
7fdf5c80b000-7fdf5c80c000 rw-p 0014c000 08:01 17190184                   /usr/lib/x86_64-linux-gnu/libm-2.33.so
7fdf5c80c000-7fdf5c8a5000 r--p 00000000 08:01 17174032                   /usr/lib/x86_64-linux-gnu/libstdc++.so.6.0.29
7fdf5c8a5000-7fdf5c9a8000 r-xp 00099000 08:01 17174032                   /usr/lib/x86_64-linux-gnu/libstdc++.so.6.0.29
7fdf5c9a8000-7fdf5ca14000 r--p 0019c000 08:01 17174032                   /usr/lib/x86_64-linux-gnu/libstdc++.so.6.0.29
7fdf5ca14000-7fdf5ca1f000 r--p 00207000 08:01 17174032                   /usr/lib/x86_64-linux-gnu/libstdc++.so.6.0.29
7fdf5ca1f000-7fdf5ca22000 rw-p 00212000 08:01 17174032                   /usr/lib/x86_64-linux-gnu/libstdc++.so.6.0.29
7fdf5ca22000-7fdf5ca25000 rw-p 00000000 00:00 0 
7fdf5ca25000-7fdf5cc50000 r--p 00000000 08:01 21890286                   /usr/lib/jvm/java-16-openjdk-amd64/lib/server/libjvm.so
7fdf5cc50000-7fdf5d899000 r-xp 0022b000 08:01 21890286                   /usr/lib/jvm/java-16-openjdk-amd64/lib/server/libjvm.so
7fdf5d899000-7fdf5dac4000 r--p 00e74000 08:01 21890286                   /usr/lib/jvm/java-16-openjdk-amd64/lib/server/libjvm.so
7fdf5dac4000-7fdf5dac5000 ---p 0109f000 08:01 21890286                   /usr/lib/jvm/java-16-openjdk-amd64/lib/server/libjvm.so
7fdf5dac5000-7fdf5db77000 r--p 0109f000 08:01 21890286                   /usr/lib/jvm/java-16-openjdk-amd64/lib/server/libjvm.so
7fdf5db77000-7fdf5dba3000 rw-p 01151000 08:01 21890286                   /usr/lib/jvm/java-16-openjdk-amd64/lib/server/libjvm.so
7fdf5dba3000-7fdf5dc00000 rw-p 00000000 00:00 0 
7fdf5dc00000-7fdf5dc07000 r--p 00000000 08:01 17174108                   /usr/lib/x86_64-linux-gnu/libpthread-2.33.so
7fdf5dc07000-7fdf5dc17000 r-xp 00007000 08:01 17174108                   /usr/lib/x86_64-linux-gnu/libpthread-2.33.so
7fdf5dc17000-7fdf5dc1c000 r--p 00017000 08:01 17174108                   /usr/lib/x86_64-linux-gnu/libpthread-2.33.so
7fdf5dc1c000-7fdf5dc1d000 r--p 0001b000 08:01 17174108                   /usr/lib/x86_64-linux-gnu/libpthread-2.33.so
7fdf5dc1d000-7fdf5dc1e000 rw-p 0001c000 08:01 17174108                   /usr/lib/x86_64-linux-gnu/libpthread-2.33.so
7fdf5dc1e000-7fdf5dc22000 rw-p 00000000 00:00 0 
7fdf5dc22000-7fdf5dc24000 r--p 00000000 08:01 17173935                   /usr/lib/x86_64-linux-gnu/libdl-2.33.so
7fdf5dc24000-7fdf5dc26000 r-xp 00002000 08:01 17173935                   /usr/lib/x86_64-linux-gnu/libdl-2.33.so
7fdf5dc26000-7fdf5dc27000 r--p 00004000 08:01 17173935                   /usr/lib/x86_64-linux-gnu/libdl-2.33.so
7fdf5dc27000-7fdf5dc28000 r--p 00004000 08:01 17173935                   /usr/lib/x86_64-linux-gnu/libdl-2.33.so
7fdf5dc28000-7fdf5dc29000 rw-p 00005000 08:01 17173935                   /usr/lib/x86_64-linux-gnu/libdl-2.33.so
7fdf5dc29000-7fdf5dc2b000 r--p 00000000 08:01 17190191                   /usr/lib/x86_64-linux-gnu/libz.so.1.2.11
7fdf5dc2b000-7fdf5dc3c000 r-xp 00002000 08:01 17190191                   /usr/lib/x86_64-linux-gnu/libz.so.1.2.11
7fdf5dc3c000-7fdf5dc42000 r--p 00013000 08:01 17190191                   /usr/lib/x86_64-linux-gnu/libz.so.1.2.11
7fdf5dc42000-7fdf5dc43000 ---p 00019000 08:01 17190191                   /usr/lib/x86_64-linux-gnu/libz.so.1.2.11
7fdf5dc43000-7fdf5dc44000 r--p 00019000 08:01 17190191                   /usr/lib/x86_64-linux-gnu/libz.so.1.2.11
7fdf5dc44000-7fdf5dc45000 rw-p 0001a000 08:01 17190191                   /usr/lib/x86_64-linux-gnu/libz.so.1.2.11
7fdf5dc45000-7fdf5dc6b000 r--p 00000000 08:01 17173832                   /usr/lib/x86_64-linux-gnu/libc-2.33.so
7fdf5dc6b000-7fdf5ddd6000 r-xp 00026000 08:01 17173832                   /usr/lib/x86_64-linux-gnu/libc-2.33.so
7fdf5ddd6000-7fdf5de22000 r--p 00191000 08:01 17173832                   /usr/lib/x86_64-linux-gnu/libc-2.33.so
7fdf5de22000-7fdf5de25000 r--p 001dc000 08:01 17173832                   /usr/lib/x86_64-linux-gnu/libc-2.33.so
7fdf5de25000-7fdf5de28000 rw-p 001df000 08:01 17173832                   /usr/lib/x86_64-linux-gnu/libc-2.33.so
7fdf5de28000-7fdf5de31000 rw-p 00000000 00:00 0 
7fdf5de31000-7fdf5de32000 r-xp 00000000 00:00 0 
7fdf5de32000-7fdf5de34000 r--s 0000c000 08:01 17694801                   /usr/share/java/java-atk-wrapper.jar
7fdf5de34000-7fdf5de3c000 rw-s 00000000 08:01 27525633                   /tmp/hsperfdata_subes/46925
7fdf5de3c000-7fdf5de3e000 r--p 00000000 08:01 17190175                   /usr/lib/x86_64-linux-gnu/libnss_compat-2.33.so
7fdf5de3e000-7fdf5de45000 r-xp 00002000 08:01 17190175                   /usr/lib/x86_64-linux-gnu/libnss_compat-2.33.so
7fdf5de45000-7fdf5de46000 r--p 00009000 08:01 17190175                   /usr/lib/x86_64-linux-gnu/libnss_compat-2.33.so
7fdf5de46000-7fdf5de47000 r--p 00009000 08:01 17190175                   /usr/lib/x86_64-linux-gnu/libnss_compat-2.33.so
7fdf5de47000-7fdf5de48000 rw-p 0000a000 08:01 17190175                   /usr/lib/x86_64-linux-gnu/libnss_compat-2.33.so
7fdf5de48000-7fdf5de49000 ---p 00000000 00:00 0 
7fdf5de49000-7fdf5de4a000 r--p 00000000 00:00 0 
7fdf5de4a000-7fdf5de4b000 ---p 00000000 00:00 0 
7fdf5de4b000-7fdf5de4d000 r--p 00000000 08:01 21890241                   /usr/lib/jvm/java-16-openjdk-amd64/lib/libjimage.so
7fdf5de4d000-7fdf5de4f000 r-xp 00002000 08:01 21890241                   /usr/lib/jvm/java-16-openjdk-amd64/lib/libjimage.so
7fdf5de4f000-7fdf5de50000 r--p 00004000 08:01 21890241                   /usr/lib/jvm/java-16-openjdk-amd64/lib/libjimage.so
7fdf5de50000-7fdf5de51000 r--p 00004000 08:01 21890241                   /usr/lib/jvm/java-16-openjdk-amd64/lib/libjimage.so
7fdf5de51000-7fdf5de52000 rw-p 00005000 08:01 21890241                   /usr/lib/jvm/java-16-openjdk-amd64/lib/libjimage.so
7fdf5de52000-7fdf5de54000 r--p 00000000 08:01 21890242                   /usr/lib/jvm/java-16-openjdk-amd64/lib/libjli.so
7fdf5de54000-7fdf5de5e000 r-xp 00002000 08:01 21890242                   /usr/lib/jvm/java-16-openjdk-amd64/lib/libjli.so
7fdf5de5e000-7fdf5de61000 r--p 0000c000 08:01 21890242                   /usr/lib/jvm/java-16-openjdk-amd64/lib/libjli.so
7fdf5de61000-7fdf5de62000 r--p 0000e000 08:01 21890242                   /usr/lib/jvm/java-16-openjdk-amd64/lib/libjli.so
7fdf5de62000-7fdf5de63000 rw-p 0000f000 08:01 21890242                   /usr/lib/jvm/java-16-openjdk-amd64/lib/libjli.so
7fdf5de63000-7fdf5de65000 rw-p 00000000 00:00 0 
7fdf5de65000-7fdf5de66000 r--p 00000000 08:01 17174133                   /usr/lib/x86_64-linux-gnu/ld-2.33.so
7fdf5de66000-7fdf5de8d000 r-xp 00001000 08:01 17174133                   /usr/lib/x86_64-linux-gnu/ld-2.33.so
7fdf5de8d000-7fdf5de97000 r--p 00028000 08:01 17174133                   /usr/lib/x86_64-linux-gnu/ld-2.33.so
7fdf5de97000-7fdf5de99000 r--p 00031000 08:01 17174133                   /usr/lib/x86_64-linux-gnu/ld-2.33.so
7fdf5de99000-7fdf5de9b000 rw-p 00033000 08:01 17174133                   /usr/lib/x86_64-linux-gnu/ld-2.33.so
7ffdbd193000-7ffdbd1b5000 rw-p 00000000 00:00 0                          [stack]
7ffdbd1f9000-7ffdbd1fd000 r--p 00000000 00:00 0                          [vvar]
7ffdbd1fd000-7ffdbd1ff000 r-xp 00000000 00:00 0                          [vdso]
ffffffffff600000-ffffffffff601000 --xp 00000000 00:00 0                  [vsyscall]


VM Arguments:
jvm_args: --add-opens=java.base/java.lang=ALL-UNNAMED -ea --illegal-access=permit --add-exports=java.base/jdk.internal.ref=ALL-UNNAMED --add-opens=java.base/jdk.internal.misc=ALL-UNNAMED --add-opens=java.base/java.nioc=ALL-UNNAMED -Dfile.encoding=UTF-8 -XX:+ShowCodeDetailsInExceptionMessages 
java_command: org.eclipse.jdt.internal.junit.runner.RemoteTestRunner -version 3 -port 40161 -testLoaderClass org.eclipse.jdt.internal.junit4.runner.JUnit4TestLoader -loaderpluginname org.eclipse.jdt.junit4.runtime -testNameFile /tmp/testNames860652043881570975.txt
java_class_path (initial): /opt/subes/dev/Entwicklung/invesdwin/ezdb/ezdb-lmdb-jnr/target/test-classes:/opt/subes/dev/Entwicklung/invesdwin/ezdb/ezdb-lmdb-jnr/target/classes:/opt/subes/dev/Entwicklung/invesdwin/ezdb/ezdb-api/target/classes:/home/subes/.m2/repository/io/netty/netty-buffer/4.1.68.Final/netty-buffer-4.1.68.Final.jar:/home/subes/.m2/repository/io/netty/netty-common/4.1.68.Final/netty-common-4.1.68.Final.jar:/opt/subes/dev/Entwicklung/invesdwin/ezdb/ezdb-treemap/target/classes:/home/subes/.m2/repository/org/lmdbjava/lmdbjava/0.8.1/lmdbjava-0.8.1.jar:/home/subes/.m2/repository/com/github/jnr/jnr-constants/0.9.15/jnr-constants-0.9.15.jar:/home/subes/.m2/repository/com/github/jnr/jnr-ffi/2.1.15/jnr-ffi-2.1.15.jar:/home/subes/.m2/repository/com/github/jnr/jffi/1.2.23/jffi-1.2.23.jar:/home/subes/.m2/repository/com/github/jnr/jffi/1.2.23/jffi-1.2.23-native.jar:/home/subes/.m2/repository/org/ow2/asm/asm/7.1/asm-7.1.jar:/home/subes/.m2/repository/org/ow2/asm/asm-commons/7.1/asm-commons-7.1.jar:/home/subes/.m2/repository/org/ow2/asm/asm-analysis/7.1/asm-analysis-7.1.jar:/home/subes/.m2/repository/org/ow2/asm/asm-tree/7.1/asm-tree-7.1.jar:/home/subes/.m2/repository/org/ow2/asm/asm-util/7.1/asm-util-7.1.jar:/home/subes/.m2/repository/com/github/jnr/jnr-a64asm/1.0.0/jnr-a64asm-1.0.0.jar:/home/subes/.m2/repository/com/github/jnr/jnr-x86asm/1.0.2/jnr-x86asm-1.0.2.jar:/home/subes/.m2/repository/com/google/guava/guava/30.1.1-jre/guava-30.1.1-jre.jar:/home/subes/.m2/repository/com/google/guava/failureaccess/1.0.1/failureaccess-1.0.1.jar:/home/subes/.m2/repository/com/google/guava/listenablefuture/9999.0-empty-to-avoid-conflict-with-guava/listenablefuture-9999.0-empty-to-avoid-conflict-with-guava.jar:/home/subes/.m2/repository/com/google/code/findbugs/jsr305/3.0.2/jsr305-3.0.2.jar:/home/subes/.m2/repository/org/checkerframework/checker-qual/3.8.0/checker-qual-3.8.0.jar:/home/subes/.m2/repository/com/google/errorprone/error_prone_annotations/2.5.1/error_prone_annotations
Launcher Type: SUN_STANDARD

[Global flags]
     intx CICompilerCount                          = 12                                        {product} {ergonomic}
     uint ConcGCThreads                            = 3                                         {product} {ergonomic}
     uint G1ConcRefinementThreads                  = 13                                        {product} {ergonomic}
   size_t G1HeapRegionSize                         = 8388608                                   {product} {ergonomic}
    uintx GCDrainStackTargetSize                   = 64                                        {product} {ergonomic}
   size_t InitialHeapSize                          = 1056964608                                {product} {ergonomic}
   size_t MarkStackSize                            = 4194304                                   {product} {ergonomic}
   size_t MaxHeapSize                              = 16852713472                               {product} {ergonomic}
   size_t MaxNewSize                               = 10108272640                               {product} {ergonomic}
   size_t MinHeapDeltaBytes                        = 8388608                                   {product} {ergonomic}
   size_t MinHeapSize                              = 8388608                                   {product} {ergonomic}
    uintx NonNMethodCodeHeapSize                   = 7602480                                {pd product} {ergonomic}
    uintx NonProfiledCodeHeapSize                  = 122027880                              {pd product} {ergonomic}
    uintx ProfiledCodeHeapSize                     = 122027880                              {pd product} {ergonomic}
    uintx ReservedCodeCacheSize                    = 251658240                              {pd product} {ergonomic}
     bool SegmentedCodeCache                       = true                                      {product} {ergonomic}
     bool ShowCodeDetailsInExceptionMessages       = true                                   {manageable} {command line}
   size_t SoftMaxHeapSize                          = 16852713472                            {manageable} {ergonomic}
     bool UseCompressedClassPointers               = true                           {product lp64_product} {ergonomic}
     bool UseCompressedOops                        = true                           {product lp64_product} {ergonomic}
     bool UseG1GC                                  = true                                      {product} {ergonomic}

Logging:
Log output configuration:
 #0: stdout all=warning uptime,level,tags
 #1: stderr all=off uptime,level,tags

Environment Variables:
JAVA_HOME=/usr/lib/jvm/default-java/
PATH=/home/subes/.local/share/umake/bin:/usr/local/sbin:/usr/local/bin:/usr/sbin:/usr/bin:/sbin:/bin:/usr/games:/usr/local/games:/snap/bin:/snap/bin
USERNAME=subes
SHELL=/bin/bash
DISPLAY=:1
LANG=de_DE.UTF-8

Signal Handlers:
SIGSEGV: [libjvm.so+0xc78640], sa_mask[0]=11100100010111111101111111111110, sa_flags=SA_RESTART|SA_SIGINFO
SIGBUS: [libjvm.so+0xc78640], sa_mask[0]=11100100010111111101111111111110, sa_flags=SA_RESTART|SA_SIGINFO
SIGFPE: [libjvm.so+0xc78640], sa_mask[0]=11100100010111111101111111111110, sa_flags=SA_RESTART|SA_SIGINFO
SIGPIPE: [libjvm.so+0xb89950], sa_mask[0]=11100100010111111101111111111110, sa_flags=SA_RESTART|SA_SIGINFO
SIGXFSZ: [libjvm.so+0xb89950], sa_mask[0]=11100100010111111101111111111110, sa_flags=SA_RESTART|SA_SIGINFO
SIGILL: [libjvm.so+0xc78640], sa_mask[0]=11100100010111111101111111111110, sa_flags=SA_RESTART|SA_SIGINFO
SIGUSR2: [libjvm.so+0xb846f0], sa_mask[0]=00100000000000000000000000000000, sa_flags=SA_RESTART|SA_SIGINFO
SIGHUP: [libjvm.so+0xb84030], sa_mask[0]=11100100010111111101111111111110, sa_flags=SA_RESTART|SA_SIGINFO
SIGINT: [libjvm.so+0xb84030], sa_mask[0]=11100100010111111101111111111110, sa_flags=SA_RESTART|SA_SIGINFO
SIGTERM: [libjvm.so+0xb84030], sa_mask[0]=11100100010111111101111111111110, sa_flags=SA_RESTART|SA_SIGINFO
SIGQUIT: [libjvm.so+0xb84030], sa_mask[0]=11100100010111111101111111111110, sa_flags=SA_RESTART|SA_SIGINFO
SIGTRAP: [libjvm.so+0xc78640], sa_mask[0]=11100100010111111101111111111110, sa_flags=SA_RESTART|SA_SIGINFO


---------------  S Y S T E M  ---------------

OS:
DISTRIB_ID=Ubuntu
DISTRIB_RELEASE=21.04
DISTRIB_CODENAME=hirsute
DISTRIB_DESCRIPTION="Ubuntu 21.04"
uname: Linux 5.11.0-31-generic #33-Ubuntu SMP Wed Aug 11 13:19:04 UTC 2021 x86_64
OS uptime: 0 days 6:04 hours
libc: glibc 2.33 NPTL 2.33 
rlimit (soft/hard): STACK 8192k/infinity , CORE 0k/infinity , NPROC 256775/256775 , NOFILE 524288/524288 , AS infinity/infinity , CPU infinity/infinity , DATA infinity/infinity , FSIZE infinity/infinity , MEMLOCK 8225217k/8225217k
load average: 2,48 1,91 1,43

/proc/meminfo:
MemTotal:       65801736 kB
MemFree:        41690280 kB
MemAvailable:   50198260 kB
Buffers:         1006920 kB
Cached:          7601016 kB
SwapCached:            0 kB
Active:          3211496 kB
Inactive:       19519048 kB
Active(anon):       8752 kB
Inactive(anon): 14243312 kB
Active(file):    3202744 kB
Inactive(file):  5275736 kB
Unevictable:         416 kB
Mlocked:             416 kB
SwapTotal:      34282492 kB
SwapFree:       34282492 kB
Dirty:              6792 kB
Writeback:             0 kB
AnonPages:      14123020 kB
Mapped:          1257684 kB
Shmem:            136124 kB
KReclaimable:     762272 kB
Slab:             979472 kB
SReclaimable:     762272 kB
SUnreclaim:       217200 kB
KernelStack:       31808 kB
PageTables:        93008 kB
NFS_Unstable:          0 kB
Bounce:                0 kB
WritebackTmp:          0 kB
CommitLimit:    67183360 kB
Committed_AS:   23856000 kB
VmallocTotal:   34359738367 kB
VmallocUsed:      106872 kB
VmallocChunk:          0 kB
Percpu:            16512 kB
HardwareCorrupted:     0 kB
AnonHugePages:         0 kB
ShmemHugePages:        0 kB
ShmemPmdMapped:        0 kB
FileHugePages:         0 kB
FilePmdMapped:         0 kB
HugePages_Total:       0
HugePages_Free:        0
HugePages_Rsvd:        0
HugePages_Surp:        0
Hugepagesize:       2048 kB
Hugetlb:               0 kB
DirectMap4k:     1001708 kB
DirectMap2M:    28303360 kB
DirectMap1G:    38797312 kB

/sys/kernel/mm/transparent_hugepage/enabled: always [madvise] never
/sys/kernel/mm/transparent_hugepage/defrag (defrag/compaction efforts parameter): always defer defer+madvise [madvise] never

Process Memory:
Virtual Size: 976532016K (peak: 1112083128K)
Resident Set Size: 691780K (peak: 691848K) (anon: 655316K, file: 36464K, shmem: 0K)
Swapped out: 0K
C-Heap outstanding allocations: 139723K

/proc/sys/kernel/threads-max (system-wide limit on the number of threads): 513551
/proc/sys/vm/max_map_count (maximum number of memory map areas a process may have): 65530
/proc/sys/kernel/pid_max (system-wide limit on number of process identifiers): 4194304

container (cgroup) information:
container_type: cgroupv1
cpu_cpuset_cpus: 0-15
cpu_memory_nodes: 0
active_processor_count: 16
cpu_quota: no quota
cpu_period: 100000
cpu_shares: no shares
memory_limit_in_bytes: unlimited
memory_and_swap_limit_in_bytes: unlimited
memory_soft_limit_in_bytes: unlimited
memory_usage_in_bytes: 22198378496
memory_max_usage_in_bytes: 29731770368

Steal ticks since vm start: 0
Steal ticks percentage since vm start:  0,000

CPU: total 16 (initial active 16) (8 cores per cpu, 2 threads per core) family 6 model 158 stepping 12 microcode 0xea, cx8, cmov, fxsr, ht, mmx, 3dnowpref, sse, sse2, sse3, ssse3, sse4.1, sse4.2, popcnt, lzcnt, tsc, tscinvbit, avx, avx2, aes, erms, clmul, bmi1, bmi2, rtm, adx, fma, vzeroupper, clflush, clflushopt
CPU Model and flags from /proc/cpuinfo:
model name	: Intel(R) Core(TM) i9-9900K CPU @ 3.60GHz
flags		: fpu vme de pse tsc msr pae mce cx8 apic sep mtrr pge mca cmov pat pse36 clflush dts acpi mmx fxsr sse sse2 ss ht tm pbe syscall nx pdpe1gb rdtscp lm constant_tsc art arch_perfmon pebs bts rep_good nopl xtopology nonstop_tsc cpuid aperfmperf pni pclmulqdq dtes64 monitor ds_cpl vmx smx est tm2 ssse3 sdbg fma cx16 xtpr pdcm pcid sse4_1 sse4_2 x2apic movbe popcnt tsc_deadline_timer aes xsave avx f16c rdrand lahf_lm abm 3dnowprefetch cpuid_fault epb invpcid_single ssbd ibrs ibpb stibp tpr_shadow vnmi flexpriority ept vpid ept_ad fsgsbase tsc_adjust bmi1 hle avx2 smep bmi2 erms invpcid rtm mpx rdseed adx smap clflushopt intel_pt xsaveopt xsavec xgetbv1 xsaves dtherm ida arat pln pts hwp hwp_notify hwp_act_window hwp_epp md_clear flush_l1d arch_capabilities

Online cpus: 0-15
Offline cpus: 
BIOS frequency limitation: <Not Available>
Frequency switch latency (ns): 0
Available cpu frequencies: <Not Available>
Current governor: powersave
Core performance/turbo boost: <Not Available>

Memory: 4k page, physical 65801736k(41690280k free), swap 34282492k(34282492k free)

vm_info: OpenJDK 64-Bit Server VM (16.0.1+9-Ubuntu-1) for linux-amd64 JRE (16.0.1+9-Ubuntu-1), built on Apr 21 2021 04:27:46 by "unknown" with gcc 10.3.0

END.
