#
# A fatal error has been detected by the Java Runtime Environment:
#
#  SIGSEGV (0xb) at pc=0x00007f1cf72b9aaf, pid=66399, tid=66414
#
# JRE version: OpenJDK Runtime Environment (16.0.1+9) (build 16.0.1+9-Ubuntu-1)
# Java VM: OpenJDK 64-Bit Server VM (16.0.1+9-Ubuntu-1, mixed mode, sharing, tiered, compressed oops, compressed class ptrs, g1 gc, linux-amd64)
# Problematic frame:
# C  [lmdbjava-native-library-1130791152150603997.so+0x3aaf]  mdb_txn_end+0x11f
#
# Core dump will be written. Default location: Core dumps may be processed with "/usr/share/apport/apport %p %s %c %d %P %E" (or dumping to /opt/subes/dev/Entwicklung/invesdwin/ezdb/ezdb-lmdb-jnr/core.66399)
#
# If you would like to submit a bug report, please visit:
#   Unknown
# The crash happened outside the Java Virtual Machine in native code.
# See problematic frame for where to report the bug.
#

---------------  S U M M A R Y ------------

Command Line: --add-opens=java.base/java.lang=ALL-UNNAMED -ea --illegal-access=permit --add-exports=java.base/jdk.internal.ref=ALL-UNNAMED --add-opens=java.base/jdk.internal.misc=ALL-UNNAMED --add-opens=java.base/java.nioc=ALL-UNNAMED -Dfile.encoding=UTF-8 -XX:+ShowCodeDetailsInExceptionMessages org.eclipse.jdt.internal.junit.runner.RemoteTestRunner -version 3 -port 45385 -testLoaderClass org.eclipse.jdt.internal.junit4.runner.JUnit4TestLoader -loaderpluginname org.eclipse.jdt.junit4.runtime -testNameFile /tmp/testNames10189332638676727140.txt

Host: Intel(R) Core(TM) i9-9900K CPU @ 3.60GHz, 16 cores, 62G, Ubuntu 21.04
Time: Sun Sep 12 20:11:10 2021 CEST elapsed time: 1.231006 seconds (0d 0h 0m 1s)

---------------  T H R E A D  ---------------

Current thread (0x00007f1d6c1e8d80):  JavaThread "Finalizer" daemon [_thread_in_native, id=66414, stack(0x00007f1d7030c000,0x00007f1d7040d000)]

Stack: [0x00007f1d7030c000,0x00007f1d7040d000],  sp=0x00007f1d7040b6f0,  free space=1021k
Native frames: (J=compiled Java code, A=aot compiled Java code, j=interpreted, Vv=VM code, C=native code)
C  [lmdbjava-native-library-1130791152150603997.so+0x3aaf]  mdb_txn_end+0x11f

Java frames: (J=compiled Java code, j=interpreted, Vv=VM code)
J 3229  org.lmdbjava.Library$Lmdb$jnr$ffi$0.mdb_txn_abort$jni$28(J)V (0 bytes) @ 0x00007f1d5c290471 [0x00007f1d5c290420+0x0000000000000051]
J 3228 c1 org.lmdbjava.Library$Lmdb$jnr$ffi$0.mdb_txn_abort(Ljnr/ffi/Pointer;)V (66 bytes) @ 0x00007f1d551f171c [0x00007f1d551f1380+0x000000000000039c]
J 3435 c1 org.lmdbjava.Txn.close()V (48 bytes) @ 0x00007f1d55255374 [0x00007f1d55255260+0x0000000000000114]
J 3445 c1 ezdb.lmdb.util.LmDBJnrDBIterator.finalize()V (9 bytes) @ 0x00007f1d5525989c [0x00007f1d55259760+0x000000000000013c]
J 3438 c1 java.lang.ref.Finalizer.runFinalizer(Ljdk/internal/access/JavaLangAccess;)V java.base@16.0.1 (131 bytes) @ 0x00007f1d55258dd4 [0x00007f1d55258740+0x0000000000000694]
j  java.lang.ref.Finalizer$FinalizerThread.run()V+46 java.base@16.0.1
v  ~StubRoutines::call_stub

siginfo: si_signo: 11 (SIGSEGV), si_code: 1 (SEGV_MAPERR), si_addr: 0x00007edbfffff080

Register to memory mapping:

RAX=0x00000000000a0000 is an unknown value
RBX=0x0000000000000001 is an unknown value
RCX=0x0000000000200022 is an unknown value
RDX=0x00007edbfffff080 is an unknown value
RSP=0x00007f1d7040b6f0 is pointing into the stack for thread: 0x00007f1d6c1e8d80
RBP=0xfffffffffffffffe is an unknown value
RSI=0x0 is NULL
RDI=0x00007f1d6c845eb0 points into unknown readable memory: 0x0000000000000000 | 00 00 00 00 00 00 00 00
R8 =0x0000000000000003 is an unknown value
R9 =2188378169 is a compressed pointer to object: java.lang.ThreadLocal$SuppliedThreadLocal 
{0x00000004138001c8} - klass: 'java/lang/ThreadLocal$SuppliedThreadLocal'
R10=0x00007f1d5c290471 is at entry_point+81 in (nmethod*)0x00007f1d5c290290
R11=0x0000000000000037 is an unknown value
R12=0x0000000000000060 is an unknown value
R13=0x00007f1d6c845eb0 points into unknown readable memory: 0x0000000000000000 | 00 00 00 00 00 00 00 00
R14=0x00007f1d6c845b50 points into unknown readable memory: 0x000000080001e0f0 | f0 e0 01 00 08 00 00 00
R15=0x00007f1d6c845fc8 points into unknown readable memory: 0x0000000000181808 | 08 18 18 00 00 00 00 00


Registers:
RAX=0x00000000000a0000, RBX=0x0000000000000001, RCX=0x0000000000200022, RDX=0x00007edbfffff080
RSP=0x00007f1d7040b6f0, RBP=0xfffffffffffffffe, RSI=0x0000000000000000, RDI=0x00007f1d6c845eb0
R8 =0x0000000000000003, R9 =0x0000000082700039, R10=0x00007f1d5c290471, R11=0x0000000000000037
R12=0x0000000000000060, R13=0x00007f1d6c845eb0, R14=0x00007f1d6c845b50, R15=0x00007f1d6c845fc8
RIP=0x00007f1cf72b9aaf, EFLAGS=0x0000000000010246, CSGSFS=0x002b000000000033, ERR=0x0000000000000006
  TRAPNO=0x000000000000000e

Top of Stack: (sp=0x00007f1d7040b6f0)
0x00007f1d7040b6f0:   00007f1d6c1e8d80 00007f1d740dd7a8
0x00007f1d7040b700:   000000041385f968 00007f1cf74de7b4
0x00007f1d7040b710:   00007f1d7040b710 0000000000000000
0x00007f1d7040b720:   00007f1d7040b7a0 0000000000000000 

Instructions: (pc=0x00007f1cf72b9aaf)
0x00007f1cf72b99af:   20 4c 8b 7f 70 4b 8d 14 24 41 8d 5c 24 ff 4d 89
0x00007f1cf72b99bf:   e0 49 01 d4 48 63 db 49 c1 e4 04 49 83 ec 30 eb
0x00007f1cf72b99cf:   25 4d 8b 4d 58 49 8b be 90 00 00 00 41 0f b7 44
0x00007f1cf72b99df:   01 04 48 01 d7 66 0d 00 80 66 89 44 3d fe 48 83
0x00007f1cf72b99ef:   eb 01 48 83 ed 02 83 fb 01 0f 8e 8a 00 00 00 41
0x00007f1cf72b99ff:   f6 04 1f 04 74 e8 48 8d 44 6d 00 85 f6 49 8d 04
0x00007f1cf72b9a0f:   c4 75 be 49 03 86 88 00 00 00 48 8b 78 08 48 85
0x00007f1cf72b9a1f:   ff 74 cb 48 c7 40 08 00 00 00 00 48 c7 00 00 00
0x00007f1cf72b9a2f:   00 00 4c 8d 0c 2a 49 8b 86 90 00 00 00 89 4c 24
0x00007f1cf72b9a3f:   1c 31 c9 44 89 44 24 18 89 74 24 14 48 89 54 24
0x00007f1cf72b9a4f:   08 48 01 d0 66 89 4c 05 fe 49 8b 86 98 00 00 00
0x00007f1cf72b9a5f:   42 83 44 48 fc 01 e8 a6 ec ff ff 8b 4c 24 1c 44
0x00007f1cf72b9a6f:   8b 44 24 18 8b 74 24 14 48 8b 54 24 08 e9 6c ff
0x00007f1cf72b9a7f:   ff ff 0f 1f 80 00 00 00 00 85 f6 74 0a 45 3b 46
0x00007f1cf72b9a8f:   20 76 04 45 89 46 20 41 8b 45 7c a9 00 00 02 00
0x00007f1cf72b9a9f:   74 5f 49 8b 55 48 48 85 d2 74 25 41 f6 46 0e 20
0x00007f1cf72b9aaf:   48 c7 02 ff ff ff ff 74 0f f7 c1 00 00 20 00 74
0x00007f1cf72b9abf:   0f c7 42 08 00 00 00 00 49 c7 45 48 00 00 00 00
0x00007f1cf72b9acf:   83 c8 01 41 c7 45 78 00 00 00 00 83 e1 20 41 89
0x00007f1cf72b9adf:   45 7c 85 c9 0f 85 b0 00 00 00 48 83 c4 28 5b 5d
0x00007f1cf72b9aef:   41 5c 41 5d 41 5e 41 5f c3 0f 1f 84 00 00 00 00
0x00007f1cf72b9aff:   00 a8 01 0f 85 a8 00 00 00 f6 c1 10 49 8b 9e b0
0x00007f1cf72b9b0f:   00 00 00 0f 84 a8 00 00 00 41 f6 46 0e 08 0f 84
0x00007f1cf72b9b1f:   bd 00 00 00 48 b8 00 00 00 00 01 00 00 00 49 89
0x00007f1cf72b9b2f:   45 78 49 8b 45 00 48 85 c0 0f 84 12 01 00 00 f3
0x00007f1cf72b9b3f:   41 0f 6f 85 88 00 00 00 83 60 7c ef 48 c7 40 08
0x00007f1cf72b9b4f:   00 00 00 00 49 8b 7d 28 89 4c 24 08 41 0f 11 86
0x00007f1cf72b9b5f:   b0 00 00 00 e8 58 ec ff ff 49 8b 7d 40 e8 4f ec
0x00007f1cf72b9b6f:   ff ff 49 8b 7d 48 e8 96 eb ff ff 8b 4c 24 08 48
0x00007f1cf72b9b7f:   89 df 83 e1 20 89 4c 24 08 e8 33 ec ff ff 8b 4c
0x00007f1cf72b9b8f:   24 08 85 c9 0f 84 50 ff ff ff 48 83 c4 28 4c 89
0x00007f1cf72b9b9f:   ef 5b 5d 41 5c 41 5d 41 5e 41 5f e9 61 eb ff ff 


Stack slot to memory mapping:
stack at sp + 0 slots: 0x00007f1d6c1e8d80 is a thread
stack at sp + 1 slots: 0x00007f1d740dd7a8: cfree+0x0000000000000068 in /lib/x86_64-linux-gnu/libc.so.6 at 0x00007f1d74046000
stack at sp + 2 slots: 0x000000041385f968 is an oop: io.netty.util.Recycler$DefaultHandle 
{0x000000041385f968} - klass: 'io/netty/util/Recycler$DefaultHandle'
stack at sp + 3 slots: 0x00007f1cf74de7b4: jffi_save_errno+0x0000000000000024 in /tmp/jffi10532420687443935770.so at 0x00007f1cf74d3000
stack at sp + 4 slots: 0x00007f1d7040b710 is pointing into the stack for thread: 0x00007f1d6c1e8d80
stack at sp + 5 slots: 0x0 is NULL
stack at sp + 6 slots: 0x00007f1d7040b7a0 is pointing into the stack for thread: 0x00007f1d6c1e8d80
stack at sp + 7 slots: 0x0 is NULL


---------------  P R O C E S S  ---------------

Threads class SMR info:
_java_thread_list=0x00007efcb40068e0, length=29, elements={
0x00007f1d6c011610, 0x00007f1d6c1e7800, 0x00007f1d6c1e8d80, 0x00007f1d6c1ed630,
0x00007f1d6c1eeb80, 0x00007f1d6c1f00a0, 0x00007f1d6c1f1c00, 0x00007f1d6c1f3260,
0x00007f1d6c1f4800, 0x00007f1cfc0545b0, 0x00007f1d6c22a300, 0x00007f1d6c234ea0,
0x00007f1d6c3394b0, 0x00007f1cfc1b3900, 0x00007f1ce8116630, 0x00007f1ce8117870,
0x00007f1d6c664700, 0x00007f1cd00cf7a0, 0x00007f1cd00d0e50, 0x00007f1ce81498a0,
0x00007f1cdc3cc3b0, 0x00007f1cdc0e3210, 0x00007f1d6cda9ad0, 0x00007f1d6cdaa010,
0x00007f1d6cdb8410, 0x00007f1d6cdba600, 0x00007f1d6cdbc860, 0x00007f1d6cdbd990,
0x00007f1cfc374690
}

Java Threads: ( => current thread )
  0x00007f1d6c011610 JavaThread "main" [_thread_blocked, id=66405, stack(0x00007f1d729a3000,0x00007f1d72aa4000)]
  0x00007f1d6c1e7800 JavaThread "Reference Handler" daemon [_thread_blocked, id=66413, stack(0x00007f1d7040d000,0x00007f1d7050e000)]
=>0x00007f1d6c1e8d80 JavaThread "Finalizer" daemon [_thread_in_native, id=66414, stack(0x00007f1d7030c000,0x00007f1d7040d000)]
  0x00007f1d6c1ed630 JavaThread "Signal Dispatcher" daemon [_thread_blocked, id=66415, stack(0x00007f1d7020b000,0x00007f1d7030c000)]
  0x00007f1d6c1eeb80 JavaThread "Service Thread" daemon [_thread_blocked, id=66416, stack(0x00007f1d7010a000,0x00007f1d7020b000)]
  0x00007f1d6c1f00a0 JavaThread "Monitor Deflation Thread" daemon [_thread_blocked, id=66417, stack(0x00007f1d70009000,0x00007f1d7010a000)]
  0x00007f1d6c1f1c00 JavaThread "C2 CompilerThread0" daemon [_thread_in_native, id=66418, stack(0x00007f1d2c132000,0x00007f1d2c233000)]
  0x00007f1d6c1f3260 JavaThread "C1 CompilerThread0" daemon [_thread_blocked, id=66419, stack(0x00007f1d2c031000,0x00007f1d2c132000)]
  0x00007f1d6c1f4800 JavaThread "Sweeper thread" daemon [_thread_blocked, id=66420, stack(0x00007f1cf7eff000,0x00007f1cf8000000)]
  0x00007f1cfc0545b0 JavaThread "C1 CompilerThread1" daemon [_thread_blocked, id=66421, stack(0x00007f1cf7dfe000,0x00007f1cf7eff000)]
  0x00007f1d6c22a300 JavaThread "Common-Cleaner" daemon [_thread_blocked, id=66422, stack(0x00007f1cf7cfd000,0x00007f1cf7dfe000)]
  0x00007f1d6c234ea0 JavaThread "Notification Thread" daemon [_thread_blocked, id=66423, stack(0x00007f1cf7bfc000,0x00007f1cf7cfd000)]
  0x00007f1d6c3394b0 JavaThread "ReaderThread" [_thread_in_native, id=66425, stack(0x00007f1cf79f9000,0x00007f1cf7afa000)]
  0x00007f1cfc1b3900 JavaThread "C2 CompilerThread1" daemon [_thread_in_native, id=66426, stack(0x00007f1cf78e7000,0x00007f1cf79e8000)]
  0x00007f1ce8116630 JavaThread "C1 CompilerThread2" daemon [_thread_blocked, id=66427, stack(0x00007f1cf77e6000,0x00007f1cf78e7000)]
  0x00007f1ce8117870 JavaThread "C1 CompilerThread3" daemon [_thread_blocked, id=66428, stack(0x00007f1cf76e5000,0x00007f1cf77e6000)]
  0x00007f1d6c664700 JavaThread "jnr.ffi.util.ref.internal.Finalizer" daemon [_thread_blocked, id=66429, stack(0x00007f1cf6eb3000,0x00007f1cf6fb4000)]
  0x00007f1cd00cf7a0 JavaThread "C2 CompilerThread2" daemon [_thread_in_native, id=66430, stack(0x00007f1cf6db2000,0x00007f1cf6eb3000)]
  0x00007f1cd00d0e50 JavaThread "C2 CompilerThread3" daemon [_thread_in_native, id=66431, stack(0x00007f1cf6cb1000,0x00007f1cf6db2000)]
  0x00007f1ce81498a0 JavaThread "C2 CompilerThread4" daemon [_thread_in_native, id=66432, stack(0x00007f1cf6bb0000,0x00007f1cf6cb1000)]
  0x00007f1cdc3cc3b0 JavaThread "C2 CompilerThread5" daemon [_thread_in_native, id=66445, stack(0x00007f1cf45ec000,0x00007f1cf46ed000)]
  0x00007f1cdc0e3210 JavaThread "C2 CompilerThread6" daemon [_thread_in_native, id=66446, stack(0x00007f1cf44eb000,0x00007f1cf45ec000)]
  0x00007f1d6cda9ad0 JavaThread "Thread-0" [_thread_in_Java, id=66450, stack(0x00007f1cf43ea000,0x00007f1cf44eb000)]
  0x00007f1d6cdaa010 JavaThread "Thread-1" [_thread_in_Java, id=66451, stack(0x00007f1cf71a6000,0x00007f1cf72a7000)]
  0x00007f1d6cdb8410 JavaThread "Thread-3" [_thread_in_Java, id=66453, stack(0x00007f1cf41e8000,0x00007f1cf42e9000)]
  0x00007f1d6cdba600 JavaThread "Thread-5" [_thread_in_Java, id=66455, stack(0x00007f1ccccff000,0x00007f1ccce00000)]
  0x00007f1d6cdbc860 JavaThread "Thread-7" [_thread_in_Java, id=66457, stack(0x00007f1cccafd000,0x00007f1cccbfe000)]
  0x00007f1d6cdbd990 JavaThread "Thread-8" [_thread_in_Java, id=66458, stack(0x00007f1ccc9fc000,0x00007f1cccafd000)]
  0x00007f1cfc374690 JavaThread "C2 CompilerThread7" daemon [_thread_in_native, id=66460, stack(0x00007f1ccc7fa000,0x00007f1ccc8fb000)]

Other Threads:
  0x00007f1d6c1e5110 VMThread "VM Thread" [stack: 0x00007f1d70510000,0x00007f1d70610000] [id=66412]
  0x00007f1d6c236980 WatcherThread [stack: 0x00007f1cf7afc000,0x00007f1cf7bfc000] [id=66424]
  0x00007f1d6c04c420 GCTaskThread "GC Thread#0" [stack: 0x00007f1d71844000,0x00007f1d71944000] [id=66407]
  0x00007f1d10005d50 GCTaskThread "GC Thread#1" [stack: 0x00007f1cf6a91000,0x00007f1cf6b91000] [id=66433]
  0x00007f1d100068d0 GCTaskThread "GC Thread#2" [stack: 0x00007f1cf698f000,0x00007f1cf6a8f000] [id=66434]
  0x00007f1d10007450 GCTaskThread "GC Thread#3" [stack: 0x00007f1cf688d000,0x00007f1cf698d000] [id=66435]
  0x00007f1d10007fd0 GCTaskThread "GC Thread#4" [stack: 0x00007f1cf4eff000,0x00007f1cf4fff000] [id=66436]
  0x00007f1d10008b50 GCTaskThread "GC Thread#5" [stack: 0x00007f1cf4dfd000,0x00007f1cf4efd000] [id=66437]
  0x00007f1d100096d0 GCTaskThread "GC Thread#6" [stack: 0x00007f1cf4cfb000,0x00007f1cf4dfb000] [id=66438]
  0x00007f1d1000a250 GCTaskThread "GC Thread#7" [stack: 0x00007f1cf4bf9000,0x00007f1cf4cf9000] [id=66439]
  0x00007f1d1000add0 GCTaskThread "GC Thread#8" [stack: 0x00007f1cf4af7000,0x00007f1cf4bf7000] [id=66440]
  0x00007f1d1000b950 GCTaskThread "GC Thread#9" [stack: 0x00007f1cf49f5000,0x00007f1cf4af5000] [id=66441]
  0x00007f1d1000c4d0 GCTaskThread "GC Thread#10" [stack: 0x00007f1cf48f3000,0x00007f1cf49f3000] [id=66442]
  0x00007f1d1000d440 GCTaskThread "GC Thread#11" [stack: 0x00007f1cf47f1000,0x00007f1cf48f1000] [id=66443]
  0x00007f1d1000e3b0 GCTaskThread "GC Thread#12" [stack: 0x00007f1cf46ef000,0x00007f1cf47ef000] [id=66444]
  0x00007f1d6c05d6c0 ConcurrentGCThread "G1 Main Marker" [stack: 0x00007f1d71742000,0x00007f1d71842000] [id=66408]
  0x00007f1d6c05e750 ConcurrentGCThread "G1 Conc#0" [stack: 0x00007f1d71640000,0x00007f1d71740000] [id=66409]
  0x00007f1d6c1a8e40 ConcurrentGCThread "G1 Refine#0" [stack: 0x00007f1d70831000,0x00007f1d70931000] [id=66410]
  0x00007f1d6c1a9e60 ConcurrentGCThread "G1 Service" [stack: 0x00007f1d7072f000,0x00007f1d7082f000] [id=66411]

Threads with active compile tasks:
C2 CompilerThread0     1234 3521       4       io.netty.buffer.PooledByteBuf::deallocate (68 bytes)
C2 CompilerThread1     1234 3447       4       ezdb.util.Util::compareKeys (139 bytes)
C2 CompilerThread2     1234 3225       4       io.netty.buffer.AbstractByteBufAllocator::directBuffer (10 bytes)
C2 CompilerThread3     1234 3347       4       io.netty.buffer.PooledByteBufAllocator::newDirectBuffer (68 bytes)
C2 CompilerThread4     1234 3204       4       ezdb.lmdb.EzLmDbTable$AutoClosingTableIterator::hasNext (29 bytes)
C2 CompilerThread5     1234 3427       4       ezdb.util.Util::combineBuf (92 bytes)
C2 CompilerThread6     1234 3428       4       org.lmdbjava.KeyVal::<init> (98 bytes)
C2 CompilerThread7     1234 3352       4       io.netty.buffer.PoolArena::allocate (18 bytes)

VM state: not at safepoint (normal execution)

VM Mutex/Monitor currently owned by a thread: None

Heap address: 0x0000000413800000, size: 16072 MB, Compressed Oops mode: Zero based, Oop shift amount: 3

CDS archive(s) mapped at: [0x0000000800000000-0x0000000800bf9000-0x0000000800bf9000), size 12554240, SharedBaseAddress: 0x0000000800000000, ArchiveRelocationMode: 0.
Compressed class space mapped at: 0x0000000800c00000-0x0000000840c00000, reserved size: 1073741824
Narrow klass base: 0x0000000800000000, Narrow klass shift: 3, Narrow klass range: 0x100000000

GC Precious Log:
 CPUs: 16 total, 16 available
 Memory: 64259M
 Large Page Support: Disabled
 NUMA Support: Disabled
 Compressed Oops: Enabled (Zero based)
 Heap Region Size: 8M
 Heap Min Capacity: 8M
 Heap Initial Capacity: 1008M
 Heap Max Capacity: 16072M
 Pre-touch: Disabled
 Parallel Workers: 13
 Concurrent Workers: 3
 Concurrent Refinement Workers: 13
 Periodic GC: Disabled

Heap:
 garbage-first heap   total 1048576K, used 290154K [0x0000000413800000, 0x0000000800000000)
  region size 8192K, 5 young (40960K), 1 survivors (8192K)
 Metaspace       used 11607K, committed 11776K, reserved 1064960K
  class space    used 1112K, committed 1216K, reserved 1048576K

Heap Regions: E=young(eden), S=young(survivor), O=old, HS=humongous(starts), HC=humongous(continues), CS=collection set, F=free, OA=open archive, CA=closed archive, TAMS=top-at-mark-start (previous, next)
|   0|0x0000000413800000, 0x0000000413cef800, 0x0000000414000000| 61%| O|  |TAMS 0x0000000413800000, 0x0000000413800000| Untracked 
|   1|0x0000000414000000, 0x0000000414800000, 0x0000000414800000|100%|HS|  |TAMS 0x0000000414000000, 0x0000000414000000| Complete 
|   2|0x0000000414800000, 0x0000000415000000, 0x0000000415000000|100%|HC|  |TAMS 0x0000000414800000, 0x0000000414800000| Complete 
|   3|0x0000000415000000, 0x0000000415800000, 0x0000000415800000|100%|HC|  |TAMS 0x0000000415000000, 0x0000000415000000| Complete 
|   4|0x0000000415800000, 0x0000000416000000, 0x0000000416000000|100%|HS|  |TAMS 0x0000000415800000, 0x0000000415800000| Complete 
|   5|0x0000000416000000, 0x0000000416800000, 0x0000000416800000|100%|HC|  |TAMS 0x0000000416000000, 0x0000000416000000| Complete 
|   6|0x0000000416800000, 0x0000000417000000, 0x0000000417000000|100%|HC|  |TAMS 0x0000000416800000, 0x0000000416800000| Complete 
|   7|0x0000000417000000, 0x0000000417800000, 0x0000000417800000|100%|HS|  |TAMS 0x0000000417000000, 0x0000000417000000| Complete 
|   8|0x0000000417800000, 0x0000000418000000, 0x0000000418000000|100%|HC|  |TAMS 0x0000000417800000, 0x0000000417800000| Complete 
|   9|0x0000000418000000, 0x0000000418800000, 0x0000000418800000|100%|HC|  |TAMS 0x0000000418000000, 0x0000000418000000| Complete 
|  10|0x0000000418800000, 0x0000000419000000, 0x0000000419000000|100%|HS|  |TAMS 0x0000000418800000, 0x0000000418800000| Complete 
|  11|0x0000000419000000, 0x0000000419800000, 0x0000000419800000|100%|HC|  |TAMS 0x0000000419000000, 0x0000000419000000| Complete 
|  12|0x0000000419800000, 0x000000041a000000, 0x000000041a000000|100%|HC|  |TAMS 0x0000000419800000, 0x0000000419800000| Complete 
|  13|0x000000041a000000, 0x000000041a800000, 0x000000041a800000|100%|HS|  |TAMS 0x000000041a000000, 0x000000041a000000| Complete 
|  14|0x000000041a800000, 0x000000041b000000, 0x000000041b000000|100%|HC|  |TAMS 0x000000041a800000, 0x000000041a800000| Complete 
|  15|0x000000041b000000, 0x000000041b800000, 0x000000041b800000|100%|HC|  |TAMS 0x000000041b000000, 0x000000041b000000| Complete 
|  16|0x000000041b800000, 0x000000041c000000, 0x000000041c000000|100%|HS|  |TAMS 0x000000041b800000, 0x000000041b800000| Complete 
|  17|0x000000041c000000, 0x000000041c800000, 0x000000041c800000|100%|HC|  |TAMS 0x000000041c000000, 0x000000041c000000| Complete 
|  18|0x000000041c800000, 0x000000041d000000, 0x000000041d000000|100%|HC|  |TAMS 0x000000041c800000, 0x000000041c800000| Complete 
|  19|0x000000041d000000, 0x000000041d800000, 0x000000041d800000|100%|HS|  |TAMS 0x000000041d000000, 0x000000041d000000| Complete 
|  20|0x000000041d800000, 0x000000041e000000, 0x000000041e000000|100%|HC|  |TAMS 0x000000041d800000, 0x000000041d800000| Complete 
|  21|0x000000041e000000, 0x000000041e800000, 0x000000041e800000|100%|HC|  |TAMS 0x000000041e000000, 0x000000041e000000| Complete 
|  22|0x000000041e800000, 0x000000041f000000, 0x000000041f000000|100%|HS|  |TAMS 0x000000041e800000, 0x000000041e800000| Complete 
|  23|0x000000041f000000, 0x000000041f800000, 0x000000041f800000|100%|HC|  |TAMS 0x000000041f000000, 0x000000041f000000| Complete 
|  24|0x000000041f800000, 0x0000000420000000, 0x0000000420000000|100%|HC|  |TAMS 0x000000041f800000, 0x000000041f800000| Complete 
|  25|0x0000000420000000, 0x0000000420800000, 0x0000000420800000|100%|HS|  |TAMS 0x0000000420000000, 0x0000000420000000| Complete 
|  26|0x0000000420800000, 0x0000000421000000, 0x0000000421000000|100%|HC|  |TAMS 0x0000000420800000, 0x0000000420800000| Complete 
|  27|0x0000000421000000, 0x0000000421800000, 0x0000000421800000|100%|HC|  |TAMS 0x0000000421000000, 0x0000000421000000| Complete 
|  28|0x0000000421800000, 0x0000000422000000, 0x0000000422000000|100%|HS|  |TAMS 0x0000000421800000, 0x0000000421800000| Complete 
|  29|0x0000000422000000, 0x0000000422800000, 0x0000000422800000|100%|HC|  |TAMS 0x0000000422000000, 0x0000000422000000| Complete 
|  30|0x0000000422800000, 0x0000000423000000, 0x0000000423000000|100%|HC|  |TAMS 0x0000000422800000, 0x0000000422800000| Complete 
|  31|0x0000000423000000, 0x0000000423000000, 0x0000000423800000|  0%| F|  |TAMS 0x0000000423000000, 0x0000000423000000| Untracked 
|  32|0x0000000423800000, 0x0000000423800000, 0x0000000424000000|  0%| F|  |TAMS 0x0000000423800000, 0x0000000423800000| Untracked 
|  33|0x0000000424000000, 0x0000000424000000, 0x0000000424800000|  0%| F|  |TAMS 0x0000000424000000, 0x0000000424000000| Untracked 
|  34|0x0000000424800000, 0x0000000424800000, 0x0000000425000000|  0%| F|  |TAMS 0x0000000424800000, 0x0000000424800000| Untracked 
|  35|0x0000000425000000, 0x0000000425000000, 0x0000000425800000|  0%| F|  |TAMS 0x0000000425000000, 0x0000000425000000| Untracked 
|  36|0x0000000425800000, 0x0000000425800000, 0x0000000426000000|  0%| F|  |TAMS 0x0000000425800000, 0x0000000425800000| Untracked 
|  37|0x0000000426000000, 0x0000000426000000, 0x0000000426800000|  0%| F|  |TAMS 0x0000000426000000, 0x0000000426000000| Untracked 
|  38|0x0000000426800000, 0x0000000426800000, 0x0000000427000000|  0%| F|  |TAMS 0x0000000426800000, 0x0000000426800000| Untracked 
|  39|0x0000000427000000, 0x0000000427000000, 0x0000000427800000|  0%| F|  |TAMS 0x0000000427000000, 0x0000000427000000| Untracked 
|  40|0x0000000427800000, 0x0000000427800000, 0x0000000428000000|  0%| F|  |TAMS 0x0000000427800000, 0x0000000427800000| Untracked 
|  41|0x0000000428000000, 0x0000000428000000, 0x0000000428800000|  0%| F|  |TAMS 0x0000000428000000, 0x0000000428000000| Untracked 
|  42|0x0000000428800000, 0x0000000428800000, 0x0000000429000000|  0%| F|  |TAMS 0x0000000428800000, 0x0000000428800000| Untracked 
|  43|0x0000000429000000, 0x0000000429000000, 0x0000000429800000|  0%| F|  |TAMS 0x0000000429000000, 0x0000000429000000| Untracked 
|  44|0x0000000429800000, 0x0000000429800000, 0x000000042a000000|  0%| F|  |TAMS 0x0000000429800000, 0x0000000429800000| Untracked 
|  45|0x000000042a000000, 0x000000042a000000, 0x000000042a800000|  0%| F|  |TAMS 0x000000042a000000, 0x000000042a000000| Untracked 
|  46|0x000000042a800000, 0x000000042a800000, 0x000000042b000000|  0%| F|  |TAMS 0x000000042a800000, 0x000000042a800000| Untracked 
|  47|0x000000042b000000, 0x000000042b000000, 0x000000042b800000|  0%| F|  |TAMS 0x000000042b000000, 0x000000042b000000| Untracked 
|  48|0x000000042b800000, 0x000000042b800000, 0x000000042c000000|  0%| F|  |TAMS 0x000000042b800000, 0x000000042b800000| Untracked 
|  49|0x000000042c000000, 0x000000042c000000, 0x000000042c800000|  0%| F|  |TAMS 0x000000042c000000, 0x000000042c000000| Untracked 
|  50|0x000000042c800000, 0x000000042c800000, 0x000000042d000000|  0%| F|  |TAMS 0x000000042c800000, 0x000000042c800000| Untracked 
|  51|0x000000042d000000, 0x000000042d000000, 0x000000042d800000|  0%| F|  |TAMS 0x000000042d000000, 0x000000042d000000| Untracked 
|  52|0x000000042d800000, 0x000000042d800000, 0x000000042e000000|  0%| F|  |TAMS 0x000000042d800000, 0x000000042d800000| Untracked 
|  53|0x000000042e000000, 0x000000042e000000, 0x000000042e800000|  0%| F|  |TAMS 0x000000042e000000, 0x000000042e000000| Untracked 
|  54|0x000000042e800000, 0x000000042e800000, 0x000000042f000000|  0%| F|  |TAMS 0x000000042e800000, 0x000000042e800000| Untracked 
|  55|0x000000042f000000, 0x000000042f000000, 0x000000042f800000|  0%| F|  |TAMS 0x000000042f000000, 0x000000042f000000| Untracked 
|  56|0x000000042f800000, 0x000000042f800000, 0x0000000430000000|  0%| F|  |TAMS 0x000000042f800000, 0x000000042f800000| Untracked 
|  57|0x0000000430000000, 0x0000000430000000, 0x0000000430800000|  0%| F|  |TAMS 0x0000000430000000, 0x0000000430000000| Untracked 
|  58|0x0000000430800000, 0x0000000430800000, 0x0000000431000000|  0%| F|  |TAMS 0x0000000430800000, 0x0000000430800000| Untracked 
|  59|0x0000000431000000, 0x0000000431000000, 0x0000000431800000|  0%| F|  |TAMS 0x0000000431000000, 0x0000000431000000| Untracked 
|  60|0x0000000431800000, 0x0000000431800000, 0x0000000432000000|  0%| F|  |TAMS 0x0000000431800000, 0x0000000431800000| Untracked 
|  61|0x0000000432000000, 0x0000000432000000, 0x0000000432800000|  0%| F|  |TAMS 0x0000000432000000, 0x0000000432000000| Untracked 
|  62|0x0000000432800000, 0x0000000432800000, 0x0000000433000000|  0%| F|  |TAMS 0x0000000432800000, 0x0000000432800000| Untracked 
|  63|0x0000000433000000, 0x0000000433000000, 0x0000000433800000|  0%| F|  |TAMS 0x0000000433000000, 0x0000000433000000| Untracked 
|  64|0x0000000433800000, 0x0000000433800000, 0x0000000434000000|  0%| F|  |TAMS 0x0000000433800000, 0x0000000433800000| Untracked 
|  65|0x0000000434000000, 0x0000000434000000, 0x0000000434800000|  0%| F|  |TAMS 0x0000000434000000, 0x0000000434000000| Untracked 
|  66|0x0000000434800000, 0x0000000434800000, 0x0000000435000000|  0%| F|  |TAMS 0x0000000434800000, 0x0000000434800000| Untracked 
|  67|0x0000000435000000, 0x0000000435000000, 0x0000000435800000|  0%| F|  |TAMS 0x0000000435000000, 0x0000000435000000| Untracked 
|  68|0x0000000435800000, 0x0000000435800000, 0x0000000436000000|  0%| F|  |TAMS 0x0000000435800000, 0x0000000435800000| Untracked 
|  69|0x0000000436000000, 0x0000000436000000, 0x0000000436800000|  0%| F|  |TAMS 0x0000000436000000, 0x0000000436000000| Untracked 
|  70|0x0000000436800000, 0x0000000436800000, 0x0000000437000000|  0%| F|  |TAMS 0x0000000436800000, 0x0000000436800000| Untracked 
|  71|0x0000000437000000, 0x0000000437000000, 0x0000000437800000|  0%| F|  |TAMS 0x0000000437000000, 0x0000000437000000| Untracked 
|  72|0x0000000437800000, 0x0000000437800000, 0x0000000438000000|  0%| F|  |TAMS 0x0000000437800000, 0x0000000437800000| Untracked 
|  73|0x0000000438000000, 0x0000000438000000, 0x0000000438800000|  0%| F|  |TAMS 0x0000000438000000, 0x0000000438000000| Untracked 
|  74|0x0000000438800000, 0x0000000438800000, 0x0000000439000000|  0%| F|  |TAMS 0x0000000438800000, 0x0000000438800000| Untracked 
|  75|0x0000000439000000, 0x0000000439000000, 0x0000000439800000|  0%| F|  |TAMS 0x0000000439000000, 0x0000000439000000| Untracked 
|  76|0x0000000439800000, 0x0000000439800000, 0x000000043a000000|  0%| F|  |TAMS 0x0000000439800000, 0x0000000439800000| Untracked 
|  77|0x000000043a000000, 0x000000043a000000, 0x000000043a800000|  0%| F|  |TAMS 0x000000043a000000, 0x000000043a000000| Untracked 
|  78|0x000000043a800000, 0x000000043a800000, 0x000000043b000000|  0%| F|  |TAMS 0x000000043a800000, 0x000000043a800000| Untracked 
|  79|0x000000043b000000, 0x000000043b000000, 0x000000043b800000|  0%| F|  |TAMS 0x000000043b000000, 0x000000043b000000| Untracked 
|  80|0x000000043b800000, 0x000000043b800000, 0x000000043c000000|  0%| F|  |TAMS 0x000000043b800000, 0x000000043b800000| Untracked 
|  81|0x000000043c000000, 0x000000043c000000, 0x000000043c800000|  0%| F|  |TAMS 0x000000043c000000, 0x000000043c000000| Untracked 
|  82|0x000000043c800000, 0x000000043c800000, 0x000000043d000000|  0%| F|  |TAMS 0x000000043c800000, 0x000000043c800000| Untracked 
|  83|0x000000043d000000, 0x000000043d000000, 0x000000043d800000|  0%| F|  |TAMS 0x000000043d000000, 0x000000043d000000| Untracked 
|  84|0x000000043d800000, 0x000000043d800000, 0x000000043e000000|  0%| F|  |TAMS 0x000000043d800000, 0x000000043d800000| Untracked 
|  85|0x000000043e000000, 0x000000043e000000, 0x000000043e800000|  0%| F|  |TAMS 0x000000043e000000, 0x000000043e000000| Untracked 
|  86|0x000000043e800000, 0x000000043e800000, 0x000000043f000000|  0%| F|  |TAMS 0x000000043e800000, 0x000000043e800000| Untracked 
|  87|0x000000043f000000, 0x000000043f000000, 0x000000043f800000|  0%| F|  |TAMS 0x000000043f000000, 0x000000043f000000| Untracked 
|  88|0x000000043f800000, 0x000000043f800000, 0x0000000440000000|  0%| F|  |TAMS 0x000000043f800000, 0x000000043f800000| Untracked 
|  89|0x0000000440000000, 0x0000000440000000, 0x0000000440800000|  0%| F|  |TAMS 0x0000000440000000, 0x0000000440000000| Untracked 
|  90|0x0000000440800000, 0x0000000440800000, 0x0000000441000000|  0%| F|  |TAMS 0x0000000440800000, 0x0000000440800000| Untracked 
|  91|0x0000000441000000, 0x0000000441000000, 0x0000000441800000|  0%| F|  |TAMS 0x0000000441000000, 0x0000000441000000| Untracked 
|  92|0x0000000441800000, 0x0000000441800000, 0x0000000442000000|  0%| F|  |TAMS 0x0000000441800000, 0x0000000441800000| Untracked 
|  93|0x0000000442000000, 0x0000000442000000, 0x0000000442800000|  0%| F|  |TAMS 0x0000000442000000, 0x0000000442000000| Untracked 
|  94|0x0000000442800000, 0x0000000442800000, 0x0000000443000000|  0%| F|  |TAMS 0x0000000442800000, 0x0000000442800000| Untracked 
|  95|0x0000000443000000, 0x0000000443000000, 0x0000000443800000|  0%| F|  |TAMS 0x0000000443000000, 0x0000000443000000| Untracked 
|  96|0x0000000443800000, 0x0000000443800000, 0x0000000444000000|  0%| F|  |TAMS 0x0000000443800000, 0x0000000443800000| Untracked 
|  97|0x0000000444000000, 0x0000000444000000, 0x0000000444800000|  0%| F|  |TAMS 0x0000000444000000, 0x0000000444000000| Untracked 
|  98|0x0000000444800000, 0x0000000444800000, 0x0000000445000000|  0%| F|  |TAMS 0x0000000444800000, 0x0000000444800000| Untracked 
|  99|0x0000000445000000, 0x0000000445000000, 0x0000000445800000|  0%| F|  |TAMS 0x0000000445000000, 0x0000000445000000| Untracked 
| 100|0x0000000445800000, 0x0000000445800000, 0x0000000446000000|  0%| F|  |TAMS 0x0000000445800000, 0x0000000445800000| Untracked 
| 101|0x0000000446000000, 0x0000000446000000, 0x0000000446800000|  0%| F|  |TAMS 0x0000000446000000, 0x0000000446000000| Untracked 
| 102|0x0000000446800000, 0x0000000446800000, 0x0000000447000000|  0%| F|  |TAMS 0x0000000446800000, 0x0000000446800000| Untracked 
| 103|0x0000000447000000, 0x0000000447000000, 0x0000000447800000|  0%| F|  |TAMS 0x0000000447000000, 0x0000000447000000| Untracked 
| 104|0x0000000447800000, 0x0000000447800000, 0x0000000448000000|  0%| F|  |TAMS 0x0000000447800000, 0x0000000447800000| Untracked 
| 105|0x0000000448000000, 0x0000000448000000, 0x0000000448800000|  0%| F|  |TAMS 0x0000000448000000, 0x0000000448000000| Untracked 
| 106|0x0000000448800000, 0x0000000448800000, 0x0000000449000000|  0%| F|  |TAMS 0x0000000448800000, 0x0000000448800000| Untracked 
| 107|0x0000000449000000, 0x0000000449000000, 0x0000000449800000|  0%| F|  |TAMS 0x0000000449000000, 0x0000000449000000| Untracked 
| 108|0x0000000449800000, 0x0000000449800000, 0x000000044a000000|  0%| F|  |TAMS 0x0000000449800000, 0x0000000449800000| Untracked 
| 109|0x000000044a000000, 0x000000044a000000, 0x000000044a800000|  0%| F|  |TAMS 0x000000044a000000, 0x000000044a000000| Untracked 
| 110|0x000000044a800000, 0x000000044ae6d138, 0x000000044b000000| 80%| S|CS|TAMS 0x000000044a800000, 0x000000044a800000| Complete 
| 111|0x000000044b000000, 0x000000044b000000, 0x000000044b800000|  0%| F|  |TAMS 0x000000044b000000, 0x000000044b000000| Untracked 
| 112|0x000000044b800000, 0x000000044b800000, 0x000000044c000000|  0%| F|  |TAMS 0x000000044b800000, 0x000000044b800000| Untracked 
| 113|0x000000044c000000, 0x000000044c000000, 0x000000044c800000|  0%| F|  |TAMS 0x000000044c000000, 0x000000044c000000| Untracked 
| 114|0x000000044c800000, 0x000000044c800000, 0x000000044d000000|  0%| F|  |TAMS 0x000000044c800000, 0x000000044c800000| Untracked 
| 115|0x000000044d000000, 0x000000044d000000, 0x000000044d800000|  0%| F|  |TAMS 0x000000044d000000, 0x000000044d000000| Untracked 
| 116|0x000000044d800000, 0x000000044d800000, 0x000000044e000000|  0%| F|  |TAMS 0x000000044d800000, 0x000000044d800000| Untracked 
| 117|0x000000044e000000, 0x000000044e000000, 0x000000044e800000|  0%| F|  |TAMS 0x000000044e000000, 0x000000044e000000| Untracked 
| 118|0x000000044e800000, 0x000000044e800000, 0x000000044f000000|  0%| F|  |TAMS 0x000000044e800000, 0x000000044e800000| Untracked 
| 119|0x000000044f000000, 0x000000044f000000, 0x000000044f800000|  0%| F|  |TAMS 0x000000044f000000, 0x000000044f000000| Untracked 
| 120|0x000000044f800000, 0x000000044f800000, 0x0000000450000000|  0%| F|  |TAMS 0x000000044f800000, 0x000000044f800000| Untracked 
| 121|0x0000000450000000, 0x0000000450000000, 0x0000000450800000|  0%| F|  |TAMS 0x0000000450000000, 0x0000000450000000| Untracked 
| 122|0x0000000450800000, 0x0000000450de07a8, 0x0000000451000000| 73%| E|  |TAMS 0x0000000450800000, 0x0000000450800000| Complete 
| 123|0x0000000451000000, 0x0000000451800000, 0x0000000451800000|100%| E|CS|TAMS 0x0000000451000000, 0x0000000451000000| Complete 
| 124|0x0000000451800000, 0x0000000452000000, 0x0000000452000000|100%| E|CS|TAMS 0x0000000451800000, 0x0000000451800000| Complete 
| 125|0x0000000452000000, 0x0000000452800000, 0x0000000452800000|100%| E|CS|TAMS 0x0000000452000000, 0x0000000452000000| Complete 
|2007|0x00000007ff000000, 0x00000007ff776000, 0x00000007ff800000| 93%|OA|  |TAMS 0x00000007ff000000, 0x00000007ff000000| Untracked 
|2008|0x00000007ff800000, 0x00000007ff888000, 0x0000000800000000|  6%|CA|  |TAMS 0x00000007ff800000, 0x00000007ff800000| Untracked 

Card table byte_map: [0x00007f1d505d6000,0x00007f1d5253a000] _byte_map_base: 0x00007f1d4e53a000

Marking Bits (Prev, Next): (CMBitMap*) 0x00007f1d6c04cfd0, (CMBitMap*) 0x00007f1d6c04d010
 Prev Bits: [0x00007f1d3eb52000, 0x00007f1d4e672000)
 Next Bits: [0x00007f1d2f032000, 0x00007f1d3eb52000)

Polling page: 0x00007f1d74249000

Metaspace:

Usage:
  Non-class:     10,25 MB used.
      Class:      1,09 MB used.
       Both:     11,34 MB used.

Virtual space:
  Non-class space:       16,00 MB reserved,      10,31 MB ( 64%) committed,  2 nodes.
      Class space:        1,00 GB reserved,       1,19 MB ( <1%) committed,  1 nodes.
              Both:        1,02 GB reserved,      11,50 MB (  1%) committed. 

Chunk freelists:
   Non-Class:  914,00 KB
       Class:  2,65 MB
        Both:  3,54 MB

MaxMetaspaceSize: 17179869184,00 GB
CompressedClassSpaceSize: 1,00 GB
 - commit_granule_bytes: 65536.
 - commit_granule_words: 8192.
 - virtual_space_node_default_size: 1048576.
 - enlarge_chunks_in_place: 1.
 - new_chunks_are_fully_committed: 0.
 - uncommit_free_chunks: 1.
 - use_allocation_guard: 0.
 - handle_deallocations: 1.


Internal statistics:

num_allocs_failed_limit: 0.
num_arena_births: 104.
num_arena_deaths: 0.
num_vsnodes_births: 3.
num_vsnodes_deaths: 0.
num_space_committed: 184.
num_space_uncommitted: 0.
num_chunks_returned_to_freelist: 0.
num_chunks_taken_from_freelist: 433.
num_chunk_merges: 0.
num_chunk_splits: 275.
num_chunks_enlarged: 187.
num_purges: 0.

CodeHeap 'non-profiled nmethods': size=119168Kb used=2622Kb max_used=2622Kb free=116546Kb
 bounds [0x00007f1d5c03e000, 0x00007f1d5c2ce000, 0x00007f1d6349e000]
CodeHeap 'profiled nmethods': size=119164Kb used=6734Kb max_used=6734Kb free=112429Kb
 bounds [0x00007f1d54bdf000, 0x00007f1d5527f000, 0x00007f1d5c03e000]
CodeHeap 'non-nmethods': size=7428Kb used=3018Kb max_used=3080Kb free=4409Kb
 bounds [0x00007f1d5449e000, 0x00007f1d547ae000, 0x00007f1d54bdf000]
 total_blobs=4106 nmethods=3477 adapters=536
 compilation: enabled
              stopped_count=0, restarted_count=0
 full_count=0

Compilation events (20 events):
Event: 1,209 Thread 0x00007f1cfc0545b0 nmethod 3445 0x00007f1d55259590 code [0x00007f1d55259760, 0x00007f1d552599b0]
Event: 1,209 Thread 0x00007f1ce8117870 nmethod 3437 0x00007f1d55259b10 code [0x00007f1d55259cc0, 0x00007f1d55259e80]
Event: 1,209 Thread 0x00007f1ce8117870 3446       3       ezdb.lmdb.EzLmDbTable$AutoClosingTableIterator::finalize (9 bytes)
Event: 1,209 Thread 0x00007f1ce8117870 nmethod 3446 0x00007f1d55259f10 code [0x00007f1d5525a0c0, 0x00007f1d5525a3a0]
Event: 1,210 Thread 0x00007f1cdc3cc3b0 nmethod 3395 0x00007f1d5c2b1b90 code [0x00007f1d5c2b1e20, 0x00007f1d5c2b3fa8]
Event: 1,210 Thread 0x00007f1cdc3cc3b0 3361       4       io.netty.buffer.PoolArena$DirectArena::newByteBuf (16 bytes)
Event: 1,211 Thread 0x00007f1cfc0545b0 3449       3       io.netty.buffer.PooledByteBuf::deallocate (68 bytes)
Event: 1,211 Thread 0x00007f1d6c1f3260 3450   !   3       jdk.internal.reflect.GeneratedMethodAccessor2::invoke (64 bytes)
Event: 1,211 Thread 0x00007f1ce8116630 3451       3       jnr.ffi.provider.jffi.NativeClosureFactory$ClosureReference::finalizeReferent (28 bytes)
Event: 1,211 Thread 0x00007f1cfc0545b0 nmethod 3449 0x00007f1d5525a490 code [0x00007f1d5525a660, 0x00007f1d5525aa70]
Event: 1,211 Thread 0x00007f1d6c1f3260 nmethod 3450 0x00007f1d5525ac10 code [0x00007f1d5525ae40, 0x00007f1d5525b570]
Event: 1,211 Thread 0x00007f1ce8117870 3452       3       jnr.ffi.provider.jffi.NativeClosureFactory::access$000 (7 bytes)
Event: 1,212 Thread 0x00007f1ce8116630 nmethod 3451 0x00007f1d5525b890 code [0x00007f1d5525ba80, 0x00007f1d5525bee0]
Event: 1,212 Thread 0x00007f1d6c1f3260 3453   !   3       jnr.ffi.provider.jffi.NativeClosureFactory::expunge (151 bytes)
Event: 1,212 Thread 0x00007f1cfc0545b0 3454       3       java.util.concurrent.ConcurrentHashMap::remove (32 bytes)
Event: 1,212 Thread 0x00007f1ce8117870 nmethod 3452 0x00007f1d5525c110 code [0x00007f1d5525c2c0, 0x00007f1d5525c3e0]
Event: 1,212 Thread 0x00007f1ce8117870 3455       3       org.lmdbjava.KeyVal::close (36 bytes)
Event: 1,212 Thread 0x00007f1cfc0545b0 nmethod 3454 0x00007f1d5525c490 code [0x00007f1d5525c660, 0x00007f1d5525c930]
Event: 1,212 Thread 0x00007f1ce8117870 nmethod 3455 0x00007f1d5525ca10 code [0x00007f1d5525cbe0, 0x00007f1d5525cf10]
Event: 1,212 Thread 0x00007f1d6c1f3260 nmethod 3453 0x00007f1d5525d010 code [0x00007f1d5525d240, 0x00007f1d5525dbb0]

GC Heap History (6 events):
Event: 0,477 GC heap before
{Heap before GC invocations=0 (full 0):
 garbage-first heap   total 1048576K, used 57336K [0x0000000413800000, 0x0000000800000000)
  region size 8192K, 6 young (49152K), 0 survivors (0K)
 Metaspace       used 9977K, committed 10112K, reserved 1064960K
  class space    used 964K, committed 1024K, reserved 1048576K
}
Event: 0,480 GC heap after
{Heap after GC invocations=1 (full 0):
 garbage-first heap   total 1048576K, used 13235K [0x0000000413800000, 0x0000000800000000)
  region size 8192K, 1 young (8192K), 1 survivors (8192K)
 Metaspace       used 9977K, committed 10112K, reserved 1064960K
  class space    used 964K, committed 1024K, reserved 1048576K
}
Event: 0,560 GC heap before
{Heap before GC invocations=1 (full 0):
 garbage-first heap   total 1048576K, used 54195K [0x0000000413800000, 0x0000000800000000)
  region size 8192K, 6 young (49152K), 1 survivors (8192K)
 Metaspace       used 9982K, committed 10176K, reserved 1064960K
  class space    used 964K, committed 1024K, reserved 1048576K
}
Event: 0,562 GC heap after
{Heap after GC invocations=2 (full 0):
 garbage-first heap   total 1048576K, used 13950K [0x0000000413800000, 0x0000000800000000)
  region size 8192K, 1 young (8192K), 1 survivors (8192K)
 Metaspace       used 9982K, committed 10176K, reserved 1064960K
  class space    used 964K, committed 1024K, reserved 1048576K
}
Event: 1,203 GC heap before
{Heap before GC invocations=2 (full 0):
 garbage-first heap   total 1048576K, used 374398K [0x0000000413800000, 0x0000000800000000)
  region size 8192K, 15 young (122880K), 1 survivors (8192K)
 Metaspace       used 11219K, committed 11392K, reserved 1064960K
  class space    used 1067K, committed 1152K, reserved 1048576K
}
Event: 1,207 GC heap after
{Heap after GC invocations=3 (full 0):
 garbage-first heap   total 1048576K, used 265578K [0x0000000413800000, 0x0000000800000000)
  region size 8192K, 1 young (8192K), 1 survivors (8192K)
 Metaspace       used 11219K, committed 11392K, reserved 1064960K
  class space    used 1067K, committed 1152K, reserved 1048576K
}

Deoptimization events (20 events):
Event: 1,210 Thread 0x00007f1d6cdaa010 Uncommon trap: reason=speculate_class_check action=maybe_recompile pc=0x00007f1d5c2b313c method=java.lang.invoke.LambdaForm$DMH/0x0000000800d05c00.invokeVirtual(Ljava/lang/Object;Ljava/lang/Object;II)Ljava/lang/Object; @ 21 c2
Event: 1,210 Thread 0x00007f1d6cdbc860 DEOPT UNPACKING pc=0x00007f1d544eb424 sp=0x00007f1cccbfc210 mode 2
Event: 1,210 Thread 0x00007f1d6cdaa010 DEOPT PACKING pc=0x00007f1d5c2b313c sp=0x00007f1cf72a5560
Event: 1,210 Thread 0x00007f1d6cdbb730 DEOPT UNPACKING pc=0x00007f1d544eb424 sp=0x00007f1ccccfd290 mode 2
Event: 1,210 Thread 0x00007f1d6cdbe9b0 DEOPT UNPACKING pc=0x00007f1d544eb424 sp=0x00007f1ccc9fa290 mode 2
Event: 1,210 Thread 0x00007f1d6cdaa010 DEOPT UNPACKING pc=0x00007f1d544eb424 sp=0x00007f1cf72a5290 mode 2
Event: 1,210 Thread 0x00007f1d6cdbd990 DEOPT PACKING pc=0x00007f1d5c2b313c sp=0x00007f1cccafb4e0
Event: 1,211 Thread 0x00007f1d6cdbd990 DEOPT UNPACKING pc=0x00007f1d544eb424 sp=0x00007f1cccafb210 mode 2
Event: 1,211 Thread 0x00007f1d6c1e8d80 Uncommon trap: trap_request=0xffffff45 fr.pc=0x00007f1d5c20f5a0 relative=0x00000000000006e0
Event: 1,211 Thread 0x00007f1d6c1e8d80 Uncommon trap: reason=unstable_if action=reinterpret pc=0x00007f1d5c20f5a0 method=java.lang.ThreadLocal.get()Ljava/lang/Object; @ 11 c2
Event: 1,211 Thread 0x00007f1d6c1e8d80 DEOPT PACKING pc=0x00007f1d5c20f5a0 sp=0x00007f1d7040b810
Event: 1,211 Thread 0x00007f1d6c1e8d80 DEOPT UNPACKING pc=0x00007f1d544eb424 sp=0x00007f1d7040b680 mode 2
Event: 1,211 Thread 0x00007f1d6c1e8d80 Uncommon trap: trap_request=0xffffff45 fr.pc=0x00007f1d5c2a2e28 relative=0x0000000000001068
Event: 1,211 Thread 0x00007f1d6c1e8d80 Uncommon trap: reason=unstable_if action=reinterpret pc=0x00007f1d5c2a2e28 method=io.netty.util.Recycler$Stack.push(Lio/netty/util/Recycler$DefaultHandle;)V @ 12 c2
Event: 1,211 Thread 0x00007f1d6c1e8d80 DEOPT PACKING pc=0x00007f1d5c2a2e28 sp=0x00007f1d7040b740
Event: 1,211 Thread 0x00007f1d6c1e8d80 DEOPT UNPACKING pc=0x00007f1d544eb424 sp=0x00007f1d7040b630 mode 2
Event: 1,213 Thread 0x00007f1d6c1e8d80 Uncommon trap: trap_request=0xffffff45 fr.pc=0x00007f1d5c292994 relative=0x0000000000000274
Event: 1,213 Thread 0x00007f1d6c1e8d80 Uncommon trap: reason=unstable_if action=reinterpret pc=0x00007f1d5c292994 method=io.netty.util.Recycler$Stack.push(Lio/netty/util/Recycler$DefaultHandle;)V @ 12 c2
Event: 1,213 Thread 0x00007f1d6c1e8d80 DEOPT PACKING pc=0x00007f1d5c292994 sp=0x00007f1d7040b740
Event: 1,213 Thread 0x00007f1d6c1e8d80 DEOPT UNPACKING pc=0x00007f1d544eb424 sp=0x00007f1d7040b680 mode 2

Classes unloaded (0 events):
No events

Classes redefined (0 events):
No events

Internal exceptions (20 events):
Event: 1,091 Thread 0x00007f1d6c011610 Exception <a 'java/lang/reflect/InvocationTargetException'{0x000000044d5388f0}> (0x000000044d5388f0) 
thrown [./src/hotspot/share/runtime/reflection.cpp, line 1155]
Event: 1,092 Thread 0x00007f1d6c011610 Exception <a 'java/lang/reflect/InvocationTargetException'{0x000000044d552050}> (0x000000044d552050) 
thrown [./src/hotspot/share/runtime/reflection.cpp, line 1155]
Event: 1,093 Thread 0x00007f1d6c011610 Exception <a 'java/lang/reflect/InvocationTargetException'{0x000000044d567270}> (0x000000044d567270) 
thrown [./src/hotspot/share/runtime/reflection.cpp, line 1155]
Event: 1,096 Thread 0x00007f1d6c011610 Exception <a 'java/lang/reflect/InvocationTargetException'{0x000000044d591050}> (0x000000044d591050) 
thrown [./src/hotspot/share/runtime/reflection.cpp, line 1155]
Event: 1,098 Thread 0x00007f1d6c011610 Exception <a 'java/lang/reflect/InvocationTargetException'{0x000000044d5b6628}> (0x000000044d5b6628) 
thrown [./src/hotspot/share/runtime/reflection.cpp, line 1155]
Event: 1,101 Thread 0x00007f1d6c011610 Exception <a 'java/lang/reflect/InvocationTargetException'{0x000000044d5ea420}> (0x000000044d5ea420) 
thrown [./src/hotspot/share/runtime/reflection.cpp, line 1155]
Event: 1,105 Thread 0x00007f1d6c011610 Exception <a 'java/lang/reflect/InvocationTargetException'{0x000000044d625b30}> (0x000000044d625b30) 
thrown [./src/hotspot/share/runtime/reflection.cpp, line 1155]
Event: 1,108 Thread 0x00007f1d6c011610 Exception <a 'java/lang/reflect/InvocationTargetException'{0x000000044d65ab08}> (0x000000044d65ab08) 
thrown [./src/hotspot/share/runtime/reflection.cpp, line 1155]
Event: 1,111 Thread 0x00007f1d6c011610 Exception <a 'java/lang/reflect/InvocationTargetException'{0x000000044d68e8d0}> (0x000000044d68e8d0) 
thrown [./src/hotspot/share/runtime/reflection.cpp, line 1155]
Event: 1,112 Thread 0x00007f1d6c011610 Exception <a 'java/lang/reflect/InvocationTargetException'{0x000000044d6a7fe8}> (0x000000044d6a7fe8) 
thrown [./src/hotspot/share/runtime/reflection.cpp, line 1155]
Event: 1,113 Thread 0x00007f1d6c011610 Exception <a 'java/lang/reflect/InvocationTargetException'{0x000000044d6bf1d8}> (0x000000044d6bf1d8) 
thrown [./src/hotspot/share/runtime/reflection.cpp, line 1155]
Event: 1,116 Thread 0x00007f1d6c011610 Exception <a 'java/lang/reflect/InvocationTargetException'{0x000000044d6ed100}> (0x000000044d6ed100) 
thrown [./src/hotspot/share/runtime/reflection.cpp, line 1155]
Event: 1,117 Thread 0x00007f1d6c011610 Exception <a 'java/lang/reflect/InvocationTargetException'{0x000000044d7060b0}> (0x000000044d7060b0) 
thrown [./src/hotspot/share/runtime/reflection.cpp, line 1155]
Event: 1,118 Thread 0x00007f1d6c011610 Exception <a 'java/lang/reflect/InvocationTargetException'{0x000000044d728238}> (0x000000044d728238) 
thrown [./src/hotspot/share/runtime/reflection.cpp, line 1155]
Event: 1,121 Thread 0x00007f1d6cda9ad0 Implicit null exception at 0x00007f1d5c0c0edd to 0x00007f1d5c0c0f80
Event: 1,121 Thread 0x00007f1d6cdbd990 Implicit null exception at 0x00007f1d5c275bb2 to 0x00007f1d5c277904
Event: 1,121 Thread 0x00007f1d6cdb94d0 Implicit null exception at 0x00007f1d5c275bb2 to 0x00007f1d5c277904
Event: 1,121 Thread 0x00007f1d6cdb8410 Implicit null exception at 0x00007f1d5c0dda5a to 0x00007f1d5c0ddb34
Event: 1,207 Thread 0x00007f1d6cdba600 Implicit null exception at 0x00007f1d5c23bd5b to 0x00007f1d5c23c79c
Event: 1,211 Thread 0x00007f1d6c1e8d80 Implicit null exception at 0x00007f1d5c20ef4a to 0x00007f1d5c20f588

Events (20 events):
Event: 1,213 loading class io/netty/util/Recycler$WeakOrderQueue done
Event: 1,213 loading class jdk/internal/logger/SimpleConsoleLogger
Event: 1,213 loading class sun/util/logging/PlatformLogger$ConfigurableBridge$LoggerConfiguration
Event: 1,213 loading class sun/util/logging/PlatformLogger$ConfigurableBridge$LoggerConfiguration done
Event: 1,213 loading class jdk/internal/logger/SimpleConsoleLogger done
Event: 1,213 loading class jdk/internal/logger/SurrogateLogger done
Event: 1,213 loading class java/lang/System$Logger$Level
Event: 1,213 loading class java/lang/System$Logger$Level done
Event: 1,213 loading class io/netty/util/Recycler$WeakOrderQueue$Head
Event: 1,213 loading class io/netty/util/Recycler$WeakOrderQueue$Head done
Event: 1,213 loading class sun/util/logging/PlatformLogger
Event: 1,213 loading class sun/util/logging/PlatformLogger done
Event: 1,213 loading class sun/util/logging/PlatformLogger$Level
Event: 1,213 loading class sun/util/logging/PlatformLogger$Level done
Event: 1,213 loading class io/netty/util/Recycler$WeakOrderQueue$Link
Event: 1,213 loading class io/netty/util/Recycler$WeakOrderQueue$Link done
Event: 1,213 loading class jdk/internal/logger/SimpleConsoleLogger$Formatting
Event: 1,213 loading class jdk/internal/logger/SimpleConsoleLogger$Formatting done
Event: 1,213 loading class java/util/logging/ErrorManager
Event: 1,214 loading class java/util/logging/ErrorManager done


Dynamic libraries:
413800000-452800000 rw-p 00000000 00:00 0 
452800000-7ff000000 ---p 00000000 00:00 0 
7ff000000-7ff700000 rw-p 00000000 00:00 0 
7ff700000-7ff776000 rw-p 00cba000 08:01 21890280                         /usr/lib/jvm/java-16-openjdk-amd64/lib/server/classes.jsa
7ff776000-7ff800000 rw-p 00000000 00:00 0 
7ff800000-7ff888000 rw-p 00c32000 08:01 21890280                         /usr/lib/jvm/java-16-openjdk-amd64/lib/server/classes.jsa
7ff888000-800000000 rw-p 00000000 00:00 0 
800000000-800003000 rwxp 00001000 08:01 21890280                         /usr/lib/jvm/java-16-openjdk-amd64/lib/server/classes.jsa
800003000-80043d000 rw-p 00004000 08:01 21890280                         /usr/lib/jvm/java-16-openjdk-amd64/lib/server/classes.jsa
80043d000-800bf9000 r--p 0043e000 08:01 21890280                         /usr/lib/jvm/java-16-openjdk-amd64/lib/server/classes.jsa
800bf9000-800c00000 ---p 00000000 00:00 0 
800c00000-800c40000 rw-p 00000000 00:00 0 
800c40000-800ce0000 rw-p 00000000 00:00 0 
800ce0000-800d00000 rw-p 00000000 00:00 0 
800d00000-800d20000 rw-p 00000000 00:00 0 
800d20000-800d40000 ---p 00000000 00:00 0 
800d40000-800d50000 rw-p 00000000 00:00 0 
800d50000-840c00000 ---p 00000000 00:00 0 
55bc2ce76000-55bc2ce77000 r--p 00000000 08:01 21758669                   /usr/lib/jvm/java-16-openjdk-amd64/bin/java
55bc2ce77000-55bc2ce78000 r-xp 00001000 08:01 21758669                   /usr/lib/jvm/java-16-openjdk-amd64/bin/java
55bc2ce78000-55bc2ce79000 r--p 00002000 08:01 21758669                   /usr/lib/jvm/java-16-openjdk-amd64/bin/java
55bc2ce79000-55bc2ce7a000 r--p 00002000 08:01 21758669                   /usr/lib/jvm/java-16-openjdk-amd64/bin/java
55bc2ce7a000-55bc2ce7b000 rw-p 00003000 08:01 21758669                   /usr/lib/jvm/java-16-openjdk-amd64/bin/java
55bc2d119000-55bc2d13a000 rw-p 00000000 00:00 0                          [heap]
7e17ffff9000-7e187fff9000 rw-s 00000000 08:01 2884276                    /tmp/TestEzLmDb-1631470269671-0/data.mdb (deleted)
7e187fff9000-7e387fffa000 rw-s 00000000 08:01 2884275                    /tmp/TestEzLmDb-1631470269671-0/lock.mdb (deleted)
7e387fffa000-7e38ffffa000 rw-s 00000000 08:01 2884273                    /tmp/TestEzLmDb-1631470269671-0/data.mdb (deleted)
7e38ffffa000-7e58ffffb000 rw-s 00000000 08:01 2884272                    /tmp/TestEzLmDb-1631470269671-0/lock.mdb (deleted)
7e58ffffb000-7e597fffb000 rw-s 00000000 08:01 2884270                    /tmp/TestEzLmDb-1631470269671-0/data.mdb (deleted)
7e597fffb000-7e797fffc000 rw-s 00000000 08:01 2884269                    /tmp/TestEzLmDb-1631470269671-0/lock.mdb (deleted)
7e79ffffc000-7e7a7fffc000 rw-s 00000000 08:01 2884247                    /tmp/TestEzLmDb-1631470269671-0/data.mdb (deleted)
7e7a7fffc000-7e9a7fffd000 rw-s 00000000 08:01 2884246                    /tmp/TestEzLmDb-1631470269671-0/lock.mdb (deleted)
7e9a7fffd000-7e9affffd000 rw-s 00000000 08:01 2884244                    /tmp/TestEzLmDb-1631470269671-0/data.mdb (deleted)
7e9affffd000-7ebaffffe000 rw-s 00000000 08:01 2884243                    /tmp/TestEzLmDb-1631470269671-0/lock.mdb (deleted)
7ebaffffe000-7ebb7fffe000 rw-s 00000000 08:01 2884241                    /tmp/TestEzLmDb-1631470269671-0/data.mdb (deleted)
7ebb7fffe000-7edb7ffff000 rw-s 00000000 08:01 2884240                    /tmp/TestEzLmDb-1631470269671-0/lock.mdb (deleted)
7efb80000000-7efc00000000 rw-s 00000000 08:01 27525635                   /tmp/data.mdb
7efc00000000-7efc00682000 rw-p 00000000 00:00 0 
7efc00682000-7efc04000000 ---p 00000000 00:00 0 
7efc04000000-7efc046fc000 rw-p 00000000 00:00 0 
7efc046fc000-7efc08000000 ---p 00000000 00:00 0 
7efc08000000-7efc08021000 rw-p 00000000 00:00 0 
7efc08021000-7efc0c000000 ---p 00000000 00:00 0 
7efc0c000000-7efc0c52c000 rw-p 00000000 00:00 0 
7efc0c52c000-7efc10000000 ---p 00000000 00:00 0 
7efc10000000-7efc10021000 rw-p 00000000 00:00 0 
7efc10021000-7efc14000000 ---p 00000000 00:00 0 
7efc14000000-7efc14021000 rw-p 00000000 00:00 0 
7efc14021000-7efc18000000 ---p 00000000 00:00 0 
7efc18000000-7efc18021000 rw-p 00000000 00:00 0 
7efc18021000-7efc1c000000 ---p 00000000 00:00 0 
7efc1c000000-7efc1c021000 rw-p 00000000 00:00 0 
7efc1c021000-7efc20000000 ---p 00000000 00:00 0 
7efc20000000-7efc20021000 rw-p 00000000 00:00 0 
7efc20021000-7efc24000000 ---p 00000000 00:00 0 
7efc24000000-7efc24021000 rw-p 00000000 00:00 0 
7efc24021000-7efc28000000 ---p 00000000 00:00 0 
7efc28000000-7efc28021000 rw-p 00000000 00:00 0 
7efc28021000-7efc2c000000 ---p 00000000 00:00 0 
7efc2c000000-7efc2c021000 rw-p 00000000 00:00 0 
7efc2c021000-7efc30000000 ---p 00000000 00:00 0 
7efc30000000-7efc30021000 rw-p 00000000 00:00 0 
7efc30021000-7efc34000000 ---p 00000000 00:00 0 
7efc34000000-7efc34021000 rw-p 00000000 00:00 0 
7efc34021000-7efc38000000 ---p 00000000 00:00 0 
7efc38000000-7efc389ea000 rw-p 00000000 00:00 0 
7efc389ea000-7efc3c000000 ---p 00000000 00:00 0 
7efc3c000000-7efc3c021000 rw-p 00000000 00:00 0 
7efc3c021000-7efc40000000 ---p 00000000 00:00 0 
7efc40000000-7efc40675000 rw-p 00000000 00:00 0 
7efc40675000-7efc44000000 ---p 00000000 00:00 0 
7efc44000000-7efc44bbe000 rw-p 00000000 00:00 0 
7efc44bbe000-7efc48000000 ---p 00000000 00:00 0 
7efc48000000-7efc48021000 rw-p 00000000 00:00 0 
7efc48021000-7efc4c000000 ---p 00000000 00:00 0 
7efc94000000-7efc94496000 rw-p 00000000 00:00 0 
7efc94496000-7efc98000000 ---p 00000000 00:00 0 
7efc9bffc000-7efca0000000 rw-p 00000000 00:00 0 
7efca0000000-7efca0021000 rw-p 00000000 00:00 0 
7efca0021000-7efca4000000 ---p 00000000 00:00 0 
7efca4ffd000-7efca8000000 rw-p 00000000 00:00 0 
7efca8000000-7efca8021000 rw-p 00000000 00:00 0 
7efca8021000-7efcac000000 ---p 00000000 00:00 0 
7efcac000000-7efcac021000 rw-p 00000000 00:00 0 
7efcac021000-7efcb0000000 ---p 00000000 00:00 0 
7efcb0000000-7efcb0021000 rw-p 00000000 00:00 0 
7efcb0021000-7efcb4000000 ---p 00000000 00:00 0 
7efcb4000000-7efcb4021000 rw-p 00000000 00:00 0 
7efcb4021000-7efcb8000000 ---p 00000000 00:00 0 
7efcb8000000-7efcb8021000 rw-p 00000000 00:00 0 
7efcb8021000-7efcbc000000 ---p 00000000 00:00 0 
7efcbcffc000-7efcbffff000 rw-p 00000000 00:00 0 
7efcbffff000-7f1cc0000000 rw-s 00000000 08:01 27525634                   /tmp/lock.mdb
7f1cc0000000-7f1cc0021000 rw-p 00000000 00:00 0 
7f1cc0021000-7f1cc4000000 ---p 00000000 00:00 0 
7f1cc4000000-7f1cc4021000 rw-p 00000000 00:00 0 
7f1cc4021000-7f1cc8000000 ---p 00000000 00:00 0 
7f1cc8000000-7f1cc8021000 rw-p 00000000 00:00 0 
7f1cc8021000-7f1ccc000000 ---p 00000000 00:00 0 
7f1ccc7fa000-7f1ccc7fe000 ---p 00000000 00:00 0 
7f1ccc7fe000-7f1ccc8fb000 rw-p 00000000 00:00 0 
7f1ccc8fb000-7f1ccc8ff000 ---p 00000000 00:00 0 
7f1ccc8ff000-7f1ccc9fc000 rw-p 00000000 00:00 0 
7f1ccc9fc000-7f1ccca00000 ---p 00000000 00:00 0 
7f1ccca00000-7f1cccafd000 rw-p 00000000 00:00 0 
7f1cccafd000-7f1cccb01000 ---p 00000000 00:00 0 
7f1cccb01000-7f1cccbfe000 rw-p 00000000 00:00 0 
7f1cccbfe000-7f1cccc02000 ---p 00000000 00:00 0 
7f1cccc02000-7f1ccccff000 rw-p 00000000 00:00 0 
7f1ccccff000-7f1cccd03000 ---p 00000000 00:00 0 
7f1cccd03000-7f1ccce00000 rw-p 00000000 00:00 0 
7f1ccce00000-7f1ccd800000 r--s 00000000 08:01 2884267                    /tmp/junit13022836546206009721/tutorial5/data.mdb (deleted)
7f1ccd800000-7f1cce200000 r--s 00000000 08:01 2884263                    /tmp/junit12789809652804888339/tutorial4/data.mdb (deleted)
7f1cce200000-7f1ccec00000 r--s 00000000 08:01 2884259                    /tmp/junit8440285603110759698/tutorial3/data.mdb (deleted)
7f1ccec00000-7f1ccf600000 r--s 00000000 08:01 2884255                    /tmp/junit2068312425585465063/tutorial2/data.mdb (deleted)
7f1ccf600000-7f1cd0000000 r--s 00000000 08:01 2884251                    /tmp/junit14337525992442262104/tutorial1/data.mdb (deleted)
7f1cd0000000-7f1cd1087000 rw-p 00000000 00:00 0 
7f1cd1087000-7f1cd4000000 ---p 00000000 00:00 0 
7f1cd4000000-7f1cd4215000 rw-p 00000000 00:00 0 
7f1cd4215000-7f1cd8000000 ---p 00000000 00:00 0 
7f1cd8000000-7f1cd8021000 rw-p 00000000 00:00 0 
7f1cd8021000-7f1cdc000000 ---p 00000000 00:00 0 
7f1cdc000000-7f1cdd2e4000 rw-p 00000000 00:00 0 
7f1cdd2e4000-7f1ce0000000 ---p 00000000 00:00 0 
7f1ce0000000-7f1ce0021000 rw-p 00000000 00:00 0 
7f1ce0021000-7f1ce4000000 ---p 00000000 00:00 0 
7f1ce4000000-7f1ce4021000 rw-p 00000000 00:00 0 
7f1ce4021000-7f1ce8000000 ---p 00000000 00:00 0 
7f1ce8000000-7f1ce83fb000 rw-p 00000000 00:00 0 
7f1ce83fb000-7f1cec000000 ---p 00000000 00:00 0 
7f1cec000000-7f1cec021000 rw-p 00000000 00:00 0 
7f1cec021000-7f1cf0000000 ---p 00000000 00:00 0 
7f1cf0000000-7f1cf0021000 rw-p 00000000 00:00 0 
7f1cf0021000-7f1cf4000000 ---p 00000000 00:00 0 
7f1cf40e7000-7f1cf40eb000 ---p 00000000 00:00 0 
7f1cf40eb000-7f1cf41e8000 rw-p 00000000 00:00 0 
7f1cf41e8000-7f1cf41ec000 ---p 00000000 00:00 0 
7f1cf41ec000-7f1cf42e9000 rw-p 00000000 00:00 0 
7f1cf42e9000-7f1cf42ed000 ---p 00000000 00:00 0 
7f1cf42ed000-7f1cf43ea000 rw-p 00000000 00:00 0 
7f1cf43ea000-7f1cf43ee000 ---p 00000000 00:00 0 
7f1cf43ee000-7f1cf44eb000 rw-p 00000000 00:00 0 
7f1cf44eb000-7f1cf44ef000 ---p 00000000 00:00 0 
7f1cf44ef000-7f1cf45ec000 rw-p 00000000 00:00 0 
7f1cf45ec000-7f1cf45f0000 ---p 00000000 00:00 0 
7f1cf45f0000-7f1cf46ed000 rw-p 00000000 00:00 0 
7f1cf46ed000-7f1cf46ee000 ---p 00000000 00:00 0 
7f1cf46ee000-7f1cf47ef000 rw-p 00000000 00:00 0 
7f1cf47ef000-7f1cf47f0000 ---p 00000000 00:00 0 
7f1cf47f0000-7f1cf48f1000 rw-p 00000000 00:00 0 
7f1cf48f1000-7f1cf48f2000 ---p 00000000 00:00 0 
7f1cf48f2000-7f1cf49f3000 rw-p 00000000 00:00 0 
7f1cf49f3000-7f1cf49f4000 ---p 00000000 00:00 0 
7f1cf49f4000-7f1cf4af5000 rw-p 00000000 00:00 0 
7f1cf4af5000-7f1cf4af6000 ---p 00000000 00:00 0 
7f1cf4af6000-7f1cf4bf7000 rw-p 00000000 00:00 0 
7f1cf4bf7000-7f1cf4bf8000 ---p 00000000 00:00 0 
7f1cf4bf8000-7f1cf4cf9000 rw-p 00000000 00:00 0 
7f1cf4cf9000-7f1cf4cfa000 ---p 00000000 00:00 0 
7f1cf4cfa000-7f1cf4dfb000 rw-p 00000000 00:00 0 
7f1cf4dfb000-7f1cf4dfc000 ---p 00000000 00:00 0 
7f1cf4dfc000-7f1cf4efd000 rw-p 00000000 00:00 0 
7f1cf4efd000-7f1cf4efe000 ---p 00000000 00:00 0 
7f1cf4efe000-7f1cf6180000 rw-p 00000000 00:00 0 
7f1cf6180000-7f1cf6200000 rw-p 00000000 00:00 0 
7f1cf6200000-7f1cf6220000 rw-p 00000000 00:00 0 
7f1cf6220000-7f1cf6300000 ---p 00000000 00:00 0 
7f1cf6300000-7f1cf6330000 rw-p 00000000 00:00 0 
7f1cf6330000-7f1cf6800000 ---p 00000000 00:00 0 
7f1cf6885000-7f1cf6887000 rw-p 00000000 00:00 0 
7f1cf688b000-7f1cf688c000 ---p 00000000 00:00 0 
7f1cf688c000-7f1cf698d000 rw-p 00000000 00:00 0 
7f1cf698d000-7f1cf698e000 ---p 00000000 00:00 0 
7f1cf698e000-7f1cf6a8f000 rw-p 00000000 00:00 0 
7f1cf6a8f000-7f1cf6a90000 ---p 00000000 00:00 0 
7f1cf6a90000-7f1cf6b93000 rw-p 00000000 00:00 0 
7f1cf6ba1000-7f1cf6ba3000 r--p 00000000 08:01 21890254                   /usr/lib/jvm/java-16-openjdk-amd64/lib/libmanagement_ext.so
7f1cf6ba3000-7f1cf6ba6000 r-xp 00002000 08:01 21890254                   /usr/lib/jvm/java-16-openjdk-amd64/lib/libmanagement_ext.so
7f1cf6ba6000-7f1cf6ba8000 r--p 00005000 08:01 21890254                   /usr/lib/jvm/java-16-openjdk-amd64/lib/libmanagement_ext.so
7f1cf6ba8000-7f1cf6ba9000 r--p 00006000 08:01 21890254                   /usr/lib/jvm/java-16-openjdk-amd64/lib/libmanagement_ext.so
7f1cf6ba9000-7f1cf6baa000 rw-p 00007000 08:01 21890254                   /usr/lib/jvm/java-16-openjdk-amd64/lib/libmanagement_ext.so
7f1cf6baa000-7f1cf6bac000 r--p 00000000 08:01 21890250                   /usr/lib/jvm/java-16-openjdk-amd64/lib/libmanagement.so
7f1cf6bac000-7f1cf6bad000 r-xp 00002000 08:01 21890250                   /usr/lib/jvm/java-16-openjdk-amd64/lib/libmanagement.so
7f1cf6bad000-7f1cf6bae000 r--p 00003000 08:01 21890250                   /usr/lib/jvm/java-16-openjdk-amd64/lib/libmanagement.so
7f1cf6bae000-7f1cf6baf000 r--p 00003000 08:01 21890250                   /usr/lib/jvm/java-16-openjdk-amd64/lib/libmanagement.so
7f1cf6baf000-7f1cf6bb0000 rw-p 00004000 08:01 21890250                   /usr/lib/jvm/java-16-openjdk-amd64/lib/libmanagement.so
7f1cf6bb0000-7f1cf6bb4000 ---p 00000000 00:00 0 
7f1cf6bb4000-7f1cf6cb1000 rw-p 00000000 00:00 0 
7f1cf6cb1000-7f1cf6cb5000 ---p 00000000 00:00 0 
7f1cf6cb5000-7f1cf6db2000 rw-p 00000000 00:00 0 
7f1cf6db2000-7f1cf6db6000 ---p 00000000 00:00 0 
7f1cf6db6000-7f1cf6eb3000 rw-p 00000000 00:00 0 
7f1cf6eb3000-7f1cf6eb7000 ---p 00000000 00:00 0 
7f1cf6eb7000-7f1cf6fb4000 rw-p 00000000 00:00 0 
7f1cf7091000-7f1cf7099000 rw-p 00000000 00:00 0 
7f1cf7099000-7f1cf709b000 rw-s 00000000 08:01 2884254                    /tmp/junit2068312425585465063/tutorial2/lock.mdb (deleted)
7f1cf709b000-7f1cf718f000 rw-p 00000000 00:00 0 
7f1cf718f000-7f1cf7190000 r-xp 00000000 00:00 0 
7f1cf7190000-7f1cf7194000 rw-p 00000000 00:00 0 
7f1cf7194000-7f1cf7195000 r-xp 00000000 00:00 0 
7f1cf7195000-7f1cf7199000 rw-p 00000000 00:00 0 
7f1cf7199000-7f1cf719a000 r-xp 00000000 00:00 0 
7f1cf719a000-7f1cf719c000 rw-p 00000000 00:00 0 
7f1cf719c000-7f1cf719e000 rw-s 00000000 08:01 2884266                    /tmp/junit13022836546206009721/tutorial5/lock.mdb (deleted)
7f1cf719e000-7f1cf71a0000 rw-p 00000000 00:00 0 
7f1cf71a0000-7f1cf71a2000 rw-s 00000000 08:01 2884262                    /tmp/junit12789809652804888339/tutorial4/lock.mdb (deleted)
7f1cf71a2000-7f1cf71a4000 rw-s 00000000 08:01 2884258                    /tmp/junit8440285603110759698/tutorial3/lock.mdb (deleted)
7f1cf71a4000-7f1cf71a6000 rw-p 00000000 00:00 0 
7f1cf71a6000-7f1cf71aa000 ---p 00000000 00:00 0 
7f1cf71aa000-7f1cf72a7000 rw-p 00000000 00:00 0 
7f1cf72a7000-7f1cf72a9000 rw-s 00000000 08:01 2884250                    /tmp/junit14337525992442262104/tutorial1/lock.mdb (deleted)
7f1cf72a9000-7f1cf72ab000 rw-p 00000000 00:00 0 
7f1cf72ab000-7f1cf72ac000 r-xp 00000000 00:00 0 
7f1cf72ac000-7f1cf72b6000 rw-p 00000000 00:00 0 
7f1cf72b6000-7f1cf72ca000 r-xp 00000000 08:01 27525646                   /tmp/lmdbjava-native-library-1130791152150603997.so
7f1cf72ca000-7f1cf74ca000 ---p 00014000 08:01 27525646                   /tmp/lmdbjava-native-library-1130791152150603997.so
7f1cf74ca000-7f1cf74cb000 r--p 00014000 08:01 27525646                   /tmp/lmdbjava-native-library-1130791152150603997.so
7f1cf74cb000-7f1cf74cc000 rw-p 00015000 08:01 27525646                   /tmp/lmdbjava-native-library-1130791152150603997.so
7f1cf74cc000-7f1cf74d3000 r--s 00000000 08:01 17565161                   /usr/lib/x86_64-linux-gnu/gconv/gconv-modules.cache
7f1cf74d3000-7f1cf74e5000 r-xp 00000000 08:01 27525647                   /tmp/jffi10532420687443935770.so (deleted)
7f1cf74e5000-7f1cf76e4000 ---p 00012000 08:01 27525647                   /tmp/jffi10532420687443935770.so (deleted)
7f1cf76e4000-7f1cf76e5000 rw-p 00011000 08:01 27525647                   /tmp/jffi10532420687443935770.so (deleted)
7f1cf76e5000-7f1cf76e9000 ---p 00000000 00:00 0 
7f1cf76e9000-7f1cf77e6000 rw-p 00000000 00:00 0 
7f1cf77e6000-7f1cf77ea000 ---p 00000000 00:00 0 
7f1cf77ea000-7f1cf78e7000 rw-p 00000000 00:00 0 
7f1cf78e7000-7f1cf78eb000 ---p 00000000 00:00 0 
7f1cf78eb000-7f1cf79e8000 rw-p 00000000 00:00 0 
7f1cf79e8000-7f1cf79ec000 r--p 00000000 08:01 21890270                   /usr/lib/jvm/java-16-openjdk-amd64/lib/libverify.so
7f1cf79ec000-7f1cf79f3000 r-xp 00004000 08:01 21890270                   /usr/lib/jvm/java-16-openjdk-amd64/lib/libverify.so
7f1cf79f3000-7f1cf79f5000 r--p 0000b000 08:01 21890270                   /usr/lib/jvm/java-16-openjdk-amd64/lib/libverify.so
7f1cf79f5000-7f1cf79f6000 ---p 0000d000 08:01 21890270                   /usr/lib/jvm/java-16-openjdk-amd64/lib/libverify.so
7f1cf79f6000-7f1cf79f8000 r--p 0000d000 08:01 21890270                   /usr/lib/jvm/java-16-openjdk-amd64/lib/libverify.so
7f1cf79f8000-7f1cf79f9000 rw-p 0000f000 08:01 21890270                   /usr/lib/jvm/java-16-openjdk-amd64/lib/libverify.so
7f1cf79f9000-7f1cf79fd000 ---p 00000000 00:00 0 
7f1cf79fd000-7f1cf7afa000 rw-p 00000000 00:00 0 
7f1cf7afa000-7f1cf7afb000 ---p 00000000 00:00 0 
7f1cf7afb000-7f1cf7bfc000 rw-p 00000000 00:00 0 
7f1cf7bfc000-7f1cf7c00000 ---p 00000000 00:00 0 
7f1cf7c00000-7f1cf7cfd000 rw-p 00000000 00:00 0 
7f1cf7cfd000-7f1cf7d01000 ---p 00000000 00:00 0 
7f1cf7d01000-7f1cf7dfe000 rw-p 00000000 00:00 0 
7f1cf7dfe000-7f1cf7e02000 ---p 00000000 00:00 0 
7f1cf7e02000-7f1cf7eff000 rw-p 00000000 00:00 0 
7f1cf7eff000-7f1cf7f03000 ---p 00000000 00:00 0 
7f1cf7f03000-7f1cf8000000 rw-p 00000000 00:00 0 
7f1cf8000000-7f1cf8f01000 rw-p 00000000 00:00 0 
7f1cf8f01000-7f1cfc000000 ---p 00000000 00:00 0 
7f1cfc000000-7f1cfc379000 rw-p 00000000 00:00 0 
7f1cfc379000-7f1d00000000 ---p 00000000 00:00 0 
7f1d00000000-7f1d00021000 rw-p 00000000 00:00 0 
7f1d00021000-7f1d04000000 ---p 00000000 00:00 0 
7f1d04000000-7f1d04021000 rw-p 00000000 00:00 0 
7f1d04021000-7f1d08000000 ---p 00000000 00:00 0 
7f1d08000000-7f1d08021000 rw-p 00000000 00:00 0 
7f1d08021000-7f1d0c000000 ---p 00000000 00:00 0 
7f1d0c000000-7f1d0c021000 rw-p 00000000 00:00 0 
7f1d0c021000-7f1d10000000 ---p 00000000 00:00 0 
7f1d10000000-7f1d10021000 rw-p 00000000 00:00 0 
7f1d10021000-7f1d14000000 ---p 00000000 00:00 0 
7f1d14000000-7f1d14021000 rw-p 00000000 00:00 0 
7f1d14021000-7f1d18000000 ---p 00000000 00:00 0 
7f1d18000000-7f1d18021000 rw-p 00000000 00:00 0 
7f1d18021000-7f1d1c000000 ---p 00000000 00:00 0 
7f1d1c000000-7f1d1c021000 rw-p 00000000 00:00 0 
7f1d1c021000-7f1d20000000 ---p 00000000 00:00 0 
7f1d20000000-7f1d20021000 rw-p 00000000 00:00 0 
7f1d20021000-7f1d24000000 ---p 00000000 00:00 0 
7f1d24000000-7f1d24021000 rw-p 00000000 00:00 0 
7f1d24021000-7f1d28000000 ---p 00000000 00:00 0 
7f1d28000000-7f1d28021000 rw-p 00000000 00:00 0 
7f1d28021000-7f1d2c000000 ---p 00000000 00:00 0 
7f1d2c000000-7f1d2c031000 rw-p 00000000 00:00 0 
7f1d2c031000-7f1d2c035000 ---p 00000000 00:00 0 
7f1d2c035000-7f1d2c132000 rw-p 00000000 00:00 0 
7f1d2c132000-7f1d2c136000 ---p 00000000 00:00 0 
7f1d2c136000-7f1d2c233000 rw-p 00000000 00:00 0 
7f1d2c233000-7f1d2c800000 r--p 00000000 08:01 17170755                   /usr/lib/locale/locale-archive
7f1d2c800000-7f1d2cc00000 rw-p 00000000 00:00 0 
7f1d2cc00000-7f1d2d002000 rw-p 00000000 00:00 0 
7f1d2d002000-7f1d2d004000 rw-p 00000000 00:00 0 
7f1d2d004000-7f1d2d008000 r--p 00000000 08:01 21890258                   /usr/lib/jvm/java-16-openjdk-amd64/lib/libnet.so
7f1d2d008000-7f1d2d016000 r-xp 00004000 08:01 21890258                   /usr/lib/jvm/java-16-openjdk-amd64/lib/libnet.so
7f1d2d016000-7f1d2d01a000 r--p 00012000 08:01 21890258                   /usr/lib/jvm/java-16-openjdk-amd64/lib/libnet.so
7f1d2d01a000-7f1d2d01b000 r--p 00015000 08:01 21890258                   /usr/lib/jvm/java-16-openjdk-amd64/lib/libnet.so
7f1d2d01b000-7f1d2d01c000 rw-p 00016000 08:01 21890258                   /usr/lib/jvm/java-16-openjdk-amd64/lib/libnet.so
7f1d2d01c000-7f1d2d022000 r--p 00000000 08:01 21890260                   /usr/lib/jvm/java-16-openjdk-amd64/lib/libnio.so
7f1d2d022000-7f1d2d02b000 r-xp 00006000 08:01 21890260                   /usr/lib/jvm/java-16-openjdk-amd64/lib/libnio.so
7f1d2d02b000-7f1d2d030000 r--p 0000f000 08:01 21890260                   /usr/lib/jvm/java-16-openjdk-amd64/lib/libnio.so
7f1d2d030000-7f1d2d031000 r--p 00013000 08:01 21890260                   /usr/lib/jvm/java-16-openjdk-amd64/lib/libnio.so
7f1d2d031000-7f1d2d032000 rw-p 00014000 08:01 21890260                   /usr/lib/jvm/java-16-openjdk-amd64/lib/libnio.so
7f1d2d032000-7f1d2fff2000 rw-p 00000000 00:00 0 
7f1d2fff2000-7f1d3eb12000 ---p 00000000 00:00 0 
7f1d3eb12000-7f1d3fb12000 rw-p 00000000 00:00 0 
7f1d3fb12000-7f1d4e632000 ---p 00000000 00:00 0 
7f1d4e632000-7f1d4e86a000 rw-p 00000000 00:00 0 
7f1d4e86a000-7f1d505ce000 ---p 00000000 00:00 0 
7f1d505ce000-7f1d507ce000 rw-p 00000000 00:00 0 
7f1d507ce000-7f1d52532000 ---p 00000000 00:00 0 
7f1d52532000-7f1d52732000 rw-p 00000000 00:00 0 
7f1d52732000-7f1d54496000 ---p 00000000 00:00 0 
7f1d54496000-7f1d5449e000 rw-p 00000000 00:00 0 
7f1d5449e000-7f1d547ae000 rwxp 00000000 00:00 0 
7f1d547ae000-7f1d54bdf000 ---p 00000000 00:00 0 
7f1d54bdf000-7f1d5527f000 rwxp 00000000 00:00 0 
7f1d5527f000-7f1d5c03e000 ---p 00000000 00:00 0 
7f1d5c03e000-7f1d5c2de000 rwxp 00000000 00:00 0 
7f1d5c2de000-7f1d6349e000 ---p 00000000 00:00 0 
7f1d6349e000-7f1d6c000000 r--s 00000000 08:01 21890274                   /usr/lib/jvm/java-16-openjdk-amd64/lib/modules
7f1d6c000000-7f1d6f069000 rw-p 00000000 00:00 0 
7f1d6f069000-7f1d70000000 ---p 00000000 00:00 0 
7f1d70000000-7f1d70002000 r-xp 00000000 00:00 0 
7f1d70002000-7f1d70004000 rw-p 00000000 00:00 0 
7f1d70004000-7f1d70005000 r--p 00000000 08:01 21890231                   /usr/lib/jvm/java-16-openjdk-amd64/lib/libextnet.so
7f1d70005000-7f1d70006000 r-xp 00001000 08:01 21890231                   /usr/lib/jvm/java-16-openjdk-amd64/lib/libextnet.so
7f1d70006000-7f1d70007000 r--p 00002000 08:01 21890231                   /usr/lib/jvm/java-16-openjdk-amd64/lib/libextnet.so
7f1d70007000-7f1d70008000 r--p 00002000 08:01 21890231                   /usr/lib/jvm/java-16-openjdk-amd64/lib/libextnet.so
7f1d70008000-7f1d70009000 rw-p 00003000 08:01 21890231                   /usr/lib/jvm/java-16-openjdk-amd64/lib/libextnet.so
7f1d70009000-7f1d7000d000 ---p 00000000 00:00 0 
7f1d7000d000-7f1d7010a000 rw-p 00000000 00:00 0 
7f1d7010a000-7f1d7010e000 ---p 00000000 00:00 0 
7f1d7010e000-7f1d7020b000 rw-p 00000000 00:00 0 
7f1d7020b000-7f1d7020f000 ---p 00000000 00:00 0 
7f1d7020f000-7f1d7030c000 rw-p 00000000 00:00 0 
7f1d7030c000-7f1d70310000 ---p 00000000 00:00 0 
7f1d70310000-7f1d7040d000 rw-p 00000000 00:00 0 
7f1d7040d000-7f1d70411000 ---p 00000000 00:00 0 
7f1d70411000-7f1d7050e000 rw-p 00000000 00:00 0 
7f1d7050e000-7f1d7050f000 ---p 00000000 00:00 0 
7f1d7050f000-7f1d7072d000 rw-p 00000000 00:00 0 
7f1d7072d000-7f1d7072e000 ---p 00000000 00:00 0 
7f1d7072e000-7f1d7082f000 rw-p 00000000 00:00 0 
7f1d7082f000-7f1d70830000 ---p 00000000 00:00 0 
7f1d70830000-7f1d7163e000 rw-p 00000000 00:00 0 
7f1d7163e000-7f1d7163f000 ---p 00000000 00:00 0 
7f1d7163f000-7f1d71740000 rw-p 00000000 00:00 0 
7f1d71740000-7f1d71741000 ---p 00000000 00:00 0 
7f1d71741000-7f1d71842000 rw-p 00000000 00:00 0 
7f1d71842000-7f1d71843000 ---p 00000000 00:00 0 
7f1d71843000-7f1d72796000 rw-p 00000000 00:00 0 
7f1d72796000-7f1d72879000 ---p 00000000 00:00 0 
7f1d72879000-7f1d72887000 rw-p 00000000 00:00 0 
7f1d72887000-7f1d72962000 ---p 00000000 00:00 0 
7f1d72962000-7f1d72969000 rw-p 00000000 00:00 0 
7f1d72969000-7f1d72971000 ---p 00000000 00:00 0 
7f1d72971000-7f1d72973000 r--p 00000000 08:01 21890272                   /usr/lib/jvm/java-16-openjdk-amd64/lib/libzip.so
7f1d72973000-7f1d72977000 r-xp 00002000 08:01 21890272                   /usr/lib/jvm/java-16-openjdk-amd64/lib/libzip.so
7f1d72977000-7f1d72979000 r--p 00006000 08:01 21890272                   /usr/lib/jvm/java-16-openjdk-amd64/lib/libzip.so
7f1d72979000-7f1d7297a000 r--p 00007000 08:01 21890272                   /usr/lib/jvm/java-16-openjdk-amd64/lib/libzip.so
7f1d7297a000-7f1d7297b000 rw-p 00008000 08:01 21890272                   /usr/lib/jvm/java-16-openjdk-amd64/lib/libzip.so
7f1d7297b000-7f1d72987000 r--p 00000000 08:01 21890238                   /usr/lib/jvm/java-16-openjdk-amd64/lib/libjava.so
7f1d72987000-7f1d72999000 r-xp 0000c000 08:01 21890238                   /usr/lib/jvm/java-16-openjdk-amd64/lib/libjava.so
7f1d72999000-7f1d7299f000 r--p 0001e000 08:01 21890238                   /usr/lib/jvm/java-16-openjdk-amd64/lib/libjava.so
7f1d7299f000-7f1d729a0000 ---p 00024000 08:01 21890238                   /usr/lib/jvm/java-16-openjdk-amd64/lib/libjava.so
7f1d729a0000-7f1d729a1000 r--p 00024000 08:01 21890238                   /usr/lib/jvm/java-16-openjdk-amd64/lib/libjava.so
7f1d729a1000-7f1d729a2000 rw-p 00025000 08:01 21890238                   /usr/lib/jvm/java-16-openjdk-amd64/lib/libjava.so
7f1d729a2000-7f1d729a3000 rw-p 00000000 00:00 0 
7f1d729a3000-7f1d729a7000 ---p 00000000 00:00 0 
7f1d729a7000-7f1d72aa4000 rw-p 00000000 00:00 0 
7f1d72aa4000-7f1d72aa7000 r--p 00000000 08:01 17190160                   /usr/lib/x86_64-linux-gnu/libgcc_s.so.1
7f1d72aa7000-7f1d72ab9000 r-xp 00003000 08:01 17190160                   /usr/lib/x86_64-linux-gnu/libgcc_s.so.1
7f1d72ab9000-7f1d72abc000 r--p 00015000 08:01 17190160                   /usr/lib/x86_64-linux-gnu/libgcc_s.so.1
7f1d72abc000-7f1d72abd000 ---p 00018000 08:01 17190160                   /usr/lib/x86_64-linux-gnu/libgcc_s.so.1
7f1d72abd000-7f1d72abe000 r--p 00018000 08:01 17190160                   /usr/lib/x86_64-linux-gnu/libgcc_s.so.1
7f1d72abe000-7f1d72abf000 rw-p 00019000 08:01 17190160                   /usr/lib/x86_64-linux-gnu/libgcc_s.so.1
7f1d72abf000-7f1d72ace000 r--p 00000000 08:01 17190184                   /usr/lib/x86_64-linux-gnu/libm-2.33.so
7f1d72ace000-7f1d72b74000 r-xp 0000f000 08:01 17190184                   /usr/lib/x86_64-linux-gnu/libm-2.33.so
7f1d72b74000-7f1d72c0b000 r--p 000b5000 08:01 17190184                   /usr/lib/x86_64-linux-gnu/libm-2.33.so
7f1d72c0b000-7f1d72c0c000 r--p 0014b000 08:01 17190184                   /usr/lib/x86_64-linux-gnu/libm-2.33.so
7f1d72c0c000-7f1d72c0d000 rw-p 0014c000 08:01 17190184                   /usr/lib/x86_64-linux-gnu/libm-2.33.so
7f1d72c0d000-7f1d72ca6000 r--p 00000000 08:01 17174032                   /usr/lib/x86_64-linux-gnu/libstdc++.so.6.0.29
7f1d72ca6000-7f1d72da9000 r-xp 00099000 08:01 17174032                   /usr/lib/x86_64-linux-gnu/libstdc++.so.6.0.29
7f1d72da9000-7f1d72e15000 r--p 0019c000 08:01 17174032                   /usr/lib/x86_64-linux-gnu/libstdc++.so.6.0.29
7f1d72e15000-7f1d72e20000 r--p 00207000 08:01 17174032                   /usr/lib/x86_64-linux-gnu/libstdc++.so.6.0.29
7f1d72e20000-7f1d72e23000 rw-p 00212000 08:01 17174032                   /usr/lib/x86_64-linux-gnu/libstdc++.so.6.0.29
7f1d72e23000-7f1d72e26000 rw-p 00000000 00:00 0 
7f1d72e26000-7f1d73051000 r--p 00000000 08:01 21890286                   /usr/lib/jvm/java-16-openjdk-amd64/lib/server/libjvm.so
7f1d73051000-7f1d73c9a000 r-xp 0022b000 08:01 21890286                   /usr/lib/jvm/java-16-openjdk-amd64/lib/server/libjvm.so
7f1d73c9a000-7f1d73ec5000 r--p 00e74000 08:01 21890286                   /usr/lib/jvm/java-16-openjdk-amd64/lib/server/libjvm.so
7f1d73ec5000-7f1d73ec6000 ---p 0109f000 08:01 21890286                   /usr/lib/jvm/java-16-openjdk-amd64/lib/server/libjvm.so
7f1d73ec6000-7f1d73f78000 r--p 0109f000 08:01 21890286                   /usr/lib/jvm/java-16-openjdk-amd64/lib/server/libjvm.so
7f1d73f78000-7f1d73fa4000 rw-p 01151000 08:01 21890286                   /usr/lib/jvm/java-16-openjdk-amd64/lib/server/libjvm.so
7f1d73fa4000-7f1d74001000 rw-p 00000000 00:00 0 
7f1d74001000-7f1d74008000 r--p 00000000 08:01 17174108                   /usr/lib/x86_64-linux-gnu/libpthread-2.33.so
7f1d74008000-7f1d74018000 r-xp 00007000 08:01 17174108                   /usr/lib/x86_64-linux-gnu/libpthread-2.33.so
7f1d74018000-7f1d7401d000 r--p 00017000 08:01 17174108                   /usr/lib/x86_64-linux-gnu/libpthread-2.33.so
7f1d7401d000-7f1d7401e000 r--p 0001b000 08:01 17174108                   /usr/lib/x86_64-linux-gnu/libpthread-2.33.so
7f1d7401e000-7f1d7401f000 rw-p 0001c000 08:01 17174108                   /usr/lib/x86_64-linux-gnu/libpthread-2.33.so
7f1d7401f000-7f1d74023000 rw-p 00000000 00:00 0 
7f1d74023000-7f1d74025000 r--p 00000000 08:01 17173935                   /usr/lib/x86_64-linux-gnu/libdl-2.33.so
7f1d74025000-7f1d74027000 r-xp 00002000 08:01 17173935                   /usr/lib/x86_64-linux-gnu/libdl-2.33.so
7f1d74027000-7f1d74028000 r--p 00004000 08:01 17173935                   /usr/lib/x86_64-linux-gnu/libdl-2.33.so
7f1d74028000-7f1d74029000 r--p 00004000 08:01 17173935                   /usr/lib/x86_64-linux-gnu/libdl-2.33.so
7f1d74029000-7f1d7402a000 rw-p 00005000 08:01 17173935                   /usr/lib/x86_64-linux-gnu/libdl-2.33.so
7f1d7402a000-7f1d7402c000 r--p 00000000 08:01 17190191                   /usr/lib/x86_64-linux-gnu/libz.so.1.2.11
7f1d7402c000-7f1d7403d000 r-xp 00002000 08:01 17190191                   /usr/lib/x86_64-linux-gnu/libz.so.1.2.11
7f1d7403d000-7f1d74043000 r--p 00013000 08:01 17190191                   /usr/lib/x86_64-linux-gnu/libz.so.1.2.11
7f1d74043000-7f1d74044000 ---p 00019000 08:01 17190191                   /usr/lib/x86_64-linux-gnu/libz.so.1.2.11
7f1d74044000-7f1d74045000 r--p 00019000 08:01 17190191                   /usr/lib/x86_64-linux-gnu/libz.so.1.2.11
7f1d74045000-7f1d74046000 rw-p 0001a000 08:01 17190191                   /usr/lib/x86_64-linux-gnu/libz.so.1.2.11
7f1d74046000-7f1d7406c000 r--p 00000000 08:01 17173832                   /usr/lib/x86_64-linux-gnu/libc-2.33.so
7f1d7406c000-7f1d741d7000 r-xp 00026000 08:01 17173832                   /usr/lib/x86_64-linux-gnu/libc-2.33.so
7f1d741d7000-7f1d74223000 r--p 00191000 08:01 17173832                   /usr/lib/x86_64-linux-gnu/libc-2.33.so
7f1d74223000-7f1d74226000 r--p 001dc000 08:01 17173832                   /usr/lib/x86_64-linux-gnu/libc-2.33.so
7f1d74226000-7f1d74229000 rw-p 001df000 08:01 17173832                   /usr/lib/x86_64-linux-gnu/libc-2.33.so
7f1d74229000-7f1d74232000 rw-p 00000000 00:00 0 
7f1d74232000-7f1d74233000 r-xp 00000000 00:00 0 
7f1d74233000-7f1d74235000 r--s 0000c000 08:01 17694801                   /usr/share/java/java-atk-wrapper.jar
7f1d74235000-7f1d7423d000 rw-s 00000000 08:01 27525643                   /tmp/hsperfdata_subes/66399
7f1d7423d000-7f1d7423f000 r--p 00000000 08:01 17190175                   /usr/lib/x86_64-linux-gnu/libnss_compat-2.33.so
7f1d7423f000-7f1d74246000 r-xp 00002000 08:01 17190175                   /usr/lib/x86_64-linux-gnu/libnss_compat-2.33.so
7f1d74246000-7f1d74247000 r--p 00009000 08:01 17190175                   /usr/lib/x86_64-linux-gnu/libnss_compat-2.33.so
7f1d74247000-7f1d74248000 r--p 00009000 08:01 17190175                   /usr/lib/x86_64-linux-gnu/libnss_compat-2.33.so
7f1d74248000-7f1d74249000 rw-p 0000a000 08:01 17190175                   /usr/lib/x86_64-linux-gnu/libnss_compat-2.33.so
7f1d74249000-7f1d7424a000 ---p 00000000 00:00 0 
7f1d7424a000-7f1d7424b000 r--p 00000000 00:00 0 
7f1d7424b000-7f1d7424c000 ---p 00000000 00:00 0 
7f1d7424c000-7f1d7424e000 r--p 00000000 08:01 21890241                   /usr/lib/jvm/java-16-openjdk-amd64/lib/libjimage.so
7f1d7424e000-7f1d74250000 r-xp 00002000 08:01 21890241                   /usr/lib/jvm/java-16-openjdk-amd64/lib/libjimage.so
7f1d74250000-7f1d74251000 r--p 00004000 08:01 21890241                   /usr/lib/jvm/java-16-openjdk-amd64/lib/libjimage.so
7f1d74251000-7f1d74252000 r--p 00004000 08:01 21890241                   /usr/lib/jvm/java-16-openjdk-amd64/lib/libjimage.so
7f1d74252000-7f1d74253000 rw-p 00005000 08:01 21890241                   /usr/lib/jvm/java-16-openjdk-amd64/lib/libjimage.so
7f1d74253000-7f1d74255000 r--p 00000000 08:01 21890242                   /usr/lib/jvm/java-16-openjdk-amd64/lib/libjli.so
7f1d74255000-7f1d7425f000 r-xp 00002000 08:01 21890242                   /usr/lib/jvm/java-16-openjdk-amd64/lib/libjli.so
7f1d7425f000-7f1d74262000 r--p 0000c000 08:01 21890242                   /usr/lib/jvm/java-16-openjdk-amd64/lib/libjli.so
7f1d74262000-7f1d74263000 r--p 0000e000 08:01 21890242                   /usr/lib/jvm/java-16-openjdk-amd64/lib/libjli.so
7f1d74263000-7f1d74264000 rw-p 0000f000 08:01 21890242                   /usr/lib/jvm/java-16-openjdk-amd64/lib/libjli.so
7f1d74264000-7f1d74266000 rw-p 00000000 00:00 0 
7f1d74266000-7f1d74267000 r--p 00000000 08:01 17174133                   /usr/lib/x86_64-linux-gnu/ld-2.33.so
7f1d74267000-7f1d7428e000 r-xp 00001000 08:01 17174133                   /usr/lib/x86_64-linux-gnu/ld-2.33.so
7f1d7428e000-7f1d74298000 r--p 00028000 08:01 17174133                   /usr/lib/x86_64-linux-gnu/ld-2.33.so
7f1d74298000-7f1d7429a000 r--p 00031000 08:01 17174133                   /usr/lib/x86_64-linux-gnu/ld-2.33.so
7f1d7429a000-7f1d7429c000 rw-p 00033000 08:01 17174133                   /usr/lib/x86_64-linux-gnu/ld-2.33.so
7fff177ad000-7fff177cf000 rw-p 00000000 00:00 0                          [stack]
7fff177ed000-7fff177f1000 r--p 00000000 00:00 0                          [vvar]
7fff177f1000-7fff177f3000 r-xp 00000000 00:00 0                          [vdso]
ffffffffff600000-ffffffffff601000 --xp 00000000 00:00 0                  [vsyscall]


VM Arguments:
jvm_args: --add-opens=java.base/java.lang=ALL-UNNAMED -ea --illegal-access=permit --add-exports=java.base/jdk.internal.ref=ALL-UNNAMED --add-opens=java.base/jdk.internal.misc=ALL-UNNAMED --add-opens=java.base/java.nioc=ALL-UNNAMED -Dfile.encoding=UTF-8 -XX:+ShowCodeDetailsInExceptionMessages 
java_command: org.eclipse.jdt.internal.junit.runner.RemoteTestRunner -version 3 -port 45385 -testLoaderClass org.eclipse.jdt.internal.junit4.runner.JUnit4TestLoader -loaderpluginname org.eclipse.jdt.junit4.runtime -testNameFile /tmp/testNames10189332638676727140.txt
java_class_path (initial): /opt/subes/dev/Entwicklung/invesdwin/ezdb/ezdb-lmdb-jnr/target/test-classes:/opt/subes/dev/Entwicklung/invesdwin/ezdb/ezdb-lmdb-jnr/target/classes:/opt/subes/dev/Entwicklung/invesdwin/ezdb/ezdb-api/target/classes:/home/subes/.m2/repository/io/netty/netty-buffer/4.1.68.Final/netty-buffer-4.1.68.Final.jar:/home/subes/.m2/repository/io/netty/netty-common/4.1.68.Final/netty-common-4.1.68.Final.jar:/opt/subes/dev/Entwicklung/invesdwin/ezdb/ezdb-treemap/target/classes:/home/subes/.m2/repository/org/lmdbjava/lmdbjava/0.8.1/lmdbjava-0.8.1.jar:/home/subes/.m2/repository/com/github/jnr/jnr-constants/0.9.15/jnr-constants-0.9.15.jar:/home/subes/.m2/repository/com/github/jnr/jnr-ffi/2.1.15/jnr-ffi-2.1.15.jar:/home/subes/.m2/repository/com/github/jnr/jffi/1.2.23/jffi-1.2.23.jar:/home/subes/.m2/repository/com/github/jnr/jffi/1.2.23/jffi-1.2.23-native.jar:/home/subes/.m2/repository/org/ow2/asm/asm/7.1/asm-7.1.jar:/home/subes/.m2/repository/org/ow2/asm/asm-commons/7.1/asm-commons-7.1.jar:/home/subes/.m2/repository/org/ow2/asm/asm-analysis/7.1/asm-analysis-7.1.jar:/home/subes/.m2/repository/org/ow2/asm/asm-tree/7.1/asm-tree-7.1.jar:/home/subes/.m2/repository/org/ow2/asm/asm-util/7.1/asm-util-7.1.jar:/home/subes/.m2/repository/com/github/jnr/jnr-a64asm/1.0.0/jnr-a64asm-1.0.0.jar:/home/subes/.m2/repository/com/github/jnr/jnr-x86asm/1.0.2/jnr-x86asm-1.0.2.jar:/home/subes/.m2/repository/com/google/guava/guava/30.1.1-jre/guava-30.1.1-jre.jar:/home/subes/.m2/repository/com/google/guava/failureaccess/1.0.1/failureaccess-1.0.1.jar:/home/subes/.m2/repository/com/google/guava/listenablefuture/9999.0-empty-to-avoid-conflict-with-guava/listenablefuture-9999.0-empty-to-avoid-conflict-with-guava.jar:/home/subes/.m2/repository/com/google/code/findbugs/jsr305/3.0.2/jsr305-3.0.2.jar:/home/subes/.m2/repository/org/checkerframework/checker-qual/3.8.0/checker-qual-3.8.0.jar:/home/subes/.m2/repository/com/google/errorprone/error_prone_annotations/2.5.1/error_prone_annotations
Launcher Type: SUN_STANDARD

[Global flags]
     intx CICompilerCount                          = 12                                        {product} {ergonomic}
     uint ConcGCThreads                            = 3                                         {product} {ergonomic}
     uint G1ConcRefinementThreads                  = 13                                        {product} {ergonomic}
   size_t G1HeapRegionSize                         = 8388608                                   {product} {ergonomic}
    uintx GCDrainStackTargetSize                   = 64                                        {product} {ergonomic}
   size_t InitialHeapSize                          = 1056964608                                {product} {ergonomic}
   size_t MarkStackSize                            = 4194304                                   {product} {ergonomic}
   size_t MaxHeapSize                              = 16852713472                               {product} {ergonomic}
   size_t MaxNewSize                               = 10108272640                               {product} {ergonomic}
   size_t MinHeapDeltaBytes                        = 8388608                                   {product} {ergonomic}
   size_t MinHeapSize                              = 8388608                                   {product} {ergonomic}
    uintx NonNMethodCodeHeapSize                   = 7602480                                {pd product} {ergonomic}
    uintx NonProfiledCodeHeapSize                  = 122027880                              {pd product} {ergonomic}
    uintx ProfiledCodeHeapSize                     = 122027880                              {pd product} {ergonomic}
    uintx ReservedCodeCacheSize                    = 251658240                              {pd product} {ergonomic}
     bool SegmentedCodeCache                       = true                                      {product} {ergonomic}
     bool ShowCodeDetailsInExceptionMessages       = true                                   {manageable} {command line}
   size_t SoftMaxHeapSize                          = 16852713472                            {manageable} {ergonomic}
     bool UseCompressedClassPointers               = true                           {product lp64_product} {ergonomic}
     bool UseCompressedOops                        = true                           {product lp64_product} {ergonomic}
     bool UseG1GC                                  = true                                      {product} {ergonomic}

Logging:
Log output configuration:
 #0: stdout all=warning uptime,level,tags
 #1: stderr all=off uptime,level,tags

Environment Variables:
JAVA_HOME=/usr/lib/jvm/default-java/
PATH=/home/subes/.local/share/umake/bin:/usr/local/sbin:/usr/local/bin:/usr/sbin:/usr/bin:/sbin:/bin:/usr/games:/usr/local/games:/snap/bin:/snap/bin
USERNAME=subes
SHELL=/bin/bash
DISPLAY=:1
LANG=de_DE.UTF-8

Signal Handlers:
SIGSEGV: [libjvm.so+0xc78640], sa_mask[0]=11100100010111111101111111111110, sa_flags=SA_RESTART|SA_SIGINFO
SIGBUS: [libjvm.so+0xc78640], sa_mask[0]=11100100010111111101111111111110, sa_flags=SA_RESTART|SA_SIGINFO
SIGFPE: [libjvm.so+0xc78640], sa_mask[0]=11100100010111111101111111111110, sa_flags=SA_RESTART|SA_SIGINFO
SIGPIPE: [libjvm.so+0xb89950], sa_mask[0]=11100100010111111101111111111110, sa_flags=SA_RESTART|SA_SIGINFO
SIGXFSZ: [libjvm.so+0xb89950], sa_mask[0]=11100100010111111101111111111110, sa_flags=SA_RESTART|SA_SIGINFO
SIGILL: [libjvm.so+0xc78640], sa_mask[0]=11100100010111111101111111111110, sa_flags=SA_RESTART|SA_SIGINFO
SIGUSR2: [libjvm.so+0xb846f0], sa_mask[0]=00100000000000000000000000000000, sa_flags=SA_RESTART|SA_SIGINFO
SIGHUP: [libjvm.so+0xb84030], sa_mask[0]=11100100010111111101111111111110, sa_flags=SA_RESTART|SA_SIGINFO
SIGINT: [libjvm.so+0xb84030], sa_mask[0]=11100100010111111101111111111110, sa_flags=SA_RESTART|SA_SIGINFO
SIGTERM: [libjvm.so+0xb84030], sa_mask[0]=11100100010111111101111111111110, sa_flags=SA_RESTART|SA_SIGINFO
SIGQUIT: [libjvm.so+0xb84030], sa_mask[0]=11100100010111111101111111111110, sa_flags=SA_RESTART|SA_SIGINFO
SIGTRAP: [libjvm.so+0xc78640], sa_mask[0]=11100100010111111101111111111110, sa_flags=SA_RESTART|SA_SIGINFO


---------------  S Y S T E M  ---------------

OS:
DISTRIB_ID=Ubuntu
DISTRIB_RELEASE=21.04
DISTRIB_CODENAME=hirsute
DISTRIB_DESCRIPTION="Ubuntu 21.04"
uname: Linux 5.11.0-31-generic #33-Ubuntu SMP Wed Aug 11 13:19:04 UTC 2021 x86_64
OS uptime: 0 days 6:24 hours
libc: glibc 2.33 NPTL 2.33 
rlimit (soft/hard): STACK 8192k/infinity , CORE 0k/infinity , NPROC 256775/256775 , NOFILE 524288/524288 , AS infinity/infinity , CPU infinity/infinity , DATA infinity/infinity , FSIZE infinity/infinity , MEMLOCK 8225217k/8225217k
load average: 1,18 0,87 1,07

/proc/meminfo:
MemTotal:       65801736 kB
MemFree:        42342372 kB
MemAvailable:   50945512 kB
Buffers:         1086660 kB
Cached:          7578836 kB
SwapCached:            0 kB
Active:          3313044 kB
Inactive:       18781252 kB
Active(anon):       9284 kB
Inactive(anon): 13513344 kB
Active(file):    3303760 kB
Inactive(file):  5267908 kB
Unevictable:         432 kB
Mlocked:             432 kB
SwapTotal:      34282492 kB
SwapFree:       34282492 kB
Dirty:              9164 kB
Writeback:             0 kB
AnonPages:      13429692 kB
Mapped:          1211932 kB
Shmem:            100524 kB
KReclaimable:     764244 kB
Slab:             978024 kB
SReclaimable:     764244 kB
SUnreclaim:       213780 kB
KernelStack:       30176 kB
PageTables:        88192 kB
NFS_Unstable:          0 kB
Bounce:                0 kB
WritebackTmp:          0 kB
CommitLimit:    67183360 kB
Committed_AS:   22852124 kB
VmallocTotal:   34359738367 kB
VmallocUsed:      105192 kB
VmallocChunk:          0 kB
Percpu:            16512 kB
HardwareCorrupted:     0 kB
AnonHugePages:         0 kB
ShmemHugePages:        0 kB
ShmemPmdMapped:        0 kB
FileHugePages:         0 kB
FilePmdMapped:         0 kB
HugePages_Total:       0
HugePages_Free:        0
HugePages_Rsvd:        0
HugePages_Surp:        0
Hugepagesize:       2048 kB
Hugetlb:               0 kB
DirectMap4k:     1009900 kB
DirectMap2M:    30392320 kB
DirectMap1G:    36700160 kB

/sys/kernel/mm/transparent_hugepage/enabled: always [madvise] never
/sys/kernel/mm/transparent_hugepage/defrag (defrag/compaction efforts parameter): always defer defer+madvise [madvise] never

Process Memory:
Virtual Size: 976532144K (peak: 1112083128K)
Resident Set Size: 671692K (peak: 671692K) (anon: 633780K, file: 37912K, shmem: 0K)
Swapped out: 0K
C-Heap outstanding allocations: 108477K

/proc/sys/kernel/threads-max (system-wide limit on the number of threads): 513551
/proc/sys/vm/max_map_count (maximum number of memory map areas a process may have): 65530
/proc/sys/kernel/pid_max (system-wide limit on number of process identifiers): 4194304

container (cgroup) information:
container_type: cgroupv1
cpu_cpuset_cpus: 0-15
cpu_memory_nodes: 0
active_processor_count: 16
cpu_quota: no quota
cpu_period: 100000
cpu_shares: no shares
memory_limit_in_bytes: unlimited
memory_and_swap_limit_in_bytes: unlimited
memory_soft_limit_in_bytes: unlimited
memory_usage_in_bytes: 21448335360
memory_max_usage_in_bytes: 29859790848

Steal ticks since vm start: 0
Steal ticks percentage since vm start:  0,000

CPU: total 16 (initial active 16) (8 cores per cpu, 2 threads per core) family 6 model 158 stepping 12 microcode 0xea, cx8, cmov, fxsr, ht, mmx, 3dnowpref, sse, sse2, sse3, ssse3, sse4.1, sse4.2, popcnt, lzcnt, tsc, tscinvbit, avx, avx2, aes, erms, clmul, bmi1, bmi2, rtm, adx, fma, vzeroupper, clflush, clflushopt
CPU Model and flags from /proc/cpuinfo:
model name	: Intel(R) Core(TM) i9-9900K CPU @ 3.60GHz
flags		: fpu vme de pse tsc msr pae mce cx8 apic sep mtrr pge mca cmov pat pse36 clflush dts acpi mmx fxsr sse sse2 ss ht tm pbe syscall nx pdpe1gb rdtscp lm constant_tsc art arch_perfmon pebs bts rep_good nopl xtopology nonstop_tsc cpuid aperfmperf pni pclmulqdq dtes64 monitor ds_cpl vmx smx est tm2 ssse3 sdbg fma cx16 xtpr pdcm pcid sse4_1 sse4_2 x2apic movbe popcnt tsc_deadline_timer aes xsave avx f16c rdrand lahf_lm abm 3dnowprefetch cpuid_fault epb invpcid_single ssbd ibrs ibpb stibp tpr_shadow vnmi flexpriority ept vpid ept_ad fsgsbase tsc_adjust bmi1 hle avx2 smep bmi2 erms invpcid rtm mpx rdseed adx smap clflushopt intel_pt xsaveopt xsavec xgetbv1 xsaves dtherm ida arat pln pts hwp hwp_notify hwp_act_window hwp_epp md_clear flush_l1d arch_capabilities

Online cpus: 0-15
Offline cpus: 
BIOS frequency limitation: <Not Available>
Frequency switch latency (ns): 0
Available cpu frequencies: <Not Available>
Current governor: powersave
Core performance/turbo boost: <Not Available>

Memory: 4k page, physical 65801736k(42338852k free), swap 34282492k(34282492k free)

vm_info: OpenJDK 64-Bit Server VM (16.0.1+9-Ubuntu-1) for linux-amd64 JRE (16.0.1+9-Ubuntu-1), built on Apr 21 2021 04:27:46 by "unknown" with gcc 10.3.0

END.
