#
# A fatal error has been detected by the Java Runtime Environment:
#
#  SIGSEGV (0xb) at pc=0x00007f9345afeaaf, pid=66586, tid=66601
#
# JRE version: OpenJDK Runtime Environment (16.0.1+9) (build 16.0.1+9-Ubuntu-1)
# Java VM: OpenJDK 64-Bit Server VM (16.0.1+9-Ubuntu-1, mixed mode, sharing, tiered, compressed oops, compressed class ptrs, g1 gc, linux-amd64)
# Problematic frame:
# C  [lmdbjava-native-library-3529244555369377625.so+0x3aaf]  mdb_txn_end+0x11f
#
# Core dump will be written. Default location: Core dumps may be processed with "/usr/share/apport/apport %p %s %c %d %P %E" (or dumping to /opt/subes/dev/Entwicklung/invesdwin/ezdb/ezdb-lmdb-jnr/core.66586)
#
# If you would like to submit a bug report, please visit:
#   Unknown
# The crash happened outside the Java Virtual Machine in native code.
# See problematic frame for where to report the bug.
#

---------------  S U M M A R Y ------------

Command Line: --add-opens=java.base/java.lang=ALL-UNNAMED -ea --illegal-access=permit --add-exports=java.base/jdk.internal.ref=ALL-UNNAMED --add-opens=java.base/jdk.internal.misc=ALL-UNNAMED --add-opens=java.base/java.nioc=ALL-UNNAMED -Dfile.encoding=UTF-8 -XX:+ShowCodeDetailsInExceptionMessages org.eclipse.jdt.internal.junit.runner.RemoteTestRunner -version 3 -port 44583 -testLoaderClass org.eclipse.jdt.internal.junit4.runner.JUnit4TestLoader -loaderpluginname org.eclipse.jdt.junit4.runtime -testNameFile /tmp/testNames3957560556009689185.txt

Host: Intel(R) Core(TM) i9-9900K CPU @ 3.60GHz, 16 cores, 62G, Ubuntu 21.04
Time: Sun Sep 12 20:11:31 2021 CEST elapsed time: 1.213286 seconds (0d 0h 0m 1s)

---------------  T H R E A D  ---------------

Current thread (0x00007f939c1e8d80):  JavaThread "Finalizer" daemon [_thread_in_native, id=66601, stack(0x00007f93472ff000,0x00007f9347400000)]

Stack: [0x00007f93472ff000,0x00007f9347400000],  sp=0x00007f93473fe6f0,  free space=1021k
Native frames: (J=compiled Java code, A=aot compiled Java code, j=interpreted, Vv=VM code, C=native code)
C  [lmdbjava-native-library-3529244555369377625.so+0x3aaf]  mdb_txn_end+0x11f

Java frames: (J=compiled Java code, j=interpreted, Vv=VM code)
J 3298  org.lmdbjava.Library$Lmdb$jnr$ffi$0.mdb_txn_abort$jni$28(J)V (0 bytes) @ 0x00007f938c27cff1 [0x00007f938c27cfa0+0x0000000000000051]
J 3297 c1 org.lmdbjava.Library$Lmdb$jnr$ffi$0.mdb_txn_abort(Ljnr/ffi/Pointer;)V (66 bytes) @ 0x00007f938520c31c [0x00007f938520bf80+0x000000000000039c]
J 2110 c1 org.lmdbjava.Txn.close()V (48 bytes) @ 0x00007f9385033b8c [0x00007f9385033a60+0x000000000000012c]
J 3478 c1 ezdb.lmdb.util.LmDBJnrDBIterator.finalize()V (9 bytes) @ 0x00007f938525d1c4 [0x00007f938525d140+0x0000000000000084]
J 3470 c1 java.lang.ref.Finalizer.runFinalizer(Ljdk/internal/access/JavaLangAccess;)V java.base@16.0.1 (131 bytes) @ 0x00007f938525ae14 [0x00007f938525ab80+0x0000000000000294]
j  java.lang.ref.Finalizer$FinalizerThread.run()V+46 java.base@16.0.1
v  ~StubRoutines::call_stub

siginfo: si_signo: 11 (SIGSEGV), si_code: 1 (SEGV_MAPERR), si_addr: 0x00007f522ffff080

Register to memory mapping:

RAX=0x00000000000a0000 is an unknown value
RBX=0x0000000000000001 is an unknown value
RCX=0x0000000000200022 is an unknown value
RDX=0x00007f522ffff080 is an unknown value
RSP=0x00007f93473fe6f0 is pointing into the stack for thread: 0x00007f939c1e8d80
RBP=0xfffffffffffffffe is an unknown value
RSI=0x0 is NULL
RDI=0x00007f939c870230 points into unknown readable memory: 0x0000000000000000 | 00 00 00 00 00 00 00 00
R8 =0x0000000000000003 is an unknown value
R9 =2188389095 is a compressed pointer to object: java.lang.ThreadLocal$SuppliedThreadLocal 
{0x0000000413815738} - klass: 'java/lang/ThreadLocal$SuppliedThreadLocal'
R10=0x00007f938c27cff1 is at entry_point+81 in (nmethod*)0x00007f938c27ce10
R11=0x0000000000000037 is an unknown value
R12=0x0000000000000060 is an unknown value
R13=0x00007f939c870230 points into unknown readable memory: 0x0000000000000000 | 00 00 00 00 00 00 00 00
R14=0x00007f939c86ffb0 points into unknown readable memory: 0x00007f939c861a20 | 20 1a 86 9c 93 7f 00 00
R15=0x00007f939c870348 points into unknown readable memory: 0x0000000000181808 | 08 18 18 00 00 00 00 00


Registers:
RAX=0x00000000000a0000, RBX=0x0000000000000001, RCX=0x0000000000200022, RDX=0x00007f522ffff080
RSP=0x00007f93473fe6f0, RBP=0xfffffffffffffffe, RSI=0x0000000000000000, RDI=0x00007f939c870230
R8 =0x0000000000000003, R9 =0x0000000082702ae7, R10=0x00007f938c27cff1, R11=0x0000000000000037
R12=0x0000000000000060, R13=0x00007f939c870230, R14=0x00007f939c86ffb0, R15=0x00007f939c870348
RIP=0x00007f9345afeaaf, EFLAGS=0x0000000000010246, CSGSFS=0x002b000000000033, ERR=0x0000000000000006
  TRAPNO=0x000000000000000e

Top of Stack: (sp=0x00007f93473fe6f0)
0x00007f93473fe6f0:   00007f939c1e8d80 00007f93a29d47a8
0x00007f93473fe700:   00007f93448b61f0 00007f9345d1c7b4
0x00007f93473fe710:   0000000413893c00 0000000000000000
0x00007f93473fe720:   00007f93473fe7a0 0000000000000000 

Instructions: (pc=0x00007f9345afeaaf)
0x00007f9345afe9af:   20 4c 8b 7f 70 4b 8d 14 24 41 8d 5c 24 ff 4d 89
0x00007f9345afe9bf:   e0 49 01 d4 48 63 db 49 c1 e4 04 49 83 ec 30 eb
0x00007f9345afe9cf:   25 4d 8b 4d 58 49 8b be 90 00 00 00 41 0f b7 44
0x00007f9345afe9df:   01 04 48 01 d7 66 0d 00 80 66 89 44 3d fe 48 83
0x00007f9345afe9ef:   eb 01 48 83 ed 02 83 fb 01 0f 8e 8a 00 00 00 41
0x00007f9345afe9ff:   f6 04 1f 04 74 e8 48 8d 44 6d 00 85 f6 49 8d 04
0x00007f9345afea0f:   c4 75 be 49 03 86 88 00 00 00 48 8b 78 08 48 85
0x00007f9345afea1f:   ff 74 cb 48 c7 40 08 00 00 00 00 48 c7 00 00 00
0x00007f9345afea2f:   00 00 4c 8d 0c 2a 49 8b 86 90 00 00 00 89 4c 24
0x00007f9345afea3f:   1c 31 c9 44 89 44 24 18 89 74 24 14 48 89 54 24
0x00007f9345afea4f:   08 48 01 d0 66 89 4c 05 fe 49 8b 86 98 00 00 00
0x00007f9345afea5f:   42 83 44 48 fc 01 e8 a6 ec ff ff 8b 4c 24 1c 44
0x00007f9345afea6f:   8b 44 24 18 8b 74 24 14 48 8b 54 24 08 e9 6c ff
0x00007f9345afea7f:   ff ff 0f 1f 80 00 00 00 00 85 f6 74 0a 45 3b 46
0x00007f9345afea8f:   20 76 04 45 89 46 20 41 8b 45 7c a9 00 00 02 00
0x00007f9345afea9f:   74 5f 49 8b 55 48 48 85 d2 74 25 41 f6 46 0e 20
0x00007f9345afeaaf:   48 c7 02 ff ff ff ff 74 0f f7 c1 00 00 20 00 74
0x00007f9345afeabf:   0f c7 42 08 00 00 00 00 49 c7 45 48 00 00 00 00
0x00007f9345afeacf:   83 c8 01 41 c7 45 78 00 00 00 00 83 e1 20 41 89
0x00007f9345afeadf:   45 7c 85 c9 0f 85 b0 00 00 00 48 83 c4 28 5b 5d
0x00007f9345afeaef:   41 5c 41 5d 41 5e 41 5f c3 0f 1f 84 00 00 00 00
0x00007f9345afeaff:   00 a8 01 0f 85 a8 00 00 00 f6 c1 10 49 8b 9e b0
0x00007f9345afeb0f:   00 00 00 0f 84 a8 00 00 00 41 f6 46 0e 08 0f 84
0x00007f9345afeb1f:   bd 00 00 00 48 b8 00 00 00 00 01 00 00 00 49 89
0x00007f9345afeb2f:   45 78 49 8b 45 00 48 85 c0 0f 84 12 01 00 00 f3
0x00007f9345afeb3f:   41 0f 6f 85 88 00 00 00 83 60 7c ef 48 c7 40 08
0x00007f9345afeb4f:   00 00 00 00 49 8b 7d 28 89 4c 24 08 41 0f 11 86
0x00007f9345afeb5f:   b0 00 00 00 e8 58 ec ff ff 49 8b 7d 40 e8 4f ec
0x00007f9345afeb6f:   ff ff 49 8b 7d 48 e8 96 eb ff ff 8b 4c 24 08 48
0x00007f9345afeb7f:   89 df 83 e1 20 89 4c 24 08 e8 33 ec ff ff 8b 4c
0x00007f9345afeb8f:   24 08 85 c9 0f 84 50 ff ff ff 48 83 c4 28 4c 89
0x00007f9345afeb9f:   ef 5b 5d 41 5c 41 5d 41 5e 41 5f e9 61 eb ff ff 


Stack slot to memory mapping:
stack at sp + 0 slots: 0x00007f939c1e8d80 is a thread
stack at sp + 1 slots: 0x00007f93a29d47a8: cfree+0x0000000000000068 in /lib/x86_64-linux-gnu/libc.so.6 at 0x00007f93a293d000
stack at sp + 2 slots: 0x00007f93448b61f0 is pointing into metadata
stack at sp + 3 slots: 0x00007f9345d1c7b4: jffi_save_errno+0x0000000000000024 in /tmp/jffi11100510371263770643.so at 0x00007f9345d11000
stack at sp + 4 slots: 0x0000000413893c00 is an oop: java.lang.Class 
{0x0000000413893c00} - klass: 'java/lang/Class'
stack at sp + 5 slots: 0x0 is NULL
stack at sp + 6 slots: 0x00007f93473fe7a0 is pointing into the stack for thread: 0x00007f939c1e8d80
stack at sp + 7 slots: 0x0 is NULL


---------------  P R O C E S S  ---------------

Threads class SMR info:
_java_thread_list=0x00007f92e8001ce0, length=27, elements={
0x00007f939c011610, 0x00007f939c1e7800, 0x00007f939c1e8d80, 0x00007f939c1ed630,
0x00007f939c1eeb80, 0x00007f939c1f00a0, 0x00007f939c1f1c00, 0x00007f939c1f3260,
0x00007f939c1f4800, 0x00007f932006c4d0, 0x00007f939c232590, 0x00007f939c23d130,
0x00007f939c341780, 0x00007f93180dcfe0, 0x00007f93181945e0, 0x00007f93201b1a40,
0x00007f939c4de3b0, 0x00007f93203e9020, 0x00007f930c1ad1e0, 0x00007f930c1ae4b0,
0x00007f930c1c7ad0, 0x00007f932c28c990, 0x00007f932c5accf0, 0x00007f939cdc9f90,
0x00007f939cdcc1f0, 0x00007f939cdcd320, 0x00007f939cdcf360
}

Java Threads: ( => current thread )
  0x00007f939c011610 JavaThread "main" [_thread_blocked, id=66592, stack(0x00007f93a129a000,0x00007f93a139b000)]
  0x00007f939c1e7800 JavaThread "Reference Handler" daemon [_thread_blocked, id=66600, stack(0x00007f9347ce0000,0x00007f9347de1000)]
=>0x00007f939c1e8d80 JavaThread "Finalizer" daemon [_thread_in_native, id=66601, stack(0x00007f93472ff000,0x00007f9347400000)]
  0x00007f939c1ed630 JavaThread "Signal Dispatcher" daemon [_thread_blocked, id=66602, stack(0x00007f9346c31000,0x00007f9346d32000)]
  0x00007f939c1eeb80 JavaThread "Service Thread" daemon [_thread_blocked, id=66603, stack(0x00007f9346b30000,0x00007f9346c31000)]
  0x00007f939c1f00a0 JavaThread "Monitor Deflation Thread" daemon [_thread_blocked, id=66604, stack(0x00007f9346a2f000,0x00007f9346b30000)]
  0x00007f939c1f1c00 JavaThread "C2 CompilerThread0" daemon [_thread_in_native, id=66605, stack(0x00007f934692e000,0x00007f9346a2f000)]
  0x00007f939c1f3260 JavaThread "C1 CompilerThread0" daemon [_thread_blocked, id=66606, stack(0x00007f934682d000,0x00007f934692e000)]
  0x00007f939c1f4800 JavaThread "Sweeper thread" daemon [_thread_blocked, id=66607, stack(0x00007f934672c000,0x00007f934682d000)]
  0x00007f932006c4d0 JavaThread "C1 CompilerThread1" daemon [_thread_blocked, id=66608, stack(0x00007f934662b000,0x00007f934672c000)]
  0x00007f939c232590 JavaThread "Common-Cleaner" daemon [_thread_blocked, id=66609, stack(0x00007f934652a000,0x00007f934662b000)]
  0x00007f939c23d130 JavaThread "Notification Thread" daemon [_thread_blocked, id=66610, stack(0x00007f9346429000,0x00007f934652a000)]
  0x00007f939c341780 JavaThread "ReaderThread" [_thread_in_native, id=66612, stack(0x00007f9346226000,0x00007f9346327000)]
  0x00007f93180dcfe0 JavaThread "C1 CompilerThread2" daemon [_thread_blocked, id=66613, stack(0x00007f9346125000,0x00007f9346226000)]
  0x00007f93181945e0 JavaThread "C1 CompilerThread3" daemon [_thread_blocked, id=66614, stack(0x00007f9346024000,0x00007f9346125000)]
  0x00007f93201b1a40 JavaThread "C2 CompilerThread1" daemon [_thread_in_native, id=66615, stack(0x00007f9345f23000,0x00007f9346024000)]
  0x00007f939c4de3b0 JavaThread "jnr.ffi.util.ref.internal.Finalizer" daemon [_thread_blocked, id=66616, stack(0x00007f93456f8000,0x00007f93457f9000)]
  0x00007f93203e9020 JavaThread "C2 CompilerThread2" daemon [_thread_in_native, id=66617, stack(0x00007f93455f7000,0x00007f93456f8000)]
  0x00007f930c1ad1e0 JavaThread "C2 CompilerThread3" daemon [_thread_in_native, id=66618, stack(0x00007f93454f6000,0x00007f93455f7000)]
  0x00007f930c1ae4b0 JavaThread "C2 CompilerThread4" daemon [_thread_in_native, id=66619, stack(0x00007f93453f5000,0x00007f93454f6000)]
  0x00007f930c1c7ad0 JavaThread "C2 CompilerThread5" daemon [_thread_in_native, id=66620, stack(0x00007f93452f4000,0x00007f93453f5000)]
  0x00007f932c28c990 JavaThread "C2 CompilerThread6" daemon [_thread_in_native, id=66621, stack(0x00007f93451f3000,0x00007f93452f4000)]
  0x00007f932c5accf0 JavaThread "C2 CompilerThread7" daemon [_thread_in_native, id=66634, stack(0x00007f727eaf5000,0x00007f727ebf6000)]
  0x00007f939cdc9f90 JavaThread "Thread-4" [_thread_in_Java, id=66640, stack(0x00007f92fc8da000,0x00007f92fc9db000)]
  0x00007f939cdcc1f0 JavaThread "Thread-6" [_thread_in_Java, id=66642, stack(0x00007f92fc6d8000,0x00007f92fc7d9000)]
  0x00007f939cdcd320 JavaThread "Thread-7" [_thread_in_native, id=66643, stack(0x00007f92fc5d7000,0x00007f92fc6d8000)]
  0x00007f939cdcf360 JavaThread "Thread-9" [_thread_in_vm, id=66645, stack(0x00007f92fc3d5000,0x00007f92fc4d6000)]

Other Threads:
  0x00007f939c1e5110 VMThread "VM Thread" [stack: 0x00007f9347de3000,0x00007f9347ee3000] [id=66599]
  0x00007f939c23ec10 WatcherThread [stack: 0x00007f9346329000,0x00007f9346429000] [id=66611]
  0x00007f939c04c420 GCTaskThread "GC Thread#0" [stack: 0x00007f93a013b000,0x00007f93a023b000] [id=66594]
  0x00007f9340005d50 GCTaskThread "GC Thread#1" [stack: 0x00007f93450f3000,0x00007f93451f3000] [id=66622]
  0x00007f93400068d0 GCTaskThread "GC Thread#2" [stack: 0x00007f9344700000,0x00007f9344800000] [id=66623]
  0x00007f9340007450 GCTaskThread "GC Thread#3" [stack: 0x00007f93445fe000,0x00007f93446fe000] [id=66624]
  0x00007f93400083c0 GCTaskThread "GC Thread#4" [stack: 0x00007f93444fc000,0x00007f93445fc000] [id=66625]
  0x00007f9340009330 GCTaskThread "GC Thread#5" [stack: 0x00007f93443fa000,0x00007f93444fa000] [id=66626]
  0x00007f934000a2a0 GCTaskThread "GC Thread#6" [stack: 0x00007f93442f8000,0x00007f93443f8000] [id=66627]
  0x00007f934000b210 GCTaskThread "GC Thread#7" [stack: 0x00007f93441f6000,0x00007f93442f6000] [id=66628]
  0x00007f934000c180 GCTaskThread "GC Thread#8" [stack: 0x00007f93440f4000,0x00007f93441f4000] [id=66629]
  0x00007f934000d0f0 GCTaskThread "GC Thread#9" [stack: 0x00007f727eefe000,0x00007f727effe000] [id=66630]
  0x00007f934000e060 GCTaskThread "GC Thread#10" [stack: 0x00007f727edfc000,0x00007f727eefc000] [id=66631]
  0x00007f934000ebe0 GCTaskThread "GC Thread#11" [stack: 0x00007f727ecfa000,0x00007f727edfa000] [id=66632]
  0x00007f934000f760 GCTaskThread "GC Thread#12" [stack: 0x00007f727ebf8000,0x00007f727ecf8000] [id=66633]
  0x00007f939c05d6c0 ConcurrentGCThread "G1 Main Marker" [stack: 0x00007f93a0039000,0x00007f93a0139000] [id=66595]
  0x00007f939c05e750 ConcurrentGCThread "G1 Conc#0" [stack: 0x00007f935ef32000,0x00007f935f032000] [id=66596]
  0x00007f939c1a8e40 ConcurrentGCThread "G1 Refine#0" [stack: 0x00007f935c123000,0x00007f935c223000] [id=66597]
  0x00007f939c1a9e60 ConcurrentGCThread "G1 Service" [stack: 0x00007f935c021000,0x00007f935c121000] [id=66598]

Threads with active compile tasks:
C2 CompilerThread0     1215 3162   !   4       ezdb.lmdb.EzLmDbTable::put (117 bytes)
C2 CompilerThread1     1215 3436       4       io.netty.util.ResourceLeakDetector::track0 (83 bytes)
C2 CompilerThread2     1215 3362       4       org.lmdbjava.Dbi::lambda$new$0 (80 bytes)
C2 CompilerThread3     1216 3460       4       io.netty.buffer.PooledByteBuf::deallocate (68 bytes)
C2 CompilerThread4     1216 3406       4       io.netty.buffer.PoolArena::allocate (18 bytes)
C2 CompilerThread5     1216 3461       4       io.netty.buffer.PoolArena::free (84 bytes)
C2 CompilerThread6     1216 3435       4       io.netty.buffer.AbstractByteBufAllocator::toLeakAwareBuffer (88 bytes)
C2 CompilerThread7     1216 3454       4       io.netty.buffer.AbstractReferenceCountedByteBuf::release (13 bytes)

VM state: not at safepoint (normal execution)

VM Mutex/Monitor currently owned by a thread: None

Heap address: 0x0000000413800000, size: 16072 MB, Compressed Oops mode: Zero based, Oop shift amount: 3

CDS archive(s) mapped at: [0x0000000800000000-0x0000000800bf9000-0x0000000800bf9000), size 12554240, SharedBaseAddress: 0x0000000800000000, ArchiveRelocationMode: 0.
Compressed class space mapped at: 0x0000000800c00000-0x0000000840c00000, reserved size: 1073741824
Narrow klass base: 0x0000000800000000, Narrow klass shift: 3, Narrow klass range: 0x100000000

GC Precious Log:
 CPUs: 16 total, 16 available
 Memory: 64259M
 Large Page Support: Disabled
 NUMA Support: Disabled
 Compressed Oops: Enabled (Zero based)
 Heap Region Size: 8M
 Heap Min Capacity: 8M
 Heap Initial Capacity: 1008M
 Heap Max Capacity: 16072M
 Pre-touch: Disabled
 Parallel Workers: 13
 Concurrent Workers: 3
 Concurrent Refinement Workers: 13
 Periodic GC: Disabled

Heap:
 garbage-first heap   total 1048576K, used 289030K [0x0000000413800000, 0x0000000800000000)
  region size 8192K, 5 young (40960K), 1 survivors (8192K)
 Metaspace       used 11606K, committed 11776K, reserved 1064960K
  class space    used 1112K, committed 1216K, reserved 1048576K

Heap Regions: E=young(eden), S=young(survivor), O=old, HS=humongous(starts), HC=humongous(continues), CS=collection set, F=free, OA=open archive, CA=closed archive, TAMS=top-at-mark-start (previous, next)
|   0|0x0000000413800000, 0x0000000413cf0600, 0x0000000414000000| 61%| O|  |TAMS 0x0000000413800000, 0x0000000413800000| Untracked 
|   1|0x0000000414000000, 0x0000000414800000, 0x0000000414800000|100%|HS|  |TAMS 0x0000000414000000, 0x0000000414000000| Complete 
|   2|0x0000000414800000, 0x0000000415000000, 0x0000000415000000|100%|HC|  |TAMS 0x0000000414800000, 0x0000000414800000| Complete 
|   3|0x0000000415000000, 0x0000000415800000, 0x0000000415800000|100%|HC|  |TAMS 0x0000000415000000, 0x0000000415000000| Complete 
|   4|0x0000000415800000, 0x0000000416000000, 0x0000000416000000|100%|HS|  |TAMS 0x0000000415800000, 0x0000000415800000| Complete 
|   5|0x0000000416000000, 0x0000000416800000, 0x0000000416800000|100%|HC|  |TAMS 0x0000000416000000, 0x0000000416000000| Complete 
|   6|0x0000000416800000, 0x0000000417000000, 0x0000000417000000|100%|HC|  |TAMS 0x0000000416800000, 0x0000000416800000| Complete 
|   7|0x0000000417000000, 0x0000000417800000, 0x0000000417800000|100%|HS|  |TAMS 0x0000000417000000, 0x0000000417000000| Complete 
|   8|0x0000000417800000, 0x0000000418000000, 0x0000000418000000|100%|HC|  |TAMS 0x0000000417800000, 0x0000000417800000| Complete 
|   9|0x0000000418000000, 0x0000000418800000, 0x0000000418800000|100%|HC|  |TAMS 0x0000000418000000, 0x0000000418000000| Complete 
|  10|0x0000000418800000, 0x0000000419000000, 0x0000000419000000|100%|HS|  |TAMS 0x0000000418800000, 0x0000000418800000| Complete 
|  11|0x0000000419000000, 0x0000000419800000, 0x0000000419800000|100%|HC|  |TAMS 0x0000000419000000, 0x0000000419000000| Complete 
|  12|0x0000000419800000, 0x000000041a000000, 0x000000041a000000|100%|HC|  |TAMS 0x0000000419800000, 0x0000000419800000| Complete 
|  13|0x000000041a000000, 0x000000041a800000, 0x000000041a800000|100%|HS|  |TAMS 0x000000041a000000, 0x000000041a000000| Complete 
|  14|0x000000041a800000, 0x000000041b000000, 0x000000041b000000|100%|HC|  |TAMS 0x000000041a800000, 0x000000041a800000| Complete 
|  15|0x000000041b000000, 0x000000041b800000, 0x000000041b800000|100%|HC|  |TAMS 0x000000041b000000, 0x000000041b000000| Complete 
|  16|0x000000041b800000, 0x000000041c000000, 0x000000041c000000|100%|HS|  |TAMS 0x000000041b800000, 0x000000041b800000| Complete 
|  17|0x000000041c000000, 0x000000041c800000, 0x000000041c800000|100%|HC|  |TAMS 0x000000041c000000, 0x000000041c000000| Complete 
|  18|0x000000041c800000, 0x000000041d000000, 0x000000041d000000|100%|HC|  |TAMS 0x000000041c800000, 0x000000041c800000| Complete 
|  19|0x000000041d000000, 0x000000041d800000, 0x000000041d800000|100%|HS|  |TAMS 0x000000041d000000, 0x000000041d000000| Complete 
|  20|0x000000041d800000, 0x000000041e000000, 0x000000041e000000|100%|HC|  |TAMS 0x000000041d800000, 0x000000041d800000| Complete 
|  21|0x000000041e000000, 0x000000041e800000, 0x000000041e800000|100%|HC|  |TAMS 0x000000041e000000, 0x000000041e000000| Complete 
|  22|0x000000041e800000, 0x000000041f000000, 0x000000041f000000|100%|HS|  |TAMS 0x000000041e800000, 0x000000041e800000| Complete 
|  23|0x000000041f000000, 0x000000041f800000, 0x000000041f800000|100%|HC|  |TAMS 0x000000041f000000, 0x000000041f000000| Complete 
|  24|0x000000041f800000, 0x0000000420000000, 0x0000000420000000|100%|HC|  |TAMS 0x000000041f800000, 0x000000041f800000| Complete 
|  25|0x0000000420000000, 0x0000000420800000, 0x0000000420800000|100%|HS|  |TAMS 0x0000000420000000, 0x0000000420000000| Complete 
|  26|0x0000000420800000, 0x0000000421000000, 0x0000000421000000|100%|HC|  |TAMS 0x0000000420800000, 0x0000000420800000| Complete 
|  27|0x0000000421000000, 0x0000000421800000, 0x0000000421800000|100%|HC|  |TAMS 0x0000000421000000, 0x0000000421000000| Complete 
|  28|0x0000000421800000, 0x0000000422000000, 0x0000000422000000|100%|HS|  |TAMS 0x0000000421800000, 0x0000000421800000| Complete 
|  29|0x0000000422000000, 0x0000000422800000, 0x0000000422800000|100%|HC|  |TAMS 0x0000000422000000, 0x0000000422000000| Complete 
|  30|0x0000000422800000, 0x0000000423000000, 0x0000000423000000|100%|HC|  |TAMS 0x0000000422800000, 0x0000000422800000| Complete 
|  31|0x0000000423000000, 0x0000000423000000, 0x0000000423800000|  0%| F|  |TAMS 0x0000000423000000, 0x0000000423000000| Untracked 
|  32|0x0000000423800000, 0x0000000423800000, 0x0000000424000000|  0%| F|  |TAMS 0x0000000423800000, 0x0000000423800000| Untracked 
|  33|0x0000000424000000, 0x0000000424000000, 0x0000000424800000|  0%| F|  |TAMS 0x0000000424000000, 0x0000000424000000| Untracked 
|  34|0x0000000424800000, 0x0000000424800000, 0x0000000425000000|  0%| F|  |TAMS 0x0000000424800000, 0x0000000424800000| Untracked 
|  35|0x0000000425000000, 0x0000000425000000, 0x0000000425800000|  0%| F|  |TAMS 0x0000000425000000, 0x0000000425000000| Untracked 
|  36|0x0000000425800000, 0x0000000425800000, 0x0000000426000000|  0%| F|  |TAMS 0x0000000425800000, 0x0000000425800000| Untracked 
|  37|0x0000000426000000, 0x0000000426000000, 0x0000000426800000|  0%| F|  |TAMS 0x0000000426000000, 0x0000000426000000| Untracked 
|  38|0x0000000426800000, 0x0000000426800000, 0x0000000427000000|  0%| F|  |TAMS 0x0000000426800000, 0x0000000426800000| Untracked 
|  39|0x0000000427000000, 0x0000000427000000, 0x0000000427800000|  0%| F|  |TAMS 0x0000000427000000, 0x0000000427000000| Untracked 
|  40|0x0000000427800000, 0x0000000427800000, 0x0000000428000000|  0%| F|  |TAMS 0x0000000427800000, 0x0000000427800000| Untracked 
|  41|0x0000000428000000, 0x0000000428000000, 0x0000000428800000|  0%| F|  |TAMS 0x0000000428000000, 0x0000000428000000| Untracked 
|  42|0x0000000428800000, 0x0000000428800000, 0x0000000429000000|  0%| F|  |TAMS 0x0000000428800000, 0x0000000428800000| Untracked 
|  43|0x0000000429000000, 0x0000000429000000, 0x0000000429800000|  0%| F|  |TAMS 0x0000000429000000, 0x0000000429000000| Untracked 
|  44|0x0000000429800000, 0x0000000429800000, 0x000000042a000000|  0%| F|  |TAMS 0x0000000429800000, 0x0000000429800000| Untracked 
|  45|0x000000042a000000, 0x000000042a000000, 0x000000042a800000|  0%| F|  |TAMS 0x000000042a000000, 0x000000042a000000| Untracked 
|  46|0x000000042a800000, 0x000000042a800000, 0x000000042b000000|  0%| F|  |TAMS 0x000000042a800000, 0x000000042a800000| Untracked 
|  47|0x000000042b000000, 0x000000042b000000, 0x000000042b800000|  0%| F|  |TAMS 0x000000042b000000, 0x000000042b000000| Untracked 
|  48|0x000000042b800000, 0x000000042b800000, 0x000000042c000000|  0%| F|  |TAMS 0x000000042b800000, 0x000000042b800000| Untracked 
|  49|0x000000042c000000, 0x000000042c000000, 0x000000042c800000|  0%| F|  |TAMS 0x000000042c000000, 0x000000042c000000| Untracked 
|  50|0x000000042c800000, 0x000000042c800000, 0x000000042d000000|  0%| F|  |TAMS 0x000000042c800000, 0x000000042c800000| Untracked 
|  51|0x000000042d000000, 0x000000042d000000, 0x000000042d800000|  0%| F|  |TAMS 0x000000042d000000, 0x000000042d000000| Untracked 
|  52|0x000000042d800000, 0x000000042d800000, 0x000000042e000000|  0%| F|  |TAMS 0x000000042d800000, 0x000000042d800000| Untracked 
|  53|0x000000042e000000, 0x000000042e000000, 0x000000042e800000|  0%| F|  |TAMS 0x000000042e000000, 0x000000042e000000| Untracked 
|  54|0x000000042e800000, 0x000000042e800000, 0x000000042f000000|  0%| F|  |TAMS 0x000000042e800000, 0x000000042e800000| Untracked 
|  55|0x000000042f000000, 0x000000042f000000, 0x000000042f800000|  0%| F|  |TAMS 0x000000042f000000, 0x000000042f000000| Untracked 
|  56|0x000000042f800000, 0x000000042f800000, 0x0000000430000000|  0%| F|  |TAMS 0x000000042f800000, 0x000000042f800000| Untracked 
|  57|0x0000000430000000, 0x0000000430000000, 0x0000000430800000|  0%| F|  |TAMS 0x0000000430000000, 0x0000000430000000| Untracked 
|  58|0x0000000430800000, 0x0000000430800000, 0x0000000431000000|  0%| F|  |TAMS 0x0000000430800000, 0x0000000430800000| Untracked 
|  59|0x0000000431000000, 0x0000000431000000, 0x0000000431800000|  0%| F|  |TAMS 0x0000000431000000, 0x0000000431000000| Untracked 
|  60|0x0000000431800000, 0x0000000431800000, 0x0000000432000000|  0%| F|  |TAMS 0x0000000431800000, 0x0000000431800000| Untracked 
|  61|0x0000000432000000, 0x0000000432000000, 0x0000000432800000|  0%| F|  |TAMS 0x0000000432000000, 0x0000000432000000| Untracked 
|  62|0x0000000432800000, 0x0000000432800000, 0x0000000433000000|  0%| F|  |TAMS 0x0000000432800000, 0x0000000432800000| Untracked 
|  63|0x0000000433000000, 0x0000000433000000, 0x0000000433800000|  0%| F|  |TAMS 0x0000000433000000, 0x0000000433000000| Untracked 
|  64|0x0000000433800000, 0x0000000433800000, 0x0000000434000000|  0%| F|  |TAMS 0x0000000433800000, 0x0000000433800000| Untracked 
|  65|0x0000000434000000, 0x0000000434000000, 0x0000000434800000|  0%| F|  |TAMS 0x0000000434000000, 0x0000000434000000| Untracked 
|  66|0x0000000434800000, 0x0000000434800000, 0x0000000435000000|  0%| F|  |TAMS 0x0000000434800000, 0x0000000434800000| Untracked 
|  67|0x0000000435000000, 0x0000000435000000, 0x0000000435800000|  0%| F|  |TAMS 0x0000000435000000, 0x0000000435000000| Untracked 
|  68|0x0000000435800000, 0x0000000435800000, 0x0000000436000000|  0%| F|  |TAMS 0x0000000435800000, 0x0000000435800000| Untracked 
|  69|0x0000000436000000, 0x0000000436000000, 0x0000000436800000|  0%| F|  |TAMS 0x0000000436000000, 0x0000000436000000| Untracked 
|  70|0x0000000436800000, 0x0000000436800000, 0x0000000437000000|  0%| F|  |TAMS 0x0000000436800000, 0x0000000436800000| Untracked 
|  71|0x0000000437000000, 0x0000000437000000, 0x0000000437800000|  0%| F|  |TAMS 0x0000000437000000, 0x0000000437000000| Untracked 
|  72|0x0000000437800000, 0x0000000437800000, 0x0000000438000000|  0%| F|  |TAMS 0x0000000437800000, 0x0000000437800000| Untracked 
|  73|0x0000000438000000, 0x0000000438000000, 0x0000000438800000|  0%| F|  |TAMS 0x0000000438000000, 0x0000000438000000| Untracked 
|  74|0x0000000438800000, 0x0000000438800000, 0x0000000439000000|  0%| F|  |TAMS 0x0000000438800000, 0x0000000438800000| Untracked 
|  75|0x0000000439000000, 0x0000000439000000, 0x0000000439800000|  0%| F|  |TAMS 0x0000000439000000, 0x0000000439000000| Untracked 
|  76|0x0000000439800000, 0x0000000439800000, 0x000000043a000000|  0%| F|  |TAMS 0x0000000439800000, 0x0000000439800000| Untracked 
|  77|0x000000043a000000, 0x000000043a000000, 0x000000043a800000|  0%| F|  |TAMS 0x000000043a000000, 0x000000043a000000| Untracked 
|  78|0x000000043a800000, 0x000000043a800000, 0x000000043b000000|  0%| F|  |TAMS 0x000000043a800000, 0x000000043a800000| Untracked 
|  79|0x000000043b000000, 0x000000043b000000, 0x000000043b800000|  0%| F|  |TAMS 0x000000043b000000, 0x000000043b000000| Untracked 
|  80|0x000000043b800000, 0x000000043b800000, 0x000000043c000000|  0%| F|  |TAMS 0x000000043b800000, 0x000000043b800000| Untracked 
|  81|0x000000043c000000, 0x000000043c000000, 0x000000043c800000|  0%| F|  |TAMS 0x000000043c000000, 0x000000043c000000| Untracked 
|  82|0x000000043c800000, 0x000000043c800000, 0x000000043d000000|  0%| F|  |TAMS 0x000000043c800000, 0x000000043c800000| Untracked 
|  83|0x000000043d000000, 0x000000043d000000, 0x000000043d800000|  0%| F|  |TAMS 0x000000043d000000, 0x000000043d000000| Untracked 
|  84|0x000000043d800000, 0x000000043d800000, 0x000000043e000000|  0%| F|  |TAMS 0x000000043d800000, 0x000000043d800000| Untracked 
|  85|0x000000043e000000, 0x000000043e000000, 0x000000043e800000|  0%| F|  |TAMS 0x000000043e000000, 0x000000043e000000| Untracked 
|  86|0x000000043e800000, 0x000000043e800000, 0x000000043f000000|  0%| F|  |TAMS 0x000000043e800000, 0x000000043e800000| Untracked 
|  87|0x000000043f000000, 0x000000043f000000, 0x000000043f800000|  0%| F|  |TAMS 0x000000043f000000, 0x000000043f000000| Untracked 
|  88|0x000000043f800000, 0x000000043f800000, 0x0000000440000000|  0%| F|  |TAMS 0x000000043f800000, 0x000000043f800000| Untracked 
|  89|0x0000000440000000, 0x0000000440000000, 0x0000000440800000|  0%| F|  |TAMS 0x0000000440000000, 0x0000000440000000| Untracked 
|  90|0x0000000440800000, 0x0000000440800000, 0x0000000441000000|  0%| F|  |TAMS 0x0000000440800000, 0x0000000440800000| Untracked 
|  91|0x0000000441000000, 0x0000000441000000, 0x0000000441800000|  0%| F|  |TAMS 0x0000000441000000, 0x0000000441000000| Untracked 
|  92|0x0000000441800000, 0x0000000441800000, 0x0000000442000000|  0%| F|  |TAMS 0x0000000441800000, 0x0000000441800000| Untracked 
|  93|0x0000000442000000, 0x0000000442000000, 0x0000000442800000|  0%| F|  |TAMS 0x0000000442000000, 0x0000000442000000| Untracked 
|  94|0x0000000442800000, 0x0000000442800000, 0x0000000443000000|  0%| F|  |TAMS 0x0000000442800000, 0x0000000442800000| Untracked 
|  95|0x0000000443000000, 0x0000000443000000, 0x0000000443800000|  0%| F|  |TAMS 0x0000000443000000, 0x0000000443000000| Untracked 
|  96|0x0000000443800000, 0x0000000443800000, 0x0000000444000000|  0%| F|  |TAMS 0x0000000443800000, 0x0000000443800000| Untracked 
|  97|0x0000000444000000, 0x0000000444000000, 0x0000000444800000|  0%| F|  |TAMS 0x0000000444000000, 0x0000000444000000| Untracked 
|  98|0x0000000444800000, 0x0000000444800000, 0x0000000445000000|  0%| F|  |TAMS 0x0000000444800000, 0x0000000444800000| Untracked 
|  99|0x0000000445000000, 0x0000000445000000, 0x0000000445800000|  0%| F|  |TAMS 0x0000000445000000, 0x0000000445000000| Untracked 
| 100|0x0000000445800000, 0x0000000445800000, 0x0000000446000000|  0%| F|  |TAMS 0x0000000445800000, 0x0000000445800000| Untracked 
| 101|0x0000000446000000, 0x0000000446000000, 0x0000000446800000|  0%| F|  |TAMS 0x0000000446000000, 0x0000000446000000| Untracked 
| 102|0x0000000446800000, 0x0000000446800000, 0x0000000447000000|  0%| F|  |TAMS 0x0000000446800000, 0x0000000446800000| Untracked 
| 103|0x0000000447000000, 0x0000000447000000, 0x0000000447800000|  0%| F|  |TAMS 0x0000000447000000, 0x0000000447000000| Untracked 
| 104|0x0000000447800000, 0x0000000447800000, 0x0000000448000000|  0%| F|  |TAMS 0x0000000447800000, 0x0000000447800000| Untracked 
| 105|0x0000000448000000, 0x0000000448000000, 0x0000000448800000|  0%| F|  |TAMS 0x0000000448000000, 0x0000000448000000| Untracked 
| 106|0x0000000448800000, 0x0000000448800000, 0x0000000449000000|  0%| F|  |TAMS 0x0000000448800000, 0x0000000448800000| Untracked 
| 107|0x0000000449000000, 0x0000000449000000, 0x0000000449800000|  0%| F|  |TAMS 0x0000000449000000, 0x0000000449000000| Untracked 
| 108|0x0000000449800000, 0x0000000449800000, 0x000000044a000000|  0%| F|  |TAMS 0x0000000449800000, 0x0000000449800000| Untracked 
| 109|0x000000044a000000, 0x000000044a000000, 0x000000044a800000|  0%| F|  |TAMS 0x000000044a000000, 0x000000044a000000| Untracked 
| 110|0x000000044a800000, 0x000000044ad53200, 0x000000044b000000| 66%| S|CS|TAMS 0x000000044a800000, 0x000000044a800000| Complete 
| 111|0x000000044b000000, 0x000000044b000000, 0x000000044b800000|  0%| F|  |TAMS 0x000000044b000000, 0x000000044b000000| Untracked 
| 112|0x000000044b800000, 0x000000044b800000, 0x000000044c000000|  0%| F|  |TAMS 0x000000044b800000, 0x000000044b800000| Untracked 
| 113|0x000000044c000000, 0x000000044c000000, 0x000000044c800000|  0%| F|  |TAMS 0x000000044c000000, 0x000000044c000000| Untracked 
| 114|0x000000044c800000, 0x000000044c800000, 0x000000044d000000|  0%| F|  |TAMS 0x000000044c800000, 0x000000044c800000| Untracked 
| 115|0x000000044d000000, 0x000000044d000000, 0x000000044d800000|  0%| F|  |TAMS 0x000000044d000000, 0x000000044d000000| Untracked 
| 116|0x000000044d800000, 0x000000044d800000, 0x000000044e000000|  0%| F|  |TAMS 0x000000044d800000, 0x000000044d800000| Untracked 
| 117|0x000000044e000000, 0x000000044e000000, 0x000000044e800000|  0%| F|  |TAMS 0x000000044e000000, 0x000000044e000000| Untracked 
| 118|0x000000044e800000, 0x000000044e800000, 0x000000044f000000|  0%| F|  |TAMS 0x000000044e800000, 0x000000044e800000| Untracked 
| 119|0x000000044f000000, 0x000000044f000000, 0x000000044f800000|  0%| F|  |TAMS 0x000000044f000000, 0x000000044f000000| Untracked 
| 120|0x000000044f800000, 0x000000044f800000, 0x0000000450000000|  0%| F|  |TAMS 0x000000044f800000, 0x000000044f800000| Untracked 
| 121|0x0000000450000000, 0x0000000450000000, 0x0000000450800000|  0%| F|  |TAMS 0x0000000450000000, 0x0000000450000000| Untracked 
| 122|0x0000000450800000, 0x0000000450df4a98, 0x0000000451000000| 74%| E|  |TAMS 0x0000000450800000, 0x0000000450800000| Complete 
| 123|0x0000000451000000, 0x0000000451800000, 0x0000000451800000|100%| E|CS|TAMS 0x0000000451000000, 0x0000000451000000| Complete 
| 124|0x0000000451800000, 0x0000000452000000, 0x0000000452000000|100%| E|CS|TAMS 0x0000000451800000, 0x0000000451800000| Complete 
| 125|0x0000000452000000, 0x0000000452800000, 0x0000000452800000|100%| E|CS|TAMS 0x0000000452000000, 0x0000000452000000| Complete 
|2007|0x00000007ff000000, 0x00000007ff776000, 0x00000007ff800000| 93%|OA|  |TAMS 0x00000007ff000000, 0x00000007ff000000| Untracked 
|2008|0x00000007ff800000, 0x00000007ff888000, 0x0000000800000000|  6%|CA|  |TAMS 0x00000007ff800000, 0x00000007ff800000| Untracked 

Card table byte_map: [0x00007f93805d6000,0x00007f938253a000] _byte_map_base: 0x00007f937e53a000

Marking Bits (Prev, Next): (CMBitMap*) 0x00007f939c04cfd0, (CMBitMap*) 0x00007f939c04d010
 Prev Bits: [0x00007f936eb52000, 0x00007f937e672000)
 Next Bits: [0x00007f935f032000, 0x00007f936eb52000)

Polling page: 0x00007f93a2b40000

Metaspace:

Usage:
  Non-class:     10,25 MB used.
      Class:      1,09 MB used.
       Both:     11,33 MB used.

Virtual space:
  Non-class space:       16,00 MB reserved,      10,31 MB ( 64%) committed,  2 nodes.
      Class space:        1,00 GB reserved,       1,19 MB ( <1%) committed,  1 nodes.
              Both:        1,02 GB reserved,      11,50 MB (  1%) committed. 

Chunk freelists:
   Non-Class:  914,00 KB
       Class:  2,65 MB
        Both:  3,54 MB

MaxMetaspaceSize: 17179869184,00 GB
CompressedClassSpaceSize: 1,00 GB
 - commit_granule_bytes: 65536.
 - commit_granule_words: 8192.
 - virtual_space_node_default_size: 1048576.
 - enlarge_chunks_in_place: 1.
 - new_chunks_are_fully_committed: 0.
 - uncommit_free_chunks: 1.
 - use_allocation_guard: 0.
 - handle_deallocations: 1.


Internal statistics:

num_allocs_failed_limit: 0.
num_arena_births: 104.
num_arena_deaths: 0.
num_vsnodes_births: 3.
num_vsnodes_deaths: 0.
num_space_committed: 184.
num_space_uncommitted: 0.
num_chunks_returned_to_freelist: 0.
num_chunks_taken_from_freelist: 433.
num_chunk_merges: 0.
num_chunk_splits: 277.
num_chunks_enlarged: 186.
num_purges: 0.

CodeHeap 'non-profiled nmethods': size=119168Kb used=2570Kb max_used=2570Kb free=116597Kb
 bounds [0x00007f938c03e000, 0x00007f938c2ce000, 0x00007f939349e000]
CodeHeap 'profiled nmethods': size=119164Kb used=6711Kb max_used=6711Kb free=112453Kb
 bounds [0x00007f9384bdf000, 0x00007f938526f000, 0x00007f938c03e000]
CodeHeap 'non-nmethods': size=7428Kb used=2996Kb max_used=3058Kb free=4432Kb
 bounds [0x00007f938449e000, 0x00007f93847ae000, 0x00007f9384bdf000]
 total_blobs=4123 nmethods=3496 adapters=536
 compilation: enabled
              stopped_count=0, restarted_count=0
 full_count=0

Compilation events (20 events):
Event: 1,195 Thread 0x00007f93181945e0 nmethod 3478 0x00007f938525cf90 code [0x00007f938525d140, 0x00007f938525d290]
Event: 1,195 Thread 0x00007f939c1f3260 nmethod 3477 0x00007f938525d390 code [0x00007f938525d540, 0x00007f938525d680]
Event: 1,195 Thread 0x00007f932006c4d0 nmethod 3475 0x00007f938525d790 code [0x00007f938525d940, 0x00007f938525da60]
Event: 1,196 Thread 0x00007f939c1f3260 3479   !   2       jdk.internal.reflect.GeneratedMethodAccessor2::invoke (64 bytes)
Event: 1,196 Thread 0x00007f932006c4d0 3487       2       org.lmdbjava.KeyVal::close (36 bytes)
Event: 1,196 Thread 0x00007f93181945e0 3484       2       java.util.concurrent.ConcurrentHashMap::remove (32 bytes)
Event: 1,196 Thread 0x00007f932006c4d0 nmethod 3487 0x00007f938525db10 code [0x00007f938525dcc0, 0x00007f938525de70]
Event: 1,196 Thread 0x00007f932006c4d0 3486       2       jnr.ffi.provider.jffi.NativeClosureFactory::recycle (10 bytes)
Event: 1,196 Thread 0x00007f93181945e0 nmethod 3484 0x00007f938525df10 code [0x00007f938525e0c0, 0x00007f938525e2d0]
Event: 1,196 Thread 0x00007f93181945e0 3482       2       jnr.ffi.provider.jffi.NativeClosureFactory::access$000 (7 bytes)
Event: 1,196 Thread 0x00007f93180dcfe0 3481       2       jnr.ffi.provider.jffi.NativeClosureFactory$ClosureReference::finalizeReferent (28 bytes)
Event: 1,196 Thread 0x00007f93181945e0 nmethod 3482 0x00007f938525e390 code [0x00007f938525e540, 0x00007f938525e640]
Event: 1,196 Thread 0x00007f93181945e0 3483   !   2       jnr.ffi.provider.jffi.NativeClosureFactory::expunge (151 bytes)
Event: 1,196 Thread 0x00007f939c1f3260 nmethod 3479 0x00007f938525e710 code [0x00007f938525e920, 0x00007f938525edf0]
Event: 1,196 Thread 0x00007f939c1f3260 3485       2       jnr.ffi.provider.jffi.NativeClosureFactory::access$100 (6 bytes)
Event: 1,196 Thread 0x00007f93180dcfe0 nmethod 3481 0x00007f938525f090 code [0x00007f938525f260, 0x00007f938525f400]
Event: 1,196 Thread 0x00007f939c1f3260 nmethod 3485 0x00007f938525f590 code [0x00007f938525f740, 0x00007f938525f840]
Event: 1,196 Thread 0x00007f932006c4d0 nmethod 3486 0x00007f938525f990 code [0x00007f938525fb40, 0x00007f938525fc60]
Event: 1,196 Thread 0x00007f93181945e0 nmethod 3483 0x00007f938525fd90 code [0x00007f938525ff80, 0x00007f9385260430]
Event: 1,197 Thread 0x00007f932006c4d0 3488       2       io.netty.util.Recycler$DefaultHandle::recycle (54 bytes)

GC Heap History (6 events):
Event: 0,473 GC heap before
{Heap before GC invocations=0 (full 0):
 garbage-first heap   total 1048576K, used 57336K [0x0000000413800000, 0x0000000800000000)
  region size 8192K, 6 young (49152K), 0 survivors (0K)
 Metaspace       used 9978K, committed 10112K, reserved 1064960K
  class space    used 964K, committed 1024K, reserved 1048576K
}
Event: 0,476 GC heap after
{Heap after GC invocations=1 (full 0):
 garbage-first heap   total 1048576K, used 13242K [0x0000000413800000, 0x0000000800000000)
  region size 8192K, 1 young (8192K), 1 survivors (8192K)
 Metaspace       used 9978K, committed 10112K, reserved 1064960K
  class space    used 964K, committed 1024K, reserved 1048576K
}
Event: 0,553 GC heap before
{Heap before GC invocations=1 (full 0):
 garbage-first heap   total 1048576K, used 54202K [0x0000000413800000, 0x0000000800000000)
  region size 8192K, 6 young (49152K), 1 survivors (8192K)
 Metaspace       used 9983K, committed 10112K, reserved 1064960K
  class space    used 964K, committed 1024K, reserved 1048576K
}
Event: 0,555 GC heap after
{Heap after GC invocations=2 (full 0):
 garbage-first heap   total 1048576K, used 13655K [0x0000000413800000, 0x0000000800000000)
  region size 8192K, 1 young (8192K), 1 survivors (8192K)
 Metaspace       used 9983K, committed 10112K, reserved 1064960K
  class space    used 964K, committed 1024K, reserved 1048576K
}
Event: 1,188 GC heap before
{Heap before GC invocations=2 (full 0):
 garbage-first heap   total 1048576K, used 374103K [0x0000000413800000, 0x0000000800000000)
  region size 8192K, 15 young (122880K), 1 survivors (8192K)
 Metaspace       used 11220K, committed 11392K, reserved 1064960K
  class space    used 1067K, committed 1152K, reserved 1048576K
}
Event: 1,191 GC heap after
{Heap after GC invocations=3 (full 0):
 garbage-first heap   total 1048576K, used 264454K [0x0000000413800000, 0x0000000800000000)
  region size 8192K, 1 young (8192K), 1 survivors (8192K)
 Metaspace       used 11220K, committed 11392K, reserved 1064960K
  class space    used 1067K, committed 1152K, reserved 1048576K
}

Deoptimization events (20 events):
Event: 1,130 Thread 0x00007f939cdc8110 Uncommon trap: trap_request=0xffffff45 fr.pc=0x00007f938c218ae4 relative=0x0000000000000044
Event: 1,130 Thread 0x00007f939cdc8110 Uncommon trap: reason=unstable_if action=reinterpret pc=0x00007f938c218ae4 method=java.lang.String.valueOf(Ljava/lang/Object;)Ljava/lang/String; @ 1 c2
Event: 1,130 Thread 0x00007f939cdc8110 DEOPT PACKING pc=0x00007f938c218ae4 sp=0x00007f92fcbdb620
Event: 1,130 Thread 0x00007f939cdc8110 DEOPT UNPACKING pc=0x00007f93844eb424 sp=0x00007f92fcbdb5e0 mode 2
Event: 1,166 Thread 0x00007f939cdc9f90 Uncommon trap: trap_request=0xffffff45 fr.pc=0x00007f938c28c32c relative=0x0000000000001eec
Event: 1,166 Thread 0x00007f939cdcb0c0 Uncommon trap: trap_request=0xffffff45 fr.pc=0x00007f938c28c32c relative=0x0000000000001eec
Event: 1,166 Thread 0x00007f939cdcb0c0 Uncommon trap: reason=unstable_if action=reinterpret pc=0x00007f938c28c32c method=ezdb.lmdb.EzLmDbTable$AutoClosingTableIterator.hasNext()Z @ 4 c2
Event: 1,166 Thread 0x00007f939cdc9f90 Uncommon trap: reason=unstable_if action=reinterpret pc=0x00007f938c28c32c method=ezdb.lmdb.EzLmDbTable$AutoClosingTableIterator.hasNext()Z @ 4 c2
Event: 1,166 Thread 0x00007f939cdcb0c0 DEOPT PACKING pc=0x00007f938c28c32c sp=0x00007f92fc8d8780
Event: 1,166 Thread 0x00007f939cdc9f90 DEOPT PACKING pc=0x00007f938c28c32c sp=0x00007f92fc9d9780
Event: 1,166 Thread 0x00007f939cdcb0c0 DEOPT UNPACKING pc=0x00007f93844eb424 sp=0x00007f92fc8d87a8 mode 2
Event: 1,166 Thread 0x00007f939cdc9f90 DEOPT UNPACKING pc=0x00007f93844eb424 sp=0x00007f92fc9d97a8 mode 2
Event: 1,195 Thread 0x00007f939c1e8d80 Uncommon trap: trap_request=0xffffff45 fr.pc=0x00007f938c1f21a0 relative=0x00000000000006e0
Event: 1,195 Thread 0x00007f939c1e8d80 Uncommon trap: reason=unstable_if action=reinterpret pc=0x00007f938c1f21a0 method=java.lang.ThreadLocal.get()Ljava/lang/Object; @ 11 c2
Event: 1,195 Thread 0x00007f939c1e8d80 DEOPT PACKING pc=0x00007f938c1f21a0 sp=0x00007f93473fe810
Event: 1,195 Thread 0x00007f939c1e8d80 DEOPT UNPACKING pc=0x00007f93844eb424 sp=0x00007f93473fe680 mode 2
Event: 1,196 Thread 0x00007f939c1e8d80 Uncommon trap: trap_request=0xffffff45 fr.pc=0x00007f938c282a14 relative=0x0000000000000274
Event: 1,196 Thread 0x00007f939c1e8d80 Uncommon trap: reason=unstable_if action=reinterpret pc=0x00007f938c282a14 method=io.netty.util.Recycler$Stack.push(Lio/netty/util/Recycler$DefaultHandle;)V @ 12 c2
Event: 1,196 Thread 0x00007f939c1e8d80 DEOPT PACKING pc=0x00007f938c282a14 sp=0x00007f93473fe720
Event: 1,196 Thread 0x00007f939c1e8d80 DEOPT UNPACKING pc=0x00007f93844eb424 sp=0x00007f93473fe660 mode 2

Classes unloaded (0 events):
No events

Classes redefined (0 events):
No events

Internal exceptions (20 events):
Event: 1,084 Thread 0x00007f939c011610 Exception <a 'java/lang/reflect/InvocationTargetException'{0x000000044d711370}> (0x000000044d711370) 
thrown [./src/hotspot/share/runtime/reflection.cpp, line 1155]
Event: 1,087 Thread 0x00007f939c011610 Exception <a 'java/lang/reflect/InvocationTargetException'{0x000000044d746220}> (0x000000044d746220) 
thrown [./src/hotspot/share/runtime/reflection.cpp, line 1155]
Event: 1,089 Thread 0x00007f939c011610 Exception <a 'java/lang/reflect/InvocationTargetException'{0x000000044d77b3a0}> (0x000000044d77b3a0) 
thrown [./src/hotspot/share/runtime/reflection.cpp, line 1155]
Event: 1,090 Thread 0x00007f939c011610 Exception <a 'java/lang/reflect/InvocationTargetException'{0x000000044d795710}> (0x000000044d795710) 
thrown [./src/hotspot/share/runtime/reflection.cpp, line 1155]
Event: 1,091 Thread 0x00007f939c011610 Exception <a 'java/lang/reflect/InvocationTargetException'{0x000000044d7acfd8}> (0x000000044d7acfd8) 
thrown [./src/hotspot/share/runtime/reflection.cpp, line 1155]
Event: 1,093 Thread 0x00007f939c011610 Exception <a 'java/lang/reflect/InvocationTargetException'{0x000000044d7db7b8}> (0x000000044d7db7b8) 
thrown [./src/hotspot/share/runtime/reflection.cpp, line 1155]
Event: 1,094 Thread 0x00007f939c011610 Exception <a 'java/lang/reflect/InvocationTargetException'{0x000000044d7f42c0}> (0x000000044d7f42c0) 
thrown [./src/hotspot/share/runtime/reflection.cpp, line 1155]
Event: 1,095 Thread 0x00007f939c011610 Exception <a 'java/lang/reflect/InvocationTargetException'{0x000000044c816a10}> (0x000000044c816a10) 
thrown [./src/hotspot/share/runtime/reflection.cpp, line 1155]
Event: 1,098 Thread 0x00007f939cd84620 Implicit null exception at 0x00007f938c0be2dd to 0x00007f938c0be380
Event: 1,099 Thread 0x00007f939cdc9020 Implicit null exception at 0x00007f938c1fda1d to 0x00007f938c1fec54
Event: 1,099 Thread 0x00007f939cdc9f90 Implicit null exception at 0x00007f938c1fda1d to 0x00007f938c1fec54
Event: 1,099 Thread 0x00007f939cd84620 Implicit null exception at 0x00007f938c26c1b2 to 0x00007f938c26df10
Event: 1,099 Thread 0x00007f939cdc8110 Implicit null exception at 0x00007f938c26c1b2 to 0x00007f938c26df10
Event: 1,099 Thread 0x00007f939cdcb0c0 Implicit null exception at 0x00007f938c26c1b2 to 0x00007f938c26df10
Event: 1,099 Thread 0x00007f939cdcd320 Implicit null exception at 0x00007f938c26c1b2 to 0x00007f938c26df10
Event: 1,099 Thread 0x00007f939cd84b60 Implicit null exception at 0x00007f938c1fda1d to 0x00007f938c1fec54
Event: 1,099 Thread 0x00007f939cdce340 Implicit null exception at 0x00007f938c0d575a to 0x00007f938c0d5834
Event: 1,099 Thread 0x00007f939cdcc1f0 Implicit null exception at 0x00007f938c0d575a to 0x00007f938c0d5834
Event: 1,099 Thread 0x00007f939cdcf360 Implicit null exception at 0x00007f938c1d0c9a to 0x00007f938c1d0e7c
Event: 1,195 Thread 0x00007f939c1e8d80 Implicit null exception at 0x00007f938c1f1b4a to 0x00007f938c1f2188

Events (20 events):
Event: 1,196 loading class sun/util/logging/PlatformLogger$ConfigurableBridge$LoggerConfiguration
Event: 1,196 loading class sun/util/logging/PlatformLogger$ConfigurableBridge$LoggerConfiguration done
Event: 1,196 loading class jdk/internal/logger/SimpleConsoleLogger done
Event: 1,196 loading class jdk/internal/logger/SurrogateLogger done
Event: 1,196 loading class java/lang/System$Logger$Level
Event: 1,196 loading class java/lang/System$Logger$Level done
Event: 1,196 loading class io/netty/util/Recycler$WeakOrderQueue
Event: 1,196 loading class io/netty/util/Recycler$WeakOrderQueue done
Event: 1,196 loading class sun/util/logging/PlatformLogger
Event: 1,196 loading class sun/util/logging/PlatformLogger done
Event: 1,196 loading class sun/util/logging/PlatformLogger$Level
Event: 1,196 loading class sun/util/logging/PlatformLogger$Level done
Event: 1,196 loading class jdk/internal/logger/SimpleConsoleLogger$Formatting
Event: 1,197 loading class jdk/internal/logger/SimpleConsoleLogger$Formatting done
Event: 1,197 loading class io/netty/util/Recycler$WeakOrderQueue$Head
Event: 1,197 loading class io/netty/util/Recycler$WeakOrderQueue$Head done
Event: 1,197 loading class java/util/logging/ErrorManager
Event: 1,197 loading class java/util/logging/ErrorManager done
Event: 1,197 loading class io/netty/util/Recycler$WeakOrderQueue$Link
Event: 1,197 loading class io/netty/util/Recycler$WeakOrderQueue$Link done


Dynamic libraries:
413800000-452800000 rw-p 00000000 00:00 0 
452800000-7ff000000 ---p 00000000 00:00 0 
7ff000000-7ff700000 rw-p 00000000 00:00 0 
7ff700000-7ff776000 rw-p 00cba000 08:01 21890280                         /usr/lib/jvm/java-16-openjdk-amd64/lib/server/classes.jsa
7ff776000-7ff800000 rw-p 00000000 00:00 0 
7ff800000-7ff888000 rw-p 00c32000 08:01 21890280                         /usr/lib/jvm/java-16-openjdk-amd64/lib/server/classes.jsa
7ff888000-800000000 rw-p 00000000 00:00 0 
800000000-800003000 rwxp 00001000 08:01 21890280                         /usr/lib/jvm/java-16-openjdk-amd64/lib/server/classes.jsa
800003000-80043d000 rw-p 00004000 08:01 21890280                         /usr/lib/jvm/java-16-openjdk-amd64/lib/server/classes.jsa
80043d000-800bf9000 r--p 0043e000 08:01 21890280                         /usr/lib/jvm/java-16-openjdk-amd64/lib/server/classes.jsa
800bf9000-800c00000 ---p 00000000 00:00 0 
800c00000-800c40000 rw-p 00000000 00:00 0 
800c40000-800ce0000 rw-p 00000000 00:00 0 
800ce0000-800d00000 rw-p 00000000 00:00 0 
800d00000-800d20000 rw-p 00000000 00:00 0 
800d20000-800d40000 ---p 00000000 00:00 0 
800d40000-800d50000 rw-p 00000000 00:00 0 
800d50000-840c00000 ---p 00000000 00:00 0 
56289bff7000-56289bff8000 r--p 00000000 08:01 21758669                   /usr/lib/jvm/java-16-openjdk-amd64/bin/java
56289bff8000-56289bff9000 r-xp 00001000 08:01 21758669                   /usr/lib/jvm/java-16-openjdk-amd64/bin/java
56289bff9000-56289bffa000 r--p 00002000 08:01 21758669                   /usr/lib/jvm/java-16-openjdk-amd64/bin/java
56289bffa000-56289bffb000 r--p 00002000 08:01 21758669                   /usr/lib/jvm/java-16-openjdk-amd64/bin/java
56289bffb000-56289bffc000 rw-p 00003000 08:01 21758669                   /usr/lib/jvm/java-16-openjdk-amd64/bin/java
56289c3aa000-56289c3cb000 rw-p 00000000 00:00 0                          [heap]
7e8e2fff9000-7e8eafff9000 rw-s 00000000 08:01 2884281                    /tmp/TestEzLmDb-1631470291295-0/data.mdb (deleted)
7e8eafff9000-7eaeafffa000 rw-s 00000000 08:01 2884280                    /tmp/TestEzLmDb-1631470291295-0/lock.mdb (deleted)
7eaeafffa000-7eaf2fffa000 rw-s 00000000 08:01 2884278                    /tmp/TestEzLmDb-1631470291295-0/data.mdb (deleted)
7eaf2fffa000-7ecf2fffb000 rw-s 00000000 08:01 2884277                    /tmp/TestEzLmDb-1631470291295-0/lock.mdb (deleted)
7ecf2fffb000-7ecfafffb000 rw-s 00000000 08:01 2884275                    /tmp/TestEzLmDb-1631470291295-0/data.mdb (deleted)
7ecfafffb000-7eefafffc000 rw-s 00000000 08:01 2884274                    /tmp/TestEzLmDb-1631470291295-0/lock.mdb (deleted)
7ef02fffc000-7ef0afffc000 rw-s 00000000 08:01 2884252                    /tmp/TestEzLmDb-1631470291295-0/data.mdb (deleted)
7ef0afffc000-7f10afffd000 rw-s 00000000 08:01 2884251                    /tmp/TestEzLmDb-1631470291295-0/lock.mdb (deleted)
7f10afffd000-7f112fffd000 rw-s 00000000 08:01 2884249                    /tmp/TestEzLmDb-1631470291295-0/data.mdb (deleted)
7f112fffd000-7f312fffe000 rw-s 00000000 08:01 2884248                    /tmp/TestEzLmDb-1631470291295-0/lock.mdb (deleted)
7f312fffe000-7f31afffe000 rw-s 00000000 08:01 2884246                    /tmp/TestEzLmDb-1631470291295-0/data.mdb (deleted)
7f31afffe000-7f51affff000 rw-s 00000000 08:01 2884242                    /tmp/TestEzLmDb-1631470291295-0/lock.mdb (deleted)
7f71b0000000-7f7230000000 rw-s 00000000 08:01 27525635                   /tmp/data.mdb
7f7230000000-7f7230021000 rw-p 00000000 00:00 0 
7f7230021000-7f7234000000 ---p 00000000 00:00 0 
7f7234000000-7f7234907000 rw-p 00000000 00:00 0 
7f7234907000-7f7238000000 ---p 00000000 00:00 0 
7f7238000000-7f7238021000 rw-p 00000000 00:00 0 
7f7238021000-7f723c000000 ---p 00000000 00:00 0 
7f723c000000-7f723c021000 rw-p 00000000 00:00 0 
7f723c021000-7f7240000000 ---p 00000000 00:00 0 
7f7240000000-7f7240021000 rw-p 00000000 00:00 0 
7f7240021000-7f7244000000 ---p 00000000 00:00 0 
7f7244000000-7f7244021000 rw-p 00000000 00:00 0 
7f7244021000-7f7248000000 ---p 00000000 00:00 0 
7f7248000000-7f7248021000 rw-p 00000000 00:00 0 
7f7248021000-7f724c000000 ---p 00000000 00:00 0 
7f724c000000-7f724c021000 rw-p 00000000 00:00 0 
7f724c021000-7f7250000000 ---p 00000000 00:00 0 
7f7250000000-7f7250021000 rw-p 00000000 00:00 0 
7f7250021000-7f7254000000 ---p 00000000 00:00 0 
7f7254000000-7f7254021000 rw-p 00000000 00:00 0 
7f7254021000-7f7258000000 ---p 00000000 00:00 0 
7f7258000000-7f7258021000 rw-p 00000000 00:00 0 
7f7258021000-7f725c000000 ---p 00000000 00:00 0 
7f725c000000-7f725c021000 rw-p 00000000 00:00 0 
7f725c021000-7f7260000000 ---p 00000000 00:00 0 
7f7260000000-7f726088b000 rw-p 00000000 00:00 0 
7f726088b000-7f7264000000 ---p 00000000 00:00 0 
7f7264000000-7f7264021000 rw-p 00000000 00:00 0 
7f7264021000-7f7268000000 ---p 00000000 00:00 0 
7f7268000000-7f72686ad000 rw-p 00000000 00:00 0 
7f72686ad000-7f726c000000 ---p 00000000 00:00 0 
7f726c000000-7f726c6c1000 rw-p 00000000 00:00 0 
7f726c6c1000-7f7270000000 ---p 00000000 00:00 0 
7f7270000000-7f727097d000 rw-p 00000000 00:00 0 
7f727097d000-7f7274000000 ---p 00000000 00:00 0 
7f7274000000-7f7274e30000 rw-p 00000000 00:00 0 
7f7274e30000-7f7278000000 ---p 00000000 00:00 0 
7f7278000000-7f7278021000 rw-p 00000000 00:00 0 
7f7278021000-7f727c000000 ---p 00000000 00:00 0 
7f727eaf5000-7f727eaf9000 ---p 00000000 00:00 0 
7f727eaf9000-7f727ebf6000 rw-p 00000000 00:00 0 
7f727ebf6000-7f727ebf7000 ---p 00000000 00:00 0 
7f727ebf7000-7f727ecf8000 rw-p 00000000 00:00 0 
7f727ecf8000-7f727ecf9000 ---p 00000000 00:00 0 
7f727ecf9000-7f727edfa000 rw-p 00000000 00:00 0 
7f727edfa000-7f727edfb000 ---p 00000000 00:00 0 
7f727edfb000-7f727eefc000 rw-p 00000000 00:00 0 
7f727eefc000-7f727eefd000 ---p 00000000 00:00 0 
7f727eefd000-7f727ffff000 rw-p 00000000 00:00 0 
7f72c8ff9000-7f72d0000000 rw-p 00000000 00:00 0 
7f72d0000000-7f72d0021000 rw-p 00000000 00:00 0 
7f72d0021000-7f72d4000000 ---p 00000000 00:00 0 
7f72d4000000-7f72d4021000 rw-p 00000000 00:00 0 
7f72d4021000-7f72d8000000 ---p 00000000 00:00 0 
7f72d8000000-7f72d8021000 rw-p 00000000 00:00 0 
7f72d8021000-7f72dc000000 ---p 00000000 00:00 0 
7f72dc000000-7f72dc021000 rw-p 00000000 00:00 0 
7f72dc021000-7f72e0000000 ---p 00000000 00:00 0 
7f72e0000000-7f72e0021000 rw-p 00000000 00:00 0 
7f72e0021000-7f72e4000000 ---p 00000000 00:00 0 
7f72e4ffc000-7f72e7fff000 rw-p 00000000 00:00 0 
7f72e7fff000-7f92e8000000 rw-s 00000000 08:01 27525634                   /tmp/lock.mdb
7f92e8000000-7f92e8021000 rw-p 00000000 00:00 0 
7f92e8021000-7f92ec000000 ---p 00000000 00:00 0 
7f92ec000000-7f92ec021000 rw-p 00000000 00:00 0 
7f92ec021000-7f92f0000000 ---p 00000000 00:00 0 
7f92f0000000-7f92f0021000 rw-p 00000000 00:00 0 
7f92f0021000-7f92f4000000 ---p 00000000 00:00 0 
7f92f4000000-7f92f4021000 rw-p 00000000 00:00 0 
7f92f4021000-7f92f8000000 ---p 00000000 00:00 0 
7f92f8000000-7f92f830d000 rw-p 00000000 00:00 0 
7f92f830d000-7f92fc000000 ---p 00000000 00:00 0 
7f92fc3d5000-7f92fc3d9000 ---p 00000000 00:00 0 
7f92fc3d9000-7f92fc4d6000 rw-p 00000000 00:00 0 
7f92fc4d6000-7f92fc4da000 ---p 00000000 00:00 0 
7f92fc4da000-7f92fc5d7000 rw-p 00000000 00:00 0 
7f92fc5d7000-7f92fc5db000 ---p 00000000 00:00 0 
7f92fc5db000-7f92fc6d8000 rw-p 00000000 00:00 0 
7f92fc6d8000-7f92fc6dc000 ---p 00000000 00:00 0 
7f92fc6dc000-7f92fc7d9000 rw-p 00000000 00:00 0 
7f92fc7d9000-7f92fc7dd000 ---p 00000000 00:00 0 
7f92fc7dd000-7f92fc8da000 rw-p 00000000 00:00 0 
7f92fc8da000-7f92fc8de000 ---p 00000000 00:00 0 
7f92fc8de000-7f92fc9db000 rw-p 00000000 00:00 0 
7f92fc9db000-7f92fc9df000 ---p 00000000 00:00 0 
7f92fc9df000-7f92fcadc000 rw-p 00000000 00:00 0 
7f92fcadc000-7f92fcae0000 ---p 00000000 00:00 0 
7f92fcae0000-7f92fcbdd000 rw-p 00000000 00:00 0 
7f92fce00000-7f92fd800000 r--s 00000000 08:01 2884272                    /tmp/junit12004960064957238505/tutorial5/data.mdb (deleted)
7f92fd800000-7f92fe200000 r--s 00000000 08:01 2884268                    /tmp/junit13648498422791758910/tutorial4/data.mdb (deleted)
7f92fe200000-7f92fec00000 r--s 00000000 08:01 2884264                    /tmp/junit2028823457833633227/tutorial3/data.mdb (deleted)
7f92fec00000-7f92ff600000 r--s 00000000 08:01 2884260                    /tmp/junit405463047741448456/tutorial2/data.mdb (deleted)
7f92ff600000-7f9300000000 r--s 00000000 08:01 2884256                    /tmp/junit11111673342454367913/tutorial1/data.mdb (deleted)
7f9300000000-7f93001f5000 rw-p 00000000 00:00 0 
7f93001f5000-7f9304000000 ---p 00000000 00:00 0 
7f9304000000-7f9304b75000 rw-p 00000000 00:00 0 
7f9304b75000-7f9308000000 ---p 00000000 00:00 0 
7f9308000000-7f9308021000 rw-p 00000000 00:00 0 
7f9308021000-7f930c000000 ---p 00000000 00:00 0 
7f930c000000-7f930c219000 rw-p 00000000 00:00 0 
7f930c219000-7f9310000000 ---p 00000000 00:00 0 
7f9310000000-7f9310021000 rw-p 00000000 00:00 0 
7f9310021000-7f9314000000 ---p 00000000 00:00 0 
7f9314000000-7f9314021000 rw-p 00000000 00:00 0 
7f9314021000-7f9318000000 ---p 00000000 00:00 0 
7f9318000000-7f93190df000 rw-p 00000000 00:00 0 
7f93190df000-7f931c000000 ---p 00000000 00:00 0 
7f931c000000-7f931c021000 rw-p 00000000 00:00 0 
7f931c021000-7f9320000000 ---p 00000000 00:00 0 
7f9320000000-7f9320429000 rw-p 00000000 00:00 0 
7f9320429000-7f9324000000 ---p 00000000 00:00 0 
7f9324000000-7f9324021000 rw-p 00000000 00:00 0 
7f9324021000-7f9328000000 ---p 00000000 00:00 0 
7f9328000000-7f9328021000 rw-p 00000000 00:00 0 
7f9328021000-7f932c000000 ---p 00000000 00:00 0 
7f932c000000-7f932d494000 rw-p 00000000 00:00 0 
7f932d494000-7f9330000000 ---p 00000000 00:00 0 
7f9330000000-7f9330021000 rw-p 00000000 00:00 0 
7f9330021000-7f9334000000 ---p 00000000 00:00 0 
7f9334000000-7f9334021000 rw-p 00000000 00:00 0 
7f9334021000-7f9338000000 ---p 00000000 00:00 0 
7f9338000000-7f9338021000 rw-p 00000000 00:00 0 
7f9338021000-7f933c000000 ---p 00000000 00:00 0 
7f933c000000-7f933c021000 rw-p 00000000 00:00 0 
7f933c021000-7f9340000000 ---p 00000000 00:00 0 
7f9340000000-7f9340021000 rw-p 00000000 00:00 0 
7f9340021000-7f9344000000 ---p 00000000 00:00 0 
7f93440f2000-7f93440f3000 ---p 00000000 00:00 0 
7f93440f3000-7f93441f4000 rw-p 00000000 00:00 0 
7f93441f4000-7f93441f5000 ---p 00000000 00:00 0 
7f93441f5000-7f93442f6000 rw-p 00000000 00:00 0 
7f93442f6000-7f93442f7000 ---p 00000000 00:00 0 
7f93442f7000-7f93443f8000 rw-p 00000000 00:00 0 
7f93443f8000-7f93443f9000 ---p 00000000 00:00 0 
7f93443f9000-7f93444fa000 rw-p 00000000 00:00 0 
7f93444fa000-7f93444fb000 ---p 00000000 00:00 0 
7f93444fb000-7f93445fc000 rw-p 00000000 00:00 0 
7f93445fc000-7f93445fd000 ---p 00000000 00:00 0 
7f93445fd000-7f93446fe000 rw-p 00000000 00:00 0 
7f93446fe000-7f93446ff000 ---p 00000000 00:00 0 
7f93446ff000-7f9344980000 rw-p 00000000 00:00 0 
7f9344980000-7f9344a00000 rw-p 00000000 00:00 0 
7f9344a00000-7f9344a20000 rw-p 00000000 00:00 0 
7f9344a20000-7f9344b00000 ---p 00000000 00:00 0 
7f9344b00000-7f9344b30000 rw-p 00000000 00:00 0 
7f9344b30000-7f9345000000 ---p 00000000 00:00 0 
7f93450f1000-7f93450f2000 ---p 00000000 00:00 0 
7f93450f2000-7f93451f3000 rw-p 00000000 00:00 0 
7f93451f3000-7f93451f7000 ---p 00000000 00:00 0 
7f93451f7000-7f93452f4000 rw-p 00000000 00:00 0 
7f93452f4000-7f93452f8000 ---p 00000000 00:00 0 
7f93452f8000-7f93453f5000 rw-p 00000000 00:00 0 
7f93453f5000-7f93453f9000 ---p 00000000 00:00 0 
7f93453f9000-7f93454f6000 rw-p 00000000 00:00 0 
7f93454f6000-7f93454fa000 ---p 00000000 00:00 0 
7f93454fa000-7f93455f7000 rw-p 00000000 00:00 0 
7f93455f7000-7f93455fb000 ---p 00000000 00:00 0 
7f93455fb000-7f93456f8000 rw-p 00000000 00:00 0 
7f93456f8000-7f93456fc000 ---p 00000000 00:00 0 
7f93456fc000-7f93457f9000 rw-p 00000000 00:00 0 
7f93458cb000-7f93458f9000 rw-p 00000000 00:00 0 
7f93458f9000-7f93458fd000 ---p 00000000 00:00 0 
7f93458fd000-7f93459fa000 rw-p 00000000 00:00 0 
7f93459fa000-7f93459fe000 ---p 00000000 00:00 0 
7f93459fe000-7f9345afb000 rw-p 00000000 00:00 0 
7f9345afb000-7f9345b0f000 r-xp 00000000 08:01 27525649                   /tmp/lmdbjava-native-library-3529244555369377625.so
7f9345b0f000-7f9345d0f000 ---p 00014000 08:01 27525649                   /tmp/lmdbjava-native-library-3529244555369377625.so
7f9345d0f000-7f9345d10000 r--p 00014000 08:01 27525649                   /tmp/lmdbjava-native-library-3529244555369377625.so
7f9345d10000-7f9345d11000 rw-p 00015000 08:01 27525649                   /tmp/lmdbjava-native-library-3529244555369377625.so
7f9345d11000-7f9345d23000 r-xp 00000000 08:01 27525650                   /tmp/jffi11100510371263770643.so (deleted)
7f9345d23000-7f9345f22000 ---p 00012000 08:01 27525650                   /tmp/jffi11100510371263770643.so (deleted)
7f9345f22000-7f9345f23000 rw-p 00011000 08:01 27525650                   /tmp/jffi11100510371263770643.so (deleted)
7f9345f23000-7f9345f27000 ---p 00000000 00:00 0 
7f9345f27000-7f9346024000 rw-p 00000000 00:00 0 
7f9346024000-7f9346028000 ---p 00000000 00:00 0 
7f9346028000-7f9346125000 rw-p 00000000 00:00 0 
7f9346125000-7f9346129000 ---p 00000000 00:00 0 
7f9346129000-7f9346226000 rw-p 00000000 00:00 0 
7f9346226000-7f934622a000 ---p 00000000 00:00 0 
7f934622a000-7f9346327000 rw-p 00000000 00:00 0 
7f9346327000-7f9346328000 ---p 00000000 00:00 0 
7f9346328000-7f9346429000 rw-p 00000000 00:00 0 
7f9346429000-7f934642d000 ---p 00000000 00:00 0 
7f934642d000-7f934652a000 rw-p 00000000 00:00 0 
7f934652a000-7f934652e000 ---p 00000000 00:00 0 
7f934652e000-7f934662b000 rw-p 00000000 00:00 0 
7f934662b000-7f934662f000 ---p 00000000 00:00 0 
7f934662f000-7f934672c000 rw-p 00000000 00:00 0 
7f934672c000-7f9346730000 ---p 00000000 00:00 0 
7f9346730000-7f934682d000 rw-p 00000000 00:00 0 
7f934682d000-7f9346831000 ---p 00000000 00:00 0 
7f9346831000-7f934692e000 rw-p 00000000 00:00 0 
7f934692e000-7f9346932000 ---p 00000000 00:00 0 
7f9346932000-7f9346a2f000 rw-p 00000000 00:00 0 
7f9346a2f000-7f9346a33000 ---p 00000000 00:00 0 
7f9346a33000-7f9346b30000 rw-p 00000000 00:00 0 
7f9346b30000-7f9346b34000 ---p 00000000 00:00 0 
7f9346b34000-7f9346c31000 rw-p 00000000 00:00 0 
7f9346c31000-7f9346c35000 ---p 00000000 00:00 0 
7f9346c35000-7f9346d32000 rw-p 00000000 00:00 0 
7f9346d32000-7f93472ff000 r--p 00000000 08:01 17170755                   /usr/lib/locale/locale-archive
7f93472ff000-7f9347303000 ---p 00000000 00:00 0 
7f9347303000-7f9347800000 rw-p 00000000 00:00 0 
7f9347800000-7f9347c00000 rw-p 00000000 00:00 0 
7f9347c01000-7f9347c63000 rw-p 00000000 00:00 0 
7f9347c63000-7f9347c64000 r-xp 00000000 00:00 0 
7f9347c64000-7f9347c6a000 rw-p 00000000 00:00 0 
7f9347c6a000-7f9347c6b000 r-xp 00000000 00:00 0 
7f9347c6b000-7f9347c6f000 rw-p 00000000 00:00 0 
7f9347c6f000-7f9347c70000 r-xp 00000000 00:00 0 
7f9347c70000-7f9347c74000 rw-p 00000000 00:00 0 
7f9347c74000-7f9347c76000 rw-s 00000000 08:01 2884271                    /tmp/junit12004960064957238505/tutorial5/lock.mdb (deleted)
7f9347c76000-7f9347c78000 rw-s 00000000 08:01 2884267                    /tmp/junit13648498422791758910/tutorial4/lock.mdb (deleted)
7f9347c78000-7f9347c7a000 rw-s 00000000 08:01 2884263                    /tmp/junit2028823457833633227/tutorial3/lock.mdb (deleted)
7f9347c7a000-7f9347c7c000 rw-p 00000000 00:00 0 
7f9347c7c000-7f9347c7e000 rw-s 00000000 08:01 2884259                    /tmp/junit405463047741448456/tutorial2/lock.mdb (deleted)
7f9347c7e000-7f9347c80000 rw-s 00000000 08:01 2884255                    /tmp/junit11111673342454367913/tutorial1/lock.mdb (deleted)
7f9347c80000-7f9347ca6000 rw-p 00000000 00:00 0 
7f9347ca6000-7f9347ca8000 r--p 00000000 08:01 21890254                   /usr/lib/jvm/java-16-openjdk-amd64/lib/libmanagement_ext.so
7f9347ca8000-7f9347cab000 r-xp 00002000 08:01 21890254                   /usr/lib/jvm/java-16-openjdk-amd64/lib/libmanagement_ext.so
7f9347cab000-7f9347cad000 r--p 00005000 08:01 21890254                   /usr/lib/jvm/java-16-openjdk-amd64/lib/libmanagement_ext.so
7f9347cad000-7f9347cae000 r--p 00006000 08:01 21890254                   /usr/lib/jvm/java-16-openjdk-amd64/lib/libmanagement_ext.so
7f9347cae000-7f9347caf000 rw-p 00007000 08:01 21890254                   /usr/lib/jvm/java-16-openjdk-amd64/lib/libmanagement_ext.so
7f9347caf000-7f9347ce0000 rw-p 00000000 00:00 0 
7f9347ce0000-7f9347ce4000 ---p 00000000 00:00 0 
7f9347ce4000-7f9347de1000 rw-p 00000000 00:00 0 
7f9347de1000-7f9347de2000 ---p 00000000 00:00 0 
7f9347de2000-7f9348000000 rw-p 00000000 00:00 0 
7f9348000000-7f9348021000 rw-p 00000000 00:00 0 
7f9348021000-7f934c000000 ---p 00000000 00:00 0 
7f934c000000-7f934c021000 rw-p 00000000 00:00 0 
7f934c021000-7f9350000000 ---p 00000000 00:00 0 
7f9350000000-7f9350021000 rw-p 00000000 00:00 0 
7f9350021000-7f9354000000 ---p 00000000 00:00 0 
7f9354000000-7f9354021000 rw-p 00000000 00:00 0 
7f9354021000-7f9358000000 ---p 00000000 00:00 0 
7f9358000000-7f9358021000 rw-p 00000000 00:00 0 
7f9358021000-7f935c000000 ---p 00000000 00:00 0 
7f935c000000-7f935c001000 r-xp 00000000 00:00 0 
7f935c001000-7f935c003000 r--p 00000000 08:01 21890250                   /usr/lib/jvm/java-16-openjdk-amd64/lib/libmanagement.so
7f935c003000-7f935c004000 r-xp 00002000 08:01 21890250                   /usr/lib/jvm/java-16-openjdk-amd64/lib/libmanagement.so
7f935c004000-7f935c005000 r--p 00003000 08:01 21890250                   /usr/lib/jvm/java-16-openjdk-amd64/lib/libmanagement.so
7f935c005000-7f935c006000 r--p 00003000 08:01 21890250                   /usr/lib/jvm/java-16-openjdk-amd64/lib/libmanagement.so
7f935c006000-7f935c007000 rw-p 00004000 08:01 21890250                   /usr/lib/jvm/java-16-openjdk-amd64/lib/libmanagement.so
7f935c007000-7f935c00e000 r--s 00000000 08:01 17565161                   /usr/lib/x86_64-linux-gnu/gconv/gconv-modules.cache
7f935c00e000-7f935c012000 r--p 00000000 08:01 21890270                   /usr/lib/jvm/java-16-openjdk-amd64/lib/libverify.so
7f935c012000-7f935c019000 r-xp 00004000 08:01 21890270                   /usr/lib/jvm/java-16-openjdk-amd64/lib/libverify.so
7f935c019000-7f935c01b000 r--p 0000b000 08:01 21890270                   /usr/lib/jvm/java-16-openjdk-amd64/lib/libverify.so
7f935c01b000-7f935c01c000 ---p 0000d000 08:01 21890270                   /usr/lib/jvm/java-16-openjdk-amd64/lib/libverify.so
7f935c01c000-7f935c01e000 r--p 0000d000 08:01 21890270                   /usr/lib/jvm/java-16-openjdk-amd64/lib/libverify.so
7f935c01e000-7f935c01f000 rw-p 0000f000 08:01 21890270                   /usr/lib/jvm/java-16-openjdk-amd64/lib/libverify.so
7f935c01f000-7f935c020000 ---p 00000000 00:00 0 
7f935c020000-7f935c121000 rw-p 00000000 00:00 0 
7f935c121000-7f935c122000 ---p 00000000 00:00 0 
7f935c122000-7f935ef30000 rw-p 00000000 00:00 0 
7f935ef30000-7f935ef31000 ---p 00000000 00:00 0 
7f935ef31000-7f935fff2000 rw-p 00000000 00:00 0 
7f935fff2000-7f936eb12000 ---p 00000000 00:00 0 
7f936eb12000-7f936fb12000 rw-p 00000000 00:00 0 
7f936fb12000-7f937e632000 ---p 00000000 00:00 0 
7f937e632000-7f937e86a000 rw-p 00000000 00:00 0 
7f937e86a000-7f93805ce000 ---p 00000000 00:00 0 
7f93805ce000-7f93807ce000 rw-p 00000000 00:00 0 
7f93807ce000-7f9382532000 ---p 00000000 00:00 0 
7f9382532000-7f9382732000 rw-p 00000000 00:00 0 
7f9382732000-7f9384496000 ---p 00000000 00:00 0 
7f9384496000-7f938449e000 rw-p 00000000 00:00 0 
7f938449e000-7f93847ae000 rwxp 00000000 00:00 0 
7f93847ae000-7f9384bdf000 ---p 00000000 00:00 0 
7f9384bdf000-7f938526f000 rwxp 00000000 00:00 0 
7f938526f000-7f938c03e000 ---p 00000000 00:00 0 
7f938c03e000-7f938c2ce000 rwxp 00000000 00:00 0 
7f938c2ce000-7f939349e000 ---p 00000000 00:00 0 
7f939349e000-7f939c000000 r--s 00000000 08:01 21890274                   /usr/lib/jvm/java-16-openjdk-amd64/lib/modules
7f939c000000-7f939f180000 rw-p 00000000 00:00 0 
7f939f180000-7f93a0000000 ---p 00000000 00:00 0 
7f93a0000000-7f93a0002000 r-xp 00000000 00:00 0 
7f93a0002000-7f93a0004000 rw-p 00000000 00:00 0 
7f93a0004000-7f93a0005000 r--p 00000000 08:01 21890231                   /usr/lib/jvm/java-16-openjdk-amd64/lib/libextnet.so
7f93a0005000-7f93a0006000 r-xp 00001000 08:01 21890231                   /usr/lib/jvm/java-16-openjdk-amd64/lib/libextnet.so
7f93a0006000-7f93a0007000 r--p 00002000 08:01 21890231                   /usr/lib/jvm/java-16-openjdk-amd64/lib/libextnet.so
7f93a0007000-7f93a0008000 r--p 00002000 08:01 21890231                   /usr/lib/jvm/java-16-openjdk-amd64/lib/libextnet.so
7f93a0008000-7f93a0009000 rw-p 00003000 08:01 21890231                   /usr/lib/jvm/java-16-openjdk-amd64/lib/libextnet.so
7f93a0009000-7f93a000d000 r--p 00000000 08:01 21890258                   /usr/lib/jvm/java-16-openjdk-amd64/lib/libnet.so
7f93a000d000-7f93a001b000 r-xp 00004000 08:01 21890258                   /usr/lib/jvm/java-16-openjdk-amd64/lib/libnet.so
7f93a001b000-7f93a001f000 r--p 00012000 08:01 21890258                   /usr/lib/jvm/java-16-openjdk-amd64/lib/libnet.so
7f93a001f000-7f93a0020000 r--p 00015000 08:01 21890258                   /usr/lib/jvm/java-16-openjdk-amd64/lib/libnet.so
7f93a0020000-7f93a0021000 rw-p 00016000 08:01 21890258                   /usr/lib/jvm/java-16-openjdk-amd64/lib/libnet.so
7f93a0021000-7f93a0027000 r--p 00000000 08:01 21890260                   /usr/lib/jvm/java-16-openjdk-amd64/lib/libnio.so
7f93a0027000-7f93a0030000 r-xp 00006000 08:01 21890260                   /usr/lib/jvm/java-16-openjdk-amd64/lib/libnio.so
7f93a0030000-7f93a0035000 r--p 0000f000 08:01 21890260                   /usr/lib/jvm/java-16-openjdk-amd64/lib/libnio.so
7f93a0035000-7f93a0036000 r--p 00013000 08:01 21890260                   /usr/lib/jvm/java-16-openjdk-amd64/lib/libnio.so
7f93a0036000-7f93a0037000 rw-p 00014000 08:01 21890260                   /usr/lib/jvm/java-16-openjdk-amd64/lib/libnio.so
7f93a0037000-7f93a0038000 ---p 00000000 00:00 0 
7f93a0038000-7f93a0139000 rw-p 00000000 00:00 0 
7f93a0139000-7f93a013a000 ---p 00000000 00:00 0 
7f93a013a000-7f93a108d000 rw-p 00000000 00:00 0 
7f93a108d000-7f93a1170000 ---p 00000000 00:00 0 
7f93a1170000-7f93a117e000 rw-p 00000000 00:00 0 
7f93a117e000-7f93a1259000 ---p 00000000 00:00 0 
7f93a1259000-7f93a1260000 rw-p 00000000 00:00 0 
7f93a1260000-7f93a1268000 ---p 00000000 00:00 0 
7f93a1268000-7f93a126a000 r--p 00000000 08:01 21890272                   /usr/lib/jvm/java-16-openjdk-amd64/lib/libzip.so
7f93a126a000-7f93a126e000 r-xp 00002000 08:01 21890272                   /usr/lib/jvm/java-16-openjdk-amd64/lib/libzip.so
7f93a126e000-7f93a1270000 r--p 00006000 08:01 21890272                   /usr/lib/jvm/java-16-openjdk-amd64/lib/libzip.so
7f93a1270000-7f93a1271000 r--p 00007000 08:01 21890272                   /usr/lib/jvm/java-16-openjdk-amd64/lib/libzip.so
7f93a1271000-7f93a1272000 rw-p 00008000 08:01 21890272                   /usr/lib/jvm/java-16-openjdk-amd64/lib/libzip.so
7f93a1272000-7f93a127e000 r--p 00000000 08:01 21890238                   /usr/lib/jvm/java-16-openjdk-amd64/lib/libjava.so
7f93a127e000-7f93a1290000 r-xp 0000c000 08:01 21890238                   /usr/lib/jvm/java-16-openjdk-amd64/lib/libjava.so
7f93a1290000-7f93a1296000 r--p 0001e000 08:01 21890238                   /usr/lib/jvm/java-16-openjdk-amd64/lib/libjava.so
7f93a1296000-7f93a1297000 ---p 00024000 08:01 21890238                   /usr/lib/jvm/java-16-openjdk-amd64/lib/libjava.so
7f93a1297000-7f93a1298000 r--p 00024000 08:01 21890238                   /usr/lib/jvm/java-16-openjdk-amd64/lib/libjava.so
7f93a1298000-7f93a1299000 rw-p 00025000 08:01 21890238                   /usr/lib/jvm/java-16-openjdk-amd64/lib/libjava.so
7f93a1299000-7f93a129a000 rw-p 00000000 00:00 0 
7f93a129a000-7f93a129e000 ---p 00000000 00:00 0 
7f93a129e000-7f93a139b000 rw-p 00000000 00:00 0 
7f93a139b000-7f93a139e000 r--p 00000000 08:01 17190160                   /usr/lib/x86_64-linux-gnu/libgcc_s.so.1
7f93a139e000-7f93a13b0000 r-xp 00003000 08:01 17190160                   /usr/lib/x86_64-linux-gnu/libgcc_s.so.1
7f93a13b0000-7f93a13b3000 r--p 00015000 08:01 17190160                   /usr/lib/x86_64-linux-gnu/libgcc_s.so.1
7f93a13b3000-7f93a13b4000 ---p 00018000 08:01 17190160                   /usr/lib/x86_64-linux-gnu/libgcc_s.so.1
7f93a13b4000-7f93a13b5000 r--p 00018000 08:01 17190160                   /usr/lib/x86_64-linux-gnu/libgcc_s.so.1
7f93a13b5000-7f93a13b6000 rw-p 00019000 08:01 17190160                   /usr/lib/x86_64-linux-gnu/libgcc_s.so.1
7f93a13b6000-7f93a13c5000 r--p 00000000 08:01 17190184                   /usr/lib/x86_64-linux-gnu/libm-2.33.so
7f93a13c5000-7f93a146b000 r-xp 0000f000 08:01 17190184                   /usr/lib/x86_64-linux-gnu/libm-2.33.so
7f93a146b000-7f93a1502000 r--p 000b5000 08:01 17190184                   /usr/lib/x86_64-linux-gnu/libm-2.33.so
7f93a1502000-7f93a1503000 r--p 0014b000 08:01 17190184                   /usr/lib/x86_64-linux-gnu/libm-2.33.so
7f93a1503000-7f93a1504000 rw-p 0014c000 08:01 17190184                   /usr/lib/x86_64-linux-gnu/libm-2.33.so
7f93a1504000-7f93a159d000 r--p 00000000 08:01 17174032                   /usr/lib/x86_64-linux-gnu/libstdc++.so.6.0.29
7f93a159d000-7f93a16a0000 r-xp 00099000 08:01 17174032                   /usr/lib/x86_64-linux-gnu/libstdc++.so.6.0.29
7f93a16a0000-7f93a170c000 r--p 0019c000 08:01 17174032                   /usr/lib/x86_64-linux-gnu/libstdc++.so.6.0.29
7f93a170c000-7f93a1717000 r--p 00207000 08:01 17174032                   /usr/lib/x86_64-linux-gnu/libstdc++.so.6.0.29
7f93a1717000-7f93a171a000 rw-p 00212000 08:01 17174032                   /usr/lib/x86_64-linux-gnu/libstdc++.so.6.0.29
7f93a171a000-7f93a171d000 rw-p 00000000 00:00 0 
7f93a171d000-7f93a1948000 r--p 00000000 08:01 21890286                   /usr/lib/jvm/java-16-openjdk-amd64/lib/server/libjvm.so
7f93a1948000-7f93a2591000 r-xp 0022b000 08:01 21890286                   /usr/lib/jvm/java-16-openjdk-amd64/lib/server/libjvm.so
7f93a2591000-7f93a27bc000 r--p 00e74000 08:01 21890286                   /usr/lib/jvm/java-16-openjdk-amd64/lib/server/libjvm.so
7f93a27bc000-7f93a27bd000 ---p 0109f000 08:01 21890286                   /usr/lib/jvm/java-16-openjdk-amd64/lib/server/libjvm.so
7f93a27bd000-7f93a286f000 r--p 0109f000 08:01 21890286                   /usr/lib/jvm/java-16-openjdk-amd64/lib/server/libjvm.so
7f93a286f000-7f93a289b000 rw-p 01151000 08:01 21890286                   /usr/lib/jvm/java-16-openjdk-amd64/lib/server/libjvm.so
7f93a289b000-7f93a28f8000 rw-p 00000000 00:00 0 
7f93a28f8000-7f93a28ff000 r--p 00000000 08:01 17174108                   /usr/lib/x86_64-linux-gnu/libpthread-2.33.so
7f93a28ff000-7f93a290f000 r-xp 00007000 08:01 17174108                   /usr/lib/x86_64-linux-gnu/libpthread-2.33.so
7f93a290f000-7f93a2914000 r--p 00017000 08:01 17174108                   /usr/lib/x86_64-linux-gnu/libpthread-2.33.so
7f93a2914000-7f93a2915000 r--p 0001b000 08:01 17174108                   /usr/lib/x86_64-linux-gnu/libpthread-2.33.so
7f93a2915000-7f93a2916000 rw-p 0001c000 08:01 17174108                   /usr/lib/x86_64-linux-gnu/libpthread-2.33.so
7f93a2916000-7f93a291a000 rw-p 00000000 00:00 0 
7f93a291a000-7f93a291c000 r--p 00000000 08:01 17173935                   /usr/lib/x86_64-linux-gnu/libdl-2.33.so
7f93a291c000-7f93a291e000 r-xp 00002000 08:01 17173935                   /usr/lib/x86_64-linux-gnu/libdl-2.33.so
7f93a291e000-7f93a291f000 r--p 00004000 08:01 17173935                   /usr/lib/x86_64-linux-gnu/libdl-2.33.so
7f93a291f000-7f93a2920000 r--p 00004000 08:01 17173935                   /usr/lib/x86_64-linux-gnu/libdl-2.33.so
7f93a2920000-7f93a2921000 rw-p 00005000 08:01 17173935                   /usr/lib/x86_64-linux-gnu/libdl-2.33.so
7f93a2921000-7f93a2923000 r--p 00000000 08:01 17190191                   /usr/lib/x86_64-linux-gnu/libz.so.1.2.11
7f93a2923000-7f93a2934000 r-xp 00002000 08:01 17190191                   /usr/lib/x86_64-linux-gnu/libz.so.1.2.11
7f93a2934000-7f93a293a000 r--p 00013000 08:01 17190191                   /usr/lib/x86_64-linux-gnu/libz.so.1.2.11
7f93a293a000-7f93a293b000 ---p 00019000 08:01 17190191                   /usr/lib/x86_64-linux-gnu/libz.so.1.2.11
7f93a293b000-7f93a293c000 r--p 00019000 08:01 17190191                   /usr/lib/x86_64-linux-gnu/libz.so.1.2.11
7f93a293c000-7f93a293d000 rw-p 0001a000 08:01 17190191                   /usr/lib/x86_64-linux-gnu/libz.so.1.2.11
7f93a293d000-7f93a2963000 r--p 00000000 08:01 17173832                   /usr/lib/x86_64-linux-gnu/libc-2.33.so
7f93a2963000-7f93a2ace000 r-xp 00026000 08:01 17173832                   /usr/lib/x86_64-linux-gnu/libc-2.33.so
7f93a2ace000-7f93a2b1a000 r--p 00191000 08:01 17173832                   /usr/lib/x86_64-linux-gnu/libc-2.33.so
7f93a2b1a000-7f93a2b1d000 r--p 001dc000 08:01 17173832                   /usr/lib/x86_64-linux-gnu/libc-2.33.so
7f93a2b1d000-7f93a2b20000 rw-p 001df000 08:01 17173832                   /usr/lib/x86_64-linux-gnu/libc-2.33.so
7f93a2b20000-7f93a2b29000 rw-p 00000000 00:00 0 
7f93a2b29000-7f93a2b2a000 r-xp 00000000 00:00 0 
7f93a2b2a000-7f93a2b2c000 r--s 0000c000 08:01 17694801                   /usr/share/java/java-atk-wrapper.jar
7f93a2b2c000-7f93a2b34000 rw-s 00000000 08:01 27525648                   /tmp/hsperfdata_subes/66586
7f93a2b34000-7f93a2b36000 r--p 00000000 08:01 17190175                   /usr/lib/x86_64-linux-gnu/libnss_compat-2.33.so
7f93a2b36000-7f93a2b3d000 r-xp 00002000 08:01 17190175                   /usr/lib/x86_64-linux-gnu/libnss_compat-2.33.so
7f93a2b3d000-7f93a2b3e000 r--p 00009000 08:01 17190175                   /usr/lib/x86_64-linux-gnu/libnss_compat-2.33.so
7f93a2b3e000-7f93a2b3f000 r--p 00009000 08:01 17190175                   /usr/lib/x86_64-linux-gnu/libnss_compat-2.33.so
7f93a2b3f000-7f93a2b40000 rw-p 0000a000 08:01 17190175                   /usr/lib/x86_64-linux-gnu/libnss_compat-2.33.so
7f93a2b40000-7f93a2b41000 ---p 00000000 00:00 0 
7f93a2b41000-7f93a2b42000 r--p 00000000 00:00 0 
7f93a2b42000-7f93a2b43000 ---p 00000000 00:00 0 
7f93a2b43000-7f93a2b45000 r--p 00000000 08:01 21890241                   /usr/lib/jvm/java-16-openjdk-amd64/lib/libjimage.so
7f93a2b45000-7f93a2b47000 r-xp 00002000 08:01 21890241                   /usr/lib/jvm/java-16-openjdk-amd64/lib/libjimage.so
7f93a2b47000-7f93a2b48000 r--p 00004000 08:01 21890241                   /usr/lib/jvm/java-16-openjdk-amd64/lib/libjimage.so
7f93a2b48000-7f93a2b49000 r--p 00004000 08:01 21890241                   /usr/lib/jvm/java-16-openjdk-amd64/lib/libjimage.so
7f93a2b49000-7f93a2b4a000 rw-p 00005000 08:01 21890241                   /usr/lib/jvm/java-16-openjdk-amd64/lib/libjimage.so
7f93a2b4a000-7f93a2b4c000 r--p 00000000 08:01 21890242                   /usr/lib/jvm/java-16-openjdk-amd64/lib/libjli.so
7f93a2b4c000-7f93a2b56000 r-xp 00002000 08:01 21890242                   /usr/lib/jvm/java-16-openjdk-amd64/lib/libjli.so
7f93a2b56000-7f93a2b59000 r--p 0000c000 08:01 21890242                   /usr/lib/jvm/java-16-openjdk-amd64/lib/libjli.so
7f93a2b59000-7f93a2b5a000 r--p 0000e000 08:01 21890242                   /usr/lib/jvm/java-16-openjdk-amd64/lib/libjli.so
7f93a2b5a000-7f93a2b5b000 rw-p 0000f000 08:01 21890242                   /usr/lib/jvm/java-16-openjdk-amd64/lib/libjli.so
7f93a2b5b000-7f93a2b5d000 rw-p 00000000 00:00 0 
7f93a2b5d000-7f93a2b5e000 r--p 00000000 08:01 17174133                   /usr/lib/x86_64-linux-gnu/ld-2.33.so
7f93a2b5e000-7f93a2b85000 r-xp 00001000 08:01 17174133                   /usr/lib/x86_64-linux-gnu/ld-2.33.so
7f93a2b85000-7f93a2b8f000 r--p 00028000 08:01 17174133                   /usr/lib/x86_64-linux-gnu/ld-2.33.so
7f93a2b8f000-7f93a2b91000 r--p 00031000 08:01 17174133                   /usr/lib/x86_64-linux-gnu/ld-2.33.so
7f93a2b91000-7f93a2b93000 rw-p 00033000 08:01 17174133                   /usr/lib/x86_64-linux-gnu/ld-2.33.so
7fffc8557000-7fffc8579000 rw-p 00000000 00:00 0                          [stack]
7fffc85d5000-7fffc85d9000 r--p 00000000 00:00 0                          [vvar]
7fffc85d9000-7fffc85db000 r-xp 00000000 00:00 0                          [vdso]
ffffffffff600000-ffffffffff601000 --xp 00000000 00:00 0                  [vsyscall]


VM Arguments:
jvm_args: --add-opens=java.base/java.lang=ALL-UNNAMED -ea --illegal-access=permit --add-exports=java.base/jdk.internal.ref=ALL-UNNAMED --add-opens=java.base/jdk.internal.misc=ALL-UNNAMED --add-opens=java.base/java.nioc=ALL-UNNAMED -Dfile.encoding=UTF-8 -XX:+ShowCodeDetailsInExceptionMessages 
java_command: org.eclipse.jdt.internal.junit.runner.RemoteTestRunner -version 3 -port 44583 -testLoaderClass org.eclipse.jdt.internal.junit4.runner.JUnit4TestLoader -loaderpluginname org.eclipse.jdt.junit4.runtime -testNameFile /tmp/testNames3957560556009689185.txt
java_class_path (initial): /opt/subes/dev/Entwicklung/invesdwin/ezdb/ezdb-lmdb-jnr/target/test-classes:/opt/subes/dev/Entwicklung/invesdwin/ezdb/ezdb-lmdb-jnr/target/classes:/opt/subes/dev/Entwicklung/invesdwin/ezdb/ezdb-api/target/classes:/home/subes/.m2/repository/io/netty/netty-buffer/4.1.68.Final/netty-buffer-4.1.68.Final.jar:/home/subes/.m2/repository/io/netty/netty-common/4.1.68.Final/netty-common-4.1.68.Final.jar:/opt/subes/dev/Entwicklung/invesdwin/ezdb/ezdb-treemap/target/classes:/home/subes/.m2/repository/org/lmdbjava/lmdbjava/0.8.1/lmdbjava-0.8.1.jar:/home/subes/.m2/repository/com/github/jnr/jnr-constants/0.9.15/jnr-constants-0.9.15.jar:/home/subes/.m2/repository/com/github/jnr/jnr-ffi/2.1.15/jnr-ffi-2.1.15.jar:/home/subes/.m2/repository/com/github/jnr/jffi/1.2.23/jffi-1.2.23.jar:/home/subes/.m2/repository/com/github/jnr/jffi/1.2.23/jffi-1.2.23-native.jar:/home/subes/.m2/repository/org/ow2/asm/asm/7.1/asm-7.1.jar:/home/subes/.m2/repository/org/ow2/asm/asm-commons/7.1/asm-commons-7.1.jar:/home/subes/.m2/repository/org/ow2/asm/asm-analysis/7.1/asm-analysis-7.1.jar:/home/subes/.m2/repository/org/ow2/asm/asm-tree/7.1/asm-tree-7.1.jar:/home/subes/.m2/repository/org/ow2/asm/asm-util/7.1/asm-util-7.1.jar:/home/subes/.m2/repository/com/github/jnr/jnr-a64asm/1.0.0/jnr-a64asm-1.0.0.jar:/home/subes/.m2/repository/com/github/jnr/jnr-x86asm/1.0.2/jnr-x86asm-1.0.2.jar:/home/subes/.m2/repository/com/google/guava/guava/30.1.1-jre/guava-30.1.1-jre.jar:/home/subes/.m2/repository/com/google/guava/failureaccess/1.0.1/failureaccess-1.0.1.jar:/home/subes/.m2/repository/com/google/guava/listenablefuture/9999.0-empty-to-avoid-conflict-with-guava/listenablefuture-9999.0-empty-to-avoid-conflict-with-guava.jar:/home/subes/.m2/repository/com/google/code/findbugs/jsr305/3.0.2/jsr305-3.0.2.jar:/home/subes/.m2/repository/org/checkerframework/checker-qual/3.8.0/checker-qual-3.8.0.jar:/home/subes/.m2/repository/com/google/errorprone/error_prone_annotations/2.5.1/error_prone_annotations
Launcher Type: SUN_STANDARD

[Global flags]
     intx CICompilerCount                          = 12                                        {product} {ergonomic}
     uint ConcGCThreads                            = 3                                         {product} {ergonomic}
     uint G1ConcRefinementThreads                  = 13                                        {product} {ergonomic}
   size_t G1HeapRegionSize                         = 8388608                                   {product} {ergonomic}
    uintx GCDrainStackTargetSize                   = 64                                        {product} {ergonomic}
   size_t InitialHeapSize                          = 1056964608                                {product} {ergonomic}
   size_t MarkStackSize                            = 4194304                                   {product} {ergonomic}
   size_t MaxHeapSize                              = 16852713472                               {product} {ergonomic}
   size_t MaxNewSize                               = 10108272640                               {product} {ergonomic}
   size_t MinHeapDeltaBytes                        = 8388608                                   {product} {ergonomic}
   size_t MinHeapSize                              = 8388608                                   {product} {ergonomic}
    uintx NonNMethodCodeHeapSize                   = 7602480                                {pd product} {ergonomic}
    uintx NonProfiledCodeHeapSize                  = 122027880                              {pd product} {ergonomic}
    uintx ProfiledCodeHeapSize                     = 122027880                              {pd product} {ergonomic}
    uintx ReservedCodeCacheSize                    = 251658240                              {pd product} {ergonomic}
     bool SegmentedCodeCache                       = true                                      {product} {ergonomic}
     bool ShowCodeDetailsInExceptionMessages       = true                                   {manageable} {command line}
   size_t SoftMaxHeapSize                          = 16852713472                            {manageable} {ergonomic}
     bool UseCompressedClassPointers               = true                           {product lp64_product} {ergonomic}
     bool UseCompressedOops                        = true                           {product lp64_product} {ergonomic}
     bool UseG1GC                                  = true                                      {product} {ergonomic}

Logging:
Log output configuration:
 #0: stdout all=warning uptime,level,tags
 #1: stderr all=off uptime,level,tags

Environment Variables:
JAVA_HOME=/usr/lib/jvm/default-java/
PATH=/home/subes/.local/share/umake/bin:/usr/local/sbin:/usr/local/bin:/usr/sbin:/usr/bin:/sbin:/bin:/usr/games:/usr/local/games:/snap/bin:/snap/bin
USERNAME=subes
SHELL=/bin/bash
DISPLAY=:1
LANG=de_DE.UTF-8

Signal Handlers:
SIGSEGV: [libjvm.so+0xc78640], sa_mask[0]=11100100010111111101111111111110, sa_flags=SA_RESTART|SA_SIGINFO
SIGBUS: [libjvm.so+0xc78640], sa_mask[0]=11100100010111111101111111111110, sa_flags=SA_RESTART|SA_SIGINFO
SIGFPE: [libjvm.so+0xc78640], sa_mask[0]=11100100010111111101111111111110, sa_flags=SA_RESTART|SA_SIGINFO
SIGPIPE: [libjvm.so+0xb89950], sa_mask[0]=11100100010111111101111111111110, sa_flags=SA_RESTART|SA_SIGINFO
SIGXFSZ: [libjvm.so+0xb89950], sa_mask[0]=11100100010111111101111111111110, sa_flags=SA_RESTART|SA_SIGINFO
SIGILL: [libjvm.so+0xc78640], sa_mask[0]=11100100010111111101111111111110, sa_flags=SA_RESTART|SA_SIGINFO
SIGUSR2: [libjvm.so+0xb846f0], sa_mask[0]=00100000000000000000000000000000, sa_flags=SA_RESTART|SA_SIGINFO
SIGHUP: [libjvm.so+0xb84030], sa_mask[0]=11100100010111111101111111111110, sa_flags=SA_RESTART|SA_SIGINFO
SIGINT: [libjvm.so+0xb84030], sa_mask[0]=11100100010111111101111111111110, sa_flags=SA_RESTART|SA_SIGINFO
SIGTERM: [libjvm.so+0xb84030], sa_mask[0]=11100100010111111101111111111110, sa_flags=SA_RESTART|SA_SIGINFO
SIGQUIT: [libjvm.so+0xb84030], sa_mask[0]=11100100010111111101111111111110, sa_flags=SA_RESTART|SA_SIGINFO
SIGTRAP: [libjvm.so+0xc78640], sa_mask[0]=11100100010111111101111111111110, sa_flags=SA_RESTART|SA_SIGINFO


---------------  S Y S T E M  ---------------

OS:
DISTRIB_ID=Ubuntu
DISTRIB_RELEASE=21.04
DISTRIB_CODENAME=hirsute
DISTRIB_DESCRIPTION="Ubuntu 21.04"
uname: Linux 5.11.0-31-generic #33-Ubuntu SMP Wed Aug 11 13:19:04 UTC 2021 x86_64
OS uptime: 0 days 6:24 hours
libc: glibc 2.33 NPTL 2.33 
rlimit (soft/hard): STACK 8192k/infinity , CORE 0k/infinity , NPROC 256775/256775 , NOFILE 524288/524288 , AS infinity/infinity , CPU infinity/infinity , DATA infinity/infinity , FSIZE infinity/infinity , MEMLOCK 8225217k/8225217k
load average: 2,15 1,11 1,15

/proc/meminfo:
MemTotal:       65801736 kB
MemFree:        42322980 kB
MemAvailable:   50933264 kB
Buffers:         1093188 kB
Cached:          7579324 kB
SwapCached:            0 kB
Active:          3321396 kB
Inactive:       18786964 kB
Active(anon):       9284 kB
Inactive(anon): 13520384 kB
Active(file):    3312112 kB
Inactive(file):  5266580 kB
Unevictable:         432 kB
Mlocked:             432 kB
SwapTotal:      34282492 kB
SwapFree:       34282492 kB
Dirty:             10476 kB
Writeback:             0 kB
AnonPages:      13436368 kB
Mapped:          1217688 kB
Shmem:            100528 kB
KReclaimable:     764364 kB
Slab:             978380 kB
SReclaimable:     764364 kB
SUnreclaim:       214016 kB
KernelStack:       30336 kB
PageTables:        88072 kB
NFS_Unstable:          0 kB
Bounce:                0 kB
WritebackTmp:          0 kB
CommitLimit:    67183360 kB
Committed_AS:   22874068 kB
VmallocTotal:   34359738367 kB
VmallocUsed:      105288 kB
VmallocChunk:          0 kB
Percpu:            16512 kB
HardwareCorrupted:     0 kB
AnonHugePages:         0 kB
ShmemHugePages:        0 kB
ShmemPmdMapped:        0 kB
FileHugePages:         0 kB
FilePmdMapped:         0 kB
HugePages_Total:       0
HugePages_Free:        0
HugePages_Rsvd:        0
HugePages_Surp:        0
Hugepagesize:       2048 kB
Hugetlb:               0 kB
DirectMap4k:     1009900 kB
DirectMap2M:    30392320 kB
DirectMap1G:    36700160 kB

/sys/kernel/mm/transparent_hugepage/enabled: always [madvise] never
/sys/kernel/mm/transparent_hugepage/defrag (defrag/compaction efforts parameter): always defer defer+madvise [madvise] never

Process Memory:
Virtual Size: 976531792K (peak: 1112085308K)
Resident Set Size: 683312K (peak: 683312K) (anon: 645036K, file: 38276K, shmem: 0K)
Swapped out: 0K
C-Heap outstanding allocations: 122877K

/proc/sys/kernel/threads-max (system-wide limit on the number of threads): 513551
/proc/sys/vm/max_map_count (maximum number of memory map areas a process may have): 65530
/proc/sys/kernel/pid_max (system-wide limit on number of process identifiers): 4194304

container (cgroup) information:
container_type: cgroupv1
cpu_cpuset_cpus: 0-15
cpu_memory_nodes: 0
active_processor_count: 16
cpu_quota: no quota
cpu_period: 100000
cpu_shares: no shares
memory_limit_in_bytes: unlimited
memory_and_swap_limit_in_bytes: unlimited
memory_soft_limit_in_bytes: unlimited
memory_usage_in_bytes: 21455781888
memory_max_usage_in_bytes: 29859790848

Steal ticks since vm start: 0
Steal ticks percentage since vm start:  0,000

CPU: total 16 (initial active 16) (8 cores per cpu, 2 threads per core) family 6 model 158 stepping 12 microcode 0xea, cx8, cmov, fxsr, ht, mmx, 3dnowpref, sse, sse2, sse3, ssse3, sse4.1, sse4.2, popcnt, lzcnt, tsc, tscinvbit, avx, avx2, aes, erms, clmul, bmi1, bmi2, rtm, adx, fma, vzeroupper, clflush, clflushopt
CPU Model and flags from /proc/cpuinfo:
model name	: Intel(R) Core(TM) i9-9900K CPU @ 3.60GHz
flags		: fpu vme de pse tsc msr pae mce cx8 apic sep mtrr pge mca cmov pat pse36 clflush dts acpi mmx fxsr sse sse2 ss ht tm pbe syscall nx pdpe1gb rdtscp lm constant_tsc art arch_perfmon pebs bts rep_good nopl xtopology nonstop_tsc cpuid aperfmperf pni pclmulqdq dtes64 monitor ds_cpl vmx smx est tm2 ssse3 sdbg fma cx16 xtpr pdcm pcid sse4_1 sse4_2 x2apic movbe popcnt tsc_deadline_timer aes xsave avx f16c rdrand lahf_lm abm 3dnowprefetch cpuid_fault epb invpcid_single ssbd ibrs ibpb stibp tpr_shadow vnmi flexpriority ept vpid ept_ad fsgsbase tsc_adjust bmi1 hle avx2 smep bmi2 erms invpcid rtm mpx rdseed adx smap clflushopt intel_pt xsaveopt xsavec xgetbv1 xsaves dtherm ida arat pln pts hwp hwp_notify hwp_act_window hwp_epp md_clear flush_l1d arch_capabilities

Online cpus: 0-15
Offline cpus: 
BIOS frequency limitation: <Not Available>
Frequency switch latency (ns): 0
Available cpu frequencies: <Not Available>
Current governor: powersave
Core performance/turbo boost: <Not Available>

Memory: 4k page, physical 65801736k(42321972k free), swap 34282492k(34282492k free)

vm_info: OpenJDK 64-Bit Server VM (16.0.1+9-Ubuntu-1) for linux-amd64 JRE (16.0.1+9-Ubuntu-1), built on Apr 21 2021 04:27:46 by "unknown" with gcc 10.3.0

END.
