#
# A fatal error has been detected by the Java Runtime Environment:
#
#  SIGSEGV (0xb) at pc=0x00007f6f84a01aaf, pid=46494, tid=46510
#
# JRE version: OpenJDK Runtime Environment (16.0.1+9) (build 16.0.1+9-Ubuntu-1)
# Java VM: OpenJDK 64-Bit Server VM (16.0.1+9-Ubuntu-1, mixed mode, sharing, tiered, compressed oops, compressed class ptrs, g1 gc, linux-amd64)
# Problematic frame:
# C  [lmdbjava-native-library-10920593124655241265.so+0x3aaf]  mdb_txn_end+0x11f
#
# Core dump will be written. Default location: Core dumps may be processed with "/usr/share/apport/apport %p %s %c %d %P %E" (or dumping to /opt/subes/dev/Entwicklung/invesdwin/ezdb/ezdb-lmdb-jnr/core.46494)
#
# If you would like to submit a bug report, please visit:
#   Unknown
# The crash happened outside the Java Virtual Machine in native code.
# See problematic frame for where to report the bug.
#

---------------  S U M M A R Y ------------

Command Line: --add-opens=java.base/java.lang=ALL-UNNAMED -ea --illegal-access=permit --add-exports=java.base/jdk.internal.ref=ALL-UNNAMED --add-opens=java.base/jdk.internal.misc=ALL-UNNAMED --add-opens=java.base/java.nioc=ALL-UNNAMED -Dfile.encoding=UTF-8 -XX:+ShowCodeDetailsInExceptionMessages org.eclipse.jdt.internal.junit.runner.RemoteTestRunner -version 3 -port 35141 -testLoaderClass org.eclipse.jdt.internal.junit4.runner.JUnit4TestLoader -loaderpluginname org.eclipse.jdt.junit4.runtime -testNameFile /tmp/testNames11766982942242467162.txt

Host: Intel(R) Core(TM) i9-9900K CPU @ 3.60GHz, 16 cores, 62G, Ubuntu 21.04
Time: Sun Sep 12 19:50:05 2021 CEST elapsed time: 1.231117 seconds (0d 0h 0m 1s)

---------------  T H R E A D  ---------------

Current thread (0x00007f6fd41e8d80):  JavaThread "Finalizer" daemon [_thread_in_native, id=46510, stack(0x00007f6f942ff000,0x00007f6f94400000)]

Stack: [0x00007f6f942ff000,0x00007f6f94400000],  sp=0x00007f6f943fe680,  free space=1021k
Native frames: (J=compiled Java code, A=aot compiled Java code, j=interpreted, Vv=VM code, C=native code)
C  [lmdbjava-native-library-10920593124655241265.so+0x3aaf]  mdb_txn_end+0x11f

Java frames: (J=compiled Java code, j=interpreted, Vv=VM code)
J 3249  org.lmdbjava.Library$Lmdb$jnr$ffi$0.mdb_txn_abort$jni$28(J)V (0 bytes) @ 0x00007f6fc4267a71 [0x00007f6fc4267a20+0x0000000000000051]
J 3248 c1 org.lmdbjava.Library$Lmdb$jnr$ffi$0.mdb_txn_abort(Ljnr/ffi/Pointer;)V (66 bytes) @ 0x00007f6fbd21e01c [0x00007f6fbd21dc80+0x000000000000039c]
J 2753 c1 org.lmdbjava.Txn.close()V (48 bytes) @ 0x00007f6fbd12ccf4 [0x00007f6fbd12cbe0+0x0000000000000114]
J 3277 c1 ezdb.lmdb.util.LmDBJnrDBIterator.close()V (15 bytes) @ 0x00007f6fbd21fcf4 [0x00007f6fbd21fc40+0x00000000000000b4]
j  ezdb.lmdb.util.LmDBJnrDBIterator.finalize()V+5
J 3448 c1 java.lang.ref.Finalizer.runFinalizer(Ljdk/internal/access/JavaLangAccess;)V java.base@16.0.1 (131 bytes) @ 0x00007f6fbd26b914 [0x00007f6fbd26b680+0x0000000000000294]
j  java.lang.ref.Finalizer$FinalizerThread.run()V+46 java.base@16.0.1
v  ~StubRoutines::call_stub

siginfo: si_signo: 11 (SIGSEGV), si_code: 1 (SEGV_MAPERR), si_addr: 0x00007f2e67fff080

Register to memory mapping:

RAX=0x00000000000a0000 is an unknown value
RBX=0x0000000000000001 is an unknown value
RCX=0x0000000000200022 is an unknown value
RDX=0x00007f2e67fff080 is an unknown value
RSP=0x00007f6f943fe680 is pointing into the stack for thread: 0x00007f6fd41e8d80
RBP=0xfffffffffffffffe is an unknown value
RSI=0x0 is NULL
RDI=0x00007f6fd4e86f50 points into unknown readable memory: 0x0000000000000000 | 00 00 00 00 00 00 00 00
R8 =0x0000000000000003 is an unknown value
R9 =2188379030 is a compressed pointer to object: java.lang.ThreadLocal$SuppliedThreadLocal 
{0x0000000413801cb0} - klass: 'java/lang/ThreadLocal$SuppliedThreadLocal'
R10=0x00007f6fc4267a71 is at entry_point+81 in (nmethod*)0x00007f6fc4267890
R11=0x0000000000000034 is an unknown value
R12=0x0000000000000060 is an unknown value
R13=0x00007f6fd4e86f50 points into unknown readable memory: 0x0000000000000000 | 00 00 00 00 00 00 00 00
R14=0x00007f6fd4883f00 points into unknown readable memory: 0x000000080001e0f0 | f0 e0 01 00 08 00 00 00
R15=0x00007f6fd4e87068 points into unknown readable memory: 0x0000000000181808 | 08 18 18 00 00 00 00 00


Registers:
RAX=0x00000000000a0000, RBX=0x0000000000000001, RCX=0x0000000000200022, RDX=0x00007f2e67fff080
RSP=0x00007f6f943fe680, RBP=0xfffffffffffffffe, RSI=0x0000000000000000, RDI=0x00007f6fd4e86f50
R8 =0x0000000000000003, R9 =0x0000000082700396, R10=0x00007f6fc4267a71, R11=0x0000000000000034
R12=0x0000000000000060, R13=0x00007f6fd4e86f50, R14=0x00007f6fd4883f00, R15=0x00007f6fd4e87068
RIP=0x00007f6f84a01aaf, EFLAGS=0x0000000000010246, CSGSFS=0x002b000000000033, ERR=0x0000000000000006
  TRAPNO=0x000000000000000e

Top of Stack: (sp=0x00007f6f943fe680)
0x00007f6f943fe680:   00007f6fd41e8d80 00007f6fd98e27a8
0x00007f6f943fe690:   00007f6f943fe690 00007f6f84c1f7b4
0x00007f6f943fe6a0:   00007f6f943fe6f8 0000000000000000
0x00007f6f943fe6b0:   00007f6f943fe730 0000000000000000 

Instructions: (pc=0x00007f6f84a01aaf)
0x00007f6f84a019af:   20 4c 8b 7f 70 4b 8d 14 24 41 8d 5c 24 ff 4d 89
0x00007f6f84a019bf:   e0 49 01 d4 48 63 db 49 c1 e4 04 49 83 ec 30 eb
0x00007f6f84a019cf:   25 4d 8b 4d 58 49 8b be 90 00 00 00 41 0f b7 44
0x00007f6f84a019df:   01 04 48 01 d7 66 0d 00 80 66 89 44 3d fe 48 83
0x00007f6f84a019ef:   eb 01 48 83 ed 02 83 fb 01 0f 8e 8a 00 00 00 41
0x00007f6f84a019ff:   f6 04 1f 04 74 e8 48 8d 44 6d 00 85 f6 49 8d 04
0x00007f6f84a01a0f:   c4 75 be 49 03 86 88 00 00 00 48 8b 78 08 48 85
0x00007f6f84a01a1f:   ff 74 cb 48 c7 40 08 00 00 00 00 48 c7 00 00 00
0x00007f6f84a01a2f:   00 00 4c 8d 0c 2a 49 8b 86 90 00 00 00 89 4c 24
0x00007f6f84a01a3f:   1c 31 c9 44 89 44 24 18 89 74 24 14 48 89 54 24
0x00007f6f84a01a4f:   08 48 01 d0 66 89 4c 05 fe 49 8b 86 98 00 00 00
0x00007f6f84a01a5f:   42 83 44 48 fc 01 e8 a6 ec ff ff 8b 4c 24 1c 44
0x00007f6f84a01a6f:   8b 44 24 18 8b 74 24 14 48 8b 54 24 08 e9 6c ff
0x00007f6f84a01a7f:   ff ff 0f 1f 80 00 00 00 00 85 f6 74 0a 45 3b 46
0x00007f6f84a01a8f:   20 76 04 45 89 46 20 41 8b 45 7c a9 00 00 02 00
0x00007f6f84a01a9f:   74 5f 49 8b 55 48 48 85 d2 74 25 41 f6 46 0e 20
0x00007f6f84a01aaf:   48 c7 02 ff ff ff ff 74 0f f7 c1 00 00 20 00 74
0x00007f6f84a01abf:   0f c7 42 08 00 00 00 00 49 c7 45 48 00 00 00 00
0x00007f6f84a01acf:   83 c8 01 41 c7 45 78 00 00 00 00 83 e1 20 41 89
0x00007f6f84a01adf:   45 7c 85 c9 0f 85 b0 00 00 00 48 83 c4 28 5b 5d
0x00007f6f84a01aef:   41 5c 41 5d 41 5e 41 5f c3 0f 1f 84 00 00 00 00
0x00007f6f84a01aff:   00 a8 01 0f 85 a8 00 00 00 f6 c1 10 49 8b 9e b0
0x00007f6f84a01b0f:   00 00 00 0f 84 a8 00 00 00 41 f6 46 0e 08 0f 84
0x00007f6f84a01b1f:   bd 00 00 00 48 b8 00 00 00 00 01 00 00 00 49 89
0x00007f6f84a01b2f:   45 78 49 8b 45 00 48 85 c0 0f 84 12 01 00 00 f3
0x00007f6f84a01b3f:   41 0f 6f 85 88 00 00 00 83 60 7c ef 48 c7 40 08
0x00007f6f84a01b4f:   00 00 00 00 49 8b 7d 28 89 4c 24 08 41 0f 11 86
0x00007f6f84a01b5f:   b0 00 00 00 e8 58 ec ff ff 49 8b 7d 40 e8 4f ec
0x00007f6f84a01b6f:   ff ff 49 8b 7d 48 e8 96 eb ff ff 8b 4c 24 08 48
0x00007f6f84a01b7f:   89 df 83 e1 20 89 4c 24 08 e8 33 ec ff ff 8b 4c
0x00007f6f84a01b8f:   24 08 85 c9 0f 84 50 ff ff ff 48 83 c4 28 4c 89
0x00007f6f84a01b9f:   ef 5b 5d 41 5c 41 5d 41 5e 41 5f e9 61 eb ff ff 


Stack slot to memory mapping:
stack at sp + 0 slots: 0x00007f6fd41e8d80 is a thread
stack at sp + 1 slots: 0x00007f6fd98e27a8: cfree+0x0000000000000068 in /lib/x86_64-linux-gnu/libc.so.6 at 0x00007f6fd984b000
stack at sp + 2 slots: 0x00007f6f943fe690 is pointing into the stack for thread: 0x00007f6fd41e8d80
stack at sp + 3 slots: 0x00007f6f84c1f7b4: jffi_save_errno+0x0000000000000024 in /tmp/jffi8197619640953442724.so at 0x00007f6f84c14000
stack at sp + 4 slots: 0x00007f6f943fe6f8 is pointing into the stack for thread: 0x00007f6fd41e8d80
stack at sp + 5 slots: 0x0 is NULL
stack at sp + 6 slots: 0x00007f6f943fe730 is pointing into the stack for thread: 0x00007f6fd41e8d80
stack at sp + 7 slots: 0x0 is NULL


---------------  P R O C E S S  ---------------

Threads class SMR info:
_java_thread_list=0x00007f6f4421b620, length=33, elements={
0x00007f6fd4011610, 0x00007f6fd41e7800, 0x00007f6fd41e8d80, 0x00007f6fd41ed630,
0x00007f6fd41eeb80, 0x00007f6fd41f00a0, 0x00007f6fd41f1c00, 0x00007f6fd41fb250,
0x00007f6fd41fc7f0, 0x00007f6f5805c4f0, 0x00007f6fd423a580, 0x00007f6fd423d130,
0x00007f6fd43417a0, 0x00007f6f501daaf0, 0x00007f6f501dbd90, 0x00007f6f380030d0,
0x00007f6fd44ede50, 0x00007f6f502f75a0, 0x00007f6f502f8c50, 0x00007f6f4411cfc0,
0x00007f4eac01d390, 0x00007f4eac0209f0, 0x00007f6fd4bc6fd0, 0x00007f6fd4bc7510,
0x00007f6fd4ba4ed0, 0x00007f6fd4ba5c70, 0x00007f6fd4bd91c0, 0x00007f6fd4bda180,
0x00007f6fd4bdb240, 0x00007f6fd4bdc370, 0x00007f6fd4bdd4a0, 0x00007f6fd4bde4c0,
0x00007f6f4421a500
}

Java Threads: ( => current thread )
  0x00007f6fd4011610 JavaThread "main" [_thread_blocked, id=46500, stack(0x00007f6fd81a8000,0x00007f6fd82a9000)]
  0x00007f6fd41e7800 JavaThread "Reference Handler" daemon [_thread_blocked, id=46509, stack(0x00007f6f94c44000,0x00007f6f94d45000)]
=>0x00007f6fd41e8d80 JavaThread "Finalizer" daemon [_thread_in_native, id=46510, stack(0x00007f6f942ff000,0x00007f6f94400000)]
  0x00007f6fd41ed630 JavaThread "Signal Dispatcher" daemon [_thread_blocked, id=46511, stack(0x00007f6f941fe000,0x00007f6f942ff000)]
  0x00007f6fd41eeb80 JavaThread "Service Thread" daemon [_thread_blocked, id=46512, stack(0x00007f6f940fd000,0x00007f6f941fe000)]
  0x00007f6fd41f00a0 JavaThread "Monitor Deflation Thread" daemon [_thread_blocked, id=46513, stack(0x00007f6f85932000,0x00007f6f85a33000)]
  0x00007f6fd41f1c00 JavaThread "C2 CompilerThread0" daemon [_thread_in_native, id=46514, stack(0x00007f6f85831000,0x00007f6f85932000)]
  0x00007f6fd41fb250 JavaThread "C1 CompilerThread0" daemon [_thread_blocked, id=46515, stack(0x00007f6f85730000,0x00007f6f85831000)]
  0x00007f6fd41fc7f0 JavaThread "Sweeper thread" daemon [_thread_blocked, id=46516, stack(0x00007f6f8562f000,0x00007f6f85730000)]
  0x00007f6f5805c4f0 JavaThread "C1 CompilerThread1" daemon [_thread_blocked, id=46517, stack(0x00007f6f8552e000,0x00007f6f8562f000)]
  0x00007f6fd423a580 JavaThread "Common-Cleaner" daemon [_thread_blocked, id=46518, stack(0x00007f6f8542d000,0x00007f6f8552e000)]
  0x00007f6fd423d130 JavaThread "Notification Thread" daemon [_thread_blocked, id=46519, stack(0x00007f6f8532c000,0x00007f6f8542d000)]
  0x00007f6fd43417a0 JavaThread "ReaderThread" [_thread_in_native, id=46521, stack(0x00007f6f85129000,0x00007f6f8522a000)]
  0x00007f6f501daaf0 JavaThread "C1 CompilerThread2" daemon [_thread_blocked, id=46522, stack(0x00007f6f85028000,0x00007f6f85129000)]
  0x00007f6f501dbd90 JavaThread "C1 CompilerThread3" daemon [_thread_blocked, id=46523, stack(0x00007f6f84f27000,0x00007f6f85028000)]
  0x00007f6f380030d0 JavaThread "C2 CompilerThread1" daemon [_thread_in_native, id=46524, stack(0x00007f6f84e26000,0x00007f6f84f27000)]
  0x00007f6fd44ede50 JavaThread "jnr.ffi.util.ref.internal.Finalizer" daemon [_thread_blocked, id=46525, stack(0x00007f6f845fb000,0x00007f6f846fc000)]
  0x00007f6f502f75a0 JavaThread "C2 CompilerThread2" daemon [_thread_in_native, id=46526, stack(0x00007f6f844fa000,0x00007f6f845fb000)]
  0x00007f6f502f8c50 JavaThread "C2 CompilerThread3" daemon [_thread_in_native, id=46527, stack(0x00007f6f843f9000,0x00007f6f844fa000)]
  0x00007f6f4411cfc0 JavaThread "C2 CompilerThread4" daemon [_thread_in_native, id=46528, stack(0x00007f6f842f8000,0x00007f6f843f9000)]
  0x00007f4eac01d390 JavaThread "C2 CompilerThread5" daemon [_thread_in_native, id=46529, stack(0x00007f6f841f7000,0x00007f6f842f8000)]
  0x00007f4eac0209f0 JavaThread "C2 CompilerThread6" daemon [_thread_in_native, id=46542, stack(0x00007f4eb5aee000,0x00007f4eb5bef000)]
  0x00007f6fd4bc6fd0 JavaThread "Thread-0" [_thread_in_native, id=46546, stack(0x00007f4eb59ed000,0x00007f4eb5aee000)]
  0x00007f6fd4bc7510 JavaThread "Thread-1" [_thread_in_Java, id=46547, stack(0x00007f6f848fd000,0x00007f6f849fe000)]
  0x00007f6fd4ba4ed0 JavaThread "Thread-2" [_thread_in_Java, id=46548, stack(0x00007f6f847fc000,0x00007f6f848fd000)]
  0x00007f6fd4ba5c70 JavaThread "Thread-3" [_thread_in_Java, id=46549, stack(0x00007f6f34cff000,0x00007f6f34e00000)]
  0x00007f6fd4bd91c0 JavaThread "Thread-4" [_thread_in_native, id=46550, stack(0x00007f6f34bfe000,0x00007f6f34cff000)]
  0x00007f6fd4bda180 JavaThread "Thread-5" [_thread_in_native, id=46551, stack(0x00007f6f34afd000,0x00007f6f34bfe000)]
  0x00007f6fd4bdb240 JavaThread "Thread-6" [_thread_blocked, id=46552, stack(0x00007f6f349fc000,0x00007f6f34afd000)]
  0x00007f6fd4bdc370 JavaThread "Thread-7" [_thread_in_native, id=46553, stack(0x00007f6f348fb000,0x00007f6f349fc000)]
  0x00007f6fd4bdd4a0 JavaThread "Thread-8" [_thread_in_Java, id=46554, stack(0x00007f6f347fa000,0x00007f6f348fb000)]
  0x00007f6fd4bde4c0 JavaThread "Thread-9" [_thread_in_Java, id=46555, stack(0x00007f6f346f9000,0x00007f6f347fa000)]
  0x00007f6f4421a500 JavaThread "C2 CompilerThread7" daemon [_thread_in_native, id=46556, stack(0x00007f6f345f8000,0x00007f6f346f9000)]

Other Threads:
  0x00007f6fd41e5110 VMThread "VM Thread" [stack: 0x00007f6f94d47000,0x00007f6f94e47000] [id=46508]
  0x00007f6fd423ec10 WatcherThread [stack: 0x00007f6f8522c000,0x00007f6f8532c000] [id=46520]
  0x00007f6fd404c420 GCTaskThread "GC Thread#0" [stack: 0x00007f6f9607b000,0x00007f6f9617b000] [id=46503]
  0x00007f6f7c005d50 GCTaskThread "GC Thread#1" [stack: 0x00007f6f840f7000,0x00007f6f841f7000] [id=46530]
  0x00007f6f7c0068d0 GCTaskThread "GC Thread#2" [stack: 0x00007f4eb7eff000,0x00007f4eb7fff000] [id=46531]
  0x00007f6f7c007450 GCTaskThread "GC Thread#3" [stack: 0x00007f4eb7dfd000,0x00007f4eb7efd000] [id=46532]
  0x00007f6f7c0083c0 GCTaskThread "GC Thread#4" [stack: 0x00007f4eb7cfb000,0x00007f4eb7dfb000] [id=46533]
  0x00007f6f7c009330 GCTaskThread "GC Thread#5" [stack: 0x00007f4eb62ff000,0x00007f4eb63ff000] [id=46534]
  0x00007f6f7c00a2a0 GCTaskThread "GC Thread#6" [stack: 0x00007f4eb61fd000,0x00007f4eb62fd000] [id=46535]
  0x00007f6f7c00b210 GCTaskThread "GC Thread#7" [stack: 0x00007f4eb60fb000,0x00007f4eb61fb000] [id=46536]
  0x00007f6f7c00c180 GCTaskThread "GC Thread#8" [stack: 0x00007f4eb5ff9000,0x00007f4eb60f9000] [id=46537]
  0x00007f6f7c00d0f0 GCTaskThread "GC Thread#9" [stack: 0x00007f4eb5ef7000,0x00007f4eb5ff7000] [id=46538]
  0x00007f6f7c00e060 GCTaskThread "GC Thread#10" [stack: 0x00007f4eb5df5000,0x00007f4eb5ef5000] [id=46539]
  0x00007f6f7c00efd0 GCTaskThread "GC Thread#11" [stack: 0x00007f4eb5cf3000,0x00007f4eb5df3000] [id=46540]
  0x00007f6f7c00fb50 GCTaskThread "GC Thread#12" [stack: 0x00007f4eb5bf1000,0x00007f4eb5cf1000] [id=46541]
  0x00007f6fd405d6c0 ConcurrentGCThread "G1 Main Marker" [stack: 0x00007f6f95f79000,0x00007f6f96079000] [id=46504]
  0x00007f6fd405e750 ConcurrentGCThread "G1 Conc#0" [stack: 0x00007f6f95e77000,0x00007f6f95f77000] [id=46505]
  0x00007f6fd41a8e40 ConcurrentGCThread "G1 Refine#0" [stack: 0x00007f6f95068000,0x00007f6f95168000] [id=46506]
  0x00007f6fd41a9e60 ConcurrentGCThread "G1 Service" [stack: 0x00007f6f94f66000,0x00007f6f95066000] [id=46507]

Threads with active compile tasks:
C2 CompilerThread0     1233 3396       4       io.netty.buffer.PoolArena::allocate (18 bytes)
C2 CompilerThread1     1233 3397       4       io.netty.buffer.PoolArena$DirectArena::newByteBuf (16 bytes)
C2 CompilerThread2     1233 3232       4       io.netty.buffer.PooledByteBufAllocator::newDirectBuffer (68 bytes)
C2 CompilerThread3     1233 3385   !   4       io.netty.buffer.PoolArena::tcacheAllocateSmall (184 bytes)
C2 CompilerThread4     1233 3384       4       io.netty.buffer.PoolArena::allocate (75 bytes)
C2 CompilerThread5     1233 3436       4       io.netty.buffer.AbstractReferenceCountedByteBuf::release (13 bytes)
C2 CompilerThread6     1233 3342       4       ezdb.util.Util::compareKeys (139 bytes)
C2 CompilerThread7     1233 3423       4       org.lmdbjava.ByteBufferProxy$AbstractByteBufferProxy::allocate (5 bytes)

VM state: not at safepoint (normal execution)

VM Mutex/Monitor currently owned by a thread:  ([mutex/lock_event])
[0x00007f6fd400f570] MethodCompileQueue_lock - owner thread: 0x00007f6fd4bdb240

Heap address: 0x0000000413800000, size: 16072 MB, Compressed Oops mode: Zero based, Oop shift amount: 3

CDS archive(s) mapped at: [0x0000000800000000-0x0000000800bf9000-0x0000000800bf9000), size 12554240, SharedBaseAddress: 0x0000000800000000, ArchiveRelocationMode: 0.
Compressed class space mapped at: 0x0000000800c00000-0x0000000840c00000, reserved size: 1073741824
Narrow klass base: 0x0000000800000000, Narrow klass shift: 3, Narrow klass range: 0x100000000

GC Precious Log:
 CPUs: 16 total, 16 available
 Memory: 64259M
 Large Page Support: Disabled
 NUMA Support: Disabled
 Compressed Oops: Enabled (Zero based)
 Heap Region Size: 8M
 Heap Min Capacity: 8M
 Heap Initial Capacity: 1008M
 Heap Max Capacity: 16072M
 Pre-touch: Disabled
 Parallel Workers: 13
 Concurrent Workers: 3
 Concurrent Refinement Workers: 13
 Periodic GC: Disabled

Heap:
 garbage-first heap   total 1048576K, used 297826K [0x0000000413800000, 0x0000000800000000)
  region size 8192K, 6 young (49152K), 1 survivors (8192K)
 Metaspace       used 11756K, committed 11968K, reserved 1064960K
  class space    used 1140K, committed 1280K, reserved 1048576K

Heap Regions: E=young(eden), S=young(survivor), O=old, HS=humongous(starts), HC=humongous(continues), CS=collection set, F=free, OA=open archive, CA=closed archive, TAMS=top-at-mark-start (previous, next)
|   0|0x0000000413800000, 0x0000000413cf1400, 0x0000000414000000| 61%| O|  |TAMS 0x0000000413800000, 0x0000000413800000| Untracked 
|   1|0x0000000414000000, 0x0000000414800000, 0x0000000414800000|100%|HS|  |TAMS 0x0000000414000000, 0x0000000414000000| Complete 
|   2|0x0000000414800000, 0x0000000415000000, 0x0000000415000000|100%|HC|  |TAMS 0x0000000414800000, 0x0000000414800000| Complete 
|   3|0x0000000415000000, 0x0000000415800000, 0x0000000415800000|100%|HC|  |TAMS 0x0000000415000000, 0x0000000415000000| Complete 
|   4|0x0000000415800000, 0x0000000416000000, 0x0000000416000000|100%|HS|  |TAMS 0x0000000415800000, 0x0000000415800000| Complete 
|   5|0x0000000416000000, 0x0000000416800000, 0x0000000416800000|100%|HC|  |TAMS 0x0000000416000000, 0x0000000416000000| Complete 
|   6|0x0000000416800000, 0x0000000417000000, 0x0000000417000000|100%|HC|  |TAMS 0x0000000416800000, 0x0000000416800000| Complete 
|   7|0x0000000417000000, 0x0000000417800000, 0x0000000417800000|100%|HS|  |TAMS 0x0000000417000000, 0x0000000417000000| Complete 
|   8|0x0000000417800000, 0x0000000418000000, 0x0000000418000000|100%|HC|  |TAMS 0x0000000417800000, 0x0000000417800000| Complete 
|   9|0x0000000418000000, 0x0000000418800000, 0x0000000418800000|100%|HC|  |TAMS 0x0000000418000000, 0x0000000418000000| Complete 
|  10|0x0000000418800000, 0x0000000419000000, 0x0000000419000000|100%|HS|  |TAMS 0x0000000418800000, 0x0000000418800000| Complete 
|  11|0x0000000419000000, 0x0000000419800000, 0x0000000419800000|100%|HC|  |TAMS 0x0000000419000000, 0x0000000419000000| Complete 
|  12|0x0000000419800000, 0x000000041a000000, 0x000000041a000000|100%|HC|  |TAMS 0x0000000419800000, 0x0000000419800000| Complete 
|  13|0x000000041a000000, 0x000000041a800000, 0x000000041a800000|100%|HS|  |TAMS 0x000000041a000000, 0x000000041a000000| Complete 
|  14|0x000000041a800000, 0x000000041b000000, 0x000000041b000000|100%|HC|  |TAMS 0x000000041a800000, 0x000000041a800000| Complete 
|  15|0x000000041b000000, 0x000000041b800000, 0x000000041b800000|100%|HC|  |TAMS 0x000000041b000000, 0x000000041b000000| Complete 
|  16|0x000000041b800000, 0x000000041c000000, 0x000000041c000000|100%|HS|  |TAMS 0x000000041b800000, 0x000000041b800000| Complete 
|  17|0x000000041c000000, 0x000000041c800000, 0x000000041c800000|100%|HC|  |TAMS 0x000000041c000000, 0x000000041c000000| Complete 
|  18|0x000000041c800000, 0x000000041d000000, 0x000000041d000000|100%|HC|  |TAMS 0x000000041c800000, 0x000000041c800000| Complete 
|  19|0x000000041d000000, 0x000000041d800000, 0x000000041d800000|100%|HS|  |TAMS 0x000000041d000000, 0x000000041d000000| Complete 
|  20|0x000000041d800000, 0x000000041e000000, 0x000000041e000000|100%|HC|  |TAMS 0x000000041d800000, 0x000000041d800000| Complete 
|  21|0x000000041e000000, 0x000000041e800000, 0x000000041e800000|100%|HC|  |TAMS 0x000000041e000000, 0x000000041e000000| Complete 
|  22|0x000000041e800000, 0x000000041f000000, 0x000000041f000000|100%|HS|  |TAMS 0x000000041e800000, 0x000000041e800000| Complete 
|  23|0x000000041f000000, 0x000000041f800000, 0x000000041f800000|100%|HC|  |TAMS 0x000000041f000000, 0x000000041f000000| Complete 
|  24|0x000000041f800000, 0x0000000420000000, 0x0000000420000000|100%|HC|  |TAMS 0x000000041f800000, 0x000000041f800000| Complete 
|  25|0x0000000420000000, 0x0000000420800000, 0x0000000420800000|100%|HS|  |TAMS 0x0000000420000000, 0x0000000420000000| Complete 
|  26|0x0000000420800000, 0x0000000421000000, 0x0000000421000000|100%|HC|  |TAMS 0x0000000420800000, 0x0000000420800000| Complete 
|  27|0x0000000421000000, 0x0000000421800000, 0x0000000421800000|100%|HC|  |TAMS 0x0000000421000000, 0x0000000421000000| Complete 
|  28|0x0000000421800000, 0x0000000422000000, 0x0000000422000000|100%|HS|  |TAMS 0x0000000421800000, 0x0000000421800000| Complete 
|  29|0x0000000422000000, 0x0000000422800000, 0x0000000422800000|100%|HC|  |TAMS 0x0000000422000000, 0x0000000422000000| Complete 
|  30|0x0000000422800000, 0x0000000423000000, 0x0000000423000000|100%|HC|  |TAMS 0x0000000422800000, 0x0000000422800000| Complete 
|  31|0x0000000423000000, 0x0000000423000000, 0x0000000423800000|  0%| F|  |TAMS 0x0000000423000000, 0x0000000423000000| Untracked 
|  32|0x0000000423800000, 0x0000000423800000, 0x0000000424000000|  0%| F|  |TAMS 0x0000000423800000, 0x0000000423800000| Untracked 
|  33|0x0000000424000000, 0x0000000424000000, 0x0000000424800000|  0%| F|  |TAMS 0x0000000424000000, 0x0000000424000000| Untracked 
|  34|0x0000000424800000, 0x0000000424800000, 0x0000000425000000|  0%| F|  |TAMS 0x0000000424800000, 0x0000000424800000| Untracked 
|  35|0x0000000425000000, 0x0000000425000000, 0x0000000425800000|  0%| F|  |TAMS 0x0000000425000000, 0x0000000425000000| Untracked 
|  36|0x0000000425800000, 0x0000000425800000, 0x0000000426000000|  0%| F|  |TAMS 0x0000000425800000, 0x0000000425800000| Untracked 
|  37|0x0000000426000000, 0x0000000426000000, 0x0000000426800000|  0%| F|  |TAMS 0x0000000426000000, 0x0000000426000000| Untracked 
|  38|0x0000000426800000, 0x0000000426800000, 0x0000000427000000|  0%| F|  |TAMS 0x0000000426800000, 0x0000000426800000| Untracked 
|  39|0x0000000427000000, 0x0000000427000000, 0x0000000427800000|  0%| F|  |TAMS 0x0000000427000000, 0x0000000427000000| Untracked 
|  40|0x0000000427800000, 0x0000000427800000, 0x0000000428000000|  0%| F|  |TAMS 0x0000000427800000, 0x0000000427800000| Untracked 
|  41|0x0000000428000000, 0x0000000428000000, 0x0000000428800000|  0%| F|  |TAMS 0x0000000428000000, 0x0000000428000000| Untracked 
|  42|0x0000000428800000, 0x0000000428800000, 0x0000000429000000|  0%| F|  |TAMS 0x0000000428800000, 0x0000000428800000| Untracked 
|  43|0x0000000429000000, 0x0000000429000000, 0x0000000429800000|  0%| F|  |TAMS 0x0000000429000000, 0x0000000429000000| Untracked 
|  44|0x0000000429800000, 0x0000000429800000, 0x000000042a000000|  0%| F|  |TAMS 0x0000000429800000, 0x0000000429800000| Untracked 
|  45|0x000000042a000000, 0x000000042a000000, 0x000000042a800000|  0%| F|  |TAMS 0x000000042a000000, 0x000000042a000000| Untracked 
|  46|0x000000042a800000, 0x000000042a800000, 0x000000042b000000|  0%| F|  |TAMS 0x000000042a800000, 0x000000042a800000| Untracked 
|  47|0x000000042b000000, 0x000000042b000000, 0x000000042b800000|  0%| F|  |TAMS 0x000000042b000000, 0x000000042b000000| Untracked 
|  48|0x000000042b800000, 0x000000042b800000, 0x000000042c000000|  0%| F|  |TAMS 0x000000042b800000, 0x000000042b800000| Untracked 
|  49|0x000000042c000000, 0x000000042c000000, 0x000000042c800000|  0%| F|  |TAMS 0x000000042c000000, 0x000000042c000000| Untracked 
|  50|0x000000042c800000, 0x000000042c800000, 0x000000042d000000|  0%| F|  |TAMS 0x000000042c800000, 0x000000042c800000| Untracked 
|  51|0x000000042d000000, 0x000000042d000000, 0x000000042d800000|  0%| F|  |TAMS 0x000000042d000000, 0x000000042d000000| Untracked 
|  52|0x000000042d800000, 0x000000042d800000, 0x000000042e000000|  0%| F|  |TAMS 0x000000042d800000, 0x000000042d800000| Untracked 
|  53|0x000000042e000000, 0x000000042e000000, 0x000000042e800000|  0%| F|  |TAMS 0x000000042e000000, 0x000000042e000000| Untracked 
|  54|0x000000042e800000, 0x000000042e800000, 0x000000042f000000|  0%| F|  |TAMS 0x000000042e800000, 0x000000042e800000| Untracked 
|  55|0x000000042f000000, 0x000000042f000000, 0x000000042f800000|  0%| F|  |TAMS 0x000000042f000000, 0x000000042f000000| Untracked 
|  56|0x000000042f800000, 0x000000042f800000, 0x0000000430000000|  0%| F|  |TAMS 0x000000042f800000, 0x000000042f800000| Untracked 
|  57|0x0000000430000000, 0x0000000430000000, 0x0000000430800000|  0%| F|  |TAMS 0x0000000430000000, 0x0000000430000000| Untracked 
|  58|0x0000000430800000, 0x0000000430800000, 0x0000000431000000|  0%| F|  |TAMS 0x0000000430800000, 0x0000000430800000| Untracked 
|  59|0x0000000431000000, 0x0000000431000000, 0x0000000431800000|  0%| F|  |TAMS 0x0000000431000000, 0x0000000431000000| Untracked 
|  60|0x0000000431800000, 0x0000000431800000, 0x0000000432000000|  0%| F|  |TAMS 0x0000000431800000, 0x0000000431800000| Untracked 
|  61|0x0000000432000000, 0x0000000432000000, 0x0000000432800000|  0%| F|  |TAMS 0x0000000432000000, 0x0000000432000000| Untracked 
|  62|0x0000000432800000, 0x0000000432800000, 0x0000000433000000|  0%| F|  |TAMS 0x0000000432800000, 0x0000000432800000| Untracked 
|  63|0x0000000433000000, 0x0000000433000000, 0x0000000433800000|  0%| F|  |TAMS 0x0000000433000000, 0x0000000433000000| Untracked 
|  64|0x0000000433800000, 0x0000000433800000, 0x0000000434000000|  0%| F|  |TAMS 0x0000000433800000, 0x0000000433800000| Untracked 
|  65|0x0000000434000000, 0x0000000434000000, 0x0000000434800000|  0%| F|  |TAMS 0x0000000434000000, 0x0000000434000000| Untracked 
|  66|0x0000000434800000, 0x0000000434800000, 0x0000000435000000|  0%| F|  |TAMS 0x0000000434800000, 0x0000000434800000| Untracked 
|  67|0x0000000435000000, 0x0000000435000000, 0x0000000435800000|  0%| F|  |TAMS 0x0000000435000000, 0x0000000435000000| Untracked 
|  68|0x0000000435800000, 0x0000000435800000, 0x0000000436000000|  0%| F|  |TAMS 0x0000000435800000, 0x0000000435800000| Untracked 
|  69|0x0000000436000000, 0x0000000436000000, 0x0000000436800000|  0%| F|  |TAMS 0x0000000436000000, 0x0000000436000000| Untracked 
|  70|0x0000000436800000, 0x0000000436800000, 0x0000000437000000|  0%| F|  |TAMS 0x0000000436800000, 0x0000000436800000| Untracked 
|  71|0x0000000437000000, 0x0000000437000000, 0x0000000437800000|  0%| F|  |TAMS 0x0000000437000000, 0x0000000437000000| Untracked 
|  72|0x0000000437800000, 0x0000000437800000, 0x0000000438000000|  0%| F|  |TAMS 0x0000000437800000, 0x0000000437800000| Untracked 
|  73|0x0000000438000000, 0x0000000438000000, 0x0000000438800000|  0%| F|  |TAMS 0x0000000438000000, 0x0000000438000000| Untracked 
|  74|0x0000000438800000, 0x0000000438800000, 0x0000000439000000|  0%| F|  |TAMS 0x0000000438800000, 0x0000000438800000| Untracked 
|  75|0x0000000439000000, 0x0000000439000000, 0x0000000439800000|  0%| F|  |TAMS 0x0000000439000000, 0x0000000439000000| Untracked 
|  76|0x0000000439800000, 0x0000000439800000, 0x000000043a000000|  0%| F|  |TAMS 0x0000000439800000, 0x0000000439800000| Untracked 
|  77|0x000000043a000000, 0x000000043a000000, 0x000000043a800000|  0%| F|  |TAMS 0x000000043a000000, 0x000000043a000000| Untracked 
|  78|0x000000043a800000, 0x000000043a800000, 0x000000043b000000|  0%| F|  |TAMS 0x000000043a800000, 0x000000043a800000| Untracked 
|  79|0x000000043b000000, 0x000000043b000000, 0x000000043b800000|  0%| F|  |TAMS 0x000000043b000000, 0x000000043b000000| Untracked 
|  80|0x000000043b800000, 0x000000043b800000, 0x000000043c000000|  0%| F|  |TAMS 0x000000043b800000, 0x000000043b800000| Untracked 
|  81|0x000000043c000000, 0x000000043c000000, 0x000000043c800000|  0%| F|  |TAMS 0x000000043c000000, 0x000000043c000000| Untracked 
|  82|0x000000043c800000, 0x000000043c800000, 0x000000043d000000|  0%| F|  |TAMS 0x000000043c800000, 0x000000043c800000| Untracked 
|  83|0x000000043d000000, 0x000000043d000000, 0x000000043d800000|  0%| F|  |TAMS 0x000000043d000000, 0x000000043d000000| Untracked 
|  84|0x000000043d800000, 0x000000043d800000, 0x000000043e000000|  0%| F|  |TAMS 0x000000043d800000, 0x000000043d800000| Untracked 
|  85|0x000000043e000000, 0x000000043e000000, 0x000000043e800000|  0%| F|  |TAMS 0x000000043e000000, 0x000000043e000000| Untracked 
|  86|0x000000043e800000, 0x000000043e800000, 0x000000043f000000|  0%| F|  |TAMS 0x000000043e800000, 0x000000043e800000| Untracked 
|  87|0x000000043f000000, 0x000000043f000000, 0x000000043f800000|  0%| F|  |TAMS 0x000000043f000000, 0x000000043f000000| Untracked 
|  88|0x000000043f800000, 0x000000043f800000, 0x0000000440000000|  0%| F|  |TAMS 0x000000043f800000, 0x000000043f800000| Untracked 
|  89|0x0000000440000000, 0x0000000440000000, 0x0000000440800000|  0%| F|  |TAMS 0x0000000440000000, 0x0000000440000000| Untracked 
|  90|0x0000000440800000, 0x0000000440800000, 0x0000000441000000|  0%| F|  |TAMS 0x0000000440800000, 0x0000000440800000| Untracked 
|  91|0x0000000441000000, 0x0000000441000000, 0x0000000441800000|  0%| F|  |TAMS 0x0000000441000000, 0x0000000441000000| Untracked 
|  92|0x0000000441800000, 0x0000000441800000, 0x0000000442000000|  0%| F|  |TAMS 0x0000000441800000, 0x0000000441800000| Untracked 
|  93|0x0000000442000000, 0x0000000442000000, 0x0000000442800000|  0%| F|  |TAMS 0x0000000442000000, 0x0000000442000000| Untracked 
|  94|0x0000000442800000, 0x0000000442800000, 0x0000000443000000|  0%| F|  |TAMS 0x0000000442800000, 0x0000000442800000| Untracked 
|  95|0x0000000443000000, 0x0000000443000000, 0x0000000443800000|  0%| F|  |TAMS 0x0000000443000000, 0x0000000443000000| Untracked 
|  96|0x0000000443800000, 0x0000000443800000, 0x0000000444000000|  0%| F|  |TAMS 0x0000000443800000, 0x0000000443800000| Untracked 
|  97|0x0000000444000000, 0x0000000444000000, 0x0000000444800000|  0%| F|  |TAMS 0x0000000444000000, 0x0000000444000000| Untracked 
|  98|0x0000000444800000, 0x0000000444800000, 0x0000000445000000|  0%| F|  |TAMS 0x0000000444800000, 0x0000000444800000| Untracked 
|  99|0x0000000445000000, 0x0000000445000000, 0x0000000445800000|  0%| F|  |TAMS 0x0000000445000000, 0x0000000445000000| Untracked 
| 100|0x0000000445800000, 0x0000000445800000, 0x0000000446000000|  0%| F|  |TAMS 0x0000000445800000, 0x0000000445800000| Untracked 
| 101|0x0000000446000000, 0x0000000446000000, 0x0000000446800000|  0%| F|  |TAMS 0x0000000446000000, 0x0000000446000000| Untracked 
| 102|0x0000000446800000, 0x0000000446800000, 0x0000000447000000|  0%| F|  |TAMS 0x0000000446800000, 0x0000000446800000| Untracked 
| 103|0x0000000447000000, 0x0000000447000000, 0x0000000447800000|  0%| F|  |TAMS 0x0000000447000000, 0x0000000447000000| Untracked 
| 104|0x0000000447800000, 0x0000000447800000, 0x0000000448000000|  0%| F|  |TAMS 0x0000000447800000, 0x0000000447800000| Untracked 
| 105|0x0000000448000000, 0x0000000448000000, 0x0000000448800000|  0%| F|  |TAMS 0x0000000448000000, 0x0000000448000000| Untracked 
| 106|0x0000000448800000, 0x0000000448800000, 0x0000000449000000|  0%| F|  |TAMS 0x0000000448800000, 0x0000000448800000| Untracked 
| 107|0x0000000449000000, 0x0000000449000000, 0x0000000449800000|  0%| F|  |TAMS 0x0000000449000000, 0x0000000449000000| Untracked 
| 108|0x0000000449800000, 0x0000000449800000, 0x000000044a000000|  0%| F|  |TAMS 0x0000000449800000, 0x0000000449800000| Untracked 
| 109|0x000000044a000000, 0x000000044a000000, 0x000000044a800000|  0%| F|  |TAMS 0x000000044a000000, 0x000000044a000000| Untracked 
| 110|0x000000044a800000, 0x000000044ade9650, 0x000000044b000000| 73%| S|CS|TAMS 0x000000044a800000, 0x000000044a800000| Complete 
| 111|0x000000044b000000, 0x000000044b000000, 0x000000044b800000|  0%| F|  |TAMS 0x000000044b000000, 0x000000044b000000| Untracked 
| 112|0x000000044b800000, 0x000000044b800000, 0x000000044c000000|  0%| F|  |TAMS 0x000000044b800000, 0x000000044b800000| Untracked 
| 113|0x000000044c000000, 0x000000044c000000, 0x000000044c800000|  0%| F|  |TAMS 0x000000044c000000, 0x000000044c000000| Untracked 
| 114|0x000000044c800000, 0x000000044c800000, 0x000000044d000000|  0%| F|  |TAMS 0x000000044c800000, 0x000000044c800000| Untracked 
| 115|0x000000044d000000, 0x000000044d000000, 0x000000044d800000|  0%| F|  |TAMS 0x000000044d000000, 0x000000044d000000| Untracked 
| 116|0x000000044d800000, 0x000000044d800000, 0x000000044e000000|  0%| F|  |TAMS 0x000000044d800000, 0x000000044d800000| Untracked 
| 117|0x000000044e000000, 0x000000044e000000, 0x000000044e800000|  0%| F|  |TAMS 0x000000044e000000, 0x000000044e000000| Untracked 
| 118|0x000000044e800000, 0x000000044e800000, 0x000000044f000000|  0%| F|  |TAMS 0x000000044e800000, 0x000000044e800000| Untracked 
| 119|0x000000044f000000, 0x000000044f000000, 0x000000044f800000|  0%| F|  |TAMS 0x000000044f000000, 0x000000044f000000| Untracked 
| 120|0x000000044f800000, 0x000000044f800000, 0x0000000450000000|  0%| F|  |TAMS 0x000000044f800000, 0x000000044f800000| Untracked 
| 121|0x0000000450000000, 0x00000004502f0788, 0x0000000450800000| 36%| E|  |TAMS 0x0000000450000000, 0x0000000450000000| Complete 
| 122|0x0000000450800000, 0x0000000451000000, 0x0000000451000000|100%| E|CS|TAMS 0x0000000450800000, 0x0000000450800000| Complete 
| 123|0x0000000451000000, 0x0000000451800000, 0x0000000451800000|100%| E|CS|TAMS 0x0000000451000000, 0x0000000451000000| Complete 
| 124|0x0000000451800000, 0x0000000452000000, 0x0000000452000000|100%| E|CS|TAMS 0x0000000451800000, 0x0000000451800000| Complete 
| 125|0x0000000452000000, 0x0000000452800000, 0x0000000452800000|100%| E|CS|TAMS 0x0000000452000000, 0x0000000452000000| Complete 
|2007|0x00000007ff000000, 0x00000007ff776000, 0x00000007ff800000| 93%|OA|  |TAMS 0x00000007ff000000, 0x00000007ff000000| Untracked 
|2008|0x00000007ff800000, 0x00000007ff888000, 0x0000000800000000|  6%|CA|  |TAMS 0x00000007ff800000, 0x00000007ff800000| Untracked 

Card table byte_map: [0x00007f6fb77e0000,0x00007f6fb9744000] _byte_map_base: 0x00007f6fb5744000

Marking Bits (Prev, Next): (CMBitMap*) 0x00007f6fd404cfd0, (CMBitMap*) 0x00007f6fd404d010
 Prev Bits: [0x00007f6fa5d5c000, 0x00007f6fb587c000)
 Next Bits: [0x00007f6f9623c000, 0x00007f6fa5d5c000)

Polling page: 0x00007f6fd9a4e000

Metaspace:

Usage:
  Non-class:     10,37 MB used.
      Class:      1,11 MB used.
       Both:     11,48 MB used.

Virtual space:
  Non-class space:       16,00 MB reserved,      10,44 MB ( 65%) committed,  2 nodes.
      Class space:        1,00 GB reserved,       1,25 MB ( <1%) committed,  1 nodes.
              Both:        1,02 GB reserved,      11,69 MB (  1%) committed. 

Chunk freelists:
   Non-Class:  795,00 KB
       Class:  2,62 MB
        Both:  3,40 MB

MaxMetaspaceSize: 17179869184,00 GB
CompressedClassSpaceSize: 1,00 GB
 - commit_granule_bytes: 65536.
 - commit_granule_words: 8192.
 - virtual_space_node_default_size: 1048576.
 - enlarge_chunks_in_place: 1.
 - new_chunks_are_fully_committed: 0.
 - uncommit_free_chunks: 1.
 - use_allocation_guard: 0.
 - handle_deallocations: 1.


Internal statistics:

num_allocs_failed_limit: 0.
num_arena_births: 104.
num_arena_deaths: 0.
num_vsnodes_births: 3.
num_vsnodes_deaths: 0.
num_space_committed: 187.
num_space_uncommitted: 0.
num_chunks_returned_to_freelist: 0.
num_chunks_taken_from_freelist: 433.
num_chunk_merges: 0.
num_chunk_splits: 282.
num_chunks_enlarged: 196.
num_purges: 0.

CodeHeap 'non-profiled nmethods': size=119168Kb used=2404Kb max_used=2404Kb free=116763Kb
 bounds [0x00007f6fc403e000, 0x00007f6fc42ae000, 0x00007f6fcb49e000]
CodeHeap 'profiled nmethods': size=119164Kb used=6786Kb max_used=6786Kb free=112377Kb
 bounds [0x00007f6fbcbdf000, 0x00007f6fbd28f000, 0x00007f6fc403e000]
CodeHeap 'non-nmethods': size=7428Kb used=3011Kb max_used=3088Kb free=4416Kb
 bounds [0x00007f6fbc49e000, 0x00007f6fbc7ae000, 0x00007f6fbcbdf000]
 total_blobs=4123 nmethods=3493 adapters=537
 compilation: enabled
              stopped_count=0, restarted_count=0
 full_count=0

Compilation events (20 events):
Event: 1,210 Thread 0x00007f6f501dbd90 nmethod 3445 0x00007f6fbd268f90 code [0x00007f6fbd2691a0, 0x00007f6fbd269670]
Event: 1,210 Thread 0x00007f6fd41fb250 3454       2       java.lang.ref.Reference::clearInactiveFinalReference (48 bytes)
Event: 1,210 Thread 0x00007f6f501dbd90 3449       2       java.lang.ref.FinalReference::get (5 bytes)
Event: 1,210 Thread 0x00007f6f5805c4f0 nmethod 3444 0x00007f6fbd269910 code [0x00007f6fbd269b20, 0x00007f6fbd26a0d0]
Event: 1,210 Thread 0x00007f6f5805c4f0 3450       2       java.lang.ref.Reference::getFromInactiveFinalReference (47 bytes)
Event: 1,210 Thread 0x00007f6fd41fb250 nmethod 3454 0x00007f6fbd26a410 code [0x00007f6fbd26a5a0, 0x00007f6fbd26a6d0]
Event: 1,210 Thread 0x00007f6fd41fb250 3451       2       java.lang.System$2::invokeFinalize (5 bytes)
Event: 1,210 Thread 0x00007f6f380030d0 nmethod 3395 0x00007f6fc4285990 code [0x00007f6fc4285c20, 0x00007f6fc4286d08]
Event: 1,210 Thread 0x00007f6f501dbd90 nmethod 3449 0x00007f6fbd26a790 code [0x00007f6fbd26a940, 0x00007f6fbd26aa60]
Event: 1,210 Thread 0x00007f6f5805c4f0 nmethod 3450 0x00007f6fbd26ab10 code [0x00007f6fbd26aca0, 0x00007f6fbd26adb0]
Event: 1,210 Thread 0x00007f6f5805c4f0 3452       2       java.lang.Object::finalize (1 bytes)
Event: 1,210 Thread 0x00007f6f5805c4f0 nmethod 3452 0x00007f6fbd26ae10 code [0x00007f6fbd26afa0, 0x00007f6fbd26b090]
Event: 1,210 Thread 0x00007f6fd41fb250 nmethod 3451 0x00007f6fbd26b110 code [0x00007f6fbd26b2c0, 0x00007f6fbd26b3e0]
Event: 1,210 Thread 0x00007f6fd41fb250 3455       2       jnr.ffi.provider.jffi.NativeClosureFactory$ClosureReference::finalizeReferent (28 bytes)
Event: 1,210 Thread 0x00007f6f501dbd90 3453       2       java.lang.ref.FinalReference::clear (5 bytes)
Event: 1,211 Thread 0x00007f6f501daaf0 nmethod 3448 0x00007f6fbd26b490 code [0x00007f6fbd26b680, 0x00007f6fbd26bc20]
Event: 1,211 Thread 0x00007f6f501daaf0 3456       2       jnr.ffi.provider.jffi.NativeClosureFactory::access$000 (7 bytes)
Event: 1,211 Thread 0x00007f6f501dbd90 nmethod 3453 0x00007f6fbd26bf10 code [0x00007f6fbd26c0c0, 0x00007f6fbd26c1e0]
Event: 1,211 Thread 0x00007f6f501dbd90 3457   !   2       jnr.ffi.provider.jffi.NativeClosureFactory::expunge (151 bytes)
Event: 1,211 Thread 0x00007f6f501daaf0 nmethod 3456 0x00007f6fbd26c290 code [0x00007f6fbd26c440, 0x00007f6fbd26c540]

GC Heap History (6 events):
Event: 0,456 GC heap before
{Heap before GC invocations=0 (full 0):
 garbage-first heap   total 1048576K, used 57336K [0x0000000413800000, 0x0000000800000000)
  region size 8192K, 6 young (49152K), 0 survivors (0K)
 Metaspace       used 9982K, committed 10112K, reserved 1064960K
  class space    used 964K, committed 1024K, reserved 1048576K
}
Event: 0,460 GC heap after
{Heap after GC invocations=1 (full 0):
 garbage-first heap   total 1048576K, used 13242K [0x0000000413800000, 0x0000000800000000)
  region size 8192K, 1 young (8192K), 1 survivors (8192K)
 Metaspace       used 9982K, committed 10112K, reserved 1064960K
  class space    used 964K, committed 1024K, reserved 1048576K
}
Event: 0,562 GC heap before
{Heap before GC invocations=1 (full 0):
 garbage-first heap   total 1048576K, used 54202K [0x0000000413800000, 0x0000000800000000)
  region size 8192K, 6 young (49152K), 1 survivors (8192K)
 Metaspace       used 9986K, committed 10176K, reserved 1064960K
  class space    used 964K, committed 1024K, reserved 1048576K
}
Event: 0,565 GC heap after
{Heap after GC invocations=2 (full 0):
 garbage-first heap   total 1048576K, used 13600K [0x0000000413800000, 0x0000000800000000)
  region size 8192K, 1 young (8192K), 1 survivors (8192K)
 Metaspace       used 9986K, committed 10176K, reserved 1064960K
  class space    used 964K, committed 1024K, reserved 1048576K
}
Event: 1,204 GC heap before
{Heap before GC invocations=2 (full 0):
 garbage-first heap   total 1048576K, used 374048K [0x0000000413800000, 0x0000000800000000)
  region size 8192K, 15 young (122880K), 1 survivors (8192K)
 Metaspace       used 11360K, committed 11520K, reserved 1064960K
  class space    used 1095K, committed 1152K, reserved 1048576K
}
Event: 1,207 GC heap after
{Heap after GC invocations=3 (full 0):
 garbage-first heap   total 1048576K, used 265058K [0x0000000413800000, 0x0000000800000000)
  region size 8192K, 1 young (8192K), 1 survivors (8192K)
 Metaspace       used 11360K, committed 11520K, reserved 1064960K
  class space    used 1095K, committed 1152K, reserved 1048576K
}

Deoptimization events (20 events):
Event: 1,203 Thread 0x00007f6fd4ba5c70 Uncommon trap: trap_request=0xffffff45 fr.pc=0x00007f6fc427ef74 relative=0x0000000000001cb4
Event: 1,203 Thread 0x00007f6fd4bdd4a0 Uncommon trap: trap_request=0xffffff45 fr.pc=0x00007f6fc427ef74 relative=0x0000000000001cb4
Event: 1,203 Thread 0x00007f6fd4ba5c70 Uncommon trap: reason=unstable_if action=reinterpret pc=0x00007f6fc427ef74 method=ezdb.lmdb.EzLmDbTable$AutoClosingTableIterator.hasNext()Z @ 4 c2
Event: 1,203 Thread 0x00007f6fd4bdd4a0 Uncommon trap: reason=unstable_if action=reinterpret pc=0x00007f6fc427ef74 method=ezdb.lmdb.EzLmDbTable$AutoClosingTableIterator.hasNext()Z @ 4 c2
Event: 1,203 Thread 0x00007f6fd4ba5c70 DEOPT PACKING pc=0x00007f6fc427ef74 sp=0x00007f6f34dfe780
Event: 1,203 Thread 0x00007f6fd4bdd4a0 DEOPT PACKING pc=0x00007f6fc427ef74 sp=0x00007f6f348f9780
Event: 1,203 Thread 0x00007f6fd4bdd4a0 DEOPT UNPACKING pc=0x00007f6fbc4eb424 sp=0x00007f6f348f97a8 mode 2
Event: 1,203 Thread 0x00007f6fd4ba5c70 DEOPT UNPACKING pc=0x00007f6fbc4eb424 sp=0x00007f6f34dfe7a8 mode 2
Event: 1,212 Thread 0x00007f6fd41e8d80 Uncommon trap: trap_request=0xffffff45 fr.pc=0x00007f6fc41679a0 relative=0x00000000000006e0
Event: 1,212 Thread 0x00007f6fd41e8d80 Uncommon trap: reason=unstable_if action=reinterpret pc=0x00007f6fc41679a0 method=java.lang.ThreadLocal.get()Ljava/lang/Object; @ 11 c2
Event: 1,212 Thread 0x00007f6fd41e8d80 DEOPT PACKING pc=0x00007f6fc41679a0 sp=0x00007f6f943fe7a0
Event: 1,212 Thread 0x00007f6fd41e8d80 DEOPT UNPACKING pc=0x00007f6fbc4eb424 sp=0x00007f6f943fe610 mode 2
Event: 1,212 Thread 0x00007f6fd41e8d80 Uncommon trap: trap_request=0xffffff45 fr.pc=0x00007f6fc427847c relative=0x000000000000105c
Event: 1,212 Thread 0x00007f6fd41e8d80 Uncommon trap: reason=unstable_if action=reinterpret pc=0x00007f6fc427847c method=io.netty.util.Recycler$Stack.push(Lio/netty/util/Recycler$DefaultHandle;)V @ 12 c2
Event: 1,212 Thread 0x00007f6fd41e8d80 DEOPT PACKING pc=0x00007f6fc427847c sp=0x00007f6f943fe650
Event: 1,212 Thread 0x00007f6fd41e8d80 DEOPT UNPACKING pc=0x00007f6fbc4eb424 sp=0x00007f6f943fe530 mode 2
Event: 1,213 Thread 0x00007f6fd41e8d80 Uncommon trap: trap_request=0xffffff45 fr.pc=0x00007f6fc426ae14 relative=0x0000000000000274
Event: 1,213 Thread 0x00007f6fd41e8d80 Uncommon trap: reason=unstable_if action=reinterpret pc=0x00007f6fc426ae14 method=io.netty.util.Recycler$Stack.push(Lio/netty/util/Recycler$DefaultHandle;)V @ 12 c2
Event: 1,213 Thread 0x00007f6fd41e8d80 DEOPT PACKING pc=0x00007f6fc426ae14 sp=0x00007f6f943fe600
Event: 1,213 Thread 0x00007f6fd41e8d80 DEOPT UNPACKING pc=0x00007f6fbc4eb424 sp=0x00007f6f943fe540 mode 2

Classes unloaded (0 events):
No events

Classes redefined (0 events):
No events

Internal exceptions (20 events):
Event: 1,099 Thread 0x00007f6fd4011610 Exception <a 'java/lang/reflect/InvocationTargetException'{0x000000044cbcab78}> (0x000000044cbcab78) 
thrown [./src/hotspot/share/runtime/reflection.cpp, line 1155]
Event: 1,101 Thread 0x00007f6fd4011610 Exception <a 'java/lang/reflect/InvocationTargetException'{0x000000044cbf0908}> (0x000000044cbf0908) 
thrown [./src/hotspot/share/runtime/reflection.cpp, line 1155]
Event: 1,104 Thread 0x00007f6fd4011610 Exception <a 'java/lang/reflect/InvocationTargetException'{0x000000044cc245e8}> (0x000000044cc245e8) 
thrown [./src/hotspot/share/runtime/reflection.cpp, line 1155]
Event: 1,109 Thread 0x00007f6fd4011610 Exception <a 'java/lang/reflect/InvocationTargetException'{0x000000044cc60790}> (0x000000044cc60790) 
thrown [./src/hotspot/share/runtime/reflection.cpp, line 1155]
Event: 1,111 Thread 0x00007f6fd4011610 Exception <a 'java/lang/reflect/InvocationTargetException'{0x000000044cc95fa8}> (0x000000044cc95fa8) 
thrown [./src/hotspot/share/runtime/reflection.cpp, line 1155]
Event: 1,114 Thread 0x00007f6fd4011610 Exception <a 'java/lang/reflect/InvocationTargetException'{0x000000044ccca1e0}> (0x000000044ccca1e0) 
thrown [./src/hotspot/share/runtime/reflection.cpp, line 1155]
Event: 1,115 Thread 0x00007f6fd4011610 Exception <a 'java/lang/reflect/InvocationTargetException'{0x000000044cce4258}> (0x000000044cce4258) 
thrown [./src/hotspot/share/runtime/reflection.cpp, line 1155]
Event: 1,116 Thread 0x00007f6fd4011610 Exception <a 'java/lang/reflect/InvocationTargetException'{0x000000044ccfb5b8}> (0x000000044ccfb5b8) 
thrown [./src/hotspot/share/runtime/reflection.cpp, line 1155]
Event: 1,119 Thread 0x00007f6fd4011610 Exception <a 'java/lang/reflect/InvocationTargetException'{0x000000044cd29e08}> (0x000000044cd29e08) 
thrown [./src/hotspot/share/runtime/reflection.cpp, line 1155]
Event: 1,120 Thread 0x00007f6fd4011610 Exception <a 'java/lang/reflect/InvocationTargetException'{0x000000044cd42990}> (0x000000044cd42990) 
thrown [./src/hotspot/share/runtime/reflection.cpp, line 1155]
Event: 1,122 Thread 0x00007f6fd4011610 Exception <a 'java/lang/reflect/InvocationTargetException'{0x000000044cd65310}> (0x000000044cd65310) 
thrown [./src/hotspot/share/runtime/reflection.cpp, line 1155]
Event: 1,124 Thread 0x00007f6fd4bc6fd0 Implicit null exception at 0x00007f6fc40bc8dd to 0x00007f6fc40bc980
Event: 1,125 Thread 0x00007f6fd4bdb240 Implicit null exception at 0x00007f6fc4214b9a to 0x00007f6fc4214d7c
Event: 1,125 Thread 0x00007f6fd4bda180 Implicit null exception at 0x00007f6fc4214b9a to 0x00007f6fc4214d7c
Event: 1,125 Thread 0x00007f6fd4bd91c0 Implicit null exception at 0x00007f6fc4214b9a to 0x00007f6fc4214d7c
Event: 1,126 Thread 0x00007f6fd4bdd4a0 Implicit null exception at 0x00007f6fc41565cc to 0x00007f6fc4157090
Event: 1,126 Thread 0x00007f6fd4bd91c0 Implicit null exception at 0x00007f6fc41565cc to 0x00007f6fc4157090
Event: 1,126 Thread 0x00007f6fd4bdb240 Implicit null exception at 0x00007f6fc41565cc to 0x00007f6fc4157090
Event: 1,126 Thread 0x00007f6fd4bda180 Implicit null exception at 0x00007f6fc41565cc to 0x00007f6fc4157090
Event: 1,212 Thread 0x00007f6fd41e8d80 Implicit null exception at 0x00007f6fc416734a to 0x00007f6fc4167988

Events (20 events):
Event: 1,143 Executing  VM operation: ICBufferFull
Event: 1,148 Executing  VM operation: ICBufferFull done
Event: 1,155 Thread 0x00007f6f4421a500 Thread added: 0x00007f6f4421a500
Event: 1,155 Protecting memory [0x00007f6f345f8000,0x00007f6f345fc000] with protection modes 0
Event: 1,204 Executing  VM operation: G1CollectForAllocation
Event: 1,207 Executing  VM operation: G1CollectForAllocation done
Event: 1,210 loading class io/netty/util/internal/logging/MessageFormatter
Event: 1,210 loading class io/netty/util/internal/logging/MessageFormatter done
Event: 1,210 loading class io/netty/util/internal/logging/FormattingTuple
Event: 1,210 loading class io/netty/util/internal/logging/FormattingTuple done
Event: 1,210 loading class java/util/logging/LogRecord
Event: 1,212 loading class io/netty/util/Recycler$WeakOrderQueue
Event: 1,212 loading class io/netty/util/Recycler$WeakOrderQueue done
Event: 1,212 loading class java/util/logging/LogRecord done
Event: 1,213 loading class io/netty/util/Recycler$WeakOrderQueue$Head
Event: 1,213 loading class io/netty/util/Recycler$WeakOrderQueue$Head done
Event: 1,213 loading class java/util/logging/ConsoleHandler
Event: 1,213 loading class java/util/logging/StreamHandler
Event: 1,213 loading class io/netty/util/Recycler$WeakOrderQueue$Link
Event: 1,213 loading class io/netty/util/Recycler$WeakOrderQueue$Link done


Dynamic libraries:
413800000-452800000 rw-p 00000000 00:00 0 
452800000-7ff000000 ---p 00000000 00:00 0 
7ff000000-7ff700000 rw-p 00000000 00:00 0 
7ff700000-7ff776000 rw-p 00cba000 08:01 21890280                         /usr/lib/jvm/java-16-openjdk-amd64/lib/server/classes.jsa
7ff776000-7ff800000 rw-p 00000000 00:00 0 
7ff800000-7ff888000 rw-p 00c32000 08:01 21890280                         /usr/lib/jvm/java-16-openjdk-amd64/lib/server/classes.jsa
7ff888000-800000000 rw-p 00000000 00:00 0 
800000000-800003000 rwxp 00001000 08:01 21890280                         /usr/lib/jvm/java-16-openjdk-amd64/lib/server/classes.jsa
800003000-80043d000 rw-p 00004000 08:01 21890280                         /usr/lib/jvm/java-16-openjdk-amd64/lib/server/classes.jsa
80043d000-800bf9000 r--p 0043e000 08:01 21890280                         /usr/lib/jvm/java-16-openjdk-amd64/lib/server/classes.jsa
800bf9000-800c00000 ---p 00000000 00:00 0 
800c00000-800c40000 rw-p 00000000 00:00 0 
800c40000-800ce0000 rw-p 00000000 00:00 0 
800ce0000-800d00000 rw-p 00000000 00:00 0 
800d00000-800d30000 rw-p 00000000 00:00 0 
800d30000-800d40000 ---p 00000000 00:00 0 
800d40000-800d50000 rw-p 00000000 00:00 0 
800d50000-840c00000 ---p 00000000 00:00 0 
564f43a3e000-564f43a3f000 r--p 00000000 08:01 21758669                   /usr/lib/jvm/java-16-openjdk-amd64/bin/java
564f43a3f000-564f43a40000 r-xp 00001000 08:01 21758669                   /usr/lib/jvm/java-16-openjdk-amd64/bin/java
564f43a40000-564f43a41000 r--p 00002000 08:01 21758669                   /usr/lib/jvm/java-16-openjdk-amd64/bin/java
564f43a41000-564f43a42000 r--p 00002000 08:01 21758669                   /usr/lib/jvm/java-16-openjdk-amd64/bin/java
564f43a42000-564f43a43000 rw-p 00003000 08:01 21758669                   /usr/lib/jvm/java-16-openjdk-amd64/bin/java
564f43b36000-564f43b57000 rw-p 00000000 00:00 0                          [heap]
7e6a67ff9000-7e6ae7ff9000 rw-s 00000000 08:01 2884281                    /tmp/TestEzLmDb-1631469004793-0/data.mdb (deleted)
7e6ae7ff9000-7e8ae7ffa000 rw-s 00000000 08:01 2884280                    /tmp/TestEzLmDb-1631469004793-0/lock.mdb (deleted)
7e8ae7ffa000-7e8b67ffa000 rw-s 00000000 08:01 2884278                    /tmp/TestEzLmDb-1631469004793-0/data.mdb (deleted)
7e8b67ffa000-7eab67ffb000 rw-s 00000000 08:01 2884277                    /tmp/TestEzLmDb-1631469004793-0/lock.mdb (deleted)
7eab67ffb000-7eabe7ffb000 rw-s 00000000 08:01 2884275                    /tmp/TestEzLmDb-1631469004793-0/data.mdb (deleted)
7eabe7ffb000-7ecbe7ffc000 rw-s 00000000 08:01 2884274                    /tmp/TestEzLmDb-1631469004793-0/lock.mdb (deleted)
7ecc67ffc000-7ecce7ffc000 rw-s 00000000 08:01 2884252                    /tmp/TestEzLmDb-1631469004793-0/data.mdb (deleted)
7ecce7ffc000-7eece7ffd000 rw-s 00000000 08:01 2884251                    /tmp/TestEzLmDb-1631469004793-0/lock.mdb (deleted)
7eece7ffd000-7eed67ffd000 rw-s 00000000 08:01 2884249                    /tmp/TestEzLmDb-1631469004793-0/data.mdb (deleted)
7eed67ffd000-7f0d67ffe000 rw-s 00000000 08:01 2884248                    /tmp/TestEzLmDb-1631469004793-0/lock.mdb (deleted)
7f0d67ffe000-7f0de7ffe000 rw-s 00000000 08:01 27525633                   /tmp/TestEzLmDb-1631469004793-0/data.mdb (deleted)
7f0de7ffe000-7f2de7fff000 rw-s 00000000 08:01 27525632                   /tmp/TestEzLmDb-1631469004793-0/lock.mdb (deleted)
7f4de8000000-7f4e68000000 rw-s 00000000 08:01 27525635                   /tmp/data.mdb
7f4e68000000-7f4e688ea000 rw-p 00000000 00:00 0 
7f4e688ea000-7f4e6c000000 ---p 00000000 00:00 0 
7f4e6c000000-7f4e6c704000 rw-p 00000000 00:00 0 
7f4e6c704000-7f4e70000000 ---p 00000000 00:00 0 
7f4e70000000-7f4e70021000 rw-p 00000000 00:00 0 
7f4e70021000-7f4e74000000 ---p 00000000 00:00 0 
7f4e74000000-7f4e74021000 rw-p 00000000 00:00 0 
7f4e74021000-7f4e78000000 ---p 00000000 00:00 0 
7f4e78000000-7f4e78021000 rw-p 00000000 00:00 0 
7f4e78021000-7f4e7c000000 ---p 00000000 00:00 0 
7f4e7c000000-7f4e7c021000 rw-p 00000000 00:00 0 
7f4e7c021000-7f4e80000000 ---p 00000000 00:00 0 
7f4e80000000-7f4e80021000 rw-p 00000000 00:00 0 
7f4e80021000-7f4e84000000 ---p 00000000 00:00 0 
7f4e84000000-7f4e84021000 rw-p 00000000 00:00 0 
7f4e84021000-7f4e88000000 ---p 00000000 00:00 0 
7f4e88000000-7f4e88021000 rw-p 00000000 00:00 0 
7f4e88021000-7f4e8c000000 ---p 00000000 00:00 0 
7f4e8c000000-7f4e8c021000 rw-p 00000000 00:00 0 
7f4e8c021000-7f4e90000000 ---p 00000000 00:00 0 
7f4e90000000-7f4e90021000 rw-p 00000000 00:00 0 
7f4e90021000-7f4e94000000 ---p 00000000 00:00 0 
7f4e94000000-7f4e94021000 rw-p 00000000 00:00 0 
7f4e94021000-7f4e98000000 ---p 00000000 00:00 0 
7f4e98000000-7f4e98021000 rw-p 00000000 00:00 0 
7f4e98021000-7f4e9c000000 ---p 00000000 00:00 0 
7f4e9c000000-7f4e9c021000 rw-p 00000000 00:00 0 
7f4e9c021000-7f4ea0000000 ---p 00000000 00:00 0 
7f4ea0000000-7f4ea069d000 rw-p 00000000 00:00 0 
7f4ea069d000-7f4ea4000000 ---p 00000000 00:00 0 
7f4ea4000000-7f4ea468f000 rw-p 00000000 00:00 0 
7f4ea468f000-7f4ea8000000 ---p 00000000 00:00 0 
7f4ea8000000-7f4ea85b2000 rw-p 00000000 00:00 0 
7f4ea85b2000-7f4eac000000 ---p 00000000 00:00 0 
7f4eac000000-7f4eac995000 rw-p 00000000 00:00 0 
7f4eac995000-7f4eb0000000 ---p 00000000 00:00 0 
7f4eb0000000-7f4eb0021000 rw-p 00000000 00:00 0 
7f4eb0021000-7f4eb4000000 ---p 00000000 00:00 0 
7f4eb59ed000-7f4eb59f1000 ---p 00000000 00:00 0 
7f4eb59f1000-7f4eb5aee000 rw-p 00000000 00:00 0 
7f4eb5aee000-7f4eb5af2000 ---p 00000000 00:00 0 
7f4eb5af2000-7f4eb5bef000 rw-p 00000000 00:00 0 
7f4eb5bef000-7f4eb5bf0000 ---p 00000000 00:00 0 
7f4eb5bf0000-7f4eb5cf1000 rw-p 00000000 00:00 0 
7f4eb5cf1000-7f4eb5cf2000 ---p 00000000 00:00 0 
7f4eb5cf2000-7f4eb5df3000 rw-p 00000000 00:00 0 
7f4eb5df3000-7f4eb5df4000 ---p 00000000 00:00 0 
7f4eb5df4000-7f4eb5ef5000 rw-p 00000000 00:00 0 
7f4eb5ef5000-7f4eb5ef6000 ---p 00000000 00:00 0 
7f4eb5ef6000-7f4eb5ff7000 rw-p 00000000 00:00 0 
7f4eb5ff7000-7f4eb5ff8000 ---p 00000000 00:00 0 
7f4eb5ff8000-7f4eb60f9000 rw-p 00000000 00:00 0 
7f4eb60f9000-7f4eb60fa000 ---p 00000000 00:00 0 
7f4eb60fa000-7f4eb61fb000 rw-p 00000000 00:00 0 
7f4eb61fb000-7f4eb61fc000 ---p 00000000 00:00 0 
7f4eb61fc000-7f4eb62fd000 rw-p 00000000 00:00 0 
7f4eb62fd000-7f4eb62fe000 ---p 00000000 00:00 0 
7f4eb62fe000-7f4eb7580000 rw-p 00000000 00:00 0 
7f4eb7580000-7f4eb7600000 rw-p 00000000 00:00 0 
7f4eb7600000-7f4eb7640000 rw-p 00000000 00:00 0 
7f4eb7640000-7f4eb7700000 ---p 00000000 00:00 0 
7f4eb7700000-7f4eb7730000 rw-p 00000000 00:00 0 
7f4eb7730000-7f4eb7c00000 ---p 00000000 00:00 0 
7f4eb7cf9000-7f4eb7cfa000 ---p 00000000 00:00 0 
7f4eb7cfa000-7f4eb7dfb000 rw-p 00000000 00:00 0 
7f4eb7dfb000-7f4eb7dfc000 ---p 00000000 00:00 0 
7f4eb7dfc000-7f4eb7efd000 rw-p 00000000 00:00 0 
7f4eb7efd000-7f4eb7efe000 ---p 00000000 00:00 0 
7f4eb7efe000-7f4eb7fff000 rw-p 00000000 00:00 0 
7f4efc000000-7f4efc1a3000 rw-p 00000000 00:00 0 
7f4efc1a3000-7f4f00000000 ---p 00000000 00:00 0 
7f4f03ffc000-7f4f08000000 rw-p 00000000 00:00 0 
7f4f08000000-7f4f08021000 rw-p 00000000 00:00 0 
7f4f08021000-7f4f0c000000 ---p 00000000 00:00 0 
7f4f0cffd000-7f4f10000000 rw-p 00000000 00:00 0 
7f4f10000000-7f4f10021000 rw-p 00000000 00:00 0 
7f4f10021000-7f4f14000000 ---p 00000000 00:00 0 
7f4f14000000-7f4f14021000 rw-p 00000000 00:00 0 
7f4f14021000-7f4f18000000 ---p 00000000 00:00 0 
7f4f18000000-7f4f18021000 rw-p 00000000 00:00 0 
7f4f18021000-7f4f1c000000 ---p 00000000 00:00 0 
7f4f1c000000-7f4f1c021000 rw-p 00000000 00:00 0 
7f4f1c021000-7f4f20000000 ---p 00000000 00:00 0 
7f4f20000000-7f4f20021000 rw-p 00000000 00:00 0 
7f4f20021000-7f4f24000000 ---p 00000000 00:00 0 
7f4f24ffc000-7f4f27fff000 rw-p 00000000 00:00 0 
7f4f27fff000-7f6f28000000 rw-s 00000000 08:01 27525634                   /tmp/lock.mdb
7f6f28000000-7f6f28021000 rw-p 00000000 00:00 0 
7f6f28021000-7f6f2c000000 ---p 00000000 00:00 0 
7f6f2c000000-7f6f2c021000 rw-p 00000000 00:00 0 
7f6f2c021000-7f6f30000000 ---p 00000000 00:00 0 
7f6f30000000-7f6f30021000 rw-p 00000000 00:00 0 
7f6f30021000-7f6f34000000 ---p 00000000 00:00 0 
7f6f345f8000-7f6f345fc000 ---p 00000000 00:00 0 
7f6f345fc000-7f6f346f9000 rw-p 00000000 00:00 0 
7f6f346f9000-7f6f346fd000 ---p 00000000 00:00 0 
7f6f346fd000-7f6f347fa000 rw-p 00000000 00:00 0 
7f6f347fa000-7f6f347fe000 ---p 00000000 00:00 0 
7f6f347fe000-7f6f348fb000 rw-p 00000000 00:00 0 
7f6f348fb000-7f6f348ff000 ---p 00000000 00:00 0 
7f6f348ff000-7f6f349fc000 rw-p 00000000 00:00 0 
7f6f349fc000-7f6f34a00000 ---p 00000000 00:00 0 
7f6f34a00000-7f6f34afd000 rw-p 00000000 00:00 0 
7f6f34afd000-7f6f34b01000 ---p 00000000 00:00 0 
7f6f34b01000-7f6f34bfe000 rw-p 00000000 00:00 0 
7f6f34bfe000-7f6f34c02000 ---p 00000000 00:00 0 
7f6f34c02000-7f6f34cff000 rw-p 00000000 00:00 0 
7f6f34cff000-7f6f34d03000 ---p 00000000 00:00 0 
7f6f34d03000-7f6f34e00000 rw-p 00000000 00:00 0 
7f6f34e00000-7f6f35800000 r--s 00000000 08:01 2884272                    /tmp/junit1252781374350941543/tutorial5/data.mdb (deleted)
7f6f35800000-7f6f36200000 r--s 00000000 08:01 2884268                    /tmp/junit16718833187908442829/tutorial4/data.mdb (deleted)
7f6f36200000-7f6f36c00000 r--s 00000000 08:01 2884264                    /tmp/junit13454837123183922852/tutorial3/data.mdb (deleted)
7f6f36c00000-7f6f37600000 r--s 00000000 08:01 2884260                    /tmp/junit2520608996976156437/tutorial2/data.mdb (deleted)
7f6f37600000-7f6f38000000 r--s 00000000 08:01 2884256                    /tmp/junit5156224915744892943/tutorial1/data.mdb (deleted)
7f6f38000000-7f6f3827d000 rw-p 00000000 00:00 0 
7f6f3827d000-7f6f3c000000 ---p 00000000 00:00 0 
7f6f3c000000-7f6f3c7ca000 rw-p 00000000 00:00 0 
7f6f3c7ca000-7f6f40000000 ---p 00000000 00:00 0 
7f6f40000000-7f6f40021000 rw-p 00000000 00:00 0 
7f6f40021000-7f6f44000000 ---p 00000000 00:00 0 
7f6f44000000-7f6f4421f000 rw-p 00000000 00:00 0 
7f6f4421f000-7f6f48000000 ---p 00000000 00:00 0 
7f6f48000000-7f6f48021000 rw-p 00000000 00:00 0 
7f6f48021000-7f6f4c000000 ---p 00000000 00:00 0 
7f6f4c000000-7f6f4c021000 rw-p 00000000 00:00 0 
7f6f4c021000-7f6f50000000 ---p 00000000 00:00 0 
7f6f50000000-7f6f50366000 rw-p 00000000 00:00 0 
7f6f50366000-7f6f54000000 ---p 00000000 00:00 0 
7f6f54000000-7f6f54021000 rw-p 00000000 00:00 0 
7f6f54021000-7f6f58000000 ---p 00000000 00:00 0 
7f6f58000000-7f6f593ab000 rw-p 00000000 00:00 0 
7f6f593ab000-7f6f5c000000 ---p 00000000 00:00 0 
7f6f5c000000-7f6f5c021000 rw-p 00000000 00:00 0 
7f6f5c021000-7f6f60000000 ---p 00000000 00:00 0 
7f6f60000000-7f6f60021000 rw-p 00000000 00:00 0 
7f6f60021000-7f6f64000000 ---p 00000000 00:00 0 
7f6f64000000-7f6f6517a000 rw-p 00000000 00:00 0 
7f6f6517a000-7f6f68000000 ---p 00000000 00:00 0 
7f6f68000000-7f6f68021000 rw-p 00000000 00:00 0 
7f6f68021000-7f6f6c000000 ---p 00000000 00:00 0 
7f6f6c000000-7f6f6c021000 rw-p 00000000 00:00 0 
7f6f6c021000-7f6f70000000 ---p 00000000 00:00 0 
7f6f70000000-7f6f70021000 rw-p 00000000 00:00 0 
7f6f70021000-7f6f74000000 ---p 00000000 00:00 0 
7f6f74000000-7f6f74021000 rw-p 00000000 00:00 0 
7f6f74021000-7f6f78000000 ---p 00000000 00:00 0 
7f6f78000000-7f6f78021000 rw-p 00000000 00:00 0 
7f6f78021000-7f6f7c000000 ---p 00000000 00:00 0 
7f6f7c000000-7f6f7c021000 rw-p 00000000 00:00 0 
7f6f7c021000-7f6f80000000 ---p 00000000 00:00 0 
7f6f80000000-7f6f80021000 rw-p 00000000 00:00 0 
7f6f80021000-7f6f84000000 ---p 00000000 00:00 0 
7f6f840f5000-7f6f840f6000 ---p 00000000 00:00 0 
7f6f840f6000-7f6f841f7000 rw-p 00000000 00:00 0 
7f6f841f7000-7f6f841fb000 ---p 00000000 00:00 0 
7f6f841fb000-7f6f842f8000 rw-p 00000000 00:00 0 
7f6f842f8000-7f6f842fc000 ---p 00000000 00:00 0 
7f6f842fc000-7f6f843f9000 rw-p 00000000 00:00 0 
7f6f843f9000-7f6f843fd000 ---p 00000000 00:00 0 
7f6f843fd000-7f6f844fa000 rw-p 00000000 00:00 0 
7f6f844fa000-7f6f844fe000 ---p 00000000 00:00 0 
7f6f844fe000-7f6f845fb000 rw-p 00000000 00:00 0 
7f6f845fb000-7f6f845ff000 ---p 00000000 00:00 0 
7f6f845ff000-7f6f846fc000 rw-p 00000000 00:00 0 
7f6f847ba000-7f6f847fc000 rw-p 00000000 00:00 0 
7f6f847fc000-7f6f84800000 ---p 00000000 00:00 0 
7f6f84800000-7f6f848fd000 rw-p 00000000 00:00 0 
7f6f848fd000-7f6f84901000 ---p 00000000 00:00 0 
7f6f84901000-7f6f849fe000 rw-p 00000000 00:00 0 
7f6f849fe000-7f6f84a12000 r-xp 00000000 08:01 27525630                   /tmp/lmdbjava-native-library-10920593124655241265.so
7f6f84a12000-7f6f84c12000 ---p 00014000 08:01 27525630                   /tmp/lmdbjava-native-library-10920593124655241265.so
7f6f84c12000-7f6f84c13000 r--p 00014000 08:01 27525630                   /tmp/lmdbjava-native-library-10920593124655241265.so
7f6f84c13000-7f6f84c14000 rw-p 00015000 08:01 27525630                   /tmp/lmdbjava-native-library-10920593124655241265.so
7f6f84c14000-7f6f84c26000 r-xp 00000000 08:01 27525631                   /tmp/jffi8197619640953442724.so (deleted)
7f6f84c26000-7f6f84e25000 ---p 00012000 08:01 27525631                   /tmp/jffi8197619640953442724.so (deleted)
7f6f84e25000-7f6f84e26000 rw-p 00011000 08:01 27525631                   /tmp/jffi8197619640953442724.so (deleted)
7f6f84e26000-7f6f84e2a000 ---p 00000000 00:00 0 
7f6f84e2a000-7f6f84f27000 rw-p 00000000 00:00 0 
7f6f84f27000-7f6f84f2b000 ---p 00000000 00:00 0 
7f6f84f2b000-7f6f85028000 rw-p 00000000 00:00 0 
7f6f85028000-7f6f8502c000 ---p 00000000 00:00 0 
7f6f8502c000-7f6f85129000 rw-p 00000000 00:00 0 
7f6f85129000-7f6f8512d000 ---p 00000000 00:00 0 
7f6f8512d000-7f6f8522a000 rw-p 00000000 00:00 0 
7f6f8522a000-7f6f8522b000 ---p 00000000 00:00 0 
7f6f8522b000-7f6f8532c000 rw-p 00000000 00:00 0 
7f6f8532c000-7f6f85330000 ---p 00000000 00:00 0 
7f6f85330000-7f6f8542d000 rw-p 00000000 00:00 0 
7f6f8542d000-7f6f85431000 ---p 00000000 00:00 0 
7f6f85431000-7f6f8552e000 rw-p 00000000 00:00 0 
7f6f8552e000-7f6f85532000 ---p 00000000 00:00 0 
7f6f85532000-7f6f8562f000 rw-p 00000000 00:00 0 
7f6f8562f000-7f6f85633000 ---p 00000000 00:00 0 
7f6f85633000-7f6f85730000 rw-p 00000000 00:00 0 
7f6f85730000-7f6f85734000 ---p 00000000 00:00 0 
7f6f85734000-7f6f85831000 rw-p 00000000 00:00 0 
7f6f85831000-7f6f85835000 ---p 00000000 00:00 0 
7f6f85835000-7f6f85932000 rw-p 00000000 00:00 0 
7f6f85932000-7f6f85936000 ---p 00000000 00:00 0 
7f6f85936000-7f6f85a33000 rw-p 00000000 00:00 0 
7f6f85a33000-7f6f86000000 r--p 00000000 08:01 17170755                   /usr/lib/locale/locale-archive
7f6f86000000-7f6f88000000 rw-p 00000000 00:00 0 
7f6f88000000-7f6f88021000 rw-p 00000000 00:00 0 
7f6f88021000-7f6f8c000000 ---p 00000000 00:00 0 
7f6f8c000000-7f6f8c021000 rw-p 00000000 00:00 0 
7f6f8c021000-7f6f90000000 ---p 00000000 00:00 0 
7f6f90000000-7f6f90021000 rw-p 00000000 00:00 0 
7f6f90021000-7f6f94000000 ---p 00000000 00:00 0 
7f6f94000000-7f6f9406e000 rw-p 00000000 00:00 0 
7f6f9406e000-7f6f9406f000 r-xp 00000000 00:00 0 
7f6f9406f000-7f6f94073000 rw-p 00000000 00:00 0 
7f6f94073000-7f6f94074000 r-xp 00000000 00:00 0 
7f6f94074000-7f6f9407a000 rw-p 00000000 00:00 0 
7f6f9407a000-7f6f9407b000 r-xp 00000000 00:00 0 
7f6f9407b000-7f6f9407d000 rw-p 00000000 00:00 0 
7f6f9407d000-7f6f9407f000 rw-s 00000000 08:01 2884271                    /tmp/junit1252781374350941543/tutorial5/lock.mdb (deleted)
7f6f9407f000-7f6f94081000 rw-p 00000000 00:00 0 
7f6f94081000-7f6f94083000 rw-s 00000000 08:01 2884267                    /tmp/junit16718833187908442829/tutorial4/lock.mdb (deleted)
7f6f94083000-7f6f94085000 rw-s 00000000 08:01 2884263                    /tmp/junit13454837123183922852/tutorial3/lock.mdb (deleted)
7f6f94085000-7f6f94087000 rw-p 00000000 00:00 0 
7f6f94087000-7f6f94089000 rw-s 00000000 08:01 2884259                    /tmp/junit2520608996976156437/tutorial2/lock.mdb (deleted)
7f6f94089000-7f6f9408b000 rw-s 00000000 08:01 2884255                    /tmp/junit5156224915744892943/tutorial1/lock.mdb (deleted)
7f6f9408b000-7f6f9408d000 rw-p 00000000 00:00 0 
7f6f9408d000-7f6f9408e000 r-xp 00000000 00:00 0 
7f6f9408e000-7f6f94094000 rw-p 00000000 00:00 0 
7f6f94094000-7f6f94095000 r-xp 00000000 00:00 0 
7f6f94095000-7f6f9409d000 rw-p 00000000 00:00 0 
7f6f9409d000-7f6f940b3000 rw-p 00000000 00:00 0 
7f6f940b3000-7f6f940b5000 r--p 00000000 08:01 21890254                   /usr/lib/jvm/java-16-openjdk-amd64/lib/libmanagement_ext.so
7f6f940b5000-7f6f940b8000 r-xp 00002000 08:01 21890254                   /usr/lib/jvm/java-16-openjdk-amd64/lib/libmanagement_ext.so
7f6f940b8000-7f6f940ba000 r--p 00005000 08:01 21890254                   /usr/lib/jvm/java-16-openjdk-amd64/lib/libmanagement_ext.so
7f6f940ba000-7f6f940bb000 r--p 00006000 08:01 21890254                   /usr/lib/jvm/java-16-openjdk-amd64/lib/libmanagement_ext.so
7f6f940bb000-7f6f940bc000 rw-p 00007000 08:01 21890254                   /usr/lib/jvm/java-16-openjdk-amd64/lib/libmanagement_ext.so
7f6f940bc000-7f6f940be000 r--p 00000000 08:01 21890250                   /usr/lib/jvm/java-16-openjdk-amd64/lib/libmanagement.so
7f6f940be000-7f6f940bf000 r-xp 00002000 08:01 21890250                   /usr/lib/jvm/java-16-openjdk-amd64/lib/libmanagement.so
7f6f940bf000-7f6f940c0000 r--p 00003000 08:01 21890250                   /usr/lib/jvm/java-16-openjdk-amd64/lib/libmanagement.so
7f6f940c0000-7f6f940c1000 r--p 00003000 08:01 21890250                   /usr/lib/jvm/java-16-openjdk-amd64/lib/libmanagement.so
7f6f940c1000-7f6f940c2000 rw-p 00004000 08:01 21890250                   /usr/lib/jvm/java-16-openjdk-amd64/lib/libmanagement.so
7f6f940c2000-7f6f940c3000 r-xp 00000000 00:00 0 
7f6f940c3000-7f6f940c5000 rw-p 00000000 00:00 0 
7f6f940c5000-7f6f940cc000 r--s 00000000 08:01 17565161                   /usr/lib/x86_64-linux-gnu/gconv/gconv-modules.cache
7f6f940cc000-7f6f940fd000 rw-p 00000000 00:00 0 
7f6f940fd000-7f6f94101000 ---p 00000000 00:00 0 
7f6f94101000-7f6f941fe000 rw-p 00000000 00:00 0 
7f6f941fe000-7f6f94202000 ---p 00000000 00:00 0 
7f6f94202000-7f6f942ff000 rw-p 00000000 00:00 0 
7f6f942ff000-7f6f94303000 ---p 00000000 00:00 0 
7f6f94303000-7f6f94800000 rw-p 00000000 00:00 0 
7f6f94800000-7f6f94c00000 rw-p 00000000 00:00 0 
7f6f94c00000-7f6f94c04000 r--p 00000000 08:01 21890270                   /usr/lib/jvm/java-16-openjdk-amd64/lib/libverify.so
7f6f94c04000-7f6f94c0b000 r-xp 00004000 08:01 21890270                   /usr/lib/jvm/java-16-openjdk-amd64/lib/libverify.so
7f6f94c0b000-7f6f94c0d000 r--p 0000b000 08:01 21890270                   /usr/lib/jvm/java-16-openjdk-amd64/lib/libverify.so
7f6f94c0d000-7f6f94c0e000 ---p 0000d000 08:01 21890270                   /usr/lib/jvm/java-16-openjdk-amd64/lib/libverify.so
7f6f94c0e000-7f6f94c10000 r--p 0000d000 08:01 21890270                   /usr/lib/jvm/java-16-openjdk-amd64/lib/libverify.so
7f6f94c10000-7f6f94c11000 rw-p 0000f000 08:01 21890270                   /usr/lib/jvm/java-16-openjdk-amd64/lib/libverify.so
7f6f94c11000-7f6f94c12000 r--p 00000000 08:01 21890231                   /usr/lib/jvm/java-16-openjdk-amd64/lib/libextnet.so
7f6f94c12000-7f6f94c13000 r-xp 00001000 08:01 21890231                   /usr/lib/jvm/java-16-openjdk-amd64/lib/libextnet.so
7f6f94c13000-7f6f94c14000 r--p 00002000 08:01 21890231                   /usr/lib/jvm/java-16-openjdk-amd64/lib/libextnet.so
7f6f94c14000-7f6f94c15000 r--p 00002000 08:01 21890231                   /usr/lib/jvm/java-16-openjdk-amd64/lib/libextnet.so
7f6f94c15000-7f6f94c16000 rw-p 00003000 08:01 21890231                   /usr/lib/jvm/java-16-openjdk-amd64/lib/libextnet.so
7f6f94c16000-7f6f94c1a000 r--p 00000000 08:01 21890258                   /usr/lib/jvm/java-16-openjdk-amd64/lib/libnet.so
7f6f94c1a000-7f6f94c28000 r-xp 00004000 08:01 21890258                   /usr/lib/jvm/java-16-openjdk-amd64/lib/libnet.so
7f6f94c28000-7f6f94c2c000 r--p 00012000 08:01 21890258                   /usr/lib/jvm/java-16-openjdk-amd64/lib/libnet.so
7f6f94c2c000-7f6f94c2d000 r--p 00015000 08:01 21890258                   /usr/lib/jvm/java-16-openjdk-amd64/lib/libnet.so
7f6f94c2d000-7f6f94c2e000 rw-p 00016000 08:01 21890258                   /usr/lib/jvm/java-16-openjdk-amd64/lib/libnet.so
7f6f94c2e000-7f6f94c34000 r--p 00000000 08:01 21890260                   /usr/lib/jvm/java-16-openjdk-amd64/lib/libnio.so
7f6f94c34000-7f6f94c3d000 r-xp 00006000 08:01 21890260                   /usr/lib/jvm/java-16-openjdk-amd64/lib/libnio.so
7f6f94c3d000-7f6f94c42000 r--p 0000f000 08:01 21890260                   /usr/lib/jvm/java-16-openjdk-amd64/lib/libnio.so
7f6f94c42000-7f6f94c43000 r--p 00013000 08:01 21890260                   /usr/lib/jvm/java-16-openjdk-amd64/lib/libnio.so
7f6f94c43000-7f6f94c44000 rw-p 00014000 08:01 21890260                   /usr/lib/jvm/java-16-openjdk-amd64/lib/libnio.so
7f6f94c44000-7f6f94c48000 ---p 00000000 00:00 0 
7f6f94c48000-7f6f94d45000 rw-p 00000000 00:00 0 
7f6f94d45000-7f6f94d46000 ---p 00000000 00:00 0 
7f6f94d46000-7f6f94f64000 rw-p 00000000 00:00 0 
7f6f94f64000-7f6f94f65000 ---p 00000000 00:00 0 
7f6f94f65000-7f6f95066000 rw-p 00000000 00:00 0 
7f6f95066000-7f6f95067000 ---p 00000000 00:00 0 
7f6f95067000-7f6f95e75000 rw-p 00000000 00:00 0 
7f6f95e75000-7f6f95e76000 ---p 00000000 00:00 0 
7f6f95e76000-7f6f95f77000 rw-p 00000000 00:00 0 
7f6f95f77000-7f6f95f78000 ---p 00000000 00:00 0 
7f6f95f78000-7f6f96079000 rw-p 00000000 00:00 0 
7f6f96079000-7f6f9607a000 ---p 00000000 00:00 0 
7f6f9607a000-7f6f971fc000 rw-p 00000000 00:00 0 
7f6f971fc000-7f6fa5d1c000 ---p 00000000 00:00 0 
7f6fa5d1c000-7f6fa6d1c000 rw-p 00000000 00:00 0 
7f6fa6d1c000-7f6fb583c000 ---p 00000000 00:00 0 
7f6fb583c000-7f6fb5a74000 rw-p 00000000 00:00 0 
7f6fb5a74000-7f6fb77d8000 ---p 00000000 00:00 0 
7f6fb77d8000-7f6fb79d8000 rw-p 00000000 00:00 0 
7f6fb79d8000-7f6fb973c000 ---p 00000000 00:00 0 
7f6fb973c000-7f6fb993c000 rw-p 00000000 00:00 0 
7f6fb993c000-7f6fbb6a0000 ---p 00000000 00:00 0 
7f6fbb6a0000-7f6fbc3ba000 rw-p 00000000 00:00 0 
7f6fbc3ba000-7f6fbc49e000 ---p 00000000 00:00 0 
7f6fbc49e000-7f6fbc7ae000 rwxp 00000000 00:00 0 
7f6fbc7ae000-7f6fbcbdf000 ---p 00000000 00:00 0 
7f6fbcbdf000-7f6fbd28f000 rwxp 00000000 00:00 0 
7f6fbd28f000-7f6fc403e000 ---p 00000000 00:00 0 
7f6fc403e000-7f6fc42ae000 rwxp 00000000 00:00 0 
7f6fc42ae000-7f6fcb49e000 ---p 00000000 00:00 0 
7f6fcb49e000-7f6fd4000000 r--s 00000000 08:01 21890274                   /usr/lib/jvm/java-16-openjdk-amd64/lib/modules
7f6fd4000000-7f6fd7191000 rw-p 00000000 00:00 0 
7f6fd7191000-7f6fd8000000 ---p 00000000 00:00 0 
7f6fd8000000-7f6fd808c000 rw-p 00000000 00:00 0 
7f6fd808c000-7f6fd8167000 ---p 00000000 00:00 0 
7f6fd8167000-7f6fd816e000 rw-p 00000000 00:00 0 
7f6fd816e000-7f6fd8176000 ---p 00000000 00:00 0 
7f6fd8176000-7f6fd8178000 r--p 00000000 08:01 21890272                   /usr/lib/jvm/java-16-openjdk-amd64/lib/libzip.so
7f6fd8178000-7f6fd817c000 r-xp 00002000 08:01 21890272                   /usr/lib/jvm/java-16-openjdk-amd64/lib/libzip.so
7f6fd817c000-7f6fd817e000 r--p 00006000 08:01 21890272                   /usr/lib/jvm/java-16-openjdk-amd64/lib/libzip.so
7f6fd817e000-7f6fd817f000 r--p 00007000 08:01 21890272                   /usr/lib/jvm/java-16-openjdk-amd64/lib/libzip.so
7f6fd817f000-7f6fd8180000 rw-p 00008000 08:01 21890272                   /usr/lib/jvm/java-16-openjdk-amd64/lib/libzip.so
7f6fd8180000-7f6fd818c000 r--p 00000000 08:01 21890238                   /usr/lib/jvm/java-16-openjdk-amd64/lib/libjava.so
7f6fd818c000-7f6fd819e000 r-xp 0000c000 08:01 21890238                   /usr/lib/jvm/java-16-openjdk-amd64/lib/libjava.so
7f6fd819e000-7f6fd81a4000 r--p 0001e000 08:01 21890238                   /usr/lib/jvm/java-16-openjdk-amd64/lib/libjava.so
7f6fd81a4000-7f6fd81a5000 ---p 00024000 08:01 21890238                   /usr/lib/jvm/java-16-openjdk-amd64/lib/libjava.so
7f6fd81a5000-7f6fd81a6000 r--p 00024000 08:01 21890238                   /usr/lib/jvm/java-16-openjdk-amd64/lib/libjava.so
7f6fd81a6000-7f6fd81a7000 rw-p 00025000 08:01 21890238                   /usr/lib/jvm/java-16-openjdk-amd64/lib/libjava.so
7f6fd81a7000-7f6fd81a8000 rw-p 00000000 00:00 0 
7f6fd81a8000-7f6fd81ac000 ---p 00000000 00:00 0 
7f6fd81ac000-7f6fd82a9000 rw-p 00000000 00:00 0 
7f6fd82a9000-7f6fd82ac000 r--p 00000000 08:01 17190160                   /usr/lib/x86_64-linux-gnu/libgcc_s.so.1
7f6fd82ac000-7f6fd82be000 r-xp 00003000 08:01 17190160                   /usr/lib/x86_64-linux-gnu/libgcc_s.so.1
7f6fd82be000-7f6fd82c1000 r--p 00015000 08:01 17190160                   /usr/lib/x86_64-linux-gnu/libgcc_s.so.1
7f6fd82c1000-7f6fd82c2000 ---p 00018000 08:01 17190160                   /usr/lib/x86_64-linux-gnu/libgcc_s.so.1
7f6fd82c2000-7f6fd82c3000 r--p 00018000 08:01 17190160                   /usr/lib/x86_64-linux-gnu/libgcc_s.so.1
7f6fd82c3000-7f6fd82c4000 rw-p 00019000 08:01 17190160                   /usr/lib/x86_64-linux-gnu/libgcc_s.so.1
7f6fd82c4000-7f6fd82d3000 r--p 00000000 08:01 17190184                   /usr/lib/x86_64-linux-gnu/libm-2.33.so
7f6fd82d3000-7f6fd8379000 r-xp 0000f000 08:01 17190184                   /usr/lib/x86_64-linux-gnu/libm-2.33.so
7f6fd8379000-7f6fd8410000 r--p 000b5000 08:01 17190184                   /usr/lib/x86_64-linux-gnu/libm-2.33.so
7f6fd8410000-7f6fd8411000 r--p 0014b000 08:01 17190184                   /usr/lib/x86_64-linux-gnu/libm-2.33.so
7f6fd8411000-7f6fd8412000 rw-p 0014c000 08:01 17190184                   /usr/lib/x86_64-linux-gnu/libm-2.33.so
7f6fd8412000-7f6fd84ab000 r--p 00000000 08:01 17174032                   /usr/lib/x86_64-linux-gnu/libstdc++.so.6.0.29
7f6fd84ab000-7f6fd85ae000 r-xp 00099000 08:01 17174032                   /usr/lib/x86_64-linux-gnu/libstdc++.so.6.0.29
7f6fd85ae000-7f6fd861a000 r--p 0019c000 08:01 17174032                   /usr/lib/x86_64-linux-gnu/libstdc++.so.6.0.29
7f6fd861a000-7f6fd8625000 r--p 00207000 08:01 17174032                   /usr/lib/x86_64-linux-gnu/libstdc++.so.6.0.29
7f6fd8625000-7f6fd8628000 rw-p 00212000 08:01 17174032                   /usr/lib/x86_64-linux-gnu/libstdc++.so.6.0.29
7f6fd8628000-7f6fd862b000 rw-p 00000000 00:00 0 
7f6fd862b000-7f6fd8856000 r--p 00000000 08:01 21890286                   /usr/lib/jvm/java-16-openjdk-amd64/lib/server/libjvm.so
7f6fd8856000-7f6fd949f000 r-xp 0022b000 08:01 21890286                   /usr/lib/jvm/java-16-openjdk-amd64/lib/server/libjvm.so
7f6fd949f000-7f6fd96ca000 r--p 00e74000 08:01 21890286                   /usr/lib/jvm/java-16-openjdk-amd64/lib/server/libjvm.so
7f6fd96ca000-7f6fd96cb000 ---p 0109f000 08:01 21890286                   /usr/lib/jvm/java-16-openjdk-amd64/lib/server/libjvm.so
7f6fd96cb000-7f6fd977d000 r--p 0109f000 08:01 21890286                   /usr/lib/jvm/java-16-openjdk-amd64/lib/server/libjvm.so
7f6fd977d000-7f6fd97a9000 rw-p 01151000 08:01 21890286                   /usr/lib/jvm/java-16-openjdk-amd64/lib/server/libjvm.so
7f6fd97a9000-7f6fd9806000 rw-p 00000000 00:00 0 
7f6fd9806000-7f6fd980d000 r--p 00000000 08:01 17174108                   /usr/lib/x86_64-linux-gnu/libpthread-2.33.so
7f6fd980d000-7f6fd981d000 r-xp 00007000 08:01 17174108                   /usr/lib/x86_64-linux-gnu/libpthread-2.33.so
7f6fd981d000-7f6fd9822000 r--p 00017000 08:01 17174108                   /usr/lib/x86_64-linux-gnu/libpthread-2.33.so
7f6fd9822000-7f6fd9823000 r--p 0001b000 08:01 17174108                   /usr/lib/x86_64-linux-gnu/libpthread-2.33.so
7f6fd9823000-7f6fd9824000 rw-p 0001c000 08:01 17174108                   /usr/lib/x86_64-linux-gnu/libpthread-2.33.so
7f6fd9824000-7f6fd9828000 rw-p 00000000 00:00 0 
7f6fd9828000-7f6fd982a000 r--p 00000000 08:01 17173935                   /usr/lib/x86_64-linux-gnu/libdl-2.33.so
7f6fd982a000-7f6fd982c000 r-xp 00002000 08:01 17173935                   /usr/lib/x86_64-linux-gnu/libdl-2.33.so
7f6fd982c000-7f6fd982d000 r--p 00004000 08:01 17173935                   /usr/lib/x86_64-linux-gnu/libdl-2.33.so
7f6fd982d000-7f6fd982e000 r--p 00004000 08:01 17173935                   /usr/lib/x86_64-linux-gnu/libdl-2.33.so
7f6fd982e000-7f6fd982f000 rw-p 00005000 08:01 17173935                   /usr/lib/x86_64-linux-gnu/libdl-2.33.so
7f6fd982f000-7f6fd9831000 r--p 00000000 08:01 17190191                   /usr/lib/x86_64-linux-gnu/libz.so.1.2.11
7f6fd9831000-7f6fd9842000 r-xp 00002000 08:01 17190191                   /usr/lib/x86_64-linux-gnu/libz.so.1.2.11
7f6fd9842000-7f6fd9848000 r--p 00013000 08:01 17190191                   /usr/lib/x86_64-linux-gnu/libz.so.1.2.11
7f6fd9848000-7f6fd9849000 ---p 00019000 08:01 17190191                   /usr/lib/x86_64-linux-gnu/libz.so.1.2.11
7f6fd9849000-7f6fd984a000 r--p 00019000 08:01 17190191                   /usr/lib/x86_64-linux-gnu/libz.so.1.2.11
7f6fd984a000-7f6fd984b000 rw-p 0001a000 08:01 17190191                   /usr/lib/x86_64-linux-gnu/libz.so.1.2.11
7f6fd984b000-7f6fd9871000 r--p 00000000 08:01 17173832                   /usr/lib/x86_64-linux-gnu/libc-2.33.so
7f6fd9871000-7f6fd99dc000 r-xp 00026000 08:01 17173832                   /usr/lib/x86_64-linux-gnu/libc-2.33.so
7f6fd99dc000-7f6fd9a28000 r--p 00191000 08:01 17173832                   /usr/lib/x86_64-linux-gnu/libc-2.33.so
7f6fd9a28000-7f6fd9a2b000 r--p 001dc000 08:01 17173832                   /usr/lib/x86_64-linux-gnu/libc-2.33.so
7f6fd9a2b000-7f6fd9a2e000 rw-p 001df000 08:01 17173832                   /usr/lib/x86_64-linux-gnu/libc-2.33.so
7f6fd9a2e000-7f6fd9a37000 rw-p 00000000 00:00 0 
7f6fd9a37000-7f6fd9a38000 r-xp 00000000 00:00 0 
7f6fd9a38000-7f6fd9a3a000 r--s 0000c000 08:01 17694801                   /usr/share/java/java-atk-wrapper.jar
7f6fd9a3a000-7f6fd9a42000 rw-s 00000000 08:01 27525628                   /tmp/hsperfdata_subes/46494
7f6fd9a42000-7f6fd9a44000 r--p 00000000 08:01 17190175                   /usr/lib/x86_64-linux-gnu/libnss_compat-2.33.so
7f6fd9a44000-7f6fd9a4b000 r-xp 00002000 08:01 17190175                   /usr/lib/x86_64-linux-gnu/libnss_compat-2.33.so
7f6fd9a4b000-7f6fd9a4c000 r--p 00009000 08:01 17190175                   /usr/lib/x86_64-linux-gnu/libnss_compat-2.33.so
7f6fd9a4c000-7f6fd9a4d000 r--p 00009000 08:01 17190175                   /usr/lib/x86_64-linux-gnu/libnss_compat-2.33.so
7f6fd9a4d000-7f6fd9a4e000 rw-p 0000a000 08:01 17190175                   /usr/lib/x86_64-linux-gnu/libnss_compat-2.33.so
7f6fd9a4e000-7f6fd9a4f000 ---p 00000000 00:00 0 
7f6fd9a4f000-7f6fd9a50000 r--p 00000000 00:00 0 
7f6fd9a50000-7f6fd9a51000 ---p 00000000 00:00 0 
7f6fd9a51000-7f6fd9a53000 r--p 00000000 08:01 21890241                   /usr/lib/jvm/java-16-openjdk-amd64/lib/libjimage.so
7f6fd9a53000-7f6fd9a55000 r-xp 00002000 08:01 21890241                   /usr/lib/jvm/java-16-openjdk-amd64/lib/libjimage.so
7f6fd9a55000-7f6fd9a56000 r--p 00004000 08:01 21890241                   /usr/lib/jvm/java-16-openjdk-amd64/lib/libjimage.so
7f6fd9a56000-7f6fd9a57000 r--p 00004000 08:01 21890241                   /usr/lib/jvm/java-16-openjdk-amd64/lib/libjimage.so
7f6fd9a57000-7f6fd9a58000 rw-p 00005000 08:01 21890241                   /usr/lib/jvm/java-16-openjdk-amd64/lib/libjimage.so
7f6fd9a58000-7f6fd9a5a000 r--p 00000000 08:01 21890242                   /usr/lib/jvm/java-16-openjdk-amd64/lib/libjli.so
7f6fd9a5a000-7f6fd9a64000 r-xp 00002000 08:01 21890242                   /usr/lib/jvm/java-16-openjdk-amd64/lib/libjli.so
7f6fd9a64000-7f6fd9a67000 r--p 0000c000 08:01 21890242                   /usr/lib/jvm/java-16-openjdk-amd64/lib/libjli.so
7f6fd9a67000-7f6fd9a68000 r--p 0000e000 08:01 21890242                   /usr/lib/jvm/java-16-openjdk-amd64/lib/libjli.so
7f6fd9a68000-7f6fd9a69000 rw-p 0000f000 08:01 21890242                   /usr/lib/jvm/java-16-openjdk-amd64/lib/libjli.so
7f6fd9a69000-7f6fd9a6b000 rw-p 00000000 00:00 0 
7f6fd9a6b000-7f6fd9a6c000 r--p 00000000 08:01 17174133                   /usr/lib/x86_64-linux-gnu/ld-2.33.so
7f6fd9a6c000-7f6fd9a93000 r-xp 00001000 08:01 17174133                   /usr/lib/x86_64-linux-gnu/ld-2.33.so
7f6fd9a93000-7f6fd9a9d000 r--p 00028000 08:01 17174133                   /usr/lib/x86_64-linux-gnu/ld-2.33.so
7f6fd9a9d000-7f6fd9a9f000 r--p 00031000 08:01 17174133                   /usr/lib/x86_64-linux-gnu/ld-2.33.so
7f6fd9a9f000-7f6fd9aa1000 rw-p 00033000 08:01 17174133                   /usr/lib/x86_64-linux-gnu/ld-2.33.so
7ffec1294000-7ffec12b6000 rw-p 00000000 00:00 0                          [stack]
7ffec13f7000-7ffec13fb000 r--p 00000000 00:00 0                          [vvar]
7ffec13fb000-7ffec13fd000 r-xp 00000000 00:00 0                          [vdso]
ffffffffff600000-ffffffffff601000 --xp 00000000 00:00 0                  [vsyscall]


VM Arguments:
jvm_args: --add-opens=java.base/java.lang=ALL-UNNAMED -ea --illegal-access=permit --add-exports=java.base/jdk.internal.ref=ALL-UNNAMED --add-opens=java.base/jdk.internal.misc=ALL-UNNAMED --add-opens=java.base/java.nioc=ALL-UNNAMED -Dfile.encoding=UTF-8 -XX:+ShowCodeDetailsInExceptionMessages 
java_command: org.eclipse.jdt.internal.junit.runner.RemoteTestRunner -version 3 -port 35141 -testLoaderClass org.eclipse.jdt.internal.junit4.runner.JUnit4TestLoader -loaderpluginname org.eclipse.jdt.junit4.runtime -testNameFile /tmp/testNames11766982942242467162.txt
java_class_path (initial): /opt/subes/dev/Entwicklung/invesdwin/ezdb/ezdb-lmdb-jnr/target/test-classes:/opt/subes/dev/Entwicklung/invesdwin/ezdb/ezdb-lmdb-jnr/target/classes:/opt/subes/dev/Entwicklung/invesdwin/ezdb/ezdb-api/target/classes:/home/subes/.m2/repository/io/netty/netty-buffer/4.1.68.Final/netty-buffer-4.1.68.Final.jar:/home/subes/.m2/repository/io/netty/netty-common/4.1.68.Final/netty-common-4.1.68.Final.jar:/opt/subes/dev/Entwicklung/invesdwin/ezdb/ezdb-treemap/target/classes:/home/subes/.m2/repository/org/lmdbjava/lmdbjava/0.8.1/lmdbjava-0.8.1.jar:/home/subes/.m2/repository/com/github/jnr/jnr-constants/0.9.15/jnr-constants-0.9.15.jar:/home/subes/.m2/repository/com/github/jnr/jnr-ffi/2.1.15/jnr-ffi-2.1.15.jar:/home/subes/.m2/repository/com/github/jnr/jffi/1.2.23/jffi-1.2.23.jar:/home/subes/.m2/repository/com/github/jnr/jffi/1.2.23/jffi-1.2.23-native.jar:/home/subes/.m2/repository/org/ow2/asm/asm/7.1/asm-7.1.jar:/home/subes/.m2/repository/org/ow2/asm/asm-commons/7.1/asm-commons-7.1.jar:/home/subes/.m2/repository/org/ow2/asm/asm-analysis/7.1/asm-analysis-7.1.jar:/home/subes/.m2/repository/org/ow2/asm/asm-tree/7.1/asm-tree-7.1.jar:/home/subes/.m2/repository/org/ow2/asm/asm-util/7.1/asm-util-7.1.jar:/home/subes/.m2/repository/com/github/jnr/jnr-a64asm/1.0.0/jnr-a64asm-1.0.0.jar:/home/subes/.m2/repository/com/github/jnr/jnr-x86asm/1.0.2/jnr-x86asm-1.0.2.jar:/home/subes/.m2/repository/com/google/guava/guava/30.1.1-jre/guava-30.1.1-jre.jar:/home/subes/.m2/repository/com/google/guava/failureaccess/1.0.1/failureaccess-1.0.1.jar:/home/subes/.m2/repository/com/google/guava/listenablefuture/9999.0-empty-to-avoid-conflict-with-guava/listenablefuture-9999.0-empty-to-avoid-conflict-with-guava.jar:/home/subes/.m2/repository/com/google/code/findbugs/jsr305/3.0.2/jsr305-3.0.2.jar:/home/subes/.m2/repository/org/checkerframework/checker-qual/3.8.0/checker-qual-3.8.0.jar:/home/subes/.m2/repository/com/google/errorprone/error_prone_annotations/2.5.1/error_prone_annotations
Launcher Type: SUN_STANDARD

[Global flags]
     intx CICompilerCount                          = 12                                        {product} {ergonomic}
     uint ConcGCThreads                            = 3                                         {product} {ergonomic}
     uint G1ConcRefinementThreads                  = 13                                        {product} {ergonomic}
   size_t G1HeapRegionSize                         = 8388608                                   {product} {ergonomic}
    uintx GCDrainStackTargetSize                   = 64                                        {product} {ergonomic}
   size_t InitialHeapSize                          = 1056964608                                {product} {ergonomic}
   size_t MarkStackSize                            = 4194304                                   {product} {ergonomic}
   size_t MaxHeapSize                              = 16852713472                               {product} {ergonomic}
   size_t MaxNewSize                               = 10108272640                               {product} {ergonomic}
   size_t MinHeapDeltaBytes                        = 8388608                                   {product} {ergonomic}
   size_t MinHeapSize                              = 8388608                                   {product} {ergonomic}
    uintx NonNMethodCodeHeapSize                   = 7602480                                {pd product} {ergonomic}
    uintx NonProfiledCodeHeapSize                  = 122027880                              {pd product} {ergonomic}
    uintx ProfiledCodeHeapSize                     = 122027880                              {pd product} {ergonomic}
    uintx ReservedCodeCacheSize                    = 251658240                              {pd product} {ergonomic}
     bool SegmentedCodeCache                       = true                                      {product} {ergonomic}
     bool ShowCodeDetailsInExceptionMessages       = true                                   {manageable} {command line}
   size_t SoftMaxHeapSize                          = 16852713472                            {manageable} {ergonomic}
     bool UseCompressedClassPointers               = true                           {product lp64_product} {ergonomic}
     bool UseCompressedOops                        = true                           {product lp64_product} {ergonomic}
     bool UseG1GC                                  = true                                      {product} {ergonomic}

Logging:
Log output configuration:
 #0: stdout all=warning uptime,level,tags
 #1: stderr all=off uptime,level,tags

Environment Variables:
JAVA_HOME=/usr/lib/jvm/default-java/
PATH=/home/subes/.local/share/umake/bin:/usr/local/sbin:/usr/local/bin:/usr/sbin:/usr/bin:/sbin:/bin:/usr/games:/usr/local/games:/snap/bin:/snap/bin
USERNAME=subes
SHELL=/bin/bash
DISPLAY=:1
LANG=de_DE.UTF-8

Signal Handlers:
SIGSEGV: [libjvm.so+0xc78640], sa_mask[0]=11100100010111111101111111111110, sa_flags=SA_RESTART|SA_SIGINFO
SIGBUS: [libjvm.so+0xc78640], sa_mask[0]=11100100010111111101111111111110, sa_flags=SA_RESTART|SA_SIGINFO
SIGFPE: [libjvm.so+0xc78640], sa_mask[0]=11100100010111111101111111111110, sa_flags=SA_RESTART|SA_SIGINFO
SIGPIPE: [libjvm.so+0xb89950], sa_mask[0]=11100100010111111101111111111110, sa_flags=SA_RESTART|SA_SIGINFO
SIGXFSZ: [libjvm.so+0xb89950], sa_mask[0]=11100100010111111101111111111110, sa_flags=SA_RESTART|SA_SIGINFO
SIGILL: [libjvm.so+0xc78640], sa_mask[0]=11100100010111111101111111111110, sa_flags=SA_RESTART|SA_SIGINFO
SIGUSR2: [libjvm.so+0xb846f0], sa_mask[0]=00100000000000000000000000000000, sa_flags=SA_RESTART|SA_SIGINFO
SIGHUP: [libjvm.so+0xb84030], sa_mask[0]=11100100010111111101111111111110, sa_flags=SA_RESTART|SA_SIGINFO
SIGINT: [libjvm.so+0xb84030], sa_mask[0]=11100100010111111101111111111110, sa_flags=SA_RESTART|SA_SIGINFO
SIGTERM: [libjvm.so+0xb84030], sa_mask[0]=11100100010111111101111111111110, sa_flags=SA_RESTART|SA_SIGINFO
SIGQUIT: [libjvm.so+0xb84030], sa_mask[0]=11100100010111111101111111111110, sa_flags=SA_RESTART|SA_SIGINFO
SIGTRAP: [libjvm.so+0xc78640], sa_mask[0]=11100100010111111101111111111110, sa_flags=SA_RESTART|SA_SIGINFO


---------------  S Y S T E M  ---------------

OS:
DISTRIB_ID=Ubuntu
DISTRIB_RELEASE=21.04
DISTRIB_CODENAME=hirsute
DISTRIB_DESCRIPTION="Ubuntu 21.04"
uname: Linux 5.11.0-31-generic #33-Ubuntu SMP Wed Aug 11 13:19:04 UTC 2021 x86_64
OS uptime: 0 days 6:03 hours
libc: glibc 2.33 NPTL 2.33 
rlimit (soft/hard): STACK 8192k/infinity , CORE 0k/infinity , NPROC 256775/256775 , NOFILE 524288/524288 , AS infinity/infinity , CPU infinity/infinity , DATA infinity/infinity , FSIZE infinity/infinity , MEMLOCK 8225217k/8225217k
load average: 3,47 1,82 1,36

/proc/meminfo:
MemTotal:       65801736 kB
MemFree:        41775200 kB
MemAvailable:   50262592 kB
Buffers:          991928 kB
Cached:          7596572 kB
SwapCached:            0 kB
Active:          3188264 kB
Inactive:       19449392 kB
Active(anon):       8748 kB
Inactive(anon): 14169880 kB
Active(file):    3179516 kB
Inactive(file):  5279512 kB
Unevictable:         400 kB
Mlocked:             400 kB
SwapTotal:      34282492 kB
SwapFree:       34282492 kB
Dirty:              6416 kB
Writeback:             0 kB
AnonPages:      14049516 kB
Mapped:          1259844 kB
Shmem:            136116 kB
KReclaimable:     761136 kB
Slab:             978272 kB
SReclaimable:     761136 kB
SUnreclaim:       217136 kB
KernelStack:       31744 kB
PageTables:        92644 kB
NFS_Unstable:          0 kB
Bounce:                0 kB
WritebackTmp:          0 kB
CommitLimit:    67183360 kB
Committed_AS:   23747400 kB
VmallocTotal:   34359738367 kB
VmallocUsed:      106840 kB
VmallocChunk:          0 kB
Percpu:            16512 kB
HardwareCorrupted:     0 kB
AnonHugePages:         0 kB
ShmemHugePages:        0 kB
ShmemPmdMapped:        0 kB
FileHugePages:         0 kB
FilePmdMapped:         0 kB
HugePages_Total:       0
HugePages_Free:        0
HugePages_Rsvd:        0
HugePages_Surp:        0
Hugepagesize:       2048 kB
Hugetlb:               0 kB
DirectMap4k:      995564 kB
DirectMap2M:    28309504 kB
DirectMap1G:    38797312 kB

/sys/kernel/mm/transparent_hugepage/enabled: always [madvise] never
/sys/kernel/mm/transparent_hugepage/defrag (defrag/compaction efforts parameter): always defer defer+madvise [madvise] never

Process Memory:
Virtual Size: 976531920K (peak: 1112083120K)
Resident Set Size: 653808K (peak: 653816K) (anon: 618040K, file: 35768K, shmem: 0K)
Swapped out: 0K
C-Heap outstanding allocations: 103971K

/proc/sys/kernel/threads-max (system-wide limit on the number of threads): 513551
/proc/sys/vm/max_map_count (maximum number of memory map areas a process may have): 65530
/proc/sys/kernel/pid_max (system-wide limit on number of process identifiers): 4194304

container (cgroup) information:
container_type: cgroupv1
cpu_cpuset_cpus: 0-15
cpu_memory_nodes: 0
active_processor_count: 16
cpu_quota: no quota
cpu_period: 100000
cpu_shares: no shares
memory_limit_in_bytes: unlimited
memory_and_swap_limit_in_bytes: unlimited
memory_soft_limit_in_bytes: unlimited
memory_usage_in_bytes: 22119604224
memory_max_usage_in_bytes: 29731770368

Steal ticks since vm start: 0
Steal ticks percentage since vm start:  0,000

CPU: total 16 (initial active 16) (8 cores per cpu, 2 threads per core) family 6 model 158 stepping 12 microcode 0xea, cx8, cmov, fxsr, ht, mmx, 3dnowpref, sse, sse2, sse3, ssse3, sse4.1, sse4.2, popcnt, lzcnt, tsc, tscinvbit, avx, avx2, aes, erms, clmul, bmi1, bmi2, rtm, adx, fma, vzeroupper, clflush, clflushopt
CPU Model and flags from /proc/cpuinfo:
model name	: Intel(R) Core(TM) i9-9900K CPU @ 3.60GHz
flags		: fpu vme de pse tsc msr pae mce cx8 apic sep mtrr pge mca cmov pat pse36 clflush dts acpi mmx fxsr sse sse2 ss ht tm pbe syscall nx pdpe1gb rdtscp lm constant_tsc art arch_perfmon pebs bts rep_good nopl xtopology nonstop_tsc cpuid aperfmperf pni pclmulqdq dtes64 monitor ds_cpl vmx smx est tm2 ssse3 sdbg fma cx16 xtpr pdcm pcid sse4_1 sse4_2 x2apic movbe popcnt tsc_deadline_timer aes xsave avx f16c rdrand lahf_lm abm 3dnowprefetch cpuid_fault epb invpcid_single ssbd ibrs ibpb stibp tpr_shadow vnmi flexpriority ept vpid ept_ad fsgsbase tsc_adjust bmi1 hle avx2 smep bmi2 erms invpcid rtm mpx rdseed adx smap clflushopt intel_pt xsaveopt xsavec xgetbv1 xsaves dtherm ida arat pln pts hwp hwp_notify hwp_act_window hwp_epp md_clear flush_l1d arch_capabilities

Online cpus: 0-15
Offline cpus: 
BIOS frequency limitation: <Not Available>
Frequency switch latency (ns): 0
Available cpu frequencies: <Not Available>
Current governor: powersave
Core performance/turbo boost: <Not Available>

Memory: 4k page, physical 65801736k(41775200k free), swap 34282492k(34282492k free)

vm_info: OpenJDK 64-Bit Server VM (16.0.1+9-Ubuntu-1) for linux-amd64 JRE (16.0.1+9-Ubuntu-1), built on Apr 21 2021 04:27:46 by "unknown" with gcc 10.3.0

END.
